init: 5993894
a_0_120.28_0_PC_BigMDSteps_1: 5993895
a_0_120.28_0_PC_BigMDSteps_2: 5993896
b_0_120.28_0_PC_BigMDSteps: 5993897
a_0_120.28_1_PC_BigMDSteps_1: 5993898
a_0_120.28_1_PC_BigMDSteps_2: 5993899
b_0_120.28_1_PC_BigMDSteps: 5993900
a_0_120.28_2_PC_BigMDSteps_1: 5993901
a_0_120.28_2_PC_BigMDSteps_2: 5993902
b_0_120.28_2_PC_BigMDSteps: 5993903
a_0_120.28_3_PC_BigMDSteps_1: 5993904
a_0_120.28_3_PC_BigMDSteps_2: 5993905
b_0_120.28_3_PC_BigMDSteps: 5993906
a_0_120.28_4_PC_BigMDSteps_1: 5993907
a_0_120.28_4_PC_BigMDSteps_2: 5993908
b_0_120.28_4_PC_BigMDSteps: 5993909
a_0_120.28_5_PC_BigMDSteps_1: 5993910
a_0_120.28_5_PC_BigMDSteps_2: 5993911
b_0_120.28_5_PC_BigMDSteps: 5993912
a_0_120.28_6_PC_BigMDSteps_1: 5993913
a_0_120.28_6_PC_BigMDSteps_2: 5993914
b_0_120.28_6_PC_BigMDSteps: 5993915
a_0_120.28_7_PC_BigMDSteps_1: 5993916
a_0_120.28_7_PC_BigMDSteps_2: 5993917
b_0_120.28_7_PC_BigMDSteps: 5993918
a_0_120.28_8_PC_BigMDSteps_1: 5993919
a_0_120.28_8_PC_BigMDSteps_2: 5993920
b_0_120.28_8_PC_BigMDSteps: 5993921
a_0_120.28_9_PC_BigMDSteps_1: 5993922
a_0_120.28_9_PC_BigMDSteps_2: 5993923
b_0_120.28_9_PC_BigMDSteps: 5993924
5993897,5993900,5993903,5993906,5993909,5993912,5993915,5993918,5993921,5993924
a_-1_f_PC_BigMDSteps: 5993925
a_1_120.28_0_PC_BigMDSteps_1: 5993926
a_1_120.28_0_PC_BigMDSteps_2: 5993927
b_1_120.28_0_PC_BigMDSteps: 5993928
a_1_120.28_1_PC_BigMDSteps_1: 5993929
a_1_120.28_1_PC_BigMDSteps_2: 5993930
b_1_120.28_1_PC_BigMDSteps: 5993931
a_1_120.28_2_PC_BigMDSteps_1: 5993932
a_1_120.28_2_PC_BigMDSteps_2: 5993933
b_1_120.28_2_PC_BigMDSteps: 5993934
a_1_120.28_3_PC_BigMDSteps_1: 5993935
a_1_120.28_3_PC_BigMDSteps_2: 5993936
b_1_120.28_3_PC_BigMDSteps: 5993937
a_1_120.28_4_PC_BigMDSteps_1: 5993938
a_1_120.28_4_PC_BigMDSteps_2: 5993939
b_1_120.28_4_PC_BigMDSteps: 5993940
a_1_120.28_5_PC_BigMDSteps_1: 5993941
a_1_120.28_5_PC_BigMDSteps_2: 5993942
b_1_120.28_5_PC_BigMDSteps: 5993943
a_1_120.28_6_PC_BigMDSteps_1: 5993944
a_1_120.28_6_PC_BigMDSteps_2: 5993945
b_1_120.28_6_PC_BigMDSteps: 5993946
a_1_120.28_7_PC_BigMDSteps_1: 5993947
a_1_120.28_7_PC_BigMDSteps_2: 5993948
b_1_120.28_7_PC_BigMDSteps: 5993949
a_1_120.28_8_PC_BigMDSteps_1: 5993950
a_1_120.28_8_PC_BigMDSteps_2: 5993951
b_1_120.28_8_PC_BigMDSteps: 5993952
a_1_120.28_9_PC_BigMDSteps_1: 5993953
a_1_120.28_9_PC_BigMDSteps_2: 5993954
b_1_120.28_9_PC_BigMDSteps: 5993955
5993928,5993931,5993934,5993937,5993940,5993943,5993946,5993949,5993952,5993955
a_0_f_PC_BigMDSteps: 5993956
a_2_120.28_0_PC_BigMDSteps_1: 5993957
a_2_120.28_0_PC_BigMDSteps_2: 5993958
b_2_120.28_0_PC_BigMDSteps: 5993959
a_2_120.28_1_PC_BigMDSteps_1: 5993960
a_2_120.28_1_PC_BigMDSteps_2: 5993961
b_2_120.28_1_PC_BigMDSteps: 5993962
a_2_120.28_2_PC_BigMDSteps_1: 5993963
a_2_120.28_2_PC_BigMDSteps_2: 5993964
b_2_120.28_2_PC_BigMDSteps: 5993965
a_2_120.28_3_PC_BigMDSteps_1: 5993966
a_2_120.28_3_PC_BigMDSteps_2: 5993967
b_2_120.28_3_PC_BigMDSteps: 5993968
a_2_120.28_4_PC_BigMDSteps_1: 5993969
a_2_120.28_4_PC_BigMDSteps_2: 5993970
b_2_120.28_4_PC_BigMDSteps: 5993971
a_2_120.28_5_PC_BigMDSteps_1: 5993972
a_2_120.28_5_PC_BigMDSteps_2: 5993973
b_2_120.28_5_PC_BigMDSteps: 5993974
a_2_120.28_6_PC_BigMDSteps_1: 5993975
a_2_120.28_6_PC_BigMDSteps_2: 5993976
b_2_120.28_6_PC_BigMDSteps: 5993978
a_2_120.28_7_PC_BigMDSteps_1: 5993979
a_2_120.28_7_PC_BigMDSteps_2: 5993980
b_2_120.28_7_PC_BigMDSteps: 5993981
a_2_120.28_8_PC_BigMDSteps_1: 5993982
a_2_120.28_8_PC_BigMDSteps_2: 5993983
b_2_120.28_8_PC_BigMDSteps: 5993984
a_2_120.28_9_PC_BigMDSteps_1: 5993985
a_2_120.28_9_PC_BigMDSteps_2: 5993986
b_2_120.28_9_PC_BigMDSteps: 5993987
5993959,5993962,5993965,5993968,5993971,5993974,5993978,5993981,5993984,5993987
a_1_f_PC_BigMDSteps: 5993988
a_3_120.28_0_PC_BigMDSteps_1: 5993989
a_3_120.28_0_PC_BigMDSteps_2: 5993990
b_3_120.28_0_PC_BigMDSteps: 5993991
a_3_120.28_1_PC_BigMDSteps_1: 5993992
a_3_120.28_1_PC_BigMDSteps_2: 5993993
b_3_120.28_1_PC_BigMDSteps: 5993994
a_3_120.28_2_PC_BigMDSteps_1: 5993995
a_3_120.28_2_PC_BigMDSteps_2: 5993996
b_3_120.28_2_PC_BigMDSteps: 5993997
a_3_120.28_3_PC_BigMDSteps_1: 5993998
a_3_120.28_3_PC_BigMDSteps_2: 5993999
b_3_120.28_3_PC_BigMDSteps: 5994000
a_3_120.28_4_PC_BigMDSteps_1: 5994001
a_3_120.28_4_PC_BigMDSteps_2: 5994002
b_3_120.28_4_PC_BigMDSteps: 5994003
a_3_120.28_5_PC_BigMDSteps_1: 5994004
a_3_120.28_5_PC_BigMDSteps_2: 5994005
b_3_120.28_5_PC_BigMDSteps: 5994006
a_3_120.28_6_PC_BigMDSteps_1: 5994007
a_3_120.28_6_PC_BigMDSteps_2: 5994008
b_3_120.28_6_PC_BigMDSteps: 5994009
a_3_120.28_7_PC_BigMDSteps_1: 5994010
a_3_120.28_7_PC_BigMDSteps_2: 5994011
b_3_120.28_7_PC_BigMDSteps: 5994012
a_3_120.28_8_PC_BigMDSteps_1: 5994013
a_3_120.28_8_PC_BigMDSteps_2: 5994014
b_3_120.28_8_PC_BigMDSteps: 5994015
a_3_120.28_9_PC_BigMDSteps_1: 5994016
a_3_120.28_9_PC_BigMDSteps_2: 5994017
b_3_120.28_9_PC_BigMDSteps: 5994018
5993991,5993994,5993997,5994000,5994003,5994006,5994009,5994012,5994015,5994018
a_2_f_PC_BigMDSteps: 5994019
a_4_120.28_0_PC_BigMDSteps_1: 5994020
a_4_120.28_0_PC_BigMDSteps_2: 5994021
b_4_120.28_0_PC_BigMDSteps: 5994022
a_4_120.28_1_PC_BigMDSteps_1: 5994023
a_4_120.28_1_PC_BigMDSteps_2: 5994024
b_4_120.28_1_PC_BigMDSteps: 5994025
a_4_120.28_2_PC_BigMDSteps_1: 5994026
a_4_120.28_2_PC_BigMDSteps_2: 5994027
b_4_120.28_2_PC_BigMDSteps: 5994028
a_4_120.28_3_PC_BigMDSteps_1: 5994029
a_4_120.28_3_PC_BigMDSteps_2: 5994030
b_4_120.28_3_PC_BigMDSteps: 5994031
a_4_120.28_4_PC_BigMDSteps_1: 5994032
a_4_120.28_4_PC_BigMDSteps_2: 5994033
b_4_120.28_4_PC_BigMDSteps: 5994034
a_4_120.28_5_PC_BigMDSteps_1: 5994035
a_4_120.28_5_PC_BigMDSteps_2: 5994036
b_4_120.28_5_PC_BigMDSteps: 5994037
a_4_120.28_6_PC_BigMDSteps_1: 5994038
a_4_120.28_6_PC_BigMDSteps_2: 5994039
b_4_120.28_6_PC_BigMDSteps: 5994040
a_4_120.28_7_PC_BigMDSteps_1: 5994041
a_4_120.28_7_PC_BigMDSteps_2: 5994042
b_4_120.28_7_PC_BigMDSteps: 5994043
a_4_120.28_8_PC_BigMDSteps_1: 5994044
a_4_120.28_8_PC_BigMDSteps_2: 5994045
b_4_120.28_8_PC_BigMDSteps: 5994046
a_4_120.28_9_PC_BigMDSteps_1: 5994047
a_4_120.28_9_PC_BigMDSteps_2: 5994048
b_4_120.28_9_PC_BigMDSteps: 5994049
5994022,5994025,5994028,5994031,5994034,5994037,5994040,5994043,5994046,5994049
a_3_f_PC_BigMDSteps: 5994050
a_5_120.28_0_PC_BigMDSteps_1: 5994051
a_5_120.28_0_PC_BigMDSteps_2: 5994052
b_5_120.28_0_PC_BigMDSteps: 5994053
a_5_120.28_1_PC_BigMDSteps_1: 5994054
a_5_120.28_1_PC_BigMDSteps_2: 5994055
b_5_120.28_1_PC_BigMDSteps: 5994056
a_5_120.28_2_PC_BigMDSteps_1: 5994057
a_5_120.28_2_PC_BigMDSteps_2: 5994058
b_5_120.28_2_PC_BigMDSteps: 5994059
a_5_120.28_3_PC_BigMDSteps_1: 5994060
a_5_120.28_3_PC_BigMDSteps_2: 5994061
b_5_120.28_3_PC_BigMDSteps: 5994062
a_5_120.28_4_PC_BigMDSteps_1: 5994063
a_5_120.28_4_PC_BigMDSteps_2: 5994064
b_5_120.28_4_PC_BigMDSteps: 5994065
a_5_120.28_5_PC_BigMDSteps_1: 5994066
a_5_120.28_5_PC_BigMDSteps_2: 5994067
b_5_120.28_5_PC_BigMDSteps: 5994068
a_5_120.28_6_PC_BigMDSteps_1: 5994069
a_5_120.28_6_PC_BigMDSteps_2: 5994070
b_5_120.28_6_PC_BigMDSteps: 5994071
a_5_120.28_7_PC_BigMDSteps_1: 5994072
a_5_120.28_7_PC_BigMDSteps_2: 5994073
b_5_120.28_7_PC_BigMDSteps: 5994074
a_5_120.28_8_PC_BigMDSteps_1: 5994075
a_5_120.28_8_PC_BigMDSteps_2: 5994076
b_5_120.28_8_PC_BigMDSteps: 5994077
a_5_120.28_9_PC_BigMDSteps_1: 5994078
a_5_120.28_9_PC_BigMDSteps_2: 5994079
b_5_120.28_9_PC_BigMDSteps: 5994080
5994053,5994056,5994059,5994062,5994065,5994068,5994071,5994074,5994077,5994080
a_4_f_PC_BigMDSteps: 5994081
a_6_120.28_0_PC_BigMDSteps_1: 5994082
a_6_120.28_0_PC_BigMDSteps_2: 5994083
b_6_120.28_0_PC_BigMDSteps: 5994084
a_6_120.28_1_PC_BigMDSteps_1: 5994085
a_6_120.28_1_PC_BigMDSteps_2: 5994086
b_6_120.28_1_PC_BigMDSteps: 5994087
a_6_120.28_2_PC_BigMDSteps_1: 5994088
a_6_120.28_2_PC_BigMDSteps_2: 5994089
b_6_120.28_2_PC_BigMDSteps: 5994090
a_6_120.28_3_PC_BigMDSteps_1: 5994091
a_6_120.28_3_PC_BigMDSteps_2: 5994092
b_6_120.28_3_PC_BigMDSteps: 5994093
a_6_120.28_4_PC_BigMDSteps_1: 5994094
a_6_120.28_4_PC_BigMDSteps_2: 5994095
b_6_120.28_4_PC_BigMDSteps: 5994096
a_6_120.28_5_PC_BigMDSteps_1: 5994097
a_6_120.28_5_PC_BigMDSteps_2: 5994098
b_6_120.28_5_PC_BigMDSteps: 5994099
a_6_120.28_6_PC_BigMDSteps_1: 5994100
a_6_120.28_6_PC_BigMDSteps_2: 5994101
b_6_120.28_6_PC_BigMDSteps: 5994102
a_6_120.28_7_PC_BigMDSteps_1: 5994103
a_6_120.28_7_PC_BigMDSteps_2: 5994104
b_6_120.28_7_PC_BigMDSteps: 5994105
a_6_120.28_8_PC_BigMDSteps_1: 5994106
a_6_120.28_8_PC_BigMDSteps_2: 5994107
b_6_120.28_8_PC_BigMDSteps: 5994108
a_6_120.28_9_PC_BigMDSteps_1: 5994109
a_6_120.28_9_PC_BigMDSteps_2: 5994110
b_6_120.28_9_PC_BigMDSteps: 5994111
5994084,5994087,5994090,5994093,5994096,5994099,5994102,5994105,5994108,5994111
a_5_f_PC_BigMDSteps: 5994112
a_7_120.28_0_PC_BigMDSteps_1: 5994113
a_7_120.28_0_PC_BigMDSteps_2: 5994114
b_7_120.28_0_PC_BigMDSteps: 5994115
a_7_120.28_1_PC_BigMDSteps_1: 5994116
a_7_120.28_1_PC_BigMDSteps_2: 5994117
b_7_120.28_1_PC_BigMDSteps: 5994118
a_7_120.28_2_PC_BigMDSteps_1: 5994119
a_7_120.28_2_PC_BigMDSteps_2: 5994120
b_7_120.28_2_PC_BigMDSteps: 5994121
a_7_120.28_3_PC_BigMDSteps_1: 5994122
a_7_120.28_3_PC_BigMDSteps_2: 5994123
b_7_120.28_3_PC_BigMDSteps: 5994124
a_7_120.28_4_PC_BigMDSteps_1: 5994125
a_7_120.28_4_PC_BigMDSteps_2: 5994126
b_7_120.28_4_PC_BigMDSteps: 5994127
a_7_120.28_5_PC_BigMDSteps_1: 5994128
a_7_120.28_5_PC_BigMDSteps_2: 5994129
b_7_120.28_5_PC_BigMDSteps: 5994130
a_7_120.28_6_PC_BigMDSteps_1: 5994131
a_7_120.28_6_PC_BigMDSteps_2: 5994132
b_7_120.28_6_PC_BigMDSteps: 5994133
a_7_120.28_7_PC_BigMDSteps_1: 5994134
a_7_120.28_7_PC_BigMDSteps_2: 5994135
b_7_120.28_7_PC_BigMDSteps: 5994136
a_7_120.28_8_PC_BigMDSteps_1: 5994137
a_7_120.28_8_PC_BigMDSteps_2: 5994138
b_7_120.28_8_PC_BigMDSteps: 5994139
a_7_120.28_9_PC_BigMDSteps_1: 5994140
a_7_120.28_9_PC_BigMDSteps_2: 5994141
b_7_120.28_9_PC_BigMDSteps: 5994142
5994115,5994118,5994121,5994124,5994127,5994130,5994133,5994136,5994139,5994142
a_6_f_PC_BigMDSteps: 5994143
a_8_120.28_0_PC_BigMDSteps_1: 5994144
a_8_120.28_0_PC_BigMDSteps_2: 5994145
b_8_120.28_0_PC_BigMDSteps: 5994146
a_8_120.28_1_PC_BigMDSteps_1: 5994147
a_8_120.28_1_PC_BigMDSteps_2: 5994148
b_8_120.28_1_PC_BigMDSteps: 5994149
a_8_120.28_2_PC_BigMDSteps_1: 5994150
a_8_120.28_2_PC_BigMDSteps_2: 5994151
b_8_120.28_2_PC_BigMDSteps: 5994152
a_8_120.28_3_PC_BigMDSteps_1: 5994153
a_8_120.28_3_PC_BigMDSteps_2: 5994154
b_8_120.28_3_PC_BigMDSteps: 5994155
a_8_120.28_4_PC_BigMDSteps_1: 5994156
a_8_120.28_4_PC_BigMDSteps_2: 5994157
b_8_120.28_4_PC_BigMDSteps: 5994158
a_8_120.28_5_PC_BigMDSteps_1: 5994159
a_8_120.28_5_PC_BigMDSteps_2: 5994161
b_8_120.28_5_PC_BigMDSteps: 5994162
a_8_120.28_6_PC_BigMDSteps_1: 5994163
a_8_120.28_6_PC_BigMDSteps_2: 5994164
b_8_120.28_6_PC_BigMDSteps: 5994165
a_8_120.28_7_PC_BigMDSteps_1: 5994166
a_8_120.28_7_PC_BigMDSteps_2: 5994167
b_8_120.28_7_PC_BigMDSteps: 5994168
a_8_120.28_8_PC_BigMDSteps_1: 5994169
a_8_120.28_8_PC_BigMDSteps_2: 5994170
b_8_120.28_8_PC_BigMDSteps: 5994171
a_8_120.28_9_PC_BigMDSteps_1: 5994172
a_8_120.28_9_PC_BigMDSteps_2: 5994173
b_8_120.28_9_PC_BigMDSteps: 5994174
5994146,5994149,5994152,5994155,5994158,5994162,5994165,5994168,5994171,5994174
a_7_f_PC_BigMDSteps: 5994175
a_9_120.28_0_PC_BigMDSteps_1: 5994176
a_9_120.28_0_PC_BigMDSteps_2: 5994177
b_9_120.28_0_PC_BigMDSteps: 5994178
a_9_120.28_1_PC_BigMDSteps_1: 5994179
a_9_120.28_1_PC_BigMDSteps_2: 5994180
b_9_120.28_1_PC_BigMDSteps: 5994181
a_9_120.28_2_PC_BigMDSteps_1: 5994182
a_9_120.28_2_PC_BigMDSteps_2: 5994183
b_9_120.28_2_PC_BigMDSteps: 5994184
a_9_120.28_3_PC_BigMDSteps_1: 5994185
a_9_120.28_3_PC_BigMDSteps_2: 5994186
b_9_120.28_3_PC_BigMDSteps: 5994187
a_9_120.28_4_PC_BigMDSteps_1: 5994188
a_9_120.28_4_PC_BigMDSteps_2: 5994189
b_9_120.28_4_PC_BigMDSteps: 5994190
a_9_120.28_5_PC_BigMDSteps_1: 5994191
a_9_120.28_5_PC_BigMDSteps_2: 5994192
b_9_120.28_5_PC_BigMDSteps: 5994193
a_9_120.28_6_PC_BigMDSteps_1: 5994194
a_9_120.28_6_PC_BigMDSteps_2: 5994195
b_9_120.28_6_PC_BigMDSteps: 5994196
a_9_120.28_7_PC_BigMDSteps_1: 5994197
a_9_120.28_7_PC_BigMDSteps_2: 5994198
b_9_120.28_7_PC_BigMDSteps: 5994199
a_9_120.28_8_PC_BigMDSteps_1: 5994200
a_9_120.28_8_PC_BigMDSteps_2: 5994201
b_9_120.28_8_PC_BigMDSteps: 5994202
a_9_120.28_9_PC_BigMDSteps_1: 5994203
a_9_120.28_9_PC_BigMDSteps_2: 5994204
b_9_120.28_9_PC_BigMDSteps: 5994205
5994178,5994181,5994184,5994187,5994190,5994193,5994196,5994199,5994202,5994205
a_8_f_PC_BigMDSteps: 5994206
a_10_120.28_0_PC_BigMDSteps_1: 5994207
a_10_120.28_0_PC_BigMDSteps_2: 5994208
b_10_120.28_0_PC_BigMDSteps: 5994209
a_10_120.28_1_PC_BigMDSteps_1: 5994210
a_10_120.28_1_PC_BigMDSteps_2: 5994211
b_10_120.28_1_PC_BigMDSteps: 5994212
a_10_120.28_2_PC_BigMDSteps_1: 5994213
a_10_120.28_2_PC_BigMDSteps_2: 5994214
b_10_120.28_2_PC_BigMDSteps: 5994215
a_10_120.28_3_PC_BigMDSteps_1: 5994216
a_10_120.28_3_PC_BigMDSteps_2: 5994217
b_10_120.28_3_PC_BigMDSteps: 5994218
a_10_120.28_4_PC_BigMDSteps_1: 5994219
a_10_120.28_4_PC_BigMDSteps_2: 5994220
b_10_120.28_4_PC_BigMDSteps: 5994221
a_10_120.28_5_PC_BigMDSteps_1: 5994222
a_10_120.28_5_PC_BigMDSteps_2: 5994223
b_10_120.28_5_PC_BigMDSteps: 5994224
a_10_120.28_6_PC_BigMDSteps_1: 5994225
a_10_120.28_6_PC_BigMDSteps_2: 5994226
b_10_120.28_6_PC_BigMDSteps: 5994227
a_10_120.28_7_PC_BigMDSteps_1: 5994228
a_10_120.28_7_PC_BigMDSteps_2: 5994229
b_10_120.28_7_PC_BigMDSteps: 5994230
a_10_120.28_8_PC_BigMDSteps_1: 5994231
a_10_120.28_8_PC_BigMDSteps_2: 5994232
b_10_120.28_8_PC_BigMDSteps: 5994233
a_10_120.28_9_PC_BigMDSteps_1: 5994234
a_10_120.28_9_PC_BigMDSteps_2: 5994235
b_10_120.28_9_PC_BigMDSteps: 5994236
5994209,5994212,5994215,5994218,5994221,5994224,5994227,5994230,5994233,5994236
a_9_f_PC_BigMDSteps: 5994237
a_11_120.28_0_PC_BigMDSteps_1: 5994238
a_11_120.28_0_PC_BigMDSteps_2: 5994239
b_11_120.28_0_PC_BigMDSteps: 5994240
a_11_120.28_1_PC_BigMDSteps_1: 5994241
a_11_120.28_1_PC_BigMDSteps_2: 5994242
b_11_120.28_1_PC_BigMDSteps: 5994243
a_11_120.28_2_PC_BigMDSteps_1: 5994244
a_11_120.28_2_PC_BigMDSteps_2: 5994245
b_11_120.28_2_PC_BigMDSteps: 5994246
a_11_120.28_3_PC_BigMDSteps_1: 5994247
a_11_120.28_3_PC_BigMDSteps_2: 5994248
b_11_120.28_3_PC_BigMDSteps: 5994249
a_11_120.28_4_PC_BigMDSteps_1: 5994250
a_11_120.28_4_PC_BigMDSteps_2: 5994251
b_11_120.28_4_PC_BigMDSteps: 5994252
a_11_120.28_5_PC_BigMDSteps_1: 5994253
a_11_120.28_5_PC_BigMDSteps_2: 5994254
b_11_120.28_5_PC_BigMDSteps: 5994255
a_11_120.28_6_PC_BigMDSteps_1: 5994256
a_11_120.28_6_PC_BigMDSteps_2: 5994257
b_11_120.28_6_PC_BigMDSteps: 5994258
a_11_120.28_7_PC_BigMDSteps_1: 5994259
a_11_120.28_7_PC_BigMDSteps_2: 5994260
b_11_120.28_7_PC_BigMDSteps: 5994261
a_11_120.28_8_PC_BigMDSteps_1: 5994262
a_11_120.28_8_PC_BigMDSteps_2: 5994263
b_11_120.28_8_PC_BigMDSteps: 5994264
a_11_120.28_9_PC_BigMDSteps_1: 5994265
a_11_120.28_9_PC_BigMDSteps_2: 5994266
b_11_120.28_9_PC_BigMDSteps: 5994267
5994240,5994243,5994246,5994249,5994252,5994255,5994258,5994261,5994264,5994267
a_10_f_PC_BigMDSteps: 5994268
a_12_120.28_0_PC_BigMDSteps_1: 5994269
a_12_120.28_0_PC_BigMDSteps_2: 5994270
b_12_120.28_0_PC_BigMDSteps: 5994271
a_12_120.28_1_PC_BigMDSteps_1: 5994272
a_12_120.28_1_PC_BigMDSteps_2: 5994273
b_12_120.28_1_PC_BigMDSteps: 5994274
a_12_120.28_2_PC_BigMDSteps_1: 5994275
a_12_120.28_2_PC_BigMDSteps_2: 5994276
b_12_120.28_2_PC_BigMDSteps: 5994277
a_12_120.28_3_PC_BigMDSteps_1: 5994278
a_12_120.28_3_PC_BigMDSteps_2: 5994279
b_12_120.28_3_PC_BigMDSteps: 5994280
a_12_120.28_4_PC_BigMDSteps_1: 5994281
a_12_120.28_4_PC_BigMDSteps_2: 5994282
b_12_120.28_4_PC_BigMDSteps: 5994283
a_12_120.28_5_PC_BigMDSteps_1: 5994284
a_12_120.28_5_PC_BigMDSteps_2: 5994285
b_12_120.28_5_PC_BigMDSteps: 5994286
a_12_120.28_6_PC_BigMDSteps_1: 5994287
a_12_120.28_6_PC_BigMDSteps_2: 5994288
b_12_120.28_6_PC_BigMDSteps: 5994289
a_12_120.28_7_PC_BigMDSteps_1: 5994290
a_12_120.28_7_PC_BigMDSteps_2: 5994291
b_12_120.28_7_PC_BigMDSteps: 5994292
a_12_120.28_8_PC_BigMDSteps_1: 5994293
a_12_120.28_8_PC_BigMDSteps_2: 5994294
b_12_120.28_8_PC_BigMDSteps: 5994295
a_12_120.28_9_PC_BigMDSteps_1: 5994296
a_12_120.28_9_PC_BigMDSteps_2: 5994297
b_12_120.28_9_PC_BigMDSteps: 5994298
5994271,5994274,5994277,5994280,5994283,5994286,5994289,5994292,5994295,5994298
a_11_f_PC_BigMDSteps: 5994299
a_13_120.28_0_PC_BigMDSteps_1: 5994300
a_13_120.28_0_PC_BigMDSteps_2: 5994301
b_13_120.28_0_PC_BigMDSteps: 5994302
a_13_120.28_1_PC_BigMDSteps_1: 5994303
a_13_120.28_1_PC_BigMDSteps_2: 5994304
b_13_120.28_1_PC_BigMDSteps: 5994305
a_13_120.28_2_PC_BigMDSteps_1: 5994306
a_13_120.28_2_PC_BigMDSteps_2: 5994307
b_13_120.28_2_PC_BigMDSteps: 5994308
a_13_120.28_3_PC_BigMDSteps_1: 5994309
a_13_120.28_3_PC_BigMDSteps_2: 5994310
b_13_120.28_3_PC_BigMDSteps: 5994311
a_13_120.28_4_PC_BigMDSteps_1: 5994312
a_13_120.28_4_PC_BigMDSteps_2: 5994313
b_13_120.28_4_PC_BigMDSteps: 5994314
a_13_120.28_5_PC_BigMDSteps_1: 5994315
a_13_120.28_5_PC_BigMDSteps_2: 5994316
b_13_120.28_5_PC_BigMDSteps: 5994317
a_13_120.28_6_PC_BigMDSteps_1: 5994318
a_13_120.28_6_PC_BigMDSteps_2: 5994319
b_13_120.28_6_PC_BigMDSteps: 5994320
a_13_120.28_7_PC_BigMDSteps_1: 5994321
a_13_120.28_7_PC_BigMDSteps_2: 5994323
b_13_120.28_7_PC_BigMDSteps: 5994324
a_13_120.28_8_PC_BigMDSteps_1: 5994325
a_13_120.28_8_PC_BigMDSteps_2: 5994326
b_13_120.28_8_PC_BigMDSteps: 5994327
a_13_120.28_9_PC_BigMDSteps_1: 5994328
a_13_120.28_9_PC_BigMDSteps_2: 5994329
b_13_120.28_9_PC_BigMDSteps: 5994330
5994302,5994305,5994308,5994311,5994314,5994317,5994320,5994324,5994327,5994330
a_12_f_PC_BigMDSteps: 5994331
a_14_120.28_0_PC_BigMDSteps_1: 5994332
a_14_120.28_0_PC_BigMDSteps_2: 5994333
b_14_120.28_0_PC_BigMDSteps: 5994334
a_14_120.28_1_PC_BigMDSteps_1: 5994335
a_14_120.28_1_PC_BigMDSteps_2: 5994336
b_14_120.28_1_PC_BigMDSteps: 5994337
a_14_120.28_2_PC_BigMDSteps_1: 5994338
a_14_120.28_2_PC_BigMDSteps_2: 5994339
b_14_120.28_2_PC_BigMDSteps: 5994340
a_14_120.28_3_PC_BigMDSteps_1: 5994341
a_14_120.28_3_PC_BigMDSteps_2: 5994342
b_14_120.28_3_PC_BigMDSteps: 5994344
a_14_120.28_4_PC_BigMDSteps_1: 5994345
a_14_120.28_4_PC_BigMDSteps_2: 5994346
b_14_120.28_4_PC_BigMDSteps: 5994347
a_14_120.28_5_PC_BigMDSteps_1: 5994348
a_14_120.28_5_PC_BigMDSteps_2: 5994349
b_14_120.28_5_PC_BigMDSteps: 5994350
a_14_120.28_6_PC_BigMDSteps_1: 5994351
a_14_120.28_6_PC_BigMDSteps_2: 5994352
b_14_120.28_6_PC_BigMDSteps: 5994353
a_14_120.28_7_PC_BigMDSteps_1: 5994354
a_14_120.28_7_PC_BigMDSteps_2: 5994355
b_14_120.28_7_PC_BigMDSteps: 5994356
a_14_120.28_8_PC_BigMDSteps_1: 5994357
a_14_120.28_8_PC_BigMDSteps_2: 5994359
b_14_120.28_8_PC_BigMDSteps: 5994360
a_14_120.28_9_PC_BigMDSteps_1: 5994361
a_14_120.28_9_PC_BigMDSteps_2: 5994362
b_14_120.28_9_PC_BigMDSteps: 5994363
5994334,5994337,5994340,5994344,5994347,5994350,5994353,5994356,5994360,5994363
a_13_f_PC_BigMDSteps: 5994364
a_15_120.28_0_PC_BigMDSteps_1: 5994365
a_15_120.28_0_PC_BigMDSteps_2: 5994366
b_15_120.28_0_PC_BigMDSteps: 5994367
a_15_120.28_1_PC_BigMDSteps_1: 5994368
a_15_120.28_1_PC_BigMDSteps_2: 5994369
b_15_120.28_1_PC_BigMDSteps: 5994370
a_15_120.28_2_PC_BigMDSteps_1: 5994371
a_15_120.28_2_PC_BigMDSteps_2: 5994372
b_15_120.28_2_PC_BigMDSteps: 5994373
a_15_120.28_3_PC_BigMDSteps_1: 5994374
a_15_120.28_3_PC_BigMDSteps_2: 5994375
b_15_120.28_3_PC_BigMDSteps: 5994376
a_15_120.28_4_PC_BigMDSteps_1: 5994377
a_15_120.28_4_PC_BigMDSteps_2: 5994378
b_15_120.28_4_PC_BigMDSteps: 5994379
a_15_120.28_5_PC_BigMDSteps_1: 5994380
a_15_120.28_5_PC_BigMDSteps_2: 5994381
b_15_120.28_5_PC_BigMDSteps: 5994382
a_15_120.28_6_PC_BigMDSteps_1: 5994385
a_15_120.28_6_PC_BigMDSteps_2: 5994386
b_15_120.28_6_PC_BigMDSteps: 5994387
a_15_120.28_7_PC_BigMDSteps_1: 5994388
a_15_120.28_7_PC_BigMDSteps_2: 5994389
b_15_120.28_7_PC_BigMDSteps: 5994390
a_15_120.28_8_PC_BigMDSteps_1: 5994391
a_15_120.28_8_PC_BigMDSteps_2: 5994392
b_15_120.28_8_PC_BigMDSteps: 5994394
a_15_120.28_9_PC_BigMDSteps_1: 5994395
a_15_120.28_9_PC_BigMDSteps_2: 5994396
b_15_120.28_9_PC_BigMDSteps: 5994397
5994367,5994370,5994373,5994376,5994379,5994382,5994387,5994390,5994394,5994397
a_14_f_PC_BigMDSteps: 5994398
a_16_120.28_0_PC_BigMDSteps_1: 5994399
a_16_120.28_0_PC_BigMDSteps_2: 5994400
b_16_120.28_0_PC_BigMDSteps: 5994401
a_16_120.28_1_PC_BigMDSteps_1: 5994402
a_16_120.28_1_PC_BigMDSteps_2: 5994403
b_16_120.28_1_PC_BigMDSteps: 5994404
a_16_120.28_2_PC_BigMDSteps_1: 5994405
a_16_120.28_2_PC_BigMDSteps_2: 5994406
b_16_120.28_2_PC_BigMDSteps: 5994407
a_16_120.28_3_PC_BigMDSteps_1: 5994408
a_16_120.28_3_PC_BigMDSteps_2: 5994409
b_16_120.28_3_PC_BigMDSteps: 5994410
a_16_120.28_4_PC_BigMDSteps_1: 5994411
a_16_120.28_4_PC_BigMDSteps_2: 5994412
b_16_120.28_4_PC_BigMDSteps: 5994413
a_16_120.28_5_PC_BigMDSteps_1: 5994416
a_16_120.28_5_PC_BigMDSteps_2: 5994417
b_16_120.28_5_PC_BigMDSteps: 5994418
a_16_120.28_6_PC_BigMDSteps_1: 5994419
a_16_120.28_6_PC_BigMDSteps_2: 5994420
b_16_120.28_6_PC_BigMDSteps: 5994421
a_16_120.28_7_PC_BigMDSteps_1: 5994422
a_16_120.28_7_PC_BigMDSteps_2: 5994423
b_16_120.28_7_PC_BigMDSteps: 5994424
a_16_120.28_8_PC_BigMDSteps_1: 5994425
a_16_120.28_8_PC_BigMDSteps_2: 5994426
b_16_120.28_8_PC_BigMDSteps: 5994427
a_16_120.28_9_PC_BigMDSteps_1: 5994428
a_16_120.28_9_PC_BigMDSteps_2: 5994429
b_16_120.28_9_PC_BigMDSteps: 5994430
5994401,5994404,5994407,5994410,5994413,5994418,5994421,5994424,5994427,5994430
a_15_f_PC_BigMDSteps: 5994431
a_17_120.28_0_PC_BigMDSteps_1: 5994432
a_17_120.28_0_PC_BigMDSteps_2: 5994433
b_17_120.28_0_PC_BigMDSteps: 5994434
a_17_120.28_1_PC_BigMDSteps_1: 5994435
a_17_120.28_1_PC_BigMDSteps_2: 5994436
b_17_120.28_1_PC_BigMDSteps: 5994437
a_17_120.28_2_PC_BigMDSteps_1: 5994438
a_17_120.28_2_PC_BigMDSteps_2: 5994439
b_17_120.28_2_PC_BigMDSteps: 5994440
a_17_120.28_3_PC_BigMDSteps_1: 5994441
a_17_120.28_3_PC_BigMDSteps_2: 5994442
b_17_120.28_3_PC_BigMDSteps: 5994443
a_17_120.28_4_PC_BigMDSteps_1: 5994444
a_17_120.28_4_PC_BigMDSteps_2: 5994445
b_17_120.28_4_PC_BigMDSteps: 5994446
a_17_120.28_5_PC_BigMDSteps_1: 5994447
a_17_120.28_5_PC_BigMDSteps_2: 5994448
b_17_120.28_5_PC_BigMDSteps: 5994449
a_17_120.28_6_PC_BigMDSteps_1: 5994450
a_17_120.28_6_PC_BigMDSteps_2: 5994451
b_17_120.28_6_PC_BigMDSteps: 5994452
a_17_120.28_7_PC_BigMDSteps_1: 5994453
a_17_120.28_7_PC_BigMDSteps_2: 5994454
b_17_120.28_7_PC_BigMDSteps: 5994455
a_17_120.28_8_PC_BigMDSteps_1: 5994456
a_17_120.28_8_PC_BigMDSteps_2: 5994457
b_17_120.28_8_PC_BigMDSteps: 5994458
a_17_120.28_9_PC_BigMDSteps_1: 5994459
a_17_120.28_9_PC_BigMDSteps_2: 5994460
b_17_120.28_9_PC_BigMDSteps: 5994461
5994434,5994437,5994440,5994443,5994446,5994449,5994452,5994455,5994458,5994461
a_16_f_PC_BigMDSteps: 5994462
a_18_120.28_0_PC_BigMDSteps_1: 5994463
a_18_120.28_0_PC_BigMDSteps_2: 5994464
b_18_120.28_0_PC_BigMDSteps: 5994465
a_18_120.28_1_PC_BigMDSteps_1: 5994466
a_18_120.28_1_PC_BigMDSteps_2: 5994467
b_18_120.28_1_PC_BigMDSteps: 5994468
a_18_120.28_2_PC_BigMDSteps_1: 5994469
a_18_120.28_2_PC_BigMDSteps_2: 5994470
b_18_120.28_2_PC_BigMDSteps: 5994471
a_18_120.28_3_PC_BigMDSteps_1: 5994472
a_18_120.28_3_PC_BigMDSteps_2: 5994473
b_18_120.28_3_PC_BigMDSteps: 5994474
a_18_120.28_4_PC_BigMDSteps_1: 5994475
a_18_120.28_4_PC_BigMDSteps_2: 5994476
b_18_120.28_4_PC_BigMDSteps: 5994477
a_18_120.28_5_PC_BigMDSteps_1: 5994478
a_18_120.28_5_PC_BigMDSteps_2: 5994479
b_18_120.28_5_PC_BigMDSteps: 5994480
a_18_120.28_6_PC_BigMDSteps_1: 5994481
a_18_120.28_6_PC_BigMDSteps_2: 5994482
b_18_120.28_6_PC_BigMDSteps: 5994483
a_18_120.28_7_PC_BigMDSteps_1: 5994484
a_18_120.28_7_PC_BigMDSteps_2: 5994485
b_18_120.28_7_PC_BigMDSteps: 5994486
a_18_120.28_8_PC_BigMDSteps_1: 5994487
a_18_120.28_8_PC_BigMDSteps_2: 5994488
b_18_120.28_8_PC_BigMDSteps: 5994489
a_18_120.28_9_PC_BigMDSteps_1: 5994490
a_18_120.28_9_PC_BigMDSteps_2: 5994491
b_18_120.28_9_PC_BigMDSteps: 5994492
5994465,5994468,5994471,5994474,5994477,5994480,5994483,5994486,5994489,5994492
a_17_f_PC_BigMDSteps: 5994493
a_19_120.28_0_PC_BigMDSteps_1: 5994494
a_19_120.28_0_PC_BigMDSteps_2: 5994495
b_19_120.28_0_PC_BigMDSteps: 5994496
a_19_120.28_1_PC_BigMDSteps_1: 5994497
a_19_120.28_1_PC_BigMDSteps_2: 5994498
b_19_120.28_1_PC_BigMDSteps: 5994499
a_19_120.28_2_PC_BigMDSteps_1: 5994500
a_19_120.28_2_PC_BigMDSteps_2: 5994501
b_19_120.28_2_PC_BigMDSteps: 5994502
a_19_120.28_3_PC_BigMDSteps_1: 5994503
a_19_120.28_3_PC_BigMDSteps_2: 5994504
b_19_120.28_3_PC_BigMDSteps: 5994505
a_19_120.28_4_PC_BigMDSteps_1: 5994506
a_19_120.28_4_PC_BigMDSteps_2: 5994507
b_19_120.28_4_PC_BigMDSteps: 5994508
a_19_120.28_5_PC_BigMDSteps_1: 5994509
a_19_120.28_5_PC_BigMDSteps_2: 5994510
b_19_120.28_5_PC_BigMDSteps: 5994511
a_19_120.28_6_PC_BigMDSteps_1: 5994512
a_19_120.28_6_PC_BigMDSteps_2: 5994513
b_19_120.28_6_PC_BigMDSteps: 5994514
a_19_120.28_7_PC_BigMDSteps_1: 5994515
a_19_120.28_7_PC_BigMDSteps_2: 5994516
b_19_120.28_7_PC_BigMDSteps: 5994517
a_19_120.28_8_PC_BigMDSteps_1: 5994518
a_19_120.28_8_PC_BigMDSteps_2: 5994519
b_19_120.28_8_PC_BigMDSteps: 5994520
a_19_120.28_9_PC_BigMDSteps_1: 5994521
a_19_120.28_9_PC_BigMDSteps_2: 5994522
b_19_120.28_9_PC_BigMDSteps: 5994523
5994496,5994499,5994502,5994505,5994508,5994511,5994514,5994517,5994520,5994523
a_18_f_PC_BigMDSteps: 5994524
a_20_120.28_0_PC_BigMDSteps_1: 5994525
a_20_120.28_0_PC_BigMDSteps_2: 5994526
b_20_120.28_0_PC_BigMDSteps: 5994527
a_20_120.28_1_PC_BigMDSteps_1: 5994528
a_20_120.28_1_PC_BigMDSteps_2: 5994529
b_20_120.28_1_PC_BigMDSteps: 5994530
a_20_120.28_2_PC_BigMDSteps_1: 5994531
a_20_120.28_2_PC_BigMDSteps_2: 5994532
b_20_120.28_2_PC_BigMDSteps: 5994533
a_20_120.28_3_PC_BigMDSteps_1: 5994534
a_20_120.28_3_PC_BigMDSteps_2: 5994535
b_20_120.28_3_PC_BigMDSteps: 5994536
a_20_120.28_4_PC_BigMDSteps_1: 5994537
a_20_120.28_4_PC_BigMDSteps_2: 5994538
b_20_120.28_4_PC_BigMDSteps: 5994539
a_20_120.28_5_PC_BigMDSteps_1: 5994540
a_20_120.28_5_PC_BigMDSteps_2: 5994541
b_20_120.28_5_PC_BigMDSteps: 5994542
a_20_120.28_6_PC_BigMDSteps_1: 5994543
a_20_120.28_6_PC_BigMDSteps_2: 5994544
b_20_120.28_6_PC_BigMDSteps: 5994545
a_20_120.28_7_PC_BigMDSteps_1: 5994546
a_20_120.28_7_PC_BigMDSteps_2: 5994547
b_20_120.28_7_PC_BigMDSteps: 5994548
a_20_120.28_8_PC_BigMDSteps_1: 5994549
a_20_120.28_8_PC_BigMDSteps_2: 5994550
b_20_120.28_8_PC_BigMDSteps: 5994551
a_20_120.28_9_PC_BigMDSteps_1: 5994553
a_20_120.28_9_PC_BigMDSteps_2: 5994554
b_20_120.28_9_PC_BigMDSteps: 5994555
5994527,5994530,5994533,5994536,5994539,5994542,5994545,5994548,5994551,5994555
a_19_f_PC_BigMDSteps: 5994556
