rm: cannot remove ‘/data02/xchu/BCell_SmallSegments/PC/RUN/ConstantT/a_10/120.28/Probability/Filelist*’: No such file or directory
octave: unable to open X11 DISPLAY
octave: disabling GUI features
file = /data02/xchu/BCell_SmallSegments/PC/RUN/ConstantT/a_10/120.28/0/f.dat
file = /data02/xchu/BCell_SmallSegments/PC/RUN/ConstantT/a_10/120.28/1/f.dat
file = /data02/xchu/BCell_SmallSegments/PC/RUN/ConstantT/a_10/120.28/2/f.dat
file = /data02/xchu/BCell_SmallSegments/PC/RUN/ConstantT/a_10/120.28/3/f.dat
file = /data02/xchu/BCell_SmallSegments/PC/RUN/ConstantT/a_10/120.28/4/f.dat
file = /data02/xchu/BCell_SmallSegments/PC/RUN/ConstantT/a_10/120.28/5/f.dat
file = /data02/xchu/BCell_SmallSegments/PC/RUN/ConstantT/a_10/120.28/6/f.dat
file = /data02/xchu/BCell_SmallSegments/PC/RUN/ConstantT/a_10/120.28/7/f.dat
file = /data02/xchu/BCell_SmallSegments/PC/RUN/ConstantT/a_10/120.28/8/f.dat
file = /data02/xchu/BCell_SmallSegments/PC/RUN/ConstantT/a_10/120.28/9/f.dat
file = /data02/xchu/BCell_SmallSegments/PC/RUN/ConstantT/a_10/120.28/0/Probability.dat
file = /data02/xchu/BCell_SmallSegments/PC/RUN/ConstantT/a_10/120.28/1/Probability.dat
file = /data02/xchu/BCell_SmallSegments/PC/RUN/ConstantT/a_10/120.28/2/Probability.dat
file = /data02/xchu/BCell_SmallSegments/PC/RUN/ConstantT/a_10/120.28/3/Probability.dat
file = /data02/xchu/BCell_SmallSegments/PC/RUN/ConstantT/a_10/120.28/4/Probability.dat
file = /data02/xchu/BCell_SmallSegments/PC/RUN/ConstantT/a_10/120.28/5/Probability.dat
file = /data02/xchu/BCell_SmallSegments/PC/RUN/ConstantT/a_10/120.28/6/Probability.dat
file = /data02/xchu/BCell_SmallSegments/PC/RUN/ConstantT/a_10/120.28/7/Probability.dat
file = /data02/xchu/BCell_SmallSegments/PC/RUN/ConstantT/a_10/120.28/8/Probability.dat
file = /data02/xchu/BCell_SmallSegments/PC/RUN/ConstantT/a_10/120.28/9/Probability.dat
file = /data02/xchu/BCell_SmallSegments/PC/RUN/ConstantT/a_10/120.28/0/B.bin
file = /data02/xchu/BCell_SmallSegments/PC/RUN/ConstantT/a_10/120.28/1/B.bin
file = /data02/xchu/BCell_SmallSegments/PC/RUN/ConstantT/a_10/120.28/2/B.bin
file = /data02/xchu/BCell_SmallSegments/PC/RUN/ConstantT/a_10/120.28/3/B.bin
file = /data02/xchu/BCell_SmallSegments/PC/RUN/ConstantT/a_10/120.28/4/B.bin
file = /data02/xchu/BCell_SmallSegments/PC/RUN/ConstantT/a_10/120.28/5/B.bin
file = /data02/xchu/BCell_SmallSegments/PC/RUN/ConstantT/a_10/120.28/6/B.bin
file = /data02/xchu/BCell_SmallSegments/PC/RUN/ConstantT/a_10/120.28/7/B.bin
file = /data02/xchu/BCell_SmallSegments/PC/RUN/ConstantT/a_10/120.28/8/B.bin
file = /data02/xchu/BCell_SmallSegments/PC/RUN/ConstantT/a_10/120.28/9/B.bin
rm: cannot remove ‘/data02/xchu/BCell_SmallSegments/PC/RUN/ConstantT/a_10/120.28/Probability/Filelist*’: No such file or directory
octave: unable to open X11 DISPLAY
octave: disabling GUI features
file = /data02/xchu/BCell_SmallSegments/PC/RUN/ConstantT/a_10/120.28/0/f.dat
file = /data02/xchu/BCell_SmallSegments/PC/RUN/ConstantT/a_10/120.28/1/f.dat
file = /data02/xchu/BCell_SmallSegments/PC/RUN/ConstantT/a_10/120.28/2/f.dat
file = /data02/xchu/BCell_SmallSegments/PC/RUN/ConstantT/a_10/120.28/3/f.dat
file = /data02/xchu/BCell_SmallSegments/PC/RUN/ConstantT/a_10/120.28/4/f.dat
file = /data02/xchu/BCell_SmallSegments/PC/RUN/ConstantT/a_10/120.28/5/f.dat
file = /data02/xchu/BCell_SmallSegments/PC/RUN/ConstantT/a_10/120.28/6/f.dat
file = /data02/xchu/BCell_SmallSegments/PC/RUN/ConstantT/a_10/120.28/7/f.dat
file = /data02/xchu/BCell_SmallSegments/PC/RUN/ConstantT/a_10/120.28/8/f.dat
file = /data02/xchu/BCell_SmallSegments/PC/RUN/ConstantT/a_10/120.28/9/f.dat
file = /data02/xchu/BCell_SmallSegments/PC/RUN/ConstantT/a_10/120.28/0/Probability.dat
file = /data02/xchu/BCell_SmallSegments/PC/RUN/ConstantT/a_10/120.28/1/Probability.dat
file = /data02/xchu/BCell_SmallSegments/PC/RUN/ConstantT/a_10/120.28/2/Probability.dat
file = /data02/xchu/BCell_SmallSegments/PC/RUN/ConstantT/a_10/120.28/3/Probability.dat
file = /data02/xchu/BCell_SmallSegments/PC/RUN/ConstantT/a_10/120.28/4/Probability.dat
file = /data02/xchu/BCell_SmallSegments/PC/RUN/ConstantT/a_10/120.28/5/Probability.dat
file = /data02/xchu/BCell_SmallSegments/PC/RUN/ConstantT/a_10/120.28/6/Probability.dat
file = /data02/xchu/BCell_SmallSegments/PC/RUN/ConstantT/a_10/120.28/7/Probability.dat
file = /data02/xchu/BCell_SmallSegments/PC/RUN/ConstantT/a_10/120.28/8/Probability.dat
file = /data02/xchu/BCell_SmallSegments/PC/RUN/ConstantT/a_10/120.28/9/Probability.dat
file = /data02/xchu/BCell_SmallSegments/PC/RUN/ConstantT/a_10/120.28/0/B.bin
file = /data02/xchu/BCell_SmallSegments/PC/RUN/ConstantT/a_10/120.28/1/B.bin
file = /data02/xchu/BCell_SmallSegments/PC/RUN/ConstantT/a_10/120.28/2/B.bin
file = /data02/xchu/BCell_SmallSegments/PC/RUN/ConstantT/a_10/120.28/3/B.bin
file = /data02/xchu/BCell_SmallSegments/PC/RUN/ConstantT/a_10/120.28/4/B.bin
file = /data02/xchu/BCell_SmallSegments/PC/RUN/ConstantT/a_10/120.28/5/B.bin
file = /data02/xchu/BCell_SmallSegments/PC/RUN/ConstantT/a_10/120.28/6/B.bin
file = /data02/xchu/BCell_SmallSegments/PC/RUN/ConstantT/a_10/120.28/7/B.bin
file = /data02/xchu/BCell_SmallSegments/PC/RUN/ConstantT/a_10/120.28/8/B.bin
file = /data02/xchu/BCell_SmallSegments/PC/RUN/ConstantT/a_10/120.28/9/B.bin
rm: cannot remove ‘tmp.pdb’: No such file or directory
rm: cannot remove ‘#*’: No such file or directory
rm: cannot remove ‘tmp.pdb’: No such file or directory
rm: cannot remove ‘#*’: No such file or directory
rm: cannot remove ‘tmp.pdb’: No such file or directory
rm: cannot remove ‘#*’: No such file or directory
rm: cannot remove ‘tmp.pdb’: No such file or directory
rm: cannot remove ‘#*’: No such file or directory
rm: cannot remove ‘tmp.pdb’: No such file or directory
rm: cannot remove ‘#*’: No such file or directory
rm: cannot remove ‘tmp.pdb’: No such file or directory
rm: cannot remove ‘#*’: No such file or directory
rm: cannot remove ‘tmp.pdb’: No such file or directory
rm: cannot remove ‘#*’: No such file or directory
rm: cannot remove ‘tmp.pdb’: No such file or directory
rm: cannot remove ‘#*’: No such file or directory
rm: cannot remove ‘tmp.pdb’: No such file or directory
rm: cannot remove ‘#*’: No such file or directory
rm: cannot remove ‘tmp.pdb’: No such file or directory
rm: cannot remove ‘#*’: No such file or directory
/cm/local/apps/sge/var/spool/node053/job_scripts/376532: line 86: /data02/xchu/BCell_SmallSegments/PC/RUN/uij/TAD.x: No such file or directory
octave: unable to open X11 DISPLAY
octave: disabling GUI features
b =

   0.0024720
   1.1417505

Rsq2 =  0.87766
                                                                               
                    1 |----------------------------------------------------|   
                      |  +         +         +   GG    + G       +##       |   
                      |                G     G  G       G      ###         |   
                      |                      GG GGG G GGG    ##            |   
                  0.8 |-+            GG    GGGGGG  G G    ###            +-|   
                      |                  GG GG  GGGGGG ###                 |   
                      |               G G GGGGGGGG GG##                    |   
                  0.6 |-+             GG  GGGGG GGG##                    +-|   
                      |           GG  GGGGGG G G###G                       |   
                      |           GG GGGGGGGGG##GGG                        |   
                      |        GGGGGGGGGGGG### GGGGG                       |   
                  0.4 |-+     GGGGGGGGGGG##G GGGGGG                      +-|   
                      |      G GGGGGGGG##GGGGGGGGG                         |   
                      |     GGGGGGGG###GGGG GG GGG                         |   
                  0.2 |-+   GGGGGG##GGGGGGGGG  GG                        +-|   
                      |    GGGGG##GGGGGGG GG    G                          |   
                      |   GGG###GGGGGGGG                                   |   
                      |  GG##GGGGGG G                                      |   
                    0 |-+##GGGGG   +         +         +         +       +-|   
                      |----------------------------------------------------|   
                         0        0.2       0.4       0.6       0.8        1   
                                        Probability (Sim)                      
                                                                               
octave: unable to open X11 DISPLAY
octave: disabling GUI features
