rm: cannot remove ‘/data02/xchu/BCell_SmallSegments/PC/RUN/ConstantT/a_15/120.28/Probability/Filelist*’: No such file or directory
octave: unable to open X11 DISPLAY
octave: disabling GUI features
file = /data02/xchu/BCell_SmallSegments/PC/RUN/ConstantT/a_15/120.28/0/f.dat
file = /data02/xchu/BCell_SmallSegments/PC/RUN/ConstantT/a_15/120.28/1/f.dat
file = /data02/xchu/BCell_SmallSegments/PC/RUN/ConstantT/a_15/120.28/2/f.dat
file = /data02/xchu/BCell_SmallSegments/PC/RUN/ConstantT/a_15/120.28/3/f.dat
file = /data02/xchu/BCell_SmallSegments/PC/RUN/ConstantT/a_15/120.28/4/f.dat
file = /data02/xchu/BCell_SmallSegments/PC/RUN/ConstantT/a_15/120.28/5/f.dat
file = /data02/xchu/BCell_SmallSegments/PC/RUN/ConstantT/a_15/120.28/6/f.dat
file = /data02/xchu/BCell_SmallSegments/PC/RUN/ConstantT/a_15/120.28/7/f.dat
file = /data02/xchu/BCell_SmallSegments/PC/RUN/ConstantT/a_15/120.28/8/f.dat
file = /data02/xchu/BCell_SmallSegments/PC/RUN/ConstantT/a_15/120.28/9/f.dat
file = /data02/xchu/BCell_SmallSegments/PC/RUN/ConstantT/a_15/120.28/0/Probability.dat
file = /data02/xchu/BCell_SmallSegments/PC/RUN/ConstantT/a_15/120.28/1/Probability.dat
file = /data02/xchu/BCell_SmallSegments/PC/RUN/ConstantT/a_15/120.28/2/Probability.dat
file = /data02/xchu/BCell_SmallSegments/PC/RUN/ConstantT/a_15/120.28/3/Probability.dat
file = /data02/xchu/BCell_SmallSegments/PC/RUN/ConstantT/a_15/120.28/4/Probability.dat
file = /data02/xchu/BCell_SmallSegments/PC/RUN/ConstantT/a_15/120.28/5/Probability.dat
file = /data02/xchu/BCell_SmallSegments/PC/RUN/ConstantT/a_15/120.28/6/Probability.dat
file = /data02/xchu/BCell_SmallSegments/PC/RUN/ConstantT/a_15/120.28/7/Probability.dat
file = /data02/xchu/BCell_SmallSegments/PC/RUN/ConstantT/a_15/120.28/8/Probability.dat
file = /data02/xchu/BCell_SmallSegments/PC/RUN/ConstantT/a_15/120.28/9/Probability.dat
file = /data02/xchu/BCell_SmallSegments/PC/RUN/ConstantT/a_15/120.28/0/B.bin
file = /data02/xchu/BCell_SmallSegments/PC/RUN/ConstantT/a_15/120.28/1/B.bin
file = /data02/xchu/BCell_SmallSegments/PC/RUN/ConstantT/a_15/120.28/2/B.bin
file = /data02/xchu/BCell_SmallSegments/PC/RUN/ConstantT/a_15/120.28/3/B.bin
file = /data02/xchu/BCell_SmallSegments/PC/RUN/ConstantT/a_15/120.28/4/B.bin
file = /data02/xchu/BCell_SmallSegments/PC/RUN/ConstantT/a_15/120.28/5/B.bin
file = /data02/xchu/BCell_SmallSegments/PC/RUN/ConstantT/a_15/120.28/6/B.bin
file = /data02/xchu/BCell_SmallSegments/PC/RUN/ConstantT/a_15/120.28/7/B.bin
file = /data02/xchu/BCell_SmallSegments/PC/RUN/ConstantT/a_15/120.28/8/B.bin
file = /data02/xchu/BCell_SmallSegments/PC/RUN/ConstantT/a_15/120.28/9/B.bin
rm: cannot remove ‘tmp.pdb’: No such file or directory
rm: cannot remove ‘#*’: No such file or directory
rm: cannot remove ‘tmp.pdb’: No such file or directory
rm: cannot remove ‘#*’: No such file or directory
rm: cannot remove ‘tmp.pdb’: No such file or directory
rm: cannot remove ‘#*’: No such file or directory
rm: cannot remove ‘tmp.pdb’: No such file or directory
rm: cannot remove ‘#*’: No such file or directory
rm: cannot remove ‘tmp.pdb’: No such file or directory
rm: cannot remove ‘#*’: No such file or directory
rm: cannot remove ‘tmp.pdb’: No such file or directory
rm: cannot remove ‘#*’: No such file or directory
rm: cannot remove ‘tmp.pdb’: No such file or directory
rm: cannot remove ‘#*’: No such file or directory
rm: cannot remove ‘tmp.pdb’: No such file or directory
rm: cannot remove ‘#*’: No such file or directory
rm: cannot remove ‘tmp.pdb’: No such file or directory
rm: cannot remove ‘#*’: No such file or directory
rm: cannot remove ‘tmp.pdb’: No such file or directory
rm: cannot remove ‘#*’: No such file or directory
/cm/local/apps/sge/var/spool/node051/job_scripts/377530: line 86: /data02/xchu/BCell_SmallSegments/PC/RUN/uij/TAD.x: No such file or directory
octave: unable to open X11 DISPLAY
octave: disabling GUI features
b =

  -0.0025614
   1.0134525

Rsq2 =  0.92786
                                                                               
                    1 |----------------------------------------------------|   
                      |  +         +         +      GG +  G      +G    ### |   
                      |                          G  G            G  ###    |   
                      |                          G  G G     G  GG ##       |   
                  0.8 |-+                    G GG    GG GGG  G ###       +-|   
                      |                      GG GGGGGG GGGGG###            |   
                      |                   GG GG GGGGGGGGG### G             |   
                  0.6 |-+                   G GGGGGGGG###                +-|   
                      |                 GG  G GGGGG### G                   |   
                      |                G GGGGGGGG##GG G                    |   
                      |           G G GGGGGGGG###GGGG  G G                 |   
                  0.4 |-+         GGGGGGGGG###GGGGGGGG                   +-|   
                      |          GGGGGGGG##GGGGGGGGGG                      |   
                      |      GGGGGGGGG###GGGGGGGGGGG                       |   
                  0.2 |-+    GGGGGG###GGGGGGGGGGG                        +-|   
                      |     GGGGG##GGGGGGG     G G                         |   
                      |   GGGG###GGGGG  GG                                 |   
                      |  GG###GGGG G                                       |   
                    0 |-+##GGG     +         +         +         +       +-|   
                      |----------------------------------------------------|   
                         0        0.2       0.4       0.6       0.8        1   
                                        Probability (Sim)                      
                                                                               
octave: unable to open X11 DISPLAY
octave: disabling GUI features
