rm: cannot remove ‘/data02/xchu/BCell_SmallSegments/PC/RUN/ConstantT/a_9/120.28/Probability/Filelist*’: No such file or directory
octave: unable to open X11 DISPLAY
octave: disabling GUI features
file = /data02/xchu/BCell_SmallSegments/PC/RUN/ConstantT/a_9/120.28/0/f.dat
file = /data02/xchu/BCell_SmallSegments/PC/RUN/ConstantT/a_9/120.28/1/f.dat
file = /data02/xchu/BCell_SmallSegments/PC/RUN/ConstantT/a_9/120.28/2/f.dat
file = /data02/xchu/BCell_SmallSegments/PC/RUN/ConstantT/a_9/120.28/3/f.dat
file = /data02/xchu/BCell_SmallSegments/PC/RUN/ConstantT/a_9/120.28/4/f.dat
file = /data02/xchu/BCell_SmallSegments/PC/RUN/ConstantT/a_9/120.28/5/f.dat
file = /data02/xchu/BCell_SmallSegments/PC/RUN/ConstantT/a_9/120.28/6/f.dat
file = /data02/xchu/BCell_SmallSegments/PC/RUN/ConstantT/a_9/120.28/7/f.dat
file = /data02/xchu/BCell_SmallSegments/PC/RUN/ConstantT/a_9/120.28/8/f.dat
file = /data02/xchu/BCell_SmallSegments/PC/RUN/ConstantT/a_9/120.28/9/f.dat
file = /data02/xchu/BCell_SmallSegments/PC/RUN/ConstantT/a_9/120.28/0/Probability.dat
file = /data02/xchu/BCell_SmallSegments/PC/RUN/ConstantT/a_9/120.28/1/Probability.dat
file = /data02/xchu/BCell_SmallSegments/PC/RUN/ConstantT/a_9/120.28/2/Probability.dat
file = /data02/xchu/BCell_SmallSegments/PC/RUN/ConstantT/a_9/120.28/3/Probability.dat
file = /data02/xchu/BCell_SmallSegments/PC/RUN/ConstantT/a_9/120.28/4/Probability.dat
file = /data02/xchu/BCell_SmallSegments/PC/RUN/ConstantT/a_9/120.28/5/Probability.dat
file = /data02/xchu/BCell_SmallSegments/PC/RUN/ConstantT/a_9/120.28/6/Probability.dat
file = /data02/xchu/BCell_SmallSegments/PC/RUN/ConstantT/a_9/120.28/7/Probability.dat
file = /data02/xchu/BCell_SmallSegments/PC/RUN/ConstantT/a_9/120.28/8/Probability.dat
file = /data02/xchu/BCell_SmallSegments/PC/RUN/ConstantT/a_9/120.28/9/Probability.dat
file = /data02/xchu/BCell_SmallSegments/PC/RUN/ConstantT/a_9/120.28/0/B.bin
file = /data02/xchu/BCell_SmallSegments/PC/RUN/ConstantT/a_9/120.28/1/B.bin
file = /data02/xchu/BCell_SmallSegments/PC/RUN/ConstantT/a_9/120.28/2/B.bin
file = /data02/xchu/BCell_SmallSegments/PC/RUN/ConstantT/a_9/120.28/3/B.bin
file = /data02/xchu/BCell_SmallSegments/PC/RUN/ConstantT/a_9/120.28/4/B.bin
file = /data02/xchu/BCell_SmallSegments/PC/RUN/ConstantT/a_9/120.28/5/B.bin
file = /data02/xchu/BCell_SmallSegments/PC/RUN/ConstantT/a_9/120.28/6/B.bin
file = /data02/xchu/BCell_SmallSegments/PC/RUN/ConstantT/a_9/120.28/7/B.bin
file = /data02/xchu/BCell_SmallSegments/PC/RUN/ConstantT/a_9/120.28/8/B.bin
file = /data02/xchu/BCell_SmallSegments/PC/RUN/ConstantT/a_9/120.28/9/B.bin
rm: cannot remove ‘tmp.pdb’: No such file or directory
rm: cannot remove ‘#*’: No such file or directory
rm: cannot remove ‘tmp.pdb’: No such file or directory
rm: cannot remove ‘#*’: No such file or directory
rm: cannot remove ‘tmp.pdb’: No such file or directory
rm: cannot remove ‘#*’: No such file or directory
rm: cannot remove ‘tmp.pdb’: No such file or directory
rm: cannot remove ‘#*’: No such file or directory
rm: cannot remove ‘tmp.pdb’: No such file or directory
rm: cannot remove ‘#*’: No such file or directory
rm: cannot remove ‘tmp.pdb’: No such file or directory
rm: cannot remove ‘#*’: No such file or directory
rm: cannot remove ‘tmp.pdb’: No such file or directory
rm: cannot remove ‘#*’: No such file or directory
rm: cannot remove ‘tmp.pdb’: No such file or directory
rm: cannot remove ‘#*’: No such file or directory
rm: cannot remove ‘tmp.pdb’: No such file or directory
rm: cannot remove ‘#*’: No such file or directory
rm: cannot remove ‘tmp.pdb’: No such file or directory
rm: cannot remove ‘#*’: No such file or directory
/cm/local/apps/sge/var/spool/node052/job_scripts/374036: line 86: /data02/xchu/BCell_SmallSegments/PC/RUN/uij/TAD.x: No such file or directory
octave: unable to open X11 DISPLAY
octave: disabling GUI features
b =

   0.0039104
   1.1274850

Rsq2 =  0.83962
                                                                               
                    1 |----------------------------------------------------|   
                      |  +         +         +  GGG   GG         +###      |   
                      |               G      G G  G             ##         |   
                      |            G  G     G   GGGGG G      ###           |   
                  0.8 |-+          GG G G  G  G G  G      ###            +-|   
                      |            G   G G G    GGGGG   ##                 |   
                      |              G GGG GG G GGGGG###                   |   
                  0.6 |-+            GGG GGGG  GGGG##                    +-|   
                      |           GGGG G GGGG  G###G   G                   |   
                      |         GG GG GGGGGGG ##GGGG                       |   
                      |         GGGGGGGGGGGG##GGGGGG                       |   
                  0.4 |-+   G GGGGGGGGGGG###GGGGGGG                      +-|   
                      |      G GGGGGGGG##GGGGGGGGGG                        |   
                      |     GGGGGGGG###GGG GGGGGGG                         |   
                  0.2 |-+ GGGGGGGG##GGGGGGG GGGGG                        +-|   
                      |    GGGGG##GGGGGG  GGG   G                          |   
                      |  GGGG###GGGGGGGGG                                  |   
                      |  GG##GGGGGGGGG                                     |   
                    0 |-+##GGGGG   +         +         +         +       +-|   
                      |----------------------------------------------------|   
                         0        0.2       0.4       0.6       0.8        1   
                                        Probability (Sim)                      
                                                                               
octave: unable to open X11 DISPLAY
octave: disabling GUI features
rm: cannot remove ‘/data02/xchu/BCell_SmallSegments/PC/RUN/ConstantT/a_9/120.28/Probability/Filelist*’: No such file or directory
octave: unable to open X11 DISPLAY
octave: disabling GUI features
file = /data02/xchu/BCell_SmallSegments/PC/RUN/ConstantT/a_9/120.28/0/f.dat
file = /data02/xchu/BCell_SmallSegments/PC/RUN/ConstantT/a_9/120.28/1/f.dat
file = /data02/xchu/BCell_SmallSegments/PC/RUN/ConstantT/a_9/120.28/2/f.dat
file = /data02/xchu/BCell_SmallSegments/PC/RUN/ConstantT/a_9/120.28/3/f.dat
file = /data02/xchu/BCell_SmallSegments/PC/RUN/ConstantT/a_9/120.28/4/f.dat
file = /data02/xchu/BCell_SmallSegments/PC/RUN/ConstantT/a_9/120.28/5/f.dat
file = /data02/xchu/BCell_SmallSegments/PC/RUN/ConstantT/a_9/120.28/6/f.dat
file = /data02/xchu/BCell_SmallSegments/PC/RUN/ConstantT/a_9/120.28/7/f.dat
file = /data02/xchu/BCell_SmallSegments/PC/RUN/ConstantT/a_9/120.28/8/f.dat
file = /data02/xchu/BCell_SmallSegments/PC/RUN/ConstantT/a_9/120.28/9/f.dat
file = /data02/xchu/BCell_SmallSegments/PC/RUN/ConstantT/a_9/120.28/0/Probability.dat
file = /data02/xchu/BCell_SmallSegments/PC/RUN/ConstantT/a_9/120.28/1/Probability.dat
file = /data02/xchu/BCell_SmallSegments/PC/RUN/ConstantT/a_9/120.28/2/Probability.dat
file = /data02/xchu/BCell_SmallSegments/PC/RUN/ConstantT/a_9/120.28/3/Probability.dat
file = /data02/xchu/BCell_SmallSegments/PC/RUN/ConstantT/a_9/120.28/4/Probability.dat
file = /data02/xchu/BCell_SmallSegments/PC/RUN/ConstantT/a_9/120.28/5/Probability.dat
file = /data02/xchu/BCell_SmallSegments/PC/RUN/ConstantT/a_9/120.28/6/Probability.dat
file = /data02/xchu/BCell_SmallSegments/PC/RUN/ConstantT/a_9/120.28/7/Probability.dat
file = /data02/xchu/BCell_SmallSegments/PC/RUN/ConstantT/a_9/120.28/8/Probability.dat
file = /data02/xchu/BCell_SmallSegments/PC/RUN/ConstantT/a_9/120.28/9/Probability.dat
file = /data02/xchu/BCell_SmallSegments/PC/RUN/ConstantT/a_9/120.28/0/B.bin
file = /data02/xchu/BCell_SmallSegments/PC/RUN/ConstantT/a_9/120.28/1/B.bin
file = /data02/xchu/BCell_SmallSegments/PC/RUN/ConstantT/a_9/120.28/2/B.bin
file = /data02/xchu/BCell_SmallSegments/PC/RUN/ConstantT/a_9/120.28/3/B.bin
file = /data02/xchu/BCell_SmallSegments/PC/RUN/ConstantT/a_9/120.28/4/B.bin
file = /data02/xchu/BCell_SmallSegments/PC/RUN/ConstantT/a_9/120.28/5/B.bin
file = /data02/xchu/BCell_SmallSegments/PC/RUN/ConstantT/a_9/120.28/6/B.bin
file = /data02/xchu/BCell_SmallSegments/PC/RUN/ConstantT/a_9/120.28/7/B.bin
file = /data02/xchu/BCell_SmallSegments/PC/RUN/ConstantT/a_9/120.28/8/B.bin
file = /data02/xchu/BCell_SmallSegments/PC/RUN/ConstantT/a_9/120.28/9/B.bin
rm: cannot remove ‘tmp.pdb’: No such file or directory
rm: cannot remove ‘#*’: No such file or directory
rm: cannot remove ‘tmp.pdb’: No such file or directory
rm: cannot remove ‘#*’: No such file or directory
rm: cannot remove ‘tmp.pdb’: No such file or directory
rm: cannot remove ‘#*’: No such file or directory
rm: cannot remove ‘tmp.pdb’: No such file or directory
rm: cannot remove ‘#*’: No such file or directory
rm: cannot remove ‘tmp.pdb’: No such file or directory
rm: cannot remove ‘#*’: No such file or directory
rm: cannot remove ‘tmp.pdb’: No such file or directory
rm: cannot remove ‘#*’: No such file or directory
rm: cannot remove ‘tmp.pdb’: No such file or directory
rm: cannot remove ‘#*’: No such file or directory
rm: cannot remove ‘tmp.pdb’: No such file or directory
rm: cannot remove ‘#*’: No such file or directory
rm: cannot remove ‘tmp.pdb’: No such file or directory
rm: cannot remove ‘#*’: No such file or directory
rm: cannot remove ‘tmp.pdb’: No such file or directory
rm: cannot remove ‘#*’: No such file or directory
/cm/local/apps/sge/var/spool/node053/job_scripts/376501: line 86: /data02/xchu/BCell_SmallSegments/PC/RUN/uij/TAD.x: No such file or directory
octave: unable to open X11 DISPLAY
octave: disabling GUI features
b =

   0.0039488
   1.1562990

Rsq2 =  0.85135
                                                                               
                    1 |----------------------------------------------------|   
                      |  +         +         +  GGG   GG         ###       |   
                      |             G       G   G     G        ##          |   
                      |                  GG G   GGGG GG      ##            |   
                  0.8 |-+          GG    GGG G  G G G    ####            +-|   
                      |               G GGG G   GG GG  ##                  |   
                      |              G  GGGGGG  GGGG###                    |   
                  0.6 |-+           G G GGGGG G GG##                     +-|   
                      |          GG GG GGGG G  G##G                        |   
                      |          GGGG GGGGGGG###GG                         |   
                      |       GGGGGGGGGGGGG##G GGG G                       |   
                  0.4 |-+    GGGGGGGGGGGG##  GGGGGG                      +-|   
                      |     G GGGGGGGG###GGGGGGGGG                         |   
                      |     GGGGGGGG##GGGG   GGGGG                         |   
                  0.2 |-+  GGGGGGG##GGGGGG  GG GG                        +-|   
                      |    GGGG###GGGGGG   GG  GG                          |   
                      |  GGGG##GGGGGGGGG                                   |   
                      |  GG##GGGGGG G                                      |   
                    0 |-+##GGGGG   +         +         +         +       +-|   
                      |----------------------------------------------------|   
                         0        0.2       0.4       0.6       0.8        1   
                                        Probability (Sim)                      
                                                                               
octave: unable to open X11 DISPLAY
octave: disabling GUI features
