init: 5513836
a_0_120.28_0_PC_BigMDSteps_1: 5513837
a_0_120.28_0_PC_BigMDSteps_2: 5513838
b_0_120.28_0_PC_BigMDSteps: 5513839
a_0_120.28_1_PC_BigMDSteps_1: 5513840
a_0_120.28_1_PC_BigMDSteps_2: 5513841
b_0_120.28_1_PC_BigMDSteps: 5513842
a_0_120.28_2_PC_BigMDSteps_1: 5513843
a_0_120.28_2_PC_BigMDSteps_2: 5513844
b_0_120.28_2_PC_BigMDSteps: 5513845
a_0_120.28_3_PC_BigMDSteps_1: 5513846
a_0_120.28_3_PC_BigMDSteps_2: 5513847
b_0_120.28_3_PC_BigMDSteps: 5513848
a_0_120.28_4_PC_BigMDSteps_1: 5513849
a_0_120.28_4_PC_BigMDSteps_2: 5513850
b_0_120.28_4_PC_BigMDSteps: 5513851
a_0_120.28_5_PC_BigMDSteps_1: 5513852
a_0_120.28_5_PC_BigMDSteps_2: 5513853
b_0_120.28_5_PC_BigMDSteps: 5513854
a_0_120.28_6_PC_BigMDSteps_1: 5513855
a_0_120.28_6_PC_BigMDSteps_2: 5513856
b_0_120.28_6_PC_BigMDSteps: 5513857
a_0_120.28_7_PC_BigMDSteps_1: 5513858
a_0_120.28_7_PC_BigMDSteps_2: 5513859
b_0_120.28_7_PC_BigMDSteps: 5513860
a_0_120.28_8_PC_BigMDSteps_1: 5513861
a_0_120.28_8_PC_BigMDSteps_2: 5513862
b_0_120.28_8_PC_BigMDSteps: 5513863
a_0_120.28_9_PC_BigMDSteps_1: 5513864
a_0_120.28_9_PC_BigMDSteps_2: 5513865
b_0_120.28_9_PC_BigMDSteps: 5513866
5513839,5513842,5513845,5513848,5513851,5513854,5513857,5513860,5513863,5513866
a_-1_f_PC_BigMDSteps: 5513867
a_1_120.28_0_PC_BigMDSteps_1: 5513868
a_1_120.28_0_PC_BigMDSteps_2: 5513869
b_1_120.28_0_PC_BigMDSteps: 5513870
a_1_120.28_1_PC_BigMDSteps_1: 5513871
a_1_120.28_1_PC_BigMDSteps_2: 5513872
b_1_120.28_1_PC_BigMDSteps: 5513873
a_1_120.28_2_PC_BigMDSteps_1: 5513874
a_1_120.28_2_PC_BigMDSteps_2: 5513875
b_1_120.28_2_PC_BigMDSteps: 5513876
a_1_120.28_3_PC_BigMDSteps_1: 5513877
a_1_120.28_3_PC_BigMDSteps_2: 5513878
b_1_120.28_3_PC_BigMDSteps: 5513879
a_1_120.28_4_PC_BigMDSteps_1: 5513880
a_1_120.28_4_PC_BigMDSteps_2: 5513881
b_1_120.28_4_PC_BigMDSteps: 5513882
a_1_120.28_5_PC_BigMDSteps_1: 5513883
a_1_120.28_5_PC_BigMDSteps_2: 5513884
b_1_120.28_5_PC_BigMDSteps: 5513885
a_1_120.28_6_PC_BigMDSteps_1: 5513886
a_1_120.28_6_PC_BigMDSteps_2: 5513887
b_1_120.28_6_PC_BigMDSteps: 5513888
a_1_120.28_7_PC_BigMDSteps_1: 5513889
a_1_120.28_7_PC_BigMDSteps_2: 5513890
b_1_120.28_7_PC_BigMDSteps: 5513891
a_1_120.28_8_PC_BigMDSteps_1: 5513892
a_1_120.28_8_PC_BigMDSteps_2: 5513893
b_1_120.28_8_PC_BigMDSteps: 5513894
a_1_120.28_9_PC_BigMDSteps_1: 5513895
a_1_120.28_9_PC_BigMDSteps_2: 5513896
b_1_120.28_9_PC_BigMDSteps: 5513897
5513870,5513873,5513876,5513879,5513882,5513885,5513888,5513891,5513894,5513897
a_0_f_PC_BigMDSteps: 5513898
a_2_120.28_0_PC_BigMDSteps_1: 5513899
a_2_120.28_0_PC_BigMDSteps_2: 5513900
b_2_120.28_0_PC_BigMDSteps: 5513901
a_2_120.28_1_PC_BigMDSteps_1: 5513902
a_2_120.28_1_PC_BigMDSteps_2: 5513903
b_2_120.28_1_PC_BigMDSteps: 5513904
a_2_120.28_2_PC_BigMDSteps_1: 5513905
a_2_120.28_2_PC_BigMDSteps_2: 5513906
b_2_120.28_2_PC_BigMDSteps: 5513907
a_2_120.28_3_PC_BigMDSteps_1: 5513908
a_2_120.28_3_PC_BigMDSteps_2: 5513909
b_2_120.28_3_PC_BigMDSteps: 5513910
a_2_120.28_4_PC_BigMDSteps_1: 5513911
a_2_120.28_4_PC_BigMDSteps_2: 5513912
b_2_120.28_4_PC_BigMDSteps: 5513913
a_2_120.28_5_PC_BigMDSteps_1: 5513914
a_2_120.28_5_PC_BigMDSteps_2: 5513915
b_2_120.28_5_PC_BigMDSteps: 5513916
a_2_120.28_6_PC_BigMDSteps_1: 5513917
a_2_120.28_6_PC_BigMDSteps_2: 5513918
b_2_120.28_6_PC_BigMDSteps: 5513919
a_2_120.28_7_PC_BigMDSteps_1: 5513920
a_2_120.28_7_PC_BigMDSteps_2: 5513921
b_2_120.28_7_PC_BigMDSteps: 5513922
a_2_120.28_8_PC_BigMDSteps_1: 5513923
a_2_120.28_8_PC_BigMDSteps_2: 5513924
b_2_120.28_8_PC_BigMDSteps: 5513925
a_2_120.28_9_PC_BigMDSteps_1: 5513926
a_2_120.28_9_PC_BigMDSteps_2: 5513927
b_2_120.28_9_PC_BigMDSteps: 5513928
5513901,5513904,5513907,5513910,5513913,5513916,5513919,5513922,5513925,5513928
a_1_f_PC_BigMDSteps: 5513929
a_3_120.28_0_PC_BigMDSteps_1: 5513930
a_3_120.28_0_PC_BigMDSteps_2: 5513931
b_3_120.28_0_PC_BigMDSteps: 5513932
a_3_120.28_1_PC_BigMDSteps_1: 5513933
a_3_120.28_1_PC_BigMDSteps_2: 5513934
b_3_120.28_1_PC_BigMDSteps: 5513935
a_3_120.28_2_PC_BigMDSteps_1: 5513936
a_3_120.28_2_PC_BigMDSteps_2: 5513937
b_3_120.28_2_PC_BigMDSteps: 5513938
a_3_120.28_3_PC_BigMDSteps_1: 5513939
a_3_120.28_3_PC_BigMDSteps_2: 5513940
b_3_120.28_3_PC_BigMDSteps: 5513941
a_3_120.28_4_PC_BigMDSteps_1: 5513942
a_3_120.28_4_PC_BigMDSteps_2: 5513943
b_3_120.28_4_PC_BigMDSteps: 5513944
a_3_120.28_5_PC_BigMDSteps_1: 5513945
a_3_120.28_5_PC_BigMDSteps_2: 5513946
b_3_120.28_5_PC_BigMDSteps: 5513947
a_3_120.28_6_PC_BigMDSteps_1: 5513948
a_3_120.28_6_PC_BigMDSteps_2: 5513949
b_3_120.28_6_PC_BigMDSteps: 5513950
a_3_120.28_7_PC_BigMDSteps_1: 5513951
a_3_120.28_7_PC_BigMDSteps_2: 5513952
b_3_120.28_7_PC_BigMDSteps: 5513953
a_3_120.28_8_PC_BigMDSteps_1: 5513954
a_3_120.28_8_PC_BigMDSteps_2: 5513955
b_3_120.28_8_PC_BigMDSteps: 5513956
a_3_120.28_9_PC_BigMDSteps_1: 5513957
a_3_120.28_9_PC_BigMDSteps_2: 5513958
b_3_120.28_9_PC_BigMDSteps: 5513959
5513932,5513935,5513938,5513941,5513944,5513947,5513950,5513953,5513956,5513959
a_2_f_PC_BigMDSteps: 5513960
a_4_120.28_0_PC_BigMDSteps_1: 5513961
a_4_120.28_0_PC_BigMDSteps_2: 5513962
b_4_120.28_0_PC_BigMDSteps: 5513963
a_4_120.28_1_PC_BigMDSteps_1: 5513964
a_4_120.28_1_PC_BigMDSteps_2: 5513965
b_4_120.28_1_PC_BigMDSteps: 5513966
a_4_120.28_2_PC_BigMDSteps_1: 5513967
a_4_120.28_2_PC_BigMDSteps_2: 5513968
b_4_120.28_2_PC_BigMDSteps: 5513969
a_4_120.28_3_PC_BigMDSteps_1: 5513970
a_4_120.28_3_PC_BigMDSteps_2: 5513971
b_4_120.28_3_PC_BigMDSteps: 5513972
a_4_120.28_4_PC_BigMDSteps_1: 5513973
a_4_120.28_4_PC_BigMDSteps_2: 5513974
b_4_120.28_4_PC_BigMDSteps: 5513975
a_4_120.28_5_PC_BigMDSteps_1: 5513976
a_4_120.28_5_PC_BigMDSteps_2: 5513977
b_4_120.28_5_PC_BigMDSteps: 5513978
a_4_120.28_6_PC_BigMDSteps_1: 5513979
a_4_120.28_6_PC_BigMDSteps_2: 5513980
b_4_120.28_6_PC_BigMDSteps: 5513981
a_4_120.28_7_PC_BigMDSteps_1: 5513982
a_4_120.28_7_PC_BigMDSteps_2: 5513983
b_4_120.28_7_PC_BigMDSteps: 5513984
a_4_120.28_8_PC_BigMDSteps_1: 5513985
a_4_120.28_8_PC_BigMDSteps_2: 5513986
b_4_120.28_8_PC_BigMDSteps: 5513987
a_4_120.28_9_PC_BigMDSteps_1: 5513988
a_4_120.28_9_PC_BigMDSteps_2: 5513989
b_4_120.28_9_PC_BigMDSteps: 5513990
5513963,5513966,5513969,5513972,5513975,5513978,5513981,5513984,5513987,5513990
a_3_f_PC_BigMDSteps: 5513991
a_5_120.28_0_PC_BigMDSteps_1: 5513992
a_5_120.28_0_PC_BigMDSteps_2: 5513993
b_5_120.28_0_PC_BigMDSteps: 5513994
a_5_120.28_1_PC_BigMDSteps_1: 5513995
a_5_120.28_1_PC_BigMDSteps_2: 5513996
b_5_120.28_1_PC_BigMDSteps: 5513997
a_5_120.28_2_PC_BigMDSteps_1: 5513998
a_5_120.28_2_PC_BigMDSteps_2: 5513999
b_5_120.28_2_PC_BigMDSteps: 5514000
a_5_120.28_3_PC_BigMDSteps_1: 5514001
a_5_120.28_3_PC_BigMDSteps_2: 5514002
b_5_120.28_3_PC_BigMDSteps: 5514003
a_5_120.28_4_PC_BigMDSteps_1: 5514004
a_5_120.28_4_PC_BigMDSteps_2: 5514005
b_5_120.28_4_PC_BigMDSteps: 5514006
a_5_120.28_5_PC_BigMDSteps_1: 5514007
a_5_120.28_5_PC_BigMDSteps_2: 5514008
b_5_120.28_5_PC_BigMDSteps: 5514009
a_5_120.28_6_PC_BigMDSteps_1: 5514010
a_5_120.28_6_PC_BigMDSteps_2: 5514011
b_5_120.28_6_PC_BigMDSteps: 5514012
a_5_120.28_7_PC_BigMDSteps_1: 5514013
a_5_120.28_7_PC_BigMDSteps_2: 5514014
b_5_120.28_7_PC_BigMDSteps: 5514015
a_5_120.28_8_PC_BigMDSteps_1: 5514016
a_5_120.28_8_PC_BigMDSteps_2: 5514017
b_5_120.28_8_PC_BigMDSteps: 5514018
a_5_120.28_9_PC_BigMDSteps_1: 5514019
a_5_120.28_9_PC_BigMDSteps_2: 5514020
b_5_120.28_9_PC_BigMDSteps: 5514021
5513994,5513997,5514000,5514003,5514006,5514009,5514012,5514015,5514018,5514021
a_4_f_PC_BigMDSteps: 5514022
a_6_120.28_0_PC_BigMDSteps_1: 5514023
a_6_120.28_0_PC_BigMDSteps_2: 5514024
b_6_120.28_0_PC_BigMDSteps: 5514025
a_6_120.28_1_PC_BigMDSteps_1: 5514026
a_6_120.28_1_PC_BigMDSteps_2: 5514027
b_6_120.28_1_PC_BigMDSteps: 5514028
a_6_120.28_2_PC_BigMDSteps_1: 5514029
a_6_120.28_2_PC_BigMDSteps_2: 5514030
b_6_120.28_2_PC_BigMDSteps: 5514031
a_6_120.28_3_PC_BigMDSteps_1: 5514032
a_6_120.28_3_PC_BigMDSteps_2: 5514033
b_6_120.28_3_PC_BigMDSteps: 5514034
a_6_120.28_4_PC_BigMDSteps_1: 5514035
a_6_120.28_4_PC_BigMDSteps_2: 5514036
b_6_120.28_4_PC_BigMDSteps: 5514037
a_6_120.28_5_PC_BigMDSteps_1: 5514038
a_6_120.28_5_PC_BigMDSteps_2: 5514039
b_6_120.28_5_PC_BigMDSteps: 5514040
a_6_120.28_6_PC_BigMDSteps_1: 5514041
a_6_120.28_6_PC_BigMDSteps_2: 5514042
b_6_120.28_6_PC_BigMDSteps: 5514043
a_6_120.28_7_PC_BigMDSteps_1: 5514044
a_6_120.28_7_PC_BigMDSteps_2: 5514045
b_6_120.28_7_PC_BigMDSteps: 5514046
a_6_120.28_8_PC_BigMDSteps_1: 5514047
a_6_120.28_8_PC_BigMDSteps_2: 5514048
b_6_120.28_8_PC_BigMDSteps: 5514049
a_6_120.28_9_PC_BigMDSteps_1: 5514050
a_6_120.28_9_PC_BigMDSteps_2: 5514051
b_6_120.28_9_PC_BigMDSteps: 5514052
5514025,5514028,5514031,5514034,5514037,5514040,5514043,5514046,5514049,5514052
a_5_f_PC_BigMDSteps: 5514053
a_7_120.28_0_PC_BigMDSteps_1: 5514054
a_7_120.28_0_PC_BigMDSteps_2: 5514055
b_7_120.28_0_PC_BigMDSteps: 5514056
a_7_120.28_1_PC_BigMDSteps_1: 5514057
a_7_120.28_1_PC_BigMDSteps_2: 5514058
b_7_120.28_1_PC_BigMDSteps: 5514059
a_7_120.28_2_PC_BigMDSteps_1: 5514060
a_7_120.28_2_PC_BigMDSteps_2: 5514061
b_7_120.28_2_PC_BigMDSteps: 5514062
a_7_120.28_3_PC_BigMDSteps_1: 5514063
a_7_120.28_3_PC_BigMDSteps_2: 5514064
b_7_120.28_3_PC_BigMDSteps: 5514065
a_7_120.28_4_PC_BigMDSteps_1: 5514066
a_7_120.28_4_PC_BigMDSteps_2: 5514067
b_7_120.28_4_PC_BigMDSteps: 5514068
a_7_120.28_5_PC_BigMDSteps_1: 5514069
a_7_120.28_5_PC_BigMDSteps_2: 5514070
b_7_120.28_5_PC_BigMDSteps: 5514071
a_7_120.28_6_PC_BigMDSteps_1: 5514072
a_7_120.28_6_PC_BigMDSteps_2: 5514073
b_7_120.28_6_PC_BigMDSteps: 5514074
a_7_120.28_7_PC_BigMDSteps_1: 5514075
a_7_120.28_7_PC_BigMDSteps_2: 5514076
b_7_120.28_7_PC_BigMDSteps: 5514077
a_7_120.28_8_PC_BigMDSteps_1: 5514078
a_7_120.28_8_PC_BigMDSteps_2: 5514079
b_7_120.28_8_PC_BigMDSteps: 5514080
a_7_120.28_9_PC_BigMDSteps_1: 5514081
a_7_120.28_9_PC_BigMDSteps_2: 5514082
b_7_120.28_9_PC_BigMDSteps: 5514083
5514056,5514059,5514062,5514065,5514068,5514071,5514074,5514077,5514080,5514083
a_6_f_PC_BigMDSteps: 5514084
a_8_120.28_0_PC_BigMDSteps_1: 5514085
a_8_120.28_0_PC_BigMDSteps_2: 5514086
b_8_120.28_0_PC_BigMDSteps: 5514087
a_8_120.28_1_PC_BigMDSteps_1: 5514088
a_8_120.28_1_PC_BigMDSteps_2: 5514089
b_8_120.28_1_PC_BigMDSteps: 5514090
a_8_120.28_2_PC_BigMDSteps_1: 5514091
a_8_120.28_2_PC_BigMDSteps_2: 5514092
b_8_120.28_2_PC_BigMDSteps: 5514093
a_8_120.28_3_PC_BigMDSteps_1: 5514094
a_8_120.28_3_PC_BigMDSteps_2: 5514095
b_8_120.28_3_PC_BigMDSteps: 5514096
a_8_120.28_4_PC_BigMDSteps_1: 5514097
a_8_120.28_4_PC_BigMDSteps_2: 5514098
b_8_120.28_4_PC_BigMDSteps: 5514099
a_8_120.28_5_PC_BigMDSteps_1: 5514100
a_8_120.28_5_PC_BigMDSteps_2: 5514101
b_8_120.28_5_PC_BigMDSteps: 5514102
a_8_120.28_6_PC_BigMDSteps_1: 5514103
a_8_120.28_6_PC_BigMDSteps_2: 5514104
b_8_120.28_6_PC_BigMDSteps: 5514105
a_8_120.28_7_PC_BigMDSteps_1: 5514106
a_8_120.28_7_PC_BigMDSteps_2: 5514107
b_8_120.28_7_PC_BigMDSteps: 5514108
a_8_120.28_8_PC_BigMDSteps_1: 5514109
a_8_120.28_8_PC_BigMDSteps_2: 5514110
b_8_120.28_8_PC_BigMDSteps: 5514111
a_8_120.28_9_PC_BigMDSteps_1: 5514112
a_8_120.28_9_PC_BigMDSteps_2: 5514113
b_8_120.28_9_PC_BigMDSteps: 5514114
5514087,5514090,5514093,5514096,5514099,5514102,5514105,5514108,5514111,5514114
a_7_f_PC_BigMDSteps: 5514115
a_9_120.28_0_PC_BigMDSteps_1: 5514116
a_9_120.28_0_PC_BigMDSteps_2: 5514117
b_9_120.28_0_PC_BigMDSteps: 5514118
a_9_120.28_1_PC_BigMDSteps_1: 5514119
a_9_120.28_1_PC_BigMDSteps_2: 5514120
b_9_120.28_1_PC_BigMDSteps: 5514121
a_9_120.28_2_PC_BigMDSteps_1: 5514122
a_9_120.28_2_PC_BigMDSteps_2: 5514123
b_9_120.28_2_PC_BigMDSteps: 5514124
a_9_120.28_3_PC_BigMDSteps_1: 5514125
a_9_120.28_3_PC_BigMDSteps_2: 5514126
b_9_120.28_3_PC_BigMDSteps: 5514127
a_9_120.28_4_PC_BigMDSteps_1: 5514128
a_9_120.28_4_PC_BigMDSteps_2: 5514129
b_9_120.28_4_PC_BigMDSteps: 5514130
a_9_120.28_5_PC_BigMDSteps_1: 5514131
a_9_120.28_5_PC_BigMDSteps_2: 5514132
b_9_120.28_5_PC_BigMDSteps: 5514133
a_9_120.28_6_PC_BigMDSteps_1: 5514134
a_9_120.28_6_PC_BigMDSteps_2: 5514135
b_9_120.28_6_PC_BigMDSteps: 5514136
a_9_120.28_7_PC_BigMDSteps_1: 5514137
a_9_120.28_7_PC_BigMDSteps_2: 5514138
b_9_120.28_7_PC_BigMDSteps: 5514139
a_9_120.28_8_PC_BigMDSteps_1: 5514140
a_9_120.28_8_PC_BigMDSteps_2: 5514141
b_9_120.28_8_PC_BigMDSteps: 5514142
a_9_120.28_9_PC_BigMDSteps_1: 5514143
a_9_120.28_9_PC_BigMDSteps_2: 5514144
b_9_120.28_9_PC_BigMDSteps: 5514145
5514118,5514121,5514124,5514127,5514130,5514133,5514136,5514139,5514142,5514145
a_8_f_PC_BigMDSteps: 5514146
a_10_120.28_0_PC_BigMDSteps_1: 5514147
a_10_120.28_0_PC_BigMDSteps_2: 5514148
b_10_120.28_0_PC_BigMDSteps: 5514149
a_10_120.28_1_PC_BigMDSteps_1: 5514150
a_10_120.28_1_PC_BigMDSteps_2: 5514151
b_10_120.28_1_PC_BigMDSteps: 5514152
a_10_120.28_2_PC_BigMDSteps_1: 5514153
a_10_120.28_2_PC_BigMDSteps_2: 5514154
b_10_120.28_2_PC_BigMDSteps: 5514155
a_10_120.28_3_PC_BigMDSteps_1: 5514156
a_10_120.28_3_PC_BigMDSteps_2: 5514157
b_10_120.28_3_PC_BigMDSteps: 5514158
a_10_120.28_4_PC_BigMDSteps_1: 5514159
a_10_120.28_4_PC_BigMDSteps_2: 5514160
b_10_120.28_4_PC_BigMDSteps: 5514161
a_10_120.28_5_PC_BigMDSteps_1: 5514162
a_10_120.28_5_PC_BigMDSteps_2: 5514163
b_10_120.28_5_PC_BigMDSteps: 5514164
a_10_120.28_6_PC_BigMDSteps_1: 5514165
a_10_120.28_6_PC_BigMDSteps_2: 5514166
b_10_120.28_6_PC_BigMDSteps: 5514167
a_10_120.28_7_PC_BigMDSteps_1: 5514168
a_10_120.28_7_PC_BigMDSteps_2: 5514169
b_10_120.28_7_PC_BigMDSteps: 5514170
a_10_120.28_8_PC_BigMDSteps_1: 5514171
a_10_120.28_8_PC_BigMDSteps_2: 5514172
b_10_120.28_8_PC_BigMDSteps: 5514173
a_10_120.28_9_PC_BigMDSteps_1: 5514174
a_10_120.28_9_PC_BigMDSteps_2: 5514175
b_10_120.28_9_PC_BigMDSteps: 5514176
5514149,5514152,5514155,5514158,5514161,5514164,5514167,5514170,5514173,5514176
a_9_f_PC_BigMDSteps: 5514177
a_11_120.28_0_PC_BigMDSteps_1: 5514178
a_11_120.28_0_PC_BigMDSteps_2: 5514179
b_11_120.28_0_PC_BigMDSteps: 5514180
a_11_120.28_1_PC_BigMDSteps_1: 5514181
a_11_120.28_1_PC_BigMDSteps_2: 5514182
b_11_120.28_1_PC_BigMDSteps: 5514183
a_11_120.28_2_PC_BigMDSteps_1: 5514184
a_11_120.28_2_PC_BigMDSteps_2: 5514185
b_11_120.28_2_PC_BigMDSteps: 5514186
a_11_120.28_3_PC_BigMDSteps_1: 5514187
a_11_120.28_3_PC_BigMDSteps_2: 5514188
b_11_120.28_3_PC_BigMDSteps: 5514189
a_11_120.28_4_PC_BigMDSteps_1: 5514190
a_11_120.28_4_PC_BigMDSteps_2: 5514191
b_11_120.28_4_PC_BigMDSteps: 5514192
a_11_120.28_5_PC_BigMDSteps_1: 5514193
a_11_120.28_5_PC_BigMDSteps_2: 5514194
b_11_120.28_5_PC_BigMDSteps: 5514195
a_11_120.28_6_PC_BigMDSteps_1: 5514196
a_11_120.28_6_PC_BigMDSteps_2: 5514197
b_11_120.28_6_PC_BigMDSteps: 5514198
a_11_120.28_7_PC_BigMDSteps_1: 5514199
a_11_120.28_7_PC_BigMDSteps_2: 5514200
b_11_120.28_7_PC_BigMDSteps: 5514201
a_11_120.28_8_PC_BigMDSteps_1: 5514202
a_11_120.28_8_PC_BigMDSteps_2: 5514203
b_11_120.28_8_PC_BigMDSteps: 5514204
a_11_120.28_9_PC_BigMDSteps_1: 5514205
a_11_120.28_9_PC_BigMDSteps_2: 5514206
b_11_120.28_9_PC_BigMDSteps: 5514207
5514180,5514183,5514186,5514189,5514192,5514195,5514198,5514201,5514204,5514207
a_10_f_PC_BigMDSteps: 5514208
a_12_120.28_0_PC_BigMDSteps_1: 5514209
a_12_120.28_0_PC_BigMDSteps_2: 5514210
b_12_120.28_0_PC_BigMDSteps: 5514211
a_12_120.28_1_PC_BigMDSteps_1: 5514212
a_12_120.28_1_PC_BigMDSteps_2: 5514213
b_12_120.28_1_PC_BigMDSteps: 5514214
a_12_120.28_2_PC_BigMDSteps_1: 5514215
a_12_120.28_2_PC_BigMDSteps_2: 5514216
b_12_120.28_2_PC_BigMDSteps: 5514217
a_12_120.28_3_PC_BigMDSteps_1: 5514218
a_12_120.28_3_PC_BigMDSteps_2: 5514219
b_12_120.28_3_PC_BigMDSteps: 5514220
a_12_120.28_4_PC_BigMDSteps_1: 5514221
a_12_120.28_4_PC_BigMDSteps_2: 5514222
b_12_120.28_4_PC_BigMDSteps: 5514223
a_12_120.28_5_PC_BigMDSteps_1: 5514224
a_12_120.28_5_PC_BigMDSteps_2: 5514225
b_12_120.28_5_PC_BigMDSteps: 5514226
a_12_120.28_6_PC_BigMDSteps_1: 5514227
a_12_120.28_6_PC_BigMDSteps_2: 5514228
b_12_120.28_6_PC_BigMDSteps: 5514229
a_12_120.28_7_PC_BigMDSteps_1: 5514230
a_12_120.28_7_PC_BigMDSteps_2: 5514231
b_12_120.28_7_PC_BigMDSteps: 5514232
a_12_120.28_8_PC_BigMDSteps_1: 5514233
a_12_120.28_8_PC_BigMDSteps_2: 5514234
b_12_120.28_8_PC_BigMDSteps: 5514235
a_12_120.28_9_PC_BigMDSteps_1: 5514236
a_12_120.28_9_PC_BigMDSteps_2: 5514237
b_12_120.28_9_PC_BigMDSteps: 5514238
5514211,5514214,5514217,5514220,5514223,5514226,5514229,5514232,5514235,5514238
a_11_f_PC_BigMDSteps: 5514239
a_13_120.28_0_PC_BigMDSteps_1: 5514240
a_13_120.28_0_PC_BigMDSteps_2: 5514241
b_13_120.28_0_PC_BigMDSteps: 5514242
a_13_120.28_1_PC_BigMDSteps_1: 5514243
a_13_120.28_1_PC_BigMDSteps_2: 5514244
b_13_120.28_1_PC_BigMDSteps: 5514245
a_13_120.28_2_PC_BigMDSteps_1: 5514246
a_13_120.28_2_PC_BigMDSteps_2: 5514247
b_13_120.28_2_PC_BigMDSteps: 5514248
a_13_120.28_3_PC_BigMDSteps_1: 5514249
a_13_120.28_3_PC_BigMDSteps_2: 5514250
b_13_120.28_3_PC_BigMDSteps: 5514251
a_13_120.28_4_PC_BigMDSteps_1: 5514252
a_13_120.28_4_PC_BigMDSteps_2: 5514253
b_13_120.28_4_PC_BigMDSteps: 5514254
a_13_120.28_5_PC_BigMDSteps_1: 5514255
a_13_120.28_5_PC_BigMDSteps_2: 5514256
b_13_120.28_5_PC_BigMDSteps: 5514257
a_13_120.28_6_PC_BigMDSteps_1: 5514258
a_13_120.28_6_PC_BigMDSteps_2: 5514259
b_13_120.28_6_PC_BigMDSteps: 5514260
a_13_120.28_7_PC_BigMDSteps_1: 5514261
a_13_120.28_7_PC_BigMDSteps_2: 5514262
b_13_120.28_7_PC_BigMDSteps: 5514263
a_13_120.28_8_PC_BigMDSteps_1: 5514264
a_13_120.28_8_PC_BigMDSteps_2: 5514265
b_13_120.28_8_PC_BigMDSteps: 5514266
a_13_120.28_9_PC_BigMDSteps_1: 5514267
a_13_120.28_9_PC_BigMDSteps_2: 5514268
b_13_120.28_9_PC_BigMDSteps: 5514269
5514242,5514245,5514248,5514251,5514254,5514257,5514260,5514263,5514266,5514269
a_12_f_PC_BigMDSteps: 5514270
a_14_120.28_0_PC_BigMDSteps_1: 5514271
a_14_120.28_0_PC_BigMDSteps_2: 5514272
b_14_120.28_0_PC_BigMDSteps: 5514273
a_14_120.28_1_PC_BigMDSteps_1: 5514274
a_14_120.28_1_PC_BigMDSteps_2: 5514275
b_14_120.28_1_PC_BigMDSteps: 5514276
a_14_120.28_2_PC_BigMDSteps_1: 5514277
a_14_120.28_2_PC_BigMDSteps_2: 5514278
b_14_120.28_2_PC_BigMDSteps: 5514279
a_14_120.28_3_PC_BigMDSteps_1: 5514280
a_14_120.28_3_PC_BigMDSteps_2: 5514281
b_14_120.28_3_PC_BigMDSteps: 5514282
a_14_120.28_4_PC_BigMDSteps_1: 5514283
a_14_120.28_4_PC_BigMDSteps_2: 5514284
b_14_120.28_4_PC_BigMDSteps: 5514285
a_14_120.28_5_PC_BigMDSteps_1: 5514286
a_14_120.28_5_PC_BigMDSteps_2: 5514287
b_14_120.28_5_PC_BigMDSteps: 5514288
a_14_120.28_6_PC_BigMDSteps_1: 5514289
a_14_120.28_6_PC_BigMDSteps_2: 5514290
b_14_120.28_6_PC_BigMDSteps: 5514291
a_14_120.28_7_PC_BigMDSteps_1: 5514292
a_14_120.28_7_PC_BigMDSteps_2: 5514293
b_14_120.28_7_PC_BigMDSteps: 5514294
a_14_120.28_8_PC_BigMDSteps_1: 5514295
a_14_120.28_8_PC_BigMDSteps_2: 5514296
b_14_120.28_8_PC_BigMDSteps: 5514297
a_14_120.28_9_PC_BigMDSteps_1: 5514298
a_14_120.28_9_PC_BigMDSteps_2: 5514299
b_14_120.28_9_PC_BigMDSteps: 5514300
5514273,5514276,5514279,5514282,5514285,5514288,5514291,5514294,5514297,5514300
a_13_f_PC_BigMDSteps: 5514301
a_15_120.28_0_PC_BigMDSteps_1: 5514302
a_15_120.28_0_PC_BigMDSteps_2: 5514303
b_15_120.28_0_PC_BigMDSteps: 5514304
a_15_120.28_1_PC_BigMDSteps_1: 5514305
a_15_120.28_1_PC_BigMDSteps_2: 5514306
b_15_120.28_1_PC_BigMDSteps: 5514307
a_15_120.28_2_PC_BigMDSteps_1: 5514308
a_15_120.28_2_PC_BigMDSteps_2: 5514309
b_15_120.28_2_PC_BigMDSteps: 5514310
a_15_120.28_3_PC_BigMDSteps_1: 5514311
a_15_120.28_3_PC_BigMDSteps_2: 5514312
b_15_120.28_3_PC_BigMDSteps: 5514313
a_15_120.28_4_PC_BigMDSteps_1: 5514314
a_15_120.28_4_PC_BigMDSteps_2: 5514315
b_15_120.28_4_PC_BigMDSteps: 5514316
a_15_120.28_5_PC_BigMDSteps_1: 5514317
a_15_120.28_5_PC_BigMDSteps_2: 5514318
b_15_120.28_5_PC_BigMDSteps: 5514319
a_15_120.28_6_PC_BigMDSteps_1: 5514320
a_15_120.28_6_PC_BigMDSteps_2: 5514321
b_15_120.28_6_PC_BigMDSteps: 5514322
a_15_120.28_7_PC_BigMDSteps_1: 5514323
a_15_120.28_7_PC_BigMDSteps_2: 5514324
b_15_120.28_7_PC_BigMDSteps: 5514325
a_15_120.28_8_PC_BigMDSteps_1: 5514326
a_15_120.28_8_PC_BigMDSteps_2: 5514327
b_15_120.28_8_PC_BigMDSteps: 5514328
a_15_120.28_9_PC_BigMDSteps_1: 5514329
a_15_120.28_9_PC_BigMDSteps_2: 5514330
b_15_120.28_9_PC_BigMDSteps: 5514331
5514304,5514307,5514310,5514313,5514316,5514319,5514322,5514325,5514328,5514331
a_14_f_PC_BigMDSteps: 5514332
a_16_120.28_0_PC_BigMDSteps_1: 5514333
a_16_120.28_0_PC_BigMDSteps_2: 5514334
b_16_120.28_0_PC_BigMDSteps: 5514335
a_16_120.28_1_PC_BigMDSteps_1: 5514336
a_16_120.28_1_PC_BigMDSteps_2: 5514337
b_16_120.28_1_PC_BigMDSteps: 5514338
a_16_120.28_2_PC_BigMDSteps_1: 5514339
a_16_120.28_2_PC_BigMDSteps_2: 5514340
b_16_120.28_2_PC_BigMDSteps: 5514341
a_16_120.28_3_PC_BigMDSteps_1: 5514342
a_16_120.28_3_PC_BigMDSteps_2: 5514343
b_16_120.28_3_PC_BigMDSteps: 5514344
a_16_120.28_4_PC_BigMDSteps_1: 5514345
a_16_120.28_4_PC_BigMDSteps_2: 5514346
b_16_120.28_4_PC_BigMDSteps: 5514347
a_16_120.28_5_PC_BigMDSteps_1: 5514348
a_16_120.28_5_PC_BigMDSteps_2: 5514349
b_16_120.28_5_PC_BigMDSteps: 5514350
a_16_120.28_6_PC_BigMDSteps_1: 5514351
a_16_120.28_6_PC_BigMDSteps_2: 5514352
b_16_120.28_6_PC_BigMDSteps: 5514353
a_16_120.28_7_PC_BigMDSteps_1: 5514354
a_16_120.28_7_PC_BigMDSteps_2: 5514355
b_16_120.28_7_PC_BigMDSteps: 5514356
a_16_120.28_8_PC_BigMDSteps_1: 5514357
a_16_120.28_8_PC_BigMDSteps_2: 5514358
b_16_120.28_8_PC_BigMDSteps: 5514359
a_16_120.28_9_PC_BigMDSteps_1: 5514360
a_16_120.28_9_PC_BigMDSteps_2: 5514361
b_16_120.28_9_PC_BigMDSteps: 5514362
5514335,5514338,5514341,5514344,5514347,5514350,5514353,5514356,5514359,5514362
a_15_f_PC_BigMDSteps: 5514363
a_17_120.28_0_PC_BigMDSteps_1: 5514364
a_17_120.28_0_PC_BigMDSteps_2: 5514365
b_17_120.28_0_PC_BigMDSteps: 5514366
a_17_120.28_1_PC_BigMDSteps_1: 5514367
a_17_120.28_1_PC_BigMDSteps_2: 5514368
b_17_120.28_1_PC_BigMDSteps: 5514369
a_17_120.28_2_PC_BigMDSteps_1: 5514370
a_17_120.28_2_PC_BigMDSteps_2: 5514371
b_17_120.28_2_PC_BigMDSteps: 5514372
a_17_120.28_3_PC_BigMDSteps_1: 5514373
a_17_120.28_3_PC_BigMDSteps_2: 5514374
b_17_120.28_3_PC_BigMDSteps: 5514375
a_17_120.28_4_PC_BigMDSteps_1: 5514376
a_17_120.28_4_PC_BigMDSteps_2: 5514377
b_17_120.28_4_PC_BigMDSteps: 5514378
a_17_120.28_5_PC_BigMDSteps_1: 5514379
a_17_120.28_5_PC_BigMDSteps_2: 5514380
b_17_120.28_5_PC_BigMDSteps: 5514381
a_17_120.28_6_PC_BigMDSteps_1: 5514382
a_17_120.28_6_PC_BigMDSteps_2: 5514383
b_17_120.28_6_PC_BigMDSteps: 5514384
a_17_120.28_7_PC_BigMDSteps_1: 5514385
a_17_120.28_7_PC_BigMDSteps_2: 5514386
b_17_120.28_7_PC_BigMDSteps: 5514387
a_17_120.28_8_PC_BigMDSteps_1: 5514388
a_17_120.28_8_PC_BigMDSteps_2: 5514389
b_17_120.28_8_PC_BigMDSteps: 5514390
a_17_120.28_9_PC_BigMDSteps_1: 5514391
a_17_120.28_9_PC_BigMDSteps_2: 5514392
b_17_120.28_9_PC_BigMDSteps: 5514393
5514366,5514369,5514372,5514375,5514378,5514381,5514384,5514387,5514390,5514393
a_16_f_PC_BigMDSteps: 5514394
a_18_120.28_0_PC_BigMDSteps_1: 5514395
a_18_120.28_0_PC_BigMDSteps_2: 5514396
b_18_120.28_0_PC_BigMDSteps: 5514397
a_18_120.28_1_PC_BigMDSteps_1: 5514398
a_18_120.28_1_PC_BigMDSteps_2: 5514399
b_18_120.28_1_PC_BigMDSteps: 5514400
a_18_120.28_2_PC_BigMDSteps_1: 5514401
a_18_120.28_2_PC_BigMDSteps_2: 5514402
b_18_120.28_2_PC_BigMDSteps: 5514403
a_18_120.28_3_PC_BigMDSteps_1: 5514404
a_18_120.28_3_PC_BigMDSteps_2: 5514405
b_18_120.28_3_PC_BigMDSteps: 5514406
a_18_120.28_4_PC_BigMDSteps_1: 5514407
a_18_120.28_4_PC_BigMDSteps_2: 5514408
b_18_120.28_4_PC_BigMDSteps: 5514409
a_18_120.28_5_PC_BigMDSteps_1: 5514410
a_18_120.28_5_PC_BigMDSteps_2: 5514411
b_18_120.28_5_PC_BigMDSteps: 5514412
a_18_120.28_6_PC_BigMDSteps_1: 5514413
a_18_120.28_6_PC_BigMDSteps_2: 5514414
b_18_120.28_6_PC_BigMDSteps: 5514415
a_18_120.28_7_PC_BigMDSteps_1: 5514416
a_18_120.28_7_PC_BigMDSteps_2: 5514417
b_18_120.28_7_PC_BigMDSteps: 5514418
a_18_120.28_8_PC_BigMDSteps_1: 5514419
a_18_120.28_8_PC_BigMDSteps_2: 5514420
b_18_120.28_8_PC_BigMDSteps: 5514421
a_18_120.28_9_PC_BigMDSteps_1: 5514422
a_18_120.28_9_PC_BigMDSteps_2: 5514423
b_18_120.28_9_PC_BigMDSteps: 5514424
5514397,5514400,5514403,5514406,5514409,5514412,5514415,5514418,5514421,5514424
a_17_f_PC_BigMDSteps: 5514425
a_19_120.28_0_PC_BigMDSteps_1: 5514426
a_19_120.28_0_PC_BigMDSteps_2: 5514427
b_19_120.28_0_PC_BigMDSteps: 5514428
a_19_120.28_1_PC_BigMDSteps_1: 5514429
a_19_120.28_1_PC_BigMDSteps_2: 5514430
b_19_120.28_1_PC_BigMDSteps: 5514431
a_19_120.28_2_PC_BigMDSteps_1: 5514432
a_19_120.28_2_PC_BigMDSteps_2: 5514433
b_19_120.28_2_PC_BigMDSteps: 5514434
a_19_120.28_3_PC_BigMDSteps_1: 5514435
a_19_120.28_3_PC_BigMDSteps_2: 5514436
b_19_120.28_3_PC_BigMDSteps: 5514437
a_19_120.28_4_PC_BigMDSteps_1: 5514438
a_19_120.28_4_PC_BigMDSteps_2: 5514439
b_19_120.28_4_PC_BigMDSteps: 5514440
a_19_120.28_5_PC_BigMDSteps_1: 5514441
a_19_120.28_5_PC_BigMDSteps_2: 5514442
b_19_120.28_5_PC_BigMDSteps: 5514443
a_19_120.28_6_PC_BigMDSteps_1: 5514444
a_19_120.28_6_PC_BigMDSteps_2: 5514445
b_19_120.28_6_PC_BigMDSteps: 5514446
a_19_120.28_7_PC_BigMDSteps_1: 5514447
a_19_120.28_7_PC_BigMDSteps_2: 5514448
b_19_120.28_7_PC_BigMDSteps: 5514449
a_19_120.28_8_PC_BigMDSteps_1: 5514450
a_19_120.28_8_PC_BigMDSteps_2: 5514451
b_19_120.28_8_PC_BigMDSteps: 5514452
a_19_120.28_9_PC_BigMDSteps_1: 5514453
a_19_120.28_9_PC_BigMDSteps_2: 5514454
b_19_120.28_9_PC_BigMDSteps: 5514455
5514428,5514431,5514434,5514437,5514440,5514443,5514446,5514449,5514452,5514455
a_18_f_PC_BigMDSteps: 5514456
a_20_120.28_0_PC_BigMDSteps_1: 5514457
a_20_120.28_0_PC_BigMDSteps_2: 5514458
b_20_120.28_0_PC_BigMDSteps: 5514459
a_20_120.28_1_PC_BigMDSteps_1: 5514460
a_20_120.28_1_PC_BigMDSteps_2: 5514461
b_20_120.28_1_PC_BigMDSteps: 5514462
a_20_120.28_2_PC_BigMDSteps_1: 5514463
a_20_120.28_2_PC_BigMDSteps_2: 5514464
b_20_120.28_2_PC_BigMDSteps: 5514465
a_20_120.28_3_PC_BigMDSteps_1: 5514466
a_20_120.28_3_PC_BigMDSteps_2: 5514467
b_20_120.28_3_PC_BigMDSteps: 5514468
a_20_120.28_4_PC_BigMDSteps_1: 5514469
a_20_120.28_4_PC_BigMDSteps_2: 5514470
b_20_120.28_4_PC_BigMDSteps: 5514471
a_20_120.28_5_PC_BigMDSteps_1: 5514472
a_20_120.28_5_PC_BigMDSteps_2: 5514473
b_20_120.28_5_PC_BigMDSteps: 5514474
a_20_120.28_6_PC_BigMDSteps_1: 5514475
a_20_120.28_6_PC_BigMDSteps_2: 5514476
b_20_120.28_6_PC_BigMDSteps: 5514477
a_20_120.28_7_PC_BigMDSteps_1: 5514478
a_20_120.28_7_PC_BigMDSteps_2: 5514479
b_20_120.28_7_PC_BigMDSteps: 5514480
a_20_120.28_8_PC_BigMDSteps_1: 5514481
a_20_120.28_8_PC_BigMDSteps_2: 5514482
b_20_120.28_8_PC_BigMDSteps: 5514483
a_20_120.28_9_PC_BigMDSteps_1: 5514484
a_20_120.28_9_PC_BigMDSteps_2: 5514485
b_20_120.28_9_PC_BigMDSteps: 5514486
5514459,5514462,5514465,5514468,5514471,5514474,5514477,5514480,5514483,5514486
a_19_f_PC_BigMDSteps: 5514487
