Read 577 atoms
Volume: 310.894 nm^3, corresponds to roughly 139900 electrons
No velocities found
    system size :  6.331  5.995  6.318 (nm)
    diameter    :  6.750               (nm)
    center      :  3.379  3.376  3.385 (nm)
    box vectors :  6.774  6.774  6.774 (nm)
    box angles  :  90.00  90.00  90.00 (degrees)
    box volume  : 310.89               (nm^3)
    shift       :  0.008  0.011  0.002 (nm)
new center      :  3.387  3.387  3.387 (nm)
new box vectors :  6.774  6.774  6.774 (nm)
new box angles  :  90.00  90.00  90.00 (degrees)
new box volume  : 310.89               (nm^3)
Select group for output
Selected 0: 'System'
Read 577 atoms
Volume: 310.894 nm^3, corresponds to roughly 139900 electrons
No velocities found
    system size :  6.203  6.349  5.904 (nm)
    diameter    :  6.604               (nm)
    center      :  3.380  3.376  3.386 (nm)
    box vectors :  6.774  6.774  6.774 (nm)
    box angles  :  90.00  90.00  90.00 (degrees)
    box volume  : 310.89               (nm^3)
    shift       :  0.007  0.012  0.001 (nm)
new center      :  3.387  3.387  3.387 (nm)
new box vectors :  6.774  6.774  6.774 (nm)
new box angles  :  90.00  90.00  90.00 (degrees)
new box volume  : 310.89               (nm^3)
Select group for output
Selected 0: 'System'
Read 577 atoms
Volume: 310.894 nm^3, corresponds to roughly 139900 electrons
No velocities found
    system size :  6.376  6.064  5.906 (nm)
    diameter    :  6.691               (nm)
    center      :  3.381  3.376  3.385 (nm)
    box vectors :  6.774  6.774  6.774 (nm)
    box angles  :  90.00  90.00  90.00 (degrees)
    box volume  : 310.89               (nm^3)
    shift       :  0.006  0.011  0.002 (nm)
new center      :  3.387  3.387  3.387 (nm)
new box vectors :  6.774  6.774  6.774 (nm)
new box angles  :  90.00  90.00  90.00 (degrees)
new box volume  : 310.89               (nm^3)
Select group for output
Selected 0: 'System'
Read 577 atoms
Volume: 310.894 nm^3, corresponds to roughly 139900 electrons
No velocities found
    system size :  6.241  6.290  5.950 (nm)
    diameter    :  6.805               (nm)
    center      :  3.381  3.376  3.385 (nm)
    box vectors :  6.774  6.774  6.774 (nm)
    box angles  :  90.00  90.00  90.00 (degrees)
    box volume  : 310.89               (nm^3)
    shift       :  0.006  0.012  0.002 (nm)
new center      :  3.387  3.387  3.387 (nm)
new box vectors :  6.774  6.774  6.774 (nm)
new box angles  :  90.00  90.00  90.00 (degrees)
new box volume  : 310.89               (nm^3)
Select group for output
Selected 0: 'System'
Read 577 atoms
Volume: 310.894 nm^3, corresponds to roughly 139900 electrons
No velocities found
    system size :  5.981  6.716  6.284 (nm)
    diameter    :  6.743               (nm)
    center      :  3.381  3.377  3.385 (nm)
    box vectors :  6.774  6.774  6.774 (nm)
    box angles  :  90.00  90.00  90.00 (degrees)
    box volume  : 310.89               (nm^3)
    shift       :  0.006  0.010  0.003 (nm)
new center      :  3.387  3.387  3.387 (nm)
new box vectors :  6.774  6.774  6.774 (nm)
new box angles  :  90.00  90.00  90.00 (degrees)
new box volume  : 310.89               (nm^3)
Select group for output
Selected 0: 'System'
