Read 577 atoms
Volume: 310.894 nm^3, corresponds to roughly 139900 electrons
No velocities found
    system size :  6.209  6.011  6.306 (nm)
    diameter    :  6.654               (nm)
    center      :  3.389  3.370  3.385 (nm)
    box vectors :  6.774  6.774  6.774 (nm)
    box angles  :  90.00  90.00  90.00 (degrees)
    box volume  : 310.89               (nm^3)
    shift       : -0.002  0.017  0.002 (nm)
new center      :  3.387  3.387  3.387 (nm)
new box vectors :  6.774  6.774  6.774 (nm)
new box angles  :  90.00  90.00  90.00 (degrees)
new box volume  : 310.89               (nm^3)
Select group for output
Selected 0: 'System'
Read 577 atoms
Volume: 310.894 nm^3, corresponds to roughly 139900 electrons
No velocities found
    system size :  6.494  6.544  5.848 (nm)
    diameter    :  6.627               (nm)
    center      :  3.389  3.371  3.384 (nm)
    box vectors :  6.774  6.774  6.774 (nm)
    box angles  :  90.00  90.00  90.00 (degrees)
    box volume  : 310.89               (nm^3)
    shift       : -0.002  0.017  0.003 (nm)
new center      :  3.387  3.387  3.387 (nm)
new box vectors :  6.774  6.774  6.774 (nm)
new box angles  :  90.00  90.00  90.00 (degrees)
new box volume  : 310.89               (nm^3)
Select group for output
Selected 0: 'System'
Read 577 atoms
Volume: 310.894 nm^3, corresponds to roughly 139900 electrons
No velocities found
    system size :  6.053  5.845  6.423 (nm)
    diameter    :  6.600               (nm)
    center      :  3.388  3.371  3.384 (nm)
    box vectors :  6.774  6.774  6.774 (nm)
    box angles  :  90.00  90.00  90.00 (degrees)
    box volume  : 310.89               (nm^3)
    shift       : -0.001  0.017  0.003 (nm)
new center      :  3.387  3.387  3.387 (nm)
new box vectors :  6.774  6.774  6.774 (nm)
new box angles  :  90.00  90.00  90.00 (degrees)
new box volume  : 310.89               (nm^3)
Select group for output
Selected 0: 'System'
Read 577 atoms
Volume: 310.894 nm^3, corresponds to roughly 139900 electrons
No velocities found
    system size :  6.437  6.267  6.199 (nm)
    diameter    :  6.676               (nm)
    center      :  3.389  3.372  3.385 (nm)
    box vectors :  6.774  6.774  6.774 (nm)
    box angles  :  90.00  90.00  90.00 (degrees)
    box volume  : 310.89               (nm^3)
    shift       : -0.001  0.015  0.002 (nm)
new center      :  3.387  3.387  3.387 (nm)
new box vectors :  6.774  6.774  6.774 (nm)
new box angles  :  90.00  90.00  90.00 (degrees)
new box volume  : 310.89               (nm^3)
Select group for output
Selected 0: 'System'
Read 577 atoms
Volume: 310.894 nm^3, corresponds to roughly 139900 electrons
No velocities found
    system size :  6.397  6.327  6.127 (nm)
    diameter    :  6.771               (nm)
    center      :  3.387  3.373  3.385 (nm)
    box vectors :  6.774  6.774  6.774 (nm)
    box angles  :  90.00  90.00  90.00 (degrees)
    box volume  : 310.89               (nm^3)
    shift       :  0.000  0.015  0.002 (nm)
new center      :  3.387  3.387  3.387 (nm)
new box vectors :  6.774  6.774  6.774 (nm)
new box angles  :  90.00  90.00  90.00 (degrees)
new box volume  : 310.89               (nm^3)
Select group for output
Selected 0: 'System'
