Read 577 atoms
Volume: 310.894 nm^3, corresponds to roughly 139900 electrons
No velocities found
    system size :  6.045  6.277  6.177 (nm)
    diameter    :  6.676               (nm)
    center      :  3.381  3.376  3.384 (nm)
    box vectors :  6.774  6.774  6.774 (nm)
    box angles  :  90.00  90.00  90.00 (degrees)
    box volume  : 310.89               (nm^3)
    shift       :  0.006  0.012  0.003 (nm)
new center      :  3.387  3.387  3.387 (nm)
new box vectors :  6.774  6.774  6.774 (nm)
new box angles  :  90.00  90.00  90.00 (degrees)
new box volume  : 310.89               (nm^3)
Select group for output
Selected 0: 'System'
Read 577 atoms
Volume: 310.894 nm^3, corresponds to roughly 139900 electrons
No velocities found
    system size :  6.158  6.144  6.286 (nm)
    diameter    :  6.669               (nm)
    center      :  3.381  3.375  3.385 (nm)
    box vectors :  6.774  6.774  6.774 (nm)
    box angles  :  90.00  90.00  90.00 (degrees)
    box volume  : 310.89               (nm^3)
    shift       :  0.006  0.013  0.002 (nm)
new center      :  3.387  3.387  3.387 (nm)
new box vectors :  6.774  6.774  6.774 (nm)
new box angles  :  90.00  90.00  90.00 (degrees)
new box volume  : 310.89               (nm^3)
Select group for output
Selected 0: 'System'
Read 577 atoms
Volume: 310.894 nm^3, corresponds to roughly 139900 electrons
No velocities found
    system size :  5.901  6.062  6.180 (nm)
    diameter    :  6.658               (nm)
    center      :  3.380  3.375  3.384 (nm)
    box vectors :  6.774  6.774  6.774 (nm)
    box angles  :  90.00  90.00  90.00 (degrees)
    box volume  : 310.89               (nm^3)
    shift       :  0.007  0.012  0.003 (nm)
new center      :  3.387  3.387  3.387 (nm)
new box vectors :  6.774  6.774  6.774 (nm)
new box angles  :  90.00  90.00  90.00 (degrees)
new box volume  : 310.89               (nm^3)
Select group for output
Selected 0: 'System'
Read 577 atoms
Volume: 310.894 nm^3, corresponds to roughly 139900 electrons
No velocities found
    system size :  6.218  6.275  6.244 (nm)
    diameter    :  6.636               (nm)
    center      :  3.381  3.376  3.384 (nm)
    box vectors :  6.774  6.774  6.774 (nm)
    box angles  :  90.00  90.00  90.00 (degrees)
    box volume  : 310.89               (nm^3)
    shift       :  0.006  0.011  0.003 (nm)
new center      :  3.387  3.387  3.387 (nm)
new box vectors :  6.774  6.774  6.774 (nm)
new box angles  :  90.00  90.00  90.00 (degrees)
new box volume  : 310.89               (nm^3)
Select group for output
Selected 0: 'System'
Read 577 atoms
Volume: 310.894 nm^3, corresponds to roughly 139900 electrons
No velocities found
    system size :  6.226  6.296  6.278 (nm)
    diameter    :  6.700               (nm)
    center      :  3.383  3.376  3.385 (nm)
    box vectors :  6.774  6.774  6.774 (nm)
    box angles  :  90.00  90.00  90.00 (degrees)
    box volume  : 310.89               (nm^3)
    shift       :  0.004  0.011  0.003 (nm)
new center      :  3.387  3.387  3.387 (nm)
new box vectors :  6.774  6.774  6.774 (nm)
new box angles  :  90.00  90.00  90.00 (degrees)
new box volume  : 310.89               (nm^3)
Select group for output
Selected 0: 'System'
