Read 1005 atoms
Volume: 69733 nm^3, corresponds to roughly 31379800 electrons
No velocities found
    system size :  6.260  6.110  7.490 (nm)
    diameter    :  8.035               (nm)
    center      : 22.092 19.554 20.750 (nm)
    box vectors : 41.160 41.160 41.160 (nm)
    box angles  :  90.00  90.00  90.00 (degrees)
    box volume  :69733.01               (nm^3)
    shift       :-17.976-15.438-16.634 (nm)
new center      :  4.116  4.116  4.116 (nm)
new box vectors :  8.232  8.232  8.232 (nm)
new box angles  :  90.00  90.00  90.00 (degrees)
new box volume  : 557.86               (nm^3)
Select group for output
Selected 0: 'System'
Read 1005 atoms
Volume: 69733 nm^3, corresponds to roughly 31379800 electrons
No velocities found
    system size :  7.620  6.290  7.810 (nm)
    diameter    :  8.122               (nm)
    center      : 20.388 19.690 20.079 (nm)
    box vectors : 41.160 41.160 41.160 (nm)
    box angles  :  90.00  90.00  90.00 (degrees)
    box volume  :69733.01               (nm^3)
    shift       :-16.272-15.574-15.963 (nm)
new center      :  4.116  4.116  4.116 (nm)
new box vectors :  8.232  8.232  8.232 (nm)
new box angles  :  90.00  90.00  90.00 (degrees)
new box volume  : 557.86               (nm^3)
Select group for output
Selected 0: 'System'
Read 1005 atoms
Volume: 69733 nm^3, corresponds to roughly 31379800 electrons
No velocities found
    system size :  5.790  6.940  6.990 (nm)
    diameter    :  7.203               (nm)
    center      : 22.374 20.614 20.344 (nm)
    box vectors : 41.160 41.160 41.160 (nm)
    box angles  :  90.00  90.00  90.00 (degrees)
    box volume  :69733.01               (nm^3)
    shift       :-18.258-16.498-16.228 (nm)
new center      :  4.116  4.116  4.116 (nm)
new box vectors :  8.232  8.232  8.232 (nm)
new box angles  :  90.00  90.00  90.00 (degrees)
new box volume  : 557.86               (nm^3)
Select group for output
Selected 0: 'System'
Read 1005 atoms
Volume: 69733 nm^3, corresponds to roughly 31379800 electrons
No velocities found
    system size :  5.900  7.650  6.940 (nm)
    diameter    :  8.108               (nm)
    center      : 21.495 20.414 21.445 (nm)
    box vectors : 41.160 41.160 41.160 (nm)
    box angles  :  90.00  90.00  90.00 (degrees)
    box volume  :69733.01               (nm^3)
    shift       :-17.378-16.298-17.328 (nm)
new center      :  4.116  4.116  4.116 (nm)
new box vectors :  8.232  8.232  8.232 (nm)
new box angles  :  90.00  90.00  90.00 (degrees)
new box volume  : 557.86               (nm^3)
Select group for output
Selected 0: 'System'
Read 1005 atoms
Volume: 69733 nm^3, corresponds to roughly 31379800 electrons
No velocities found
    system size :  4.210  5.530  7.650 (nm)
    diameter    :  7.725               (nm)
    center      : 22.663 20.283 20.153 (nm)
    box vectors : 41.160 41.160 41.160 (nm)
    box angles  :  90.00  90.00  90.00 (degrees)
    box volume  :69733.01               (nm^3)
    shift       :-18.547-16.167-16.037 (nm)
new center      :  4.116  4.116  4.116 (nm)
new box vectors :  8.232  8.232  8.232 (nm)
new box angles  :  90.00  90.00  90.00 (degrees)
new box volume  : 557.86               (nm^3)
Select group for output
Selected 0: 'System'
