Read 600 atoms
Volume: 40503.5 nm^3, corresponds to roughly 18226500 electrons
No velocities found
    system size :  6.330  4.650  6.090 (nm)
    diameter    :  6.696               (nm)
    center      : 16.663 17.515 17.639 (nm)
    box vectors : 34.342 34.342 34.342 (nm)
    box angles  :  90.00  90.00  90.00 (degrees)
    box volume  :40503.48               (nm^3)
    shift       :-13.228-14.080-14.205 (nm)
new center      :  3.434  3.434  3.434 (nm)
new box vectors :  6.868  6.868  6.868 (nm)
new box angles  :  90.00  90.00  90.00 (degrees)
new box volume  : 324.03               (nm^3)
Select group for output
Selected 0: 'System'
Read 600 atoms
Volume: 40503.5 nm^3, corresponds to roughly 18226500 electrons
No velocities found
    system size :  5.750  6.290  6.580 (nm)
    diameter    :  6.808               (nm)
    center      : 17.026 17.120 17.264 (nm)
    box vectors : 34.342 34.342 34.342 (nm)
    box angles  :  90.00  90.00  90.00 (degrees)
    box volume  :40503.48               (nm^3)
    shift       :-13.592-13.686-13.830 (nm)
new center      :  3.434  3.434  3.434 (nm)
new box vectors :  6.868  6.868  6.868 (nm)
new box angles  :  90.00  90.00  90.00 (degrees)
new box volume  : 324.03               (nm^3)
Select group for output
Selected 0: 'System'
Read 600 atoms
Volume: 40503.5 nm^3, corresponds to roughly 18226500 electrons
No velocities found
    system size :  5.130  4.370  5.450 (nm)
    diameter    :  6.452               (nm)
    center      : 17.496 16.319 16.035 (nm)
    box vectors : 34.342 34.342 34.342 (nm)
    box angles  :  90.00  90.00  90.00 (degrees)
    box volume  :40503.48               (nm^3)
    shift       :-14.062-12.884-12.601 (nm)
new center      :  3.434  3.434  3.434 (nm)
new box vectors :  6.868  6.868  6.868 (nm)
new box angles  :  90.00  90.00  90.00 (degrees)
new box volume  : 324.03               (nm^3)
Select group for output
Selected 0: 'System'
Read 600 atoms
Volume: 40503.5 nm^3, corresponds to roughly 18226500 electrons
No velocities found
    system size :  6.480  4.340  3.910 (nm)
    diameter    :  6.730               (nm)
    center      : 16.753 16.063 16.159 (nm)
    box vectors : 34.342 34.342 34.342 (nm)
    box angles  :  90.00  90.00  90.00 (degrees)
    box volume  :40503.48               (nm^3)
    shift       :-13.319-12.629-12.725 (nm)
new center      :  3.434  3.434  3.434 (nm)
new box vectors :  6.868  6.868  6.868 (nm)
new box angles  :  90.00  90.00  90.00 (degrees)
new box volume  : 324.03               (nm^3)
Select group for output
Selected 0: 'System'
Read 600 atoms
Volume: 40503.5 nm^3, corresponds to roughly 18226500 electrons
No velocities found
    system size :  4.790  6.650  6.250 (nm)
    diameter    :  6.803               (nm)
    center      : 17.712 16.658 16.948 (nm)
    box vectors : 34.342 34.342 34.342 (nm)
    box angles  :  90.00  90.00  90.00 (degrees)
    box volume  :40503.48               (nm^3)
    shift       :-14.278-13.223-13.514 (nm)
new center      :  3.434  3.434  3.434 (nm)
new box vectors :  6.868  6.868  6.868 (nm)
new box angles  :  90.00  90.00  90.00 (degrees)
new box volume  : 324.03               (nm^3)
Select group for output
Selected 0: 'System'
