Read 600 atoms
Volume: 40503.5 nm^3, corresponds to roughly 18226500 electrons
No velocities found
    system size :  5.260  6.280  6.150 (nm)
    diameter    :  6.840               (nm)
    center      : 16.756 17.046 16.952 (nm)
    box vectors : 34.342 34.342 34.342 (nm)
    box angles  :  90.00  90.00  90.00 (degrees)
    box volume  :40503.48               (nm^3)
    shift       :-13.321-13.611-13.517 (nm)
new center      :  3.434  3.434  3.434 (nm)
new box vectors :  6.868  6.868  6.868 (nm)
new box angles  :  90.00  90.00  90.00 (degrees)
new box volume  : 324.03               (nm^3)
Select group for output
Selected 0: 'System'
Read 600 atoms
Volume: 40503.5 nm^3, corresponds to roughly 18226500 electrons
No velocities found
    system size :  4.940  5.010  5.860 (nm)
    diameter    :  6.733               (nm)
    center      : 18.610 17.828 17.520 (nm)
    box vectors : 34.342 34.342 34.342 (nm)
    box angles  :  90.00  90.00  90.00 (degrees)
    box volume  :40503.48               (nm^3)
    shift       :-15.176-14.394-14.086 (nm)
new center      :  3.434  3.434  3.434 (nm)
new box vectors :  6.868  6.868  6.868 (nm)
new box angles  :  90.00  90.00  90.00 (degrees)
new box volume  : 324.03               (nm^3)
Select group for output
Selected 0: 'System'
Read 600 atoms
Volume: 40503.5 nm^3, corresponds to roughly 18226500 electrons
No velocities found
    system size :  5.760  4.990  5.500 (nm)
    diameter    :  6.480               (nm)
    center      : 17.380 18.423 17.702 (nm)
    box vectors : 34.342 34.342 34.342 (nm)
    box angles  :  90.00  90.00  90.00 (degrees)
    box volume  :40503.48               (nm^3)
    shift       :-13.946-14.989-14.268 (nm)
new center      :  3.434  3.434  3.434 (nm)
new box vectors :  6.868  6.868  6.868 (nm)
new box angles  :  90.00  90.00  90.00 (degrees)
new box volume  : 324.03               (nm^3)
Select group for output
Selected 0: 'System'
Read 600 atoms
Volume: 40503.5 nm^3, corresponds to roughly 18226500 electrons
No velocities found
    system size :  6.140  5.880  5.720 (nm)
    diameter    :  6.653               (nm)
    center      : 17.785 17.307 16.982 (nm)
    box vectors : 34.342 34.342 34.342 (nm)
    box angles  :  90.00  90.00  90.00 (degrees)
    box volume  :40503.48               (nm^3)
    shift       :-14.351-13.873-13.548 (nm)
new center      :  3.434  3.434  3.434 (nm)
new box vectors :  6.868  6.868  6.868 (nm)
new box angles  :  90.00  90.00  90.00 (degrees)
new box volume  : 324.03               (nm^3)
Select group for output
Selected 0: 'System'
Read 600 atoms
Volume: 40503.5 nm^3, corresponds to roughly 18226500 electrons
No velocities found
    system size :  4.780  4.630  4.690 (nm)
    diameter    :  6.038               (nm)
    center      : 16.883 15.723 15.861 (nm)
    box vectors : 34.342 34.342 34.342 (nm)
    box angles  :  90.00  90.00  90.00 (degrees)
    box volume  :40503.48               (nm^3)
    shift       :-13.449-12.289-12.426 (nm)
new center      :  3.434  3.434  3.434 (nm)
new box vectors :  6.868  6.868  6.868 (nm)
new box angles  :  90.00  90.00  90.00 (degrees)
new box volume  : 324.03               (nm^3)
Select group for output
Selected 0: 'System'
