Read 600 atoms
Volume: 40503.5 nm^3, corresponds to roughly 18226500 electrons
No velocities found
    system size :  4.060  3.990  6.410 (nm)
    diameter    :  6.531               (nm)
    center      : 16.782 18.749 17.209 (nm)
    box vectors : 34.342 34.342 34.342 (nm)
    box angles  :  90.00  90.00  90.00 (degrees)
    box volume  :40503.48               (nm^3)
    shift       :-11.547-13.515-11.975 (nm)
new center      :  5.234  5.234  5.234 (nm)
new box vectors : 10.469 10.469 10.469 (nm)
new box angles  :  90.00  90.00  90.00 (degrees)
new box volume  :1147.24               (nm^3)
Select group for output
Selected 0: 'System'
Read 600 atoms
Volume: 40503.5 nm^3, corresponds to roughly 18226500 electrons
No velocities found
    system size :  4.540  6.380  5.530 (nm)
    diameter    :  6.842               (nm)
    center      : 16.897 16.713 16.317 (nm)
    box vectors : 34.342 34.342 34.342 (nm)
    box angles  :  90.00  90.00  90.00 (degrees)
    box volume  :40503.48               (nm^3)
    shift       :-11.662-11.478-11.083 (nm)
new center      :  5.234  5.234  5.234 (nm)
new box vectors : 10.469 10.469 10.469 (nm)
new box angles  :  90.00  90.00  90.00 (degrees)
new box volume  :1147.24               (nm^3)
Select group for output
Selected 0: 'System'
Read 600 atoms
Volume: 40503.5 nm^3, corresponds to roughly 18226500 electrons
No velocities found
    system size :  4.340  4.040  6.160 (nm)
    diameter    :  6.593               (nm)
    center      : 17.013 18.576 18.423 (nm)
    box vectors : 34.342 34.342 34.342 (nm)
    box angles  :  90.00  90.00  90.00 (degrees)
    box volume  :40503.48               (nm^3)
    shift       :-11.779-13.342-13.188 (nm)
new center      :  5.234  5.234  5.234 (nm)
new box vectors : 10.469 10.469 10.469 (nm)
new box angles  :  90.00  90.00  90.00 (degrees)
new box volume  :1147.24               (nm^3)
Select group for output
Selected 0: 'System'
Read 600 atoms
Volume: 40503.5 nm^3, corresponds to roughly 18226500 electrons
No velocities found
    system size :  4.750  4.430  6.710 (nm)
    diameter    :  6.840               (nm)
    center      : 16.440 16.957 17.303 (nm)
    box vectors : 34.342 34.342 34.342 (nm)
    box angles  :  90.00  90.00  90.00 (degrees)
    box volume  :40503.48               (nm^3)
    shift       :-11.206-11.723-12.068 (nm)
new center      :  5.234  5.234  5.234 (nm)
new box vectors : 10.469 10.469 10.469 (nm)
new box angles  :  90.00  90.00  90.00 (degrees)
new box volume  :1147.24               (nm^3)
Select group for output
Selected 0: 'System'
Read 600 atoms
Volume: 40503.5 nm^3, corresponds to roughly 18226500 electrons
No velocities found
    system size :  4.990  4.220  6.690 (nm)
    diameter    :  6.758               (nm)
    center      : 17.744 17.321 16.826 (nm)
    box vectors : 34.342 34.342 34.342 (nm)
    box angles  :  90.00  90.00  90.00 (degrees)
    box volume  :40503.48               (nm^3)
    shift       :-12.510-12.087-11.592 (nm)
new center      :  5.234  5.234  5.234 (nm)
new box vectors : 10.469 10.469 10.469 (nm)
new box angles  :  90.00  90.00  90.00 (degrees)
new box volume  :1147.24               (nm^3)
Select group for output
Selected 0: 'System'
