Read 600 atoms
Volume: 40503.5 nm^3, corresponds to roughly 18226500 electrons
No velocities found
    system size :  5.880  4.140  6.230 (nm)
    diameter    :  6.783               (nm)
    center      : 17.566 18.008 17.265 (nm)
    box vectors : 34.342 34.342 34.342 (nm)
    box angles  :  90.00  90.00  90.00 (degrees)
    box volume  :40503.48               (nm^3)
    shift       :-12.332-12.774-12.031 (nm)
new center      :  5.234  5.234  5.234 (nm)
new box vectors : 10.469 10.469 10.469 (nm)
new box angles  :  90.00  90.00  90.00 (degrees)
new box volume  :1147.24               (nm^3)
Select group for output
Selected 0: 'System'
Read 600 atoms
Volume: 40503.5 nm^3, corresponds to roughly 18226500 electrons
No velocities found
    system size :  5.500  5.250  5.440 (nm)
    diameter    :  6.424               (nm)
    center      : 16.569 17.893 17.663 (nm)
    box vectors : 34.342 34.342 34.342 (nm)
    box angles  :  90.00  90.00  90.00 (degrees)
    box volume  :40503.48               (nm^3)
    shift       :-11.335-12.658-12.428 (nm)
new center      :  5.234  5.234  5.234 (nm)
new box vectors : 10.469 10.469 10.469 (nm)
new box angles  :  90.00  90.00  90.00 (degrees)
new box volume  :1147.24               (nm^3)
Select group for output
Selected 0: 'System'
Read 600 atoms
Volume: 40503.5 nm^3, corresponds to roughly 18226500 electrons
No velocities found
    system size :  4.930  6.110  4.780 (nm)
    diameter    :  6.586               (nm)
    center      : 16.529 17.897 18.466 (nm)
    box vectors : 34.342 34.342 34.342 (nm)
    box angles  :  90.00  90.00  90.00 (degrees)
    box volume  :40503.48               (nm^3)
    shift       :-11.295-12.662-13.232 (nm)
new center      :  5.234  5.234  5.234 (nm)
new box vectors : 10.469 10.469 10.469 (nm)
new box angles  :  90.00  90.00  90.00 (degrees)
new box volume  :1147.24               (nm^3)
Select group for output
Selected 0: 'System'
Read 600 atoms
Volume: 40503.5 nm^3, corresponds to roughly 18226500 electrons
No velocities found
    system size :  4.810  4.430  6.260 (nm)
    diameter    :  6.608               (nm)
    center      : 17.400 15.580 16.810 (nm)
    box vectors : 34.342 34.342 34.342 (nm)
    box angles  :  90.00  90.00  90.00 (degrees)
    box volume  :40503.48               (nm^3)
    shift       :-12.166-10.345-11.576 (nm)
new center      :  5.234  5.234  5.234 (nm)
new box vectors : 10.469 10.469 10.469 (nm)
new box angles  :  90.00  90.00  90.00 (degrees)
new box volume  :1147.24               (nm^3)
Select group for output
Selected 0: 'System'
Read 600 atoms
Volume: 40503.5 nm^3, corresponds to roughly 18226500 electrons
No velocities found
    system size :  5.710  5.670  6.640 (nm)
    diameter    :  6.801               (nm)
    center      : 17.111 17.667 17.094 (nm)
    box vectors : 34.342 34.342 34.342 (nm)
    box angles  :  90.00  90.00  90.00 (degrees)
    box volume  :40503.48               (nm^3)
    shift       :-11.876-12.433-11.860 (nm)
new center      :  5.234  5.234  5.234 (nm)
new box vectors : 10.469 10.469 10.469 (nm)
new box angles  :  90.00  90.00  90.00 (degrees)
new box volume  :1147.24               (nm^3)
Select group for output
Selected 0: 'System'
