init: 5514488
a_0_120.28_0_PC_BigMDSteps_1: 5514489
a_0_120.28_0_PC_BigMDSteps_2: 5514490
b_0_120.28_0_PC_BigMDSteps: 5514491
a_0_120.28_1_PC_BigMDSteps_1: 5514492
a_0_120.28_1_PC_BigMDSteps_2: 5514493
b_0_120.28_1_PC_BigMDSteps: 5514494
a_0_120.28_2_PC_BigMDSteps_1: 5514495
a_0_120.28_2_PC_BigMDSteps_2: 5514496
b_0_120.28_2_PC_BigMDSteps: 5514497
a_0_120.28_3_PC_BigMDSteps_1: 5514498
a_0_120.28_3_PC_BigMDSteps_2: 5514499
b_0_120.28_3_PC_BigMDSteps: 5514500
a_0_120.28_4_PC_BigMDSteps_1: 5514501
a_0_120.28_4_PC_BigMDSteps_2: 5514502
b_0_120.28_4_PC_BigMDSteps: 5514503
a_0_120.28_5_PC_BigMDSteps_1: 5514504
a_0_120.28_5_PC_BigMDSteps_2: 5514505
b_0_120.28_5_PC_BigMDSteps: 5514506
a_0_120.28_6_PC_BigMDSteps_1: 5514507
a_0_120.28_6_PC_BigMDSteps_2: 5514508
b_0_120.28_6_PC_BigMDSteps: 5514509
a_0_120.28_7_PC_BigMDSteps_1: 5514510
a_0_120.28_7_PC_BigMDSteps_2: 5514511
b_0_120.28_7_PC_BigMDSteps: 5514512
a_0_120.28_8_PC_BigMDSteps_1: 5514513
a_0_120.28_8_PC_BigMDSteps_2: 5514514
b_0_120.28_8_PC_BigMDSteps: 5514515
a_0_120.28_9_PC_BigMDSteps_1: 5514516
a_0_120.28_9_PC_BigMDSteps_2: 5514517
b_0_120.28_9_PC_BigMDSteps: 5514518
5514491,5514494,5514497,5514500,5514503,5514506,5514509,5514512,5514515,5514518
a_-1_f_PC_BigMDSteps: 5514519
a_1_120.28_0_PC_BigMDSteps_1: 5514520
a_1_120.28_0_PC_BigMDSteps_2: 5514521
b_1_120.28_0_PC_BigMDSteps: 5514522
a_1_120.28_1_PC_BigMDSteps_1: 5514523
a_1_120.28_1_PC_BigMDSteps_2: 5514524
b_1_120.28_1_PC_BigMDSteps: 5514525
a_1_120.28_2_PC_BigMDSteps_1: 5514526
a_1_120.28_2_PC_BigMDSteps_2: 5514527
b_1_120.28_2_PC_BigMDSteps: 5514528
a_1_120.28_3_PC_BigMDSteps_1: 5514529
a_1_120.28_3_PC_BigMDSteps_2: 5514530
b_1_120.28_3_PC_BigMDSteps: 5514531
a_1_120.28_4_PC_BigMDSteps_1: 5514532
a_1_120.28_4_PC_BigMDSteps_2: 5514533
b_1_120.28_4_PC_BigMDSteps: 5514534
a_1_120.28_5_PC_BigMDSteps_1: 5514535
a_1_120.28_5_PC_BigMDSteps_2: 5514536
b_1_120.28_5_PC_BigMDSteps: 5514537
a_1_120.28_6_PC_BigMDSteps_1: 5514538
a_1_120.28_6_PC_BigMDSteps_2: 5514539
b_1_120.28_6_PC_BigMDSteps: 5514540
a_1_120.28_7_PC_BigMDSteps_1: 5514541
a_1_120.28_7_PC_BigMDSteps_2: 5514542
b_1_120.28_7_PC_BigMDSteps: 5514543
a_1_120.28_8_PC_BigMDSteps_1: 5514544
a_1_120.28_8_PC_BigMDSteps_2: 5514545
b_1_120.28_8_PC_BigMDSteps: 5514546
a_1_120.28_9_PC_BigMDSteps_1: 5514547
a_1_120.28_9_PC_BigMDSteps_2: 5514548
b_1_120.28_9_PC_BigMDSteps: 5514549
5514522,5514525,5514528,5514531,5514534,5514537,5514540,5514543,5514546,5514549
a_0_f_PC_BigMDSteps: 5514550
a_2_120.28_0_PC_BigMDSteps_1: 5514551
a_2_120.28_0_PC_BigMDSteps_2: 5514552
b_2_120.28_0_PC_BigMDSteps: 5514553
a_2_120.28_1_PC_BigMDSteps_1: 5514554
a_2_120.28_1_PC_BigMDSteps_2: 5514555
b_2_120.28_1_PC_BigMDSteps: 5514556
a_2_120.28_2_PC_BigMDSteps_1: 5514557
a_2_120.28_2_PC_BigMDSteps_2: 5514558
b_2_120.28_2_PC_BigMDSteps: 5514559
a_2_120.28_3_PC_BigMDSteps_1: 5514560
a_2_120.28_3_PC_BigMDSteps_2: 5514561
b_2_120.28_3_PC_BigMDSteps: 5514562
a_2_120.28_4_PC_BigMDSteps_1: 5514563
a_2_120.28_4_PC_BigMDSteps_2: 5514564
b_2_120.28_4_PC_BigMDSteps: 5514565
a_2_120.28_5_PC_BigMDSteps_1: 5514566
a_2_120.28_5_PC_BigMDSteps_2: 5514567
b_2_120.28_5_PC_BigMDSteps: 5514568
a_2_120.28_6_PC_BigMDSteps_1: 5514569
a_2_120.28_6_PC_BigMDSteps_2: 5514570
b_2_120.28_6_PC_BigMDSteps: 5514571
a_2_120.28_7_PC_BigMDSteps_1: 5514572
a_2_120.28_7_PC_BigMDSteps_2: 5514573
b_2_120.28_7_PC_BigMDSteps: 5514574
a_2_120.28_8_PC_BigMDSteps_1: 5514575
a_2_120.28_8_PC_BigMDSteps_2: 5514576
b_2_120.28_8_PC_BigMDSteps: 5514577
a_2_120.28_9_PC_BigMDSteps_1: 5514578
a_2_120.28_9_PC_BigMDSteps_2: 5514579
b_2_120.28_9_PC_BigMDSteps: 5514580
5514553,5514556,5514559,5514562,5514565,5514568,5514571,5514574,5514577,5514580
a_1_f_PC_BigMDSteps: 5514581
a_3_120.28_0_PC_BigMDSteps_1: 5514582
a_3_120.28_0_PC_BigMDSteps_2: 5514583
b_3_120.28_0_PC_BigMDSteps: 5514584
a_3_120.28_1_PC_BigMDSteps_1: 5514585
a_3_120.28_1_PC_BigMDSteps_2: 5514586
b_3_120.28_1_PC_BigMDSteps: 5514587
a_3_120.28_2_PC_BigMDSteps_1: 5514588
a_3_120.28_2_PC_BigMDSteps_2: 5514589
b_3_120.28_2_PC_BigMDSteps: 5514590
a_3_120.28_3_PC_BigMDSteps_1: 5514591
a_3_120.28_3_PC_BigMDSteps_2: 5514592
b_3_120.28_3_PC_BigMDSteps: 5514593
a_3_120.28_4_PC_BigMDSteps_1: 5514594
a_3_120.28_4_PC_BigMDSteps_2: 5514595
b_3_120.28_4_PC_BigMDSteps: 5514596
a_3_120.28_5_PC_BigMDSteps_1: 5514597
a_3_120.28_5_PC_BigMDSteps_2: 5514598
b_3_120.28_5_PC_BigMDSteps: 5514599
a_3_120.28_6_PC_BigMDSteps_1: 5514600
a_3_120.28_6_PC_BigMDSteps_2: 5514601
b_3_120.28_6_PC_BigMDSteps: 5514602
a_3_120.28_7_PC_BigMDSteps_1: 5514603
a_3_120.28_7_PC_BigMDSteps_2: 5514604
b_3_120.28_7_PC_BigMDSteps: 5514605
a_3_120.28_8_PC_BigMDSteps_1: 5514606
a_3_120.28_8_PC_BigMDSteps_2: 5514607
b_3_120.28_8_PC_BigMDSteps: 5514608
a_3_120.28_9_PC_BigMDSteps_1: 5514609
a_3_120.28_9_PC_BigMDSteps_2: 5514610
b_3_120.28_9_PC_BigMDSteps: 5514611
5514584,5514587,5514590,5514593,5514596,5514599,5514602,5514605,5514608,5514611
a_2_f_PC_BigMDSteps: 5514612
a_4_120.28_0_PC_BigMDSteps_1: 5514613
a_4_120.28_0_PC_BigMDSteps_2: 5514614
b_4_120.28_0_PC_BigMDSteps: 5514615
a_4_120.28_1_PC_BigMDSteps_1: 5514616
a_4_120.28_1_PC_BigMDSteps_2: 5514617
b_4_120.28_1_PC_BigMDSteps: 5514618
a_4_120.28_2_PC_BigMDSteps_1: 5514619
a_4_120.28_2_PC_BigMDSteps_2: 5514620
b_4_120.28_2_PC_BigMDSteps: 5514621
a_4_120.28_3_PC_BigMDSteps_1: 5514622
a_4_120.28_3_PC_BigMDSteps_2: 5514623
b_4_120.28_3_PC_BigMDSteps: 5514624
a_4_120.28_4_PC_BigMDSteps_1: 5514625
a_4_120.28_4_PC_BigMDSteps_2: 5514626
b_4_120.28_4_PC_BigMDSteps: 5514627
a_4_120.28_5_PC_BigMDSteps_1: 5514628
a_4_120.28_5_PC_BigMDSteps_2: 5514629
b_4_120.28_5_PC_BigMDSteps: 5514630
a_4_120.28_6_PC_BigMDSteps_1: 5514631
a_4_120.28_6_PC_BigMDSteps_2: 5514632
b_4_120.28_6_PC_BigMDSteps: 5514633
a_4_120.28_7_PC_BigMDSteps_1: 5514634
a_4_120.28_7_PC_BigMDSteps_2: 5514635
b_4_120.28_7_PC_BigMDSteps: 5514636
a_4_120.28_8_PC_BigMDSteps_1: 5514637
a_4_120.28_8_PC_BigMDSteps_2: 5514638
b_4_120.28_8_PC_BigMDSteps: 5514639
a_4_120.28_9_PC_BigMDSteps_1: 5514640
a_4_120.28_9_PC_BigMDSteps_2: 5514641
b_4_120.28_9_PC_BigMDSteps: 5514642
5514615,5514618,5514621,5514624,5514627,5514630,5514633,5514636,5514639,5514642
a_3_f_PC_BigMDSteps: 5514643
a_5_120.28_0_PC_BigMDSteps_1: 5514644
a_5_120.28_0_PC_BigMDSteps_2: 5514645
b_5_120.28_0_PC_BigMDSteps: 5514646
a_5_120.28_1_PC_BigMDSteps_1: 5514647
a_5_120.28_1_PC_BigMDSteps_2: 5514648
b_5_120.28_1_PC_BigMDSteps: 5514649
a_5_120.28_2_PC_BigMDSteps_1: 5514650
a_5_120.28_2_PC_BigMDSteps_2: 5514651
b_5_120.28_2_PC_BigMDSteps: 5514652
a_5_120.28_3_PC_BigMDSteps_1: 5514653
a_5_120.28_3_PC_BigMDSteps_2: 5514654
b_5_120.28_3_PC_BigMDSteps: 5514655
a_5_120.28_4_PC_BigMDSteps_1: 5514656
a_5_120.28_4_PC_BigMDSteps_2: 5514657
b_5_120.28_4_PC_BigMDSteps: 5514658
a_5_120.28_5_PC_BigMDSteps_1: 5514659
a_5_120.28_5_PC_BigMDSteps_2: 5514660
b_5_120.28_5_PC_BigMDSteps: 5514661
a_5_120.28_6_PC_BigMDSteps_1: 5514662
a_5_120.28_6_PC_BigMDSteps_2: 5514663
b_5_120.28_6_PC_BigMDSteps: 5514664
a_5_120.28_7_PC_BigMDSteps_1: 5514665
a_5_120.28_7_PC_BigMDSteps_2: 5514666
b_5_120.28_7_PC_BigMDSteps: 5514667
a_5_120.28_8_PC_BigMDSteps_1: 5514668
a_5_120.28_8_PC_BigMDSteps_2: 5514669
b_5_120.28_8_PC_BigMDSteps: 5514670
a_5_120.28_9_PC_BigMDSteps_1: 5514671
a_5_120.28_9_PC_BigMDSteps_2: 5514672
b_5_120.28_9_PC_BigMDSteps: 5514673
5514646,5514649,5514652,5514655,5514658,5514661,5514664,5514667,5514670,5514673
a_4_f_PC_BigMDSteps: 5514674
a_6_120.28_0_PC_BigMDSteps_1: 5514675
a_6_120.28_0_PC_BigMDSteps_2: 5514676
b_6_120.28_0_PC_BigMDSteps: 5514677
a_6_120.28_1_PC_BigMDSteps_1: 5514678
a_6_120.28_1_PC_BigMDSteps_2: 5514679
b_6_120.28_1_PC_BigMDSteps: 5514680
a_6_120.28_2_PC_BigMDSteps_1: 5514681
a_6_120.28_2_PC_BigMDSteps_2: 5514682
b_6_120.28_2_PC_BigMDSteps: 5514683
a_6_120.28_3_PC_BigMDSteps_1: 5514684
a_6_120.28_3_PC_BigMDSteps_2: 5514685
b_6_120.28_3_PC_BigMDSteps: 5514686
a_6_120.28_4_PC_BigMDSteps_1: 5514687
a_6_120.28_4_PC_BigMDSteps_2: 5514688
b_6_120.28_4_PC_BigMDSteps: 5514689
a_6_120.28_5_PC_BigMDSteps_1: 5514690
a_6_120.28_5_PC_BigMDSteps_2: 5514691
b_6_120.28_5_PC_BigMDSteps: 5514692
a_6_120.28_6_PC_BigMDSteps_1: 5514693
a_6_120.28_6_PC_BigMDSteps_2: 5514694
b_6_120.28_6_PC_BigMDSteps: 5514695
a_6_120.28_7_PC_BigMDSteps_1: 5514696
a_6_120.28_7_PC_BigMDSteps_2: 5514697
b_6_120.28_7_PC_BigMDSteps: 5514698
a_6_120.28_8_PC_BigMDSteps_1: 5514699
a_6_120.28_8_PC_BigMDSteps_2: 5514700
b_6_120.28_8_PC_BigMDSteps: 5514701
a_6_120.28_9_PC_BigMDSteps_1: 5514702
a_6_120.28_9_PC_BigMDSteps_2: 5514703
b_6_120.28_9_PC_BigMDSteps: 5514704
5514677,5514680,5514683,5514686,5514689,5514692,5514695,5514698,5514701,5514704
a_5_f_PC_BigMDSteps: 5514705
a_7_120.28_0_PC_BigMDSteps_1: 5514706
a_7_120.28_0_PC_BigMDSteps_2: 5514707
b_7_120.28_0_PC_BigMDSteps: 5514708
a_7_120.28_1_PC_BigMDSteps_1: 5514709
a_7_120.28_1_PC_BigMDSteps_2: 5514710
b_7_120.28_1_PC_BigMDSteps: 5514711
a_7_120.28_2_PC_BigMDSteps_1: 5514712
a_7_120.28_2_PC_BigMDSteps_2: 5514713
b_7_120.28_2_PC_BigMDSteps: 5514714
a_7_120.28_3_PC_BigMDSteps_1: 5514715
a_7_120.28_3_PC_BigMDSteps_2: 5514716
b_7_120.28_3_PC_BigMDSteps: 5514717
a_7_120.28_4_PC_BigMDSteps_1: 5514718
a_7_120.28_4_PC_BigMDSteps_2: 5514719
b_7_120.28_4_PC_BigMDSteps: 5514720
a_7_120.28_5_PC_BigMDSteps_1: 5514721
a_7_120.28_5_PC_BigMDSteps_2: 5514722
b_7_120.28_5_PC_BigMDSteps: 5514723
a_7_120.28_6_PC_BigMDSteps_1: 5514724
a_7_120.28_6_PC_BigMDSteps_2: 5514725
b_7_120.28_6_PC_BigMDSteps: 5514726
a_7_120.28_7_PC_BigMDSteps_1: 5514727
a_7_120.28_7_PC_BigMDSteps_2: 5514728
b_7_120.28_7_PC_BigMDSteps: 5514729
a_7_120.28_8_PC_BigMDSteps_1: 5514730
a_7_120.28_8_PC_BigMDSteps_2: 5514731
b_7_120.28_8_PC_BigMDSteps: 5514732
a_7_120.28_9_PC_BigMDSteps_1: 5514733
a_7_120.28_9_PC_BigMDSteps_2: 5514734
b_7_120.28_9_PC_BigMDSteps: 5514735
5514708,5514711,5514714,5514717,5514720,5514723,5514726,5514729,5514732,5514735
a_6_f_PC_BigMDSteps: 5514736
a_8_120.28_0_PC_BigMDSteps_1: 5514737
a_8_120.28_0_PC_BigMDSteps_2: 5514738
b_8_120.28_0_PC_BigMDSteps: 5514739
a_8_120.28_1_PC_BigMDSteps_1: 5514740
a_8_120.28_1_PC_BigMDSteps_2: 5514741
b_8_120.28_1_PC_BigMDSteps: 5514742
a_8_120.28_2_PC_BigMDSteps_1: 5514743
a_8_120.28_2_PC_BigMDSteps_2: 5514744
b_8_120.28_2_PC_BigMDSteps: 5514745
a_8_120.28_3_PC_BigMDSteps_1: 5514746
a_8_120.28_3_PC_BigMDSteps_2: 5514747
b_8_120.28_3_PC_BigMDSteps: 5514748
a_8_120.28_4_PC_BigMDSteps_1: 5514749
a_8_120.28_4_PC_BigMDSteps_2: 5514750
b_8_120.28_4_PC_BigMDSteps: 5514751
a_8_120.28_5_PC_BigMDSteps_1: 5514752
a_8_120.28_5_PC_BigMDSteps_2: 5514753
b_8_120.28_5_PC_BigMDSteps: 5514754
a_8_120.28_6_PC_BigMDSteps_1: 5514755
a_8_120.28_6_PC_BigMDSteps_2: 5514756
b_8_120.28_6_PC_BigMDSteps: 5514757
a_8_120.28_7_PC_BigMDSteps_1: 5514758
a_8_120.28_7_PC_BigMDSteps_2: 5514759
b_8_120.28_7_PC_BigMDSteps: 5514760
a_8_120.28_8_PC_BigMDSteps_1: 5514761
a_8_120.28_8_PC_BigMDSteps_2: 5514762
b_8_120.28_8_PC_BigMDSteps: 5514763
a_8_120.28_9_PC_BigMDSteps_1: 5514764
a_8_120.28_9_PC_BigMDSteps_2: 5514765
b_8_120.28_9_PC_BigMDSteps: 5514766
5514739,5514742,5514745,5514748,5514751,5514754,5514757,5514760,5514763,5514766
a_7_f_PC_BigMDSteps: 5514767
a_9_120.28_0_PC_BigMDSteps_1: 5514768
a_9_120.28_0_PC_BigMDSteps_2: 5514769
b_9_120.28_0_PC_BigMDSteps: 5514770
a_9_120.28_1_PC_BigMDSteps_1: 5514771
a_9_120.28_1_PC_BigMDSteps_2: 5514772
b_9_120.28_1_PC_BigMDSteps: 5514773
a_9_120.28_2_PC_BigMDSteps_1: 5514774
a_9_120.28_2_PC_BigMDSteps_2: 5514775
b_9_120.28_2_PC_BigMDSteps: 5514776
a_9_120.28_3_PC_BigMDSteps_1: 5514777
a_9_120.28_3_PC_BigMDSteps_2: 5514778
b_9_120.28_3_PC_BigMDSteps: 5514779
a_9_120.28_4_PC_BigMDSteps_1: 5514780
a_9_120.28_4_PC_BigMDSteps_2: 5514781
b_9_120.28_4_PC_BigMDSteps: 5514782
a_9_120.28_5_PC_BigMDSteps_1: 5514783
a_9_120.28_5_PC_BigMDSteps_2: 5514784
b_9_120.28_5_PC_BigMDSteps: 5514785
a_9_120.28_6_PC_BigMDSteps_1: 5514786
a_9_120.28_6_PC_BigMDSteps_2: 5514787
b_9_120.28_6_PC_BigMDSteps: 5514788
a_9_120.28_7_PC_BigMDSteps_1: 5514789
a_9_120.28_7_PC_BigMDSteps_2: 5514790
b_9_120.28_7_PC_BigMDSteps: 5514791
a_9_120.28_8_PC_BigMDSteps_1: 5514792
a_9_120.28_8_PC_BigMDSteps_2: 5514793
b_9_120.28_8_PC_BigMDSteps: 5514794
a_9_120.28_9_PC_BigMDSteps_1: 5514795
a_9_120.28_9_PC_BigMDSteps_2: 5514796
b_9_120.28_9_PC_BigMDSteps: 5514797
5514770,5514773,5514776,5514779,5514782,5514785,5514788,5514791,5514794,5514797
a_8_f_PC_BigMDSteps: 5514798
a_10_120.28_0_PC_BigMDSteps_1: 5514799
a_10_120.28_0_PC_BigMDSteps_2: 5514800
b_10_120.28_0_PC_BigMDSteps: 5514801
a_10_120.28_1_PC_BigMDSteps_1: 5514802
a_10_120.28_1_PC_BigMDSteps_2: 5514803
b_10_120.28_1_PC_BigMDSteps: 5514804
a_10_120.28_2_PC_BigMDSteps_1: 5514805
a_10_120.28_2_PC_BigMDSteps_2: 5514806
b_10_120.28_2_PC_BigMDSteps: 5514807
a_10_120.28_3_PC_BigMDSteps_1: 5514808
a_10_120.28_3_PC_BigMDSteps_2: 5514809
b_10_120.28_3_PC_BigMDSteps: 5514810
a_10_120.28_4_PC_BigMDSteps_1: 5514811
a_10_120.28_4_PC_BigMDSteps_2: 5514812
b_10_120.28_4_PC_BigMDSteps: 5514813
a_10_120.28_5_PC_BigMDSteps_1: 5514814
a_10_120.28_5_PC_BigMDSteps_2: 5514815
b_10_120.28_5_PC_BigMDSteps: 5514816
a_10_120.28_6_PC_BigMDSteps_1: 5514817
a_10_120.28_6_PC_BigMDSteps_2: 5514818
b_10_120.28_6_PC_BigMDSteps: 5514819
a_10_120.28_7_PC_BigMDSteps_1: 5514820
a_10_120.28_7_PC_BigMDSteps_2: 5514821
b_10_120.28_7_PC_BigMDSteps: 5514822
a_10_120.28_8_PC_BigMDSteps_1: 5514823
a_10_120.28_8_PC_BigMDSteps_2: 5514824
b_10_120.28_8_PC_BigMDSteps: 5514825
a_10_120.28_9_PC_BigMDSteps_1: 5514826
a_10_120.28_9_PC_BigMDSteps_2: 5514827
b_10_120.28_9_PC_BigMDSteps: 5514828
5514801,5514804,5514807,5514810,5514813,5514816,5514819,5514822,5514825,5514828
a_9_f_PC_BigMDSteps: 5514829
a_11_120.28_0_PC_BigMDSteps_1: 5514830
a_11_120.28_0_PC_BigMDSteps_2: 5514831
b_11_120.28_0_PC_BigMDSteps: 5514832
a_11_120.28_1_PC_BigMDSteps_1: 5514833
a_11_120.28_1_PC_BigMDSteps_2: 5514834
b_11_120.28_1_PC_BigMDSteps: 5514835
a_11_120.28_2_PC_BigMDSteps_1: 5514836
a_11_120.28_2_PC_BigMDSteps_2: 5514837
b_11_120.28_2_PC_BigMDSteps: 5514838
a_11_120.28_3_PC_BigMDSteps_1: 5514839
a_11_120.28_3_PC_BigMDSteps_2: 5514840
b_11_120.28_3_PC_BigMDSteps: 5514841
a_11_120.28_4_PC_BigMDSteps_1: 5514842
a_11_120.28_4_PC_BigMDSteps_2: 5514843
b_11_120.28_4_PC_BigMDSteps: 5514844
a_11_120.28_5_PC_BigMDSteps_1: 5514845
a_11_120.28_5_PC_BigMDSteps_2: 5514846
b_11_120.28_5_PC_BigMDSteps: 5514847
a_11_120.28_6_PC_BigMDSteps_1: 5514848
a_11_120.28_6_PC_BigMDSteps_2: 5514849
b_11_120.28_6_PC_BigMDSteps: 5514850
a_11_120.28_7_PC_BigMDSteps_1: 5514851
a_11_120.28_7_PC_BigMDSteps_2: 5514852
b_11_120.28_7_PC_BigMDSteps: 5514853
a_11_120.28_8_PC_BigMDSteps_1: 5514854
a_11_120.28_8_PC_BigMDSteps_2: 5514855
b_11_120.28_8_PC_BigMDSteps: 5514856
a_11_120.28_9_PC_BigMDSteps_1: 5514857
a_11_120.28_9_PC_BigMDSteps_2: 5514858
b_11_120.28_9_PC_BigMDSteps: 5514859
5514832,5514835,5514838,5514841,5514844,5514847,5514850,5514853,5514856,5514859
a_10_f_PC_BigMDSteps: 5514860
a_12_120.28_0_PC_BigMDSteps_1: 5514861
a_12_120.28_0_PC_BigMDSteps_2: 5514862
b_12_120.28_0_PC_BigMDSteps: 5514863
a_12_120.28_1_PC_BigMDSteps_1: 5514864
a_12_120.28_1_PC_BigMDSteps_2: 5514865
b_12_120.28_1_PC_BigMDSteps: 5514866
a_12_120.28_2_PC_BigMDSteps_1: 5514867
a_12_120.28_2_PC_BigMDSteps_2: 5514868
b_12_120.28_2_PC_BigMDSteps: 5514869
a_12_120.28_3_PC_BigMDSteps_1: 5514870
a_12_120.28_3_PC_BigMDSteps_2: 5514871
b_12_120.28_3_PC_BigMDSteps: 5514872
a_12_120.28_4_PC_BigMDSteps_1: 5514873
a_12_120.28_4_PC_BigMDSteps_2: 5514874
b_12_120.28_4_PC_BigMDSteps: 5514875
a_12_120.28_5_PC_BigMDSteps_1: 5514876
a_12_120.28_5_PC_BigMDSteps_2: 5514877
b_12_120.28_5_PC_BigMDSteps: 5514878
a_12_120.28_6_PC_BigMDSteps_1: 5514879
a_12_120.28_6_PC_BigMDSteps_2: 5514880
b_12_120.28_6_PC_BigMDSteps: 5514881
a_12_120.28_7_PC_BigMDSteps_1: 5514882
a_12_120.28_7_PC_BigMDSteps_2: 5514883
b_12_120.28_7_PC_BigMDSteps: 5514884
a_12_120.28_8_PC_BigMDSteps_1: 5514885
a_12_120.28_8_PC_BigMDSteps_2: 5514886
b_12_120.28_8_PC_BigMDSteps: 5514887
a_12_120.28_9_PC_BigMDSteps_1: 5514888
a_12_120.28_9_PC_BigMDSteps_2: 5514889
b_12_120.28_9_PC_BigMDSteps: 5514890
5514863,5514866,5514869,5514872,5514875,5514878,5514881,5514884,5514887,5514890
a_11_f_PC_BigMDSteps: 5514891
a_13_120.28_0_PC_BigMDSteps_1: 5514892
a_13_120.28_0_PC_BigMDSteps_2: 5514893
b_13_120.28_0_PC_BigMDSteps: 5514894
a_13_120.28_1_PC_BigMDSteps_1: 5514895
a_13_120.28_1_PC_BigMDSteps_2: 5514896
b_13_120.28_1_PC_BigMDSteps: 5514897
a_13_120.28_2_PC_BigMDSteps_1: 5514898
a_13_120.28_2_PC_BigMDSteps_2: 5514899
b_13_120.28_2_PC_BigMDSteps: 5514900
a_13_120.28_3_PC_BigMDSteps_1: 5514901
a_13_120.28_3_PC_BigMDSteps_2: 5514902
b_13_120.28_3_PC_BigMDSteps: 5514903
a_13_120.28_4_PC_BigMDSteps_1: 5514904
a_13_120.28_4_PC_BigMDSteps_2: 5514905
b_13_120.28_4_PC_BigMDSteps: 5514906
a_13_120.28_5_PC_BigMDSteps_1: 5514907
a_13_120.28_5_PC_BigMDSteps_2: 5514908
b_13_120.28_5_PC_BigMDSteps: 5514909
a_13_120.28_6_PC_BigMDSteps_1: 5514910
a_13_120.28_6_PC_BigMDSteps_2: 5514911
b_13_120.28_6_PC_BigMDSteps: 5514912
a_13_120.28_7_PC_BigMDSteps_1: 5514913
a_13_120.28_7_PC_BigMDSteps_2: 5514914
b_13_120.28_7_PC_BigMDSteps: 5514915
a_13_120.28_8_PC_BigMDSteps_1: 5514916
a_13_120.28_8_PC_BigMDSteps_2: 5514917
b_13_120.28_8_PC_BigMDSteps: 5514918
a_13_120.28_9_PC_BigMDSteps_1: 5514919
a_13_120.28_9_PC_BigMDSteps_2: 5514920
b_13_120.28_9_PC_BigMDSteps: 5514921
5514894,5514897,5514900,5514903,5514906,5514909,5514912,5514915,5514918,5514921
a_12_f_PC_BigMDSteps: 5514922
a_14_120.28_0_PC_BigMDSteps_1: 5514923
a_14_120.28_0_PC_BigMDSteps_2: 5514924
b_14_120.28_0_PC_BigMDSteps: 5514925
a_14_120.28_1_PC_BigMDSteps_1: 5514926
a_14_120.28_1_PC_BigMDSteps_2: 5514927
b_14_120.28_1_PC_BigMDSteps: 5514928
a_14_120.28_2_PC_BigMDSteps_1: 5514929
a_14_120.28_2_PC_BigMDSteps_2: 5514930
b_14_120.28_2_PC_BigMDSteps: 5514931
a_14_120.28_3_PC_BigMDSteps_1: 5514932
a_14_120.28_3_PC_BigMDSteps_2: 5514933
b_14_120.28_3_PC_BigMDSteps: 5514934
a_14_120.28_4_PC_BigMDSteps_1: 5514935
a_14_120.28_4_PC_BigMDSteps_2: 5514936
b_14_120.28_4_PC_BigMDSteps: 5514937
a_14_120.28_5_PC_BigMDSteps_1: 5514938
a_14_120.28_5_PC_BigMDSteps_2: 5514939
b_14_120.28_5_PC_BigMDSteps: 5514940
a_14_120.28_6_PC_BigMDSteps_1: 5514941
a_14_120.28_6_PC_BigMDSteps_2: 5514942
b_14_120.28_6_PC_BigMDSteps: 5514943
a_14_120.28_7_PC_BigMDSteps_1: 5514944
a_14_120.28_7_PC_BigMDSteps_2: 5514945
b_14_120.28_7_PC_BigMDSteps: 5514946
a_14_120.28_8_PC_BigMDSteps_1: 5514947
a_14_120.28_8_PC_BigMDSteps_2: 5514948
b_14_120.28_8_PC_BigMDSteps: 5514949
a_14_120.28_9_PC_BigMDSteps_1: 5514950
a_14_120.28_9_PC_BigMDSteps_2: 5514951
b_14_120.28_9_PC_BigMDSteps: 5514952
5514925,5514928,5514931,5514934,5514937,5514940,5514943,5514946,5514949,5514952
a_13_f_PC_BigMDSteps: 5514953
a_15_120.28_0_PC_BigMDSteps_1: 5514954
a_15_120.28_0_PC_BigMDSteps_2: 5514955
b_15_120.28_0_PC_BigMDSteps: 5514956
a_15_120.28_1_PC_BigMDSteps_1: 5514957
a_15_120.28_1_PC_BigMDSteps_2: 5514958
b_15_120.28_1_PC_BigMDSteps: 5514959
a_15_120.28_2_PC_BigMDSteps_1: 5514960
a_15_120.28_2_PC_BigMDSteps_2: 5514961
b_15_120.28_2_PC_BigMDSteps: 5514962
a_15_120.28_3_PC_BigMDSteps_1: 5514963
a_15_120.28_3_PC_BigMDSteps_2: 5514964
b_15_120.28_3_PC_BigMDSteps: 5514965
a_15_120.28_4_PC_BigMDSteps_1: 5514966
a_15_120.28_4_PC_BigMDSteps_2: 5514967
b_15_120.28_4_PC_BigMDSteps: 5514968
a_15_120.28_5_PC_BigMDSteps_1: 5514969
a_15_120.28_5_PC_BigMDSteps_2: 5514970
b_15_120.28_5_PC_BigMDSteps: 5514971
a_15_120.28_6_PC_BigMDSteps_1: 5514972
a_15_120.28_6_PC_BigMDSteps_2: 5514973
b_15_120.28_6_PC_BigMDSteps: 5514974
a_15_120.28_7_PC_BigMDSteps_1: 5514975
a_15_120.28_7_PC_BigMDSteps_2: 5514976
b_15_120.28_7_PC_BigMDSteps: 5514977
a_15_120.28_8_PC_BigMDSteps_1: 5514978
a_15_120.28_8_PC_BigMDSteps_2: 5514979
b_15_120.28_8_PC_BigMDSteps: 5514980
a_15_120.28_9_PC_BigMDSteps_1: 5514981
a_15_120.28_9_PC_BigMDSteps_2: 5514982
b_15_120.28_9_PC_BigMDSteps: 5514983
5514956,5514959,5514962,5514965,5514968,5514971,5514974,5514977,5514980,5514983
a_14_f_PC_BigMDSteps: 5514984
a_16_120.28_0_PC_BigMDSteps_1: 5514985
a_16_120.28_0_PC_BigMDSteps_2: 5514986
b_16_120.28_0_PC_BigMDSteps: 5514987
a_16_120.28_1_PC_BigMDSteps_1: 5514988
a_16_120.28_1_PC_BigMDSteps_2: 5514989
b_16_120.28_1_PC_BigMDSteps: 5514990
a_16_120.28_2_PC_BigMDSteps_1: 5514991
a_16_120.28_2_PC_BigMDSteps_2: 5514992
b_16_120.28_2_PC_BigMDSteps: 5514993
a_16_120.28_3_PC_BigMDSteps_1: 5514994
a_16_120.28_3_PC_BigMDSteps_2: 5514995
b_16_120.28_3_PC_BigMDSteps: 5514996
a_16_120.28_4_PC_BigMDSteps_1: 5514997
a_16_120.28_4_PC_BigMDSteps_2: 5514998
b_16_120.28_4_PC_BigMDSteps: 5514999
a_16_120.28_5_PC_BigMDSteps_1: 5515000
a_16_120.28_5_PC_BigMDSteps_2: 5515001
b_16_120.28_5_PC_BigMDSteps: 5515002
a_16_120.28_6_PC_BigMDSteps_1: 5515003
a_16_120.28_6_PC_BigMDSteps_2: 5515004
b_16_120.28_6_PC_BigMDSteps: 5515005
a_16_120.28_7_PC_BigMDSteps_1: 5515006
a_16_120.28_7_PC_BigMDSteps_2: 5515007
b_16_120.28_7_PC_BigMDSteps: 5515008
a_16_120.28_8_PC_BigMDSteps_1: 5515009
a_16_120.28_8_PC_BigMDSteps_2: 5515010
b_16_120.28_8_PC_BigMDSteps: 5515011
a_16_120.28_9_PC_BigMDSteps_1: 5515012
a_16_120.28_9_PC_BigMDSteps_2: 5515013
b_16_120.28_9_PC_BigMDSteps: 5515014
5514987,5514990,5514993,5514996,5514999,5515002,5515005,5515008,5515011,5515014
a_15_f_PC_BigMDSteps: 5515015
a_17_120.28_0_PC_BigMDSteps_1: 5515016
a_17_120.28_0_PC_BigMDSteps_2: 5515017
b_17_120.28_0_PC_BigMDSteps: 5515018
a_17_120.28_1_PC_BigMDSteps_1: 5515019
a_17_120.28_1_PC_BigMDSteps_2: 5515020
b_17_120.28_1_PC_BigMDSteps: 5515021
a_17_120.28_2_PC_BigMDSteps_1: 5515022
a_17_120.28_2_PC_BigMDSteps_2: 5515023
b_17_120.28_2_PC_BigMDSteps: 5515024
a_17_120.28_3_PC_BigMDSteps_1: 5515025
a_17_120.28_3_PC_BigMDSteps_2: 5515026
b_17_120.28_3_PC_BigMDSteps: 5515027
a_17_120.28_4_PC_BigMDSteps_1: 5515028
a_17_120.28_4_PC_BigMDSteps_2: 5515029
b_17_120.28_4_PC_BigMDSteps: 5515030
a_17_120.28_5_PC_BigMDSteps_1: 5515031
a_17_120.28_5_PC_BigMDSteps_2: 5515032
b_17_120.28_5_PC_BigMDSteps: 5515033
a_17_120.28_6_PC_BigMDSteps_1: 5515034
a_17_120.28_6_PC_BigMDSteps_2: 5515035
b_17_120.28_6_PC_BigMDSteps: 5515036
a_17_120.28_7_PC_BigMDSteps_1: 5515037
a_17_120.28_7_PC_BigMDSteps_2: 5515038
b_17_120.28_7_PC_BigMDSteps: 5515039
a_17_120.28_8_PC_BigMDSteps_1: 5515040
a_17_120.28_8_PC_BigMDSteps_2: 5515041
b_17_120.28_8_PC_BigMDSteps: 5515042
a_17_120.28_9_PC_BigMDSteps_1: 5515043
a_17_120.28_9_PC_BigMDSteps_2: 5515044
b_17_120.28_9_PC_BigMDSteps: 5515045
5515018,5515021,5515024,5515027,5515030,5515033,5515036,5515039,5515042,5515045
a_16_f_PC_BigMDSteps: 5515046
a_18_120.28_0_PC_BigMDSteps_1: 5515047
a_18_120.28_0_PC_BigMDSteps_2: 5515048
b_18_120.28_0_PC_BigMDSteps: 5515049
a_18_120.28_1_PC_BigMDSteps_1: 5515050
a_18_120.28_1_PC_BigMDSteps_2: 5515051
b_18_120.28_1_PC_BigMDSteps: 5515052
a_18_120.28_2_PC_BigMDSteps_1: 5515053
a_18_120.28_2_PC_BigMDSteps_2: 5515054
b_18_120.28_2_PC_BigMDSteps: 5515055
a_18_120.28_3_PC_BigMDSteps_1: 5515056
a_18_120.28_3_PC_BigMDSteps_2: 5515057
b_18_120.28_3_PC_BigMDSteps: 5515058
a_18_120.28_4_PC_BigMDSteps_1: 5515059
a_18_120.28_4_PC_BigMDSteps_2: 5515060
b_18_120.28_4_PC_BigMDSteps: 5515061
a_18_120.28_5_PC_BigMDSteps_1: 5515062
a_18_120.28_5_PC_BigMDSteps_2: 5515063
b_18_120.28_5_PC_BigMDSteps: 5515064
a_18_120.28_6_PC_BigMDSteps_1: 5515065
a_18_120.28_6_PC_BigMDSteps_2: 5515066
b_18_120.28_6_PC_BigMDSteps: 5515067
a_18_120.28_7_PC_BigMDSteps_1: 5515068
a_18_120.28_7_PC_BigMDSteps_2: 5515069
b_18_120.28_7_PC_BigMDSteps: 5515070
a_18_120.28_8_PC_BigMDSteps_1: 5515071
a_18_120.28_8_PC_BigMDSteps_2: 5515072
b_18_120.28_8_PC_BigMDSteps: 5515073
a_18_120.28_9_PC_BigMDSteps_1: 5515074
a_18_120.28_9_PC_BigMDSteps_2: 5515075
b_18_120.28_9_PC_BigMDSteps: 5515076
5515049,5515052,5515055,5515058,5515061,5515064,5515067,5515070,5515073,5515076
a_17_f_PC_BigMDSteps: 5515077
a_19_120.28_0_PC_BigMDSteps_1: 5515078
a_19_120.28_0_PC_BigMDSteps_2: 5515079
b_19_120.28_0_PC_BigMDSteps: 5515080
a_19_120.28_1_PC_BigMDSteps_1: 5515081
a_19_120.28_1_PC_BigMDSteps_2: 5515082
b_19_120.28_1_PC_BigMDSteps: 5515083
a_19_120.28_2_PC_BigMDSteps_1: 5515084
a_19_120.28_2_PC_BigMDSteps_2: 5515085
b_19_120.28_2_PC_BigMDSteps: 5515086
a_19_120.28_3_PC_BigMDSteps_1: 5515087
a_19_120.28_3_PC_BigMDSteps_2: 5515088
b_19_120.28_3_PC_BigMDSteps: 5515089
a_19_120.28_4_PC_BigMDSteps_1: 5515090
a_19_120.28_4_PC_BigMDSteps_2: 5515091
b_19_120.28_4_PC_BigMDSteps: 5515092
a_19_120.28_5_PC_BigMDSteps_1: 5515093
a_19_120.28_5_PC_BigMDSteps_2: 5515094
b_19_120.28_5_PC_BigMDSteps: 5515095
a_19_120.28_6_PC_BigMDSteps_1: 5515096
a_19_120.28_6_PC_BigMDSteps_2: 5515097
b_19_120.28_6_PC_BigMDSteps: 5515098
a_19_120.28_7_PC_BigMDSteps_1: 5515099
a_19_120.28_7_PC_BigMDSteps_2: 5515100
b_19_120.28_7_PC_BigMDSteps: 5515101
a_19_120.28_8_PC_BigMDSteps_1: 5515102
a_19_120.28_8_PC_BigMDSteps_2: 5515103
b_19_120.28_8_PC_BigMDSteps: 5515104
a_19_120.28_9_PC_BigMDSteps_1: 5515105
a_19_120.28_9_PC_BigMDSteps_2: 5515106
b_19_120.28_9_PC_BigMDSteps: 5515107
5515080,5515083,5515086,5515089,5515092,5515095,5515098,5515101,5515104,5515107
a_18_f_PC_BigMDSteps: 5515108
a_20_120.28_0_PC_BigMDSteps_1: 5515109
a_20_120.28_0_PC_BigMDSteps_2: 5515110
b_20_120.28_0_PC_BigMDSteps: 5515111
a_20_120.28_1_PC_BigMDSteps_1: 5515112
a_20_120.28_1_PC_BigMDSteps_2: 5515113
b_20_120.28_1_PC_BigMDSteps: 5515114
a_20_120.28_2_PC_BigMDSteps_1: 5515115
a_20_120.28_2_PC_BigMDSteps_2: 5515116
b_20_120.28_2_PC_BigMDSteps: 5515117
a_20_120.28_3_PC_BigMDSteps_1: 5515118
a_20_120.28_3_PC_BigMDSteps_2: 5515119
b_20_120.28_3_PC_BigMDSteps: 5515120
a_20_120.28_4_PC_BigMDSteps_1: 5515121
a_20_120.28_4_PC_BigMDSteps_2: 5515122
b_20_120.28_4_PC_BigMDSteps: 5515123
a_20_120.28_5_PC_BigMDSteps_1: 5515124
a_20_120.28_5_PC_BigMDSteps_2: 5515125
b_20_120.28_5_PC_BigMDSteps: 5515126
a_20_120.28_6_PC_BigMDSteps_1: 5515127
a_20_120.28_6_PC_BigMDSteps_2: 5515128
b_20_120.28_6_PC_BigMDSteps: 5515129
a_20_120.28_7_PC_BigMDSteps_1: 5515130
a_20_120.28_7_PC_BigMDSteps_2: 5515131
b_20_120.28_7_PC_BigMDSteps: 5515132
a_20_120.28_8_PC_BigMDSteps_1: 5515133
a_20_120.28_8_PC_BigMDSteps_2: 5515134
b_20_120.28_8_PC_BigMDSteps: 5515135
a_20_120.28_9_PC_BigMDSteps_1: 5515136
a_20_120.28_9_PC_BigMDSteps_2: 5515137
b_20_120.28_9_PC_BigMDSteps: 5515138
5515111,5515114,5515117,5515120,5515123,5515126,5515129,5515132,5515135,5515138
a_19_f_PC_BigMDSteps: 5515139
