Read 1005 atoms
Volume: 69733 nm^3, corresponds to roughly 31379800 electrons
No velocities found
    system size :  7.500  6.850  7.060 (nm)
    diameter    :  8.089               (nm)
    center      : 20.619 20.451 20.403 (nm)
    box vectors : 41.160 41.160 41.160 (nm)
    box angles  :  90.00  90.00  90.00 (degrees)
    box volume  :69733.01               (nm^3)
    shift       :-16.503-16.335-16.286 (nm)
new center      :  4.116  4.116  4.116 (nm)
new box vectors :  8.232  8.232  8.232 (nm)
new box angles  :  90.00  90.00  90.00 (degrees)
new box volume  : 557.86               (nm^3)
Select group for output
Selected 0: 'System'
Read 1005 atoms
Volume: 69733 nm^3, corresponds to roughly 31379800 electrons
No velocities found
    system size :  6.120  5.410  8.030 (nm)
    diameter    :  8.149               (nm)
    center      : 21.459 20.110 21.390 (nm)
    box vectors : 41.160 41.160 41.160 (nm)
    box angles  :  90.00  90.00  90.00 (degrees)
    box volume  :69733.01               (nm^3)
    shift       :-17.343-15.994-17.274 (nm)
new center      :  4.116  4.116  4.116 (nm)
new box vectors :  8.232  8.232  8.232 (nm)
new box angles  :  90.00  90.00  90.00 (degrees)
new box volume  : 557.86               (nm^3)
Select group for output
Selected 0: 'System'
Read 1005 atoms
Volume: 69733 nm^3, corresponds to roughly 31379800 electrons
No velocities found
    system size :  5.070  5.740  7.340 (nm)
    diameter    :  7.596               (nm)
    center      : 18.689 21.325 20.569 (nm)
    box vectors : 41.160 41.160 41.160 (nm)
    box angles  :  90.00  90.00  90.00 (degrees)
    box volume  :69733.01               (nm^3)
    shift       :-14.573-17.209-16.453 (nm)
new center      :  4.116  4.116  4.116 (nm)
new box vectors :  8.232  8.232  8.232 (nm)
new box angles  :  90.00  90.00  90.00 (degrees)
new box volume  : 557.86               (nm^3)
Select group for output
Selected 0: 'System'
Read 1005 atoms
Volume: 69733 nm^3, corresponds to roughly 31379800 electrons
No velocities found
    system size :  7.500  5.560  6.640 (nm)
    diameter    :  7.916               (nm)
    center      : 20.211 19.736 21.486 (nm)
    box vectors : 41.160 41.160 41.160 (nm)
    box angles  :  90.00  90.00  90.00 (degrees)
    box volume  :69733.01               (nm^3)
    shift       :-16.095-15.620-17.370 (nm)
new center      :  4.116  4.116  4.116 (nm)
new box vectors :  8.232  8.232  8.232 (nm)
new box angles  :  90.00  90.00  90.00 (degrees)
new box volume  : 557.86               (nm^3)
Select group for output
Selected 0: 'System'
Read 1005 atoms
Volume: 69733 nm^3, corresponds to roughly 31379800 electrons
No velocities found
    system size :  7.990  6.830  6.880 (nm)
    diameter    :  8.013               (nm)
    center      : 21.300 20.553 19.761 (nm)
    box vectors : 41.160 41.160 41.160 (nm)
    box angles  :  90.00  90.00  90.00 (degrees)
    box volume  :69733.01               (nm^3)
    shift       :-17.184-16.437-15.645 (nm)
new center      :  4.116  4.116  4.116 (nm)
new box vectors :  8.232  8.232  8.232 (nm)
new box angles  :  90.00  90.00  90.00 (degrees)
new box volume  : 557.86               (nm^3)
Select group for output
Selected 0: 'System'
