Read 600 atoms
Volume: 40503.5 nm^3, corresponds to roughly 18226500 electrons
No velocities found
    system size :  3.250  4.720  6.650 (nm)
    diameter    :  6.698               (nm)
    center      : 17.120 16.655 17.472 (nm)
    box vectors : 34.342 34.342 34.342 (nm)
    box angles  :  90.00  90.00  90.00 (degrees)
    box volume  :40503.48               (nm^3)
    shift       :-13.685-13.221-14.038 (nm)
new center      :  3.434  3.434  3.434 (nm)
new box vectors :  6.868  6.868  6.868 (nm)
new box angles  :  90.00  90.00  90.00 (degrees)
new box volume  : 324.03               (nm^3)
Select group for output
Selected 0: 'System'
Read 600 atoms
Volume: 40503.5 nm^3, corresponds to roughly 18226500 electrons
No velocities found
    system size :  5.970  5.350  6.070 (nm)
    diameter    :  6.743               (nm)
    center      : 16.274 17.368 17.630 (nm)
    box vectors : 34.342 34.342 34.342 (nm)
    box angles  :  90.00  90.00  90.00 (degrees)
    box volume  :40503.48               (nm^3)
    shift       :-12.840-13.934-14.196 (nm)
new center      :  3.434  3.434  3.434 (nm)
new box vectors :  6.868  6.868  6.868 (nm)
new box angles  :  90.00  90.00  90.00 (degrees)
new box volume  : 324.03               (nm^3)
Select group for output
Selected 0: 'System'
Read 600 atoms
Volume: 40503.5 nm^3, corresponds to roughly 18226500 electrons
No velocities found
    system size :  4.430  3.810  6.110 (nm)
    diameter    :  6.435               (nm)
    center      : 18.630 16.830 17.704 (nm)
    box vectors : 34.342 34.342 34.342 (nm)
    box angles  :  90.00  90.00  90.00 (degrees)
    box volume  :40503.48               (nm^3)
    shift       :-15.195-13.395-14.270 (nm)
new center      :  3.434  3.434  3.434 (nm)
new box vectors :  6.868  6.868  6.868 (nm)
new box angles  :  90.00  90.00  90.00 (degrees)
new box volume  : 324.03               (nm^3)
Select group for output
Selected 0: 'System'
Read 600 atoms
Volume: 40503.5 nm^3, corresponds to roughly 18226500 electrons
No velocities found
    system size :  5.230  5.140  6.630 (nm)
    diameter    :  6.678               (nm)
    center      : 17.765 17.450 17.635 (nm)
    box vectors : 34.342 34.342 34.342 (nm)
    box angles  :  90.00  90.00  90.00 (degrees)
    box volume  :40503.48               (nm^3)
    shift       :-14.331-14.016-14.200 (nm)
new center      :  3.434  3.434  3.434 (nm)
new box vectors :  6.868  6.868  6.868 (nm)
new box angles  :  90.00  90.00  90.00 (degrees)
new box volume  : 324.03               (nm^3)
