Read 600 atoms
Volume: 40503.5 nm^3, corresponds to roughly 18226500 electrons
No velocities found
    system size :  6.600  5.470  5.180 (nm)
    diameter    :  6.738               (nm)
    center      : 17.752 16.287 16.978 (nm)
    box vectors : 34.342 34.342 34.342 (nm)
    box angles  :  90.00  90.00  90.00 (degrees)
    box volume  :40503.48               (nm^3)
    shift       :-13.918-12.453-13.144 (nm)
new center      :  3.834  3.834  3.834 (nm)
new box vectors :  7.668  7.668  7.668 (nm)
new box angles  :  90.00  90.00  90.00 (degrees)
new box volume  : 450.95               (nm^3)
Select group for output
Selected 0: 'System'
Read 600 atoms
Volume: 40503.5 nm^3, corresponds to roughly 18226500 electrons
No velocities found
    system size :  5.580  6.230  5.670 (nm)
    diameter    :  6.713               (nm)
    center      : 16.325 16.840 17.663 (nm)
    box vectors : 34.342 34.342 34.342 (nm)
    box angles  :  90.00  90.00  90.00 (degrees)
    box volume  :40503.48               (nm^3)
    shift       :-12.491-13.006-13.829 (nm)
new center      :  3.834  3.834  3.834 (nm)
new box vectors :  7.668  7.668  7.668 (nm)
new box angles  :  90.00  90.00  90.00 (degrees)
new box volume  : 450.95               (nm^3)
Select group for output
Selected 0: 'System'
Read 600 atoms
Volume: 40503.5 nm^3, corresponds to roughly 18226500 electrons
No velocities found
    system size :  6.470  5.290  5.250 (nm)
    diameter    :  6.613               (nm)
    center      : 17.110 17.394 18.089 (nm)
    box vectors : 34.342 34.342 34.342 (nm)
    box angles  :  90.00  90.00  90.00 (degrees)
    box volume  :40503.48               (nm^3)
    shift       :-13.276-13.560-14.255 (nm)
new center      :  3.834  3.834  3.834 (nm)
new box vectors :  7.668  7.668  7.668 (nm)
new box angles  :  90.00  90.00  90.00 (degrees)
new box volume  : 450.95               (nm^3)
Select group for output
Selected 0: 'System'
Read 600 atoms
Volume: 40503.5 nm^3, corresponds to roughly 18226500 electrons
No velocities found
    system size :  6.290  4.690  4.990 (nm)
    diameter    :  6.642               (nm)
    center      : 16.663 18.145 16.655 (nm)
    box vectors : 34.342 34.342 34.342 (nm)
    box angles  :  90.00  90.00  90.00 (degrees)
    box volume  :40503.48               (nm^3)
    shift       :-12.829-14.310-12.820 (nm)
new center      :  3.834  3.834  3.834 (nm)
new box vectors :  7.668  7.668  7.668 (nm)
new box angles  :  90.00  90.00  90.00 (degrees)
new box volume  : 450.95               (nm^3)
Select group for output
Selected 0: 'System'
Read 600 atoms
Volume: 40503.5 nm^3, corresponds to roughly 18226500 electrons
No velocities found
    system size :  4.050  5.030  6.240 (nm)
    diameter    :  6.518               (nm)
    center      : 18.339 16.668 18.133 (nm)
    box vectors : 34.342 34.342 34.342 (nm)
    box angles  :  90.00  90.00  90.00 (degrees)
    box volume  :40503.48               (nm^3)
    shift       :-14.505-12.833-14.299 (nm)
new center      :  3.834  3.834  3.834 (nm)
new box vectors :  7.668  7.668  7.668 (nm)
new box angles  :  90.00  90.00  90.00 (degrees)
new box volume  : 450.95               (nm^3)
Select group for output
Selected 0: 'System'
