Read 600 atoms
Volume: 40503.5 nm^3, corresponds to roughly 18226500 electrons
No velocities found
    system size :  4.520  5.030  5.200 (nm)
    diameter    :  6.248               (nm)
    center      : 18.275 18.379 16.606 (nm)
    box vectors : 34.342 34.342 34.342 (nm)
    box angles  :  90.00  90.00  90.00 (degrees)
    box volume  :40503.48               (nm^3)
    shift       :-13.041-13.144-11.372 (nm)
new center      :  5.234  5.234  5.234 (nm)
new box vectors : 10.469 10.469 10.469 (nm)
new box angles  :  90.00  90.00  90.00 (degrees)
new box volume  :1147.24               (nm^3)
Select group for output
Selected 0: 'System'
Read 600 atoms
Volume: 40503.5 nm^3, corresponds to roughly 18226500 electrons
No velocities found
    system size :  4.750  5.640  6.330 (nm)
    diameter    :  6.705               (nm)
    center      : 18.004 16.574 16.893 (nm)
    box vectors : 34.342 34.342 34.342 (nm)
    box angles  :  90.00  90.00  90.00 (degrees)
    box volume  :40503.48               (nm^3)
    shift       :-12.770-11.340-11.659 (nm)
new center      :  5.234  5.234  5.234 (nm)
new box vectors : 10.469 10.469 10.469 (nm)
new box angles  :  90.00  90.00  90.00 (degrees)
new box volume  :1147.24               (nm^3)
Select group for output
Selected 0: 'System'
Read 600 atoms
Volume: 40503.5 nm^3, corresponds to roughly 18226500 electrons
No velocities found
    system size :  4.780  5.030  5.310 (nm)
    diameter    :  6.476               (nm)
    center      : 15.776 16.109 17.492 (nm)
    box vectors : 34.342 34.342 34.342 (nm)
    box angles  :  90.00  90.00  90.00 (degrees)
    box volume  :40503.48               (nm^3)
    shift       :-10.541-10.875-12.258 (nm)
new center      :  5.234  5.234  5.234 (nm)
new box vectors : 10.469 10.469 10.469 (nm)
new box angles  :  90.00  90.00  90.00 (degrees)
new box volume  :1147.24               (nm^3)
Select group for output
Selected 0: 'System'
Read 600 atoms
Volume: 40503.5 nm^3, corresponds to roughly 18226500 electrons
No velocities found
    system size :  6.190  5.080  6.570 (nm)
    diameter    :  6.795               (nm)
    center      : 17.170 17.460 16.968 (nm)
    box vectors : 34.342 34.342 34.342 (nm)
    box angles  :  90.00  90.00  90.00 (degrees)
    box volume  :40503.48               (nm^3)
    shift       :-11.936-12.226-11.734 (nm)
new center      :  5.234  5.234  5.234 (nm)
new box vectors : 10.469 10.469 10.469 (nm)
new box angles  :  90.00  90.00  90.00 (degrees)
new box volume  :1147.24               (nm^3)
Select group for output
Selected 0: 'System'
Read 600 atoms
Volume: 40503.5 nm^3, corresponds to roughly 18226500 electrons
No velocities found
    system size :  5.500  4.450  5.800 (nm)
    diameter    :  6.788               (nm)
    center      : 18.171 17.047 17.233 (nm)
    box vectors : 34.342 34.342 34.342 (nm)
    box angles  :  90.00  90.00  90.00 (degrees)
    box volume  :40503.48               (nm^3)
    shift       :-12.937-11.813-11.999 (nm)
new center      :  5.234  5.234  5.234 (nm)
new box vectors : 10.469 10.469 10.469 (nm)
new box angles  :  90.00  90.00  90.00 (degrees)
new box volume  :1147.24               (nm^3)
Select group for output
Selected 0: 'System'
