Read 600 atoms
Volume: 40503.5 nm^3, corresponds to roughly 18226500 electrons
No velocities found
    system size :  4.420  4.630  6.410 (nm)
    diameter    :  6.631               (nm)
    center      : 15.850 17.947 17.754 (nm)
    box vectors : 34.342 34.342 34.342 (nm)
    box angles  :  90.00  90.00  90.00 (degrees)
    box volume  :40503.48               (nm^3)
    shift       :-10.616-12.712-12.520 (nm)
new center      :  5.234  5.234  5.234 (nm)
new box vectors : 10.469 10.469 10.469 (nm)
new box angles  :  90.00  90.00  90.00 (degrees)
new box volume  :1147.24               (nm^3)
Select group for output
Selected 0: 'System'
Read 600 atoms
Volume: 40503.5 nm^3, corresponds to roughly 18226500 electrons
No velocities found
    system size :  4.830  5.410  6.690 (nm)
    diameter    :  6.709               (nm)
    center      : 16.554 18.270 17.069 (nm)
    box vectors : 34.342 34.342 34.342 (nm)
    box angles  :  90.00  90.00  90.00 (degrees)
    box volume  :40503.48               (nm^3)
    shift       :-11.319-13.036-11.835 (nm)
new center      :  5.234  5.234  5.234 (nm)
new box vectors : 10.469 10.469 10.469 (nm)
new box angles  :  90.00  90.00  90.00 (degrees)
new box volume  :1147.24               (nm^3)
Select group for output
Selected 0: 'System'
Read 600 atoms
Volume: 40503.5 nm^3, corresponds to roughly 18226500 electrons
No velocities found
    system size :  3.740  5.040  5.820 (nm)
    diameter    :  6.480               (nm)
    center      : 17.304 16.100 16.282 (nm)
    box vectors : 34.342 34.342 34.342 (nm)
    box angles  :  90.00  90.00  90.00 (degrees)
    box volume  :40503.48               (nm^3)
    shift       :-12.069-10.866-11.048 (nm)
new center      :  5.234  5.234  5.234 (nm)
new box vectors : 10.469 10.469 10.469 (nm)
new box angles  :  90.00  90.00  90.00 (degrees)
new box volume  :1147.24               (nm^3)
Select group for output
Selected 0: 'System'
Read 600 atoms
Volume: 40503.5 nm^3, corresponds to roughly 18226500 electrons
No velocities found
    system size :  5.630  3.780  5.170 (nm)
    diameter    :  5.957               (nm)
    center      : 17.000 15.486 16.477 (nm)
    box vectors : 34.342 34.342 34.342 (nm)
    box angles  :  90.00  90.00  90.00 (degrees)
    box volume  :40503.48               (nm^3)
    shift       :-11.766-10.252-11.243 (nm)
new center      :  5.234  5.234  5.234 (nm)
new box vectors : 10.469 10.469 10.469 (nm)
new box angles  :  90.00  90.00  90.00 (degrees)
new box volume  :1147.24               (nm^3)
Select group for output
Selected 0: 'System'
Read 600 atoms
Volume: 40503.5 nm^3, corresponds to roughly 18226500 electrons
No velocities found
    system size :  5.520  4.060  5.480 (nm)
    diameter    :  6.018               (nm)
    center      : 17.968 15.478 17.483 (nm)
    box vectors : 34.342 34.342 34.342 (nm)
    box angles  :  90.00  90.00  90.00 (degrees)
    box volume  :40503.48               (nm^3)
    shift       :-12.734-10.244-12.249 (nm)
new center      :  5.234  5.234  5.234 (nm)
new box vectors : 10.469 10.469 10.469 (nm)
new box angles  :  90.00  90.00  90.00 (degrees)
new box volume  :1147.24               (nm^3)
Select group for output
Selected 0: 'System'
