init: 6114434
a_0_120.28_0_PC_BigMDSteps_1: 6114435
a_0_120.28_0_PC_BigMDSteps_1: 6114436
a_0_120.28_0_PC_BigMDSteps_1: 6114437
a_0_120.28_0_PC_BigMDSteps_1: 6114438
a_0_120.28_0_PC_BigMDSteps_1: 6114439
a_0_120.28_0_PC_BigMDSteps_1: 6114440
a_0_120.28_0_PC_BigMDSteps_1: 6114441
a_0_120.28_0_PC_BigMDSteps_1: 6114442
a_0_120.28_0_PC_BigMDSteps_1: 6114443
a_0_120.28_0_PC_BigMDSteps_1: 6114444
b_0_120.28_0_PC_BigMDSteps: 6114445
a_0_120.28_1_PC_BigMDSteps_1: 6114446
a_0_120.28_1_PC_BigMDSteps_1: 6114447
a_0_120.28_1_PC_BigMDSteps_1: 6114448
a_0_120.28_1_PC_BigMDSteps_1: 6114449
a_0_120.28_1_PC_BigMDSteps_1: 6114450
a_0_120.28_1_PC_BigMDSteps_1: 6114451
a_0_120.28_1_PC_BigMDSteps_1: 6114452
a_0_120.28_1_PC_BigMDSteps_1: 6114453
a_0_120.28_1_PC_BigMDSteps_1: 6114454
a_0_120.28_1_PC_BigMDSteps_1: 6114455
b_0_120.28_1_PC_BigMDSteps: 6114456
a_0_120.28_2_PC_BigMDSteps_1: 6114457
a_0_120.28_2_PC_BigMDSteps_1: 6114458
a_0_120.28_2_PC_BigMDSteps_1: 6114459
a_0_120.28_2_PC_BigMDSteps_1: 6114460
a_0_120.28_2_PC_BigMDSteps_1: 6114461
a_0_120.28_2_PC_BigMDSteps_1: 6114462
a_0_120.28_2_PC_BigMDSteps_1: 6114463
a_0_120.28_2_PC_BigMDSteps_1: 6114464
a_0_120.28_2_PC_BigMDSteps_1: 6114465
a_0_120.28_2_PC_BigMDSteps_1: 6114466
b_0_120.28_2_PC_BigMDSteps: 6114467
a_0_120.28_3_PC_BigMDSteps_1: 6114468
a_0_120.28_3_PC_BigMDSteps_1: 6114469
a_0_120.28_3_PC_BigMDSteps_1: 6114470
a_0_120.28_3_PC_BigMDSteps_1: 6114471
a_0_120.28_3_PC_BigMDSteps_1: 6114472
a_0_120.28_3_PC_BigMDSteps_1: 6114473
a_0_120.28_3_PC_BigMDSteps_1: 6114474
a_0_120.28_3_PC_BigMDSteps_1: 6114475
a_0_120.28_3_PC_BigMDSteps_1: 6114476
a_0_120.28_3_PC_BigMDSteps_1: 6114477
b_0_120.28_3_PC_BigMDSteps: 6114478
a_0_120.28_4_PC_BigMDSteps_1: 6114479
a_0_120.28_4_PC_BigMDSteps_1: 6114480
a_0_120.28_4_PC_BigMDSteps_1: 6114481
a_0_120.28_4_PC_BigMDSteps_1: 6114482
a_0_120.28_4_PC_BigMDSteps_1: 6114483
a_0_120.28_4_PC_BigMDSteps_1: 6114484
a_0_120.28_4_PC_BigMDSteps_1: 6114485
a_0_120.28_4_PC_BigMDSteps_1: 6114486
a_0_120.28_4_PC_BigMDSteps_1: 6114487
a_0_120.28_4_PC_BigMDSteps_1: 6114488
b_0_120.28_4_PC_BigMDSteps: 6114489
a_0_120.28_5_PC_BigMDSteps_1: 6114490
a_0_120.28_5_PC_BigMDSteps_1: 6114491
a_0_120.28_5_PC_BigMDSteps_1: 6114492
a_0_120.28_5_PC_BigMDSteps_1: 6114493
a_0_120.28_5_PC_BigMDSteps_1: 6114494
a_0_120.28_5_PC_BigMDSteps_1: 6114495
a_0_120.28_5_PC_BigMDSteps_1: 6114496
a_0_120.28_5_PC_BigMDSteps_1: 6114497
a_0_120.28_5_PC_BigMDSteps_1: 6114498
a_0_120.28_5_PC_BigMDSteps_1: 6114499
b_0_120.28_5_PC_BigMDSteps: 6114500
a_0_120.28_6_PC_BigMDSteps_1: 6114501
a_0_120.28_6_PC_BigMDSteps_1: 6114502
a_0_120.28_6_PC_BigMDSteps_1: 6114503
a_0_120.28_6_PC_BigMDSteps_1: 6114504
a_0_120.28_6_PC_BigMDSteps_1: 6114505
a_0_120.28_6_PC_BigMDSteps_1: 6114506
a_0_120.28_6_PC_BigMDSteps_1: 6114507
a_0_120.28_6_PC_BigMDSteps_1: 6114508
a_0_120.28_6_PC_BigMDSteps_1: 6114509
a_0_120.28_6_PC_BigMDSteps_1: 6114510
b_0_120.28_6_PC_BigMDSteps: 6114511
a_0_120.28_7_PC_BigMDSteps_1: 6114512
a_0_120.28_7_PC_BigMDSteps_1: 6114513
a_0_120.28_7_PC_BigMDSteps_1: 6114514
a_0_120.28_7_PC_BigMDSteps_1: 6114515
a_0_120.28_7_PC_BigMDSteps_1: 6114516
a_0_120.28_7_PC_BigMDSteps_1: 6114517
a_0_120.28_7_PC_BigMDSteps_1: 6114518
a_0_120.28_7_PC_BigMDSteps_1: 6114519
a_0_120.28_7_PC_BigMDSteps_1: 6114520
a_0_120.28_7_PC_BigMDSteps_1: 6114521
b_0_120.28_7_PC_BigMDSteps: 6114522
a_0_120.28_8_PC_BigMDSteps_1: 6114523
a_0_120.28_8_PC_BigMDSteps_1: 6114524
a_0_120.28_8_PC_BigMDSteps_1: 6114525
a_0_120.28_8_PC_BigMDSteps_1: 6114526
a_0_120.28_8_PC_BigMDSteps_1: 6114527
a_0_120.28_8_PC_BigMDSteps_1: 6114528
a_0_120.28_8_PC_BigMDSteps_1: 6114529
a_0_120.28_8_PC_BigMDSteps_1: 6114530
a_0_120.28_8_PC_BigMDSteps_1: 6114531
a_0_120.28_8_PC_BigMDSteps_1: 6114532
b_0_120.28_8_PC_BigMDSteps: 6114533
a_0_120.28_9_PC_BigMDSteps_1: 6114534
a_0_120.28_9_PC_BigMDSteps_1: 6114535
a_0_120.28_9_PC_BigMDSteps_1: 6114536
a_0_120.28_9_PC_BigMDSteps_1: 6114537
a_0_120.28_9_PC_BigMDSteps_1: 6114538
a_0_120.28_9_PC_BigMDSteps_1: 6114539
a_0_120.28_9_PC_BigMDSteps_1: 6114540
a_0_120.28_9_PC_BigMDSteps_1: 6114541
a_0_120.28_9_PC_BigMDSteps_1: 6114542
a_0_120.28_9_PC_BigMDSteps_1: 6114543
b_0_120.28_9_PC_BigMDSteps: 6114544
6114445,6114456,6114467,6114478,6114489,6114500,6114511,6114522,6114533,6114544
a_-1_f_PC_BigMDSteps: 6114545
a_1_120.28_0_PC_BigMDSteps_1: 6114546
a_1_120.28_0_PC_BigMDSteps_1: 6114547
a_1_120.28_0_PC_BigMDSteps_1: 6114548
a_1_120.28_0_PC_BigMDSteps_1: 6114549
a_1_120.28_0_PC_BigMDSteps_1: 6114550
a_1_120.28_0_PC_BigMDSteps_1: 6114551
a_1_120.28_0_PC_BigMDSteps_1: 6114552
a_1_120.28_0_PC_BigMDSteps_1: 6114553
a_1_120.28_0_PC_BigMDSteps_1: 6114554
a_1_120.28_0_PC_BigMDSteps_1: 6114555
b_1_120.28_0_PC_BigMDSteps: 6114556
a_1_120.28_1_PC_BigMDSteps_1: 6114557
a_1_120.28_1_PC_BigMDSteps_1: 6114558
a_1_120.28_1_PC_BigMDSteps_1: 6114559
a_1_120.28_1_PC_BigMDSteps_1: 6114560
a_1_120.28_1_PC_BigMDSteps_1: 6114561
a_1_120.28_1_PC_BigMDSteps_1: 6114562
a_1_120.28_1_PC_BigMDSteps_1: 6114563
a_1_120.28_1_PC_BigMDSteps_1: 6114564
a_1_120.28_1_PC_BigMDSteps_1: 6114565
a_1_120.28_1_PC_BigMDSteps_1: 6114566
b_1_120.28_1_PC_BigMDSteps: 6114567
a_1_120.28_2_PC_BigMDSteps_1: 6114568
a_1_120.28_2_PC_BigMDSteps_1: 6114569
a_1_120.28_2_PC_BigMDSteps_1: 6114570
a_1_120.28_2_PC_BigMDSteps_1: 6114571
a_1_120.28_2_PC_BigMDSteps_1: 6114572
a_1_120.28_2_PC_BigMDSteps_1: 6114573
a_1_120.28_2_PC_BigMDSteps_1: 6114574
a_1_120.28_2_PC_BigMDSteps_1: 6114575
a_1_120.28_2_PC_BigMDSteps_1: 6114576
a_1_120.28_2_PC_BigMDSteps_1: 6114577
b_1_120.28_2_PC_BigMDSteps: 6114578
a_1_120.28_3_PC_BigMDSteps_1: 6114579
a_1_120.28_3_PC_BigMDSteps_1: 6114580
a_1_120.28_3_PC_BigMDSteps_1: 6114581
a_1_120.28_3_PC_BigMDSteps_1: 6114582
a_1_120.28_3_PC_BigMDSteps_1: 6114583
a_1_120.28_3_PC_BigMDSteps_1: 6114584
a_1_120.28_3_PC_BigMDSteps_1: 6114585
a_1_120.28_3_PC_BigMDSteps_1: 6114586
a_1_120.28_3_PC_BigMDSteps_1: 6114587
a_1_120.28_3_PC_BigMDSteps_1: 6114588
b_1_120.28_3_PC_BigMDSteps: 6114589
a_1_120.28_4_PC_BigMDSteps_1: 6114590
a_1_120.28_4_PC_BigMDSteps_1: 6114591
a_1_120.28_4_PC_BigMDSteps_1: 6114592
a_1_120.28_4_PC_BigMDSteps_1: 6114593
a_1_120.28_4_PC_BigMDSteps_1: 6114594
a_1_120.28_4_PC_BigMDSteps_1: 6114595
a_1_120.28_4_PC_BigMDSteps_1: 6114596
a_1_120.28_4_PC_BigMDSteps_1: 6114597
a_1_120.28_4_PC_BigMDSteps_1: 6114598
a_1_120.28_4_PC_BigMDSteps_1: 6114599
b_1_120.28_4_PC_BigMDSteps: 6114600
a_1_120.28_5_PC_BigMDSteps_1: 6114601
a_1_120.28_5_PC_BigMDSteps_1: 6114602
a_1_120.28_5_PC_BigMDSteps_1: 6114603
a_1_120.28_5_PC_BigMDSteps_1: 6114604
a_1_120.28_5_PC_BigMDSteps_1: 6114605
a_1_120.28_5_PC_BigMDSteps_1: 6114606
a_1_120.28_5_PC_BigMDSteps_1: 6114607
a_1_120.28_5_PC_BigMDSteps_1: 6114608
a_1_120.28_5_PC_BigMDSteps_1: 6114609
a_1_120.28_5_PC_BigMDSteps_1: 6114610
b_1_120.28_5_PC_BigMDSteps: 6114611
a_1_120.28_6_PC_BigMDSteps_1: 6114612
a_1_120.28_6_PC_BigMDSteps_1: 6114613
a_1_120.28_6_PC_BigMDSteps_1: 6114614
a_1_120.28_6_PC_BigMDSteps_1: 6114615
a_1_120.28_6_PC_BigMDSteps_1: 6114616
a_1_120.28_6_PC_BigMDSteps_1: 6114617
a_1_120.28_6_PC_BigMDSteps_1: 6114618
a_1_120.28_6_PC_BigMDSteps_1: 6114619
a_1_120.28_6_PC_BigMDSteps_1: 6114620
a_1_120.28_6_PC_BigMDSteps_1: 6114621
b_1_120.28_6_PC_BigMDSteps: 6114622
a_1_120.28_7_PC_BigMDSteps_1: 6114623
a_1_120.28_7_PC_BigMDSteps_1: 6114624
a_1_120.28_7_PC_BigMDSteps_1: 6114625
a_1_120.28_7_PC_BigMDSteps_1: 6114626
a_1_120.28_7_PC_BigMDSteps_1: 6114627
a_1_120.28_7_PC_BigMDSteps_1: 6114628
a_1_120.28_7_PC_BigMDSteps_1: 6114629
a_1_120.28_7_PC_BigMDSteps_1: 6114630
a_1_120.28_7_PC_BigMDSteps_1: 6114631
a_1_120.28_7_PC_BigMDSteps_1: 6114632
b_1_120.28_7_PC_BigMDSteps: 6114633
a_1_120.28_8_PC_BigMDSteps_1: 6114634
a_1_120.28_8_PC_BigMDSteps_1: 6114635
a_1_120.28_8_PC_BigMDSteps_1: 6114636
a_1_120.28_8_PC_BigMDSteps_1: 6114637
a_1_120.28_8_PC_BigMDSteps_1: 6114638
a_1_120.28_8_PC_BigMDSteps_1: 6114639
a_1_120.28_8_PC_BigMDSteps_1: 6114640
a_1_120.28_8_PC_BigMDSteps_1: 6114641
a_1_120.28_8_PC_BigMDSteps_1: 6114642
a_1_120.28_8_PC_BigMDSteps_1: 6114643
b_1_120.28_8_PC_BigMDSteps: 6114644
a_1_120.28_9_PC_BigMDSteps_1: 6114645
a_1_120.28_9_PC_BigMDSteps_1: 6114646
a_1_120.28_9_PC_BigMDSteps_1: 6114647
a_1_120.28_9_PC_BigMDSteps_1: 6114648
a_1_120.28_9_PC_BigMDSteps_1: 6114649
a_1_120.28_9_PC_BigMDSteps_1: 6114650
a_1_120.28_9_PC_BigMDSteps_1: 6114651
a_1_120.28_9_PC_BigMDSteps_1: 6114652
a_1_120.28_9_PC_BigMDSteps_1: 6114653
a_1_120.28_9_PC_BigMDSteps_1: 6114654
b_1_120.28_9_PC_BigMDSteps: 6114655
6114556,6114567,6114578,6114589,6114600,6114611,6114622,6114633,6114644,6114655
a_0_f_PC_BigMDSteps: 6114656
a_2_120.28_0_PC_BigMDSteps_1: 6114657
a_2_120.28_0_PC_BigMDSteps_1: 6114658
a_2_120.28_0_PC_BigMDSteps_1: 6114659
a_2_120.28_0_PC_BigMDSteps_1: 6114660
a_2_120.28_0_PC_BigMDSteps_1: 6114661
a_2_120.28_0_PC_BigMDSteps_1: 6114662
a_2_120.28_0_PC_BigMDSteps_1: 6114663
a_2_120.28_0_PC_BigMDSteps_1: 6114664
a_2_120.28_0_PC_BigMDSteps_1: 6114665
a_2_120.28_0_PC_BigMDSteps_1: 6114666
b_2_120.28_0_PC_BigMDSteps: 6114667
a_2_120.28_1_PC_BigMDSteps_1: 6114668
a_2_120.28_1_PC_BigMDSteps_1: 6114669
a_2_120.28_1_PC_BigMDSteps_1: 6114670
a_2_120.28_1_PC_BigMDSteps_1: 6114671
a_2_120.28_1_PC_BigMDSteps_1: 6114672
a_2_120.28_1_PC_BigMDSteps_1: 6114673
a_2_120.28_1_PC_BigMDSteps_1: 6114674
a_2_120.28_1_PC_BigMDSteps_1: 6114675
a_2_120.28_1_PC_BigMDSteps_1: 6114676
a_2_120.28_1_PC_BigMDSteps_1: 6114677
b_2_120.28_1_PC_BigMDSteps: 6114678
a_2_120.28_2_PC_BigMDSteps_1: 6114679
a_2_120.28_2_PC_BigMDSteps_1: 6114680
a_2_120.28_2_PC_BigMDSteps_1: 6114681
a_2_120.28_2_PC_BigMDSteps_1: 6114682
a_2_120.28_2_PC_BigMDSteps_1: 6114683
a_2_120.28_2_PC_BigMDSteps_1: 6114684
a_2_120.28_2_PC_BigMDSteps_1: 6114685
a_2_120.28_2_PC_BigMDSteps_1: 6114686
a_2_120.28_2_PC_BigMDSteps_1: 6114687
a_2_120.28_2_PC_BigMDSteps_1: 6114688
b_2_120.28_2_PC_BigMDSteps: 6114689
a_2_120.28_3_PC_BigMDSteps_1: 6114690
a_2_120.28_3_PC_BigMDSteps_1: 6114691
a_2_120.28_3_PC_BigMDSteps_1: 6114692
a_2_120.28_3_PC_BigMDSteps_1: 6114693
a_2_120.28_3_PC_BigMDSteps_1: 6114694
a_2_120.28_3_PC_BigMDSteps_1: 6114695
a_2_120.28_3_PC_BigMDSteps_1: 6114696
a_2_120.28_3_PC_BigMDSteps_1: 6114697
a_2_120.28_3_PC_BigMDSteps_1: 6114698
a_2_120.28_3_PC_BigMDSteps_1: 6114699
b_2_120.28_3_PC_BigMDSteps: 6114700
a_2_120.28_4_PC_BigMDSteps_1: 6114701
a_2_120.28_4_PC_BigMDSteps_1: 6114702
a_2_120.28_4_PC_BigMDSteps_1: 6114703
a_2_120.28_4_PC_BigMDSteps_1: 6114704
a_2_120.28_4_PC_BigMDSteps_1: 6114705
a_2_120.28_4_PC_BigMDSteps_1: 6114706
a_2_120.28_4_PC_BigMDSteps_1: 6114707
a_2_120.28_4_PC_BigMDSteps_1: 6114708
a_2_120.28_4_PC_BigMDSteps_1: 6114709
a_2_120.28_4_PC_BigMDSteps_1: 6114710
b_2_120.28_4_PC_BigMDSteps: 6114711
a_2_120.28_5_PC_BigMDSteps_1: 6114712
a_2_120.28_5_PC_BigMDSteps_1: 6114713
a_2_120.28_5_PC_BigMDSteps_1: 6114714
a_2_120.28_5_PC_BigMDSteps_1: 6114715
a_2_120.28_5_PC_BigMDSteps_1: 6114716
a_2_120.28_5_PC_BigMDSteps_1: 6114717
a_2_120.28_5_PC_BigMDSteps_1: 6114718
a_2_120.28_5_PC_BigMDSteps_1: 6114719
a_2_120.28_5_PC_BigMDSteps_1: 6114720
a_2_120.28_5_PC_BigMDSteps_1: 6114721
b_2_120.28_5_PC_BigMDSteps: 6114722
a_2_120.28_6_PC_BigMDSteps_1: 6114723
a_2_120.28_6_PC_BigMDSteps_1: 6114724
a_2_120.28_6_PC_BigMDSteps_1: 6114725
a_2_120.28_6_PC_BigMDSteps_1: 6114726
a_2_120.28_6_PC_BigMDSteps_1: 6114727
a_2_120.28_6_PC_BigMDSteps_1: 6114728
a_2_120.28_6_PC_BigMDSteps_1: 6114729
a_2_120.28_6_PC_BigMDSteps_1: 6114730
a_2_120.28_6_PC_BigMDSteps_1: 6114731
a_2_120.28_6_PC_BigMDSteps_1: 6114732
b_2_120.28_6_PC_BigMDSteps: 6114733
a_2_120.28_7_PC_BigMDSteps_1: 6114734
a_2_120.28_7_PC_BigMDSteps_1: 6114735
a_2_120.28_7_PC_BigMDSteps_1: 6114736
a_2_120.28_7_PC_BigMDSteps_1: 6114737
a_2_120.28_7_PC_BigMDSteps_1: 6114738
a_2_120.28_7_PC_BigMDSteps_1: 6114739
a_2_120.28_7_PC_BigMDSteps_1: 6114740
a_2_120.28_7_PC_BigMDSteps_1: 6114741
a_2_120.28_7_PC_BigMDSteps_1: 6114742
a_2_120.28_7_PC_BigMDSteps_1: 6114743
b_2_120.28_7_PC_BigMDSteps: 6114744
a_2_120.28_8_PC_BigMDSteps_1: 6114745
a_2_120.28_8_PC_BigMDSteps_1: 6114746
a_2_120.28_8_PC_BigMDSteps_1: 6114747
a_2_120.28_8_PC_BigMDSteps_1: 6114748
a_2_120.28_8_PC_BigMDSteps_1: 6114749
a_2_120.28_8_PC_BigMDSteps_1: 6114750
a_2_120.28_8_PC_BigMDSteps_1: 6114751
a_2_120.28_8_PC_BigMDSteps_1: 6114752
a_2_120.28_8_PC_BigMDSteps_1: 6114753
a_2_120.28_8_PC_BigMDSteps_1: 6114754
b_2_120.28_8_PC_BigMDSteps: 6114755
a_2_120.28_9_PC_BigMDSteps_1: 6114756
a_2_120.28_9_PC_BigMDSteps_1: 6114757
a_2_120.28_9_PC_BigMDSteps_1: 6114758
a_2_120.28_9_PC_BigMDSteps_1: 6114759
a_2_120.28_9_PC_BigMDSteps_1: 6114760
a_2_120.28_9_PC_BigMDSteps_1: 6114761
a_2_120.28_9_PC_BigMDSteps_1: 6114762
a_2_120.28_9_PC_BigMDSteps_1: 6114763
a_2_120.28_9_PC_BigMDSteps_1: 6114764
a_2_120.28_9_PC_BigMDSteps_1: 6114765
b_2_120.28_9_PC_BigMDSteps: 6114766
6114667,6114678,6114689,6114700,6114711,6114722,6114733,6114744,6114755,6114766
a_1_f_PC_BigMDSteps: 6114767
a_3_120.28_0_PC_BigMDSteps_1: 6114768
a_3_120.28_0_PC_BigMDSteps_1: 6114769
a_3_120.28_0_PC_BigMDSteps_1: 6114770
a_3_120.28_0_PC_BigMDSteps_1: 6114771
a_3_120.28_0_PC_BigMDSteps_1: 6114772
a_3_120.28_0_PC_BigMDSteps_1: 6114773
a_3_120.28_0_PC_BigMDSteps_1: 6114774
a_3_120.28_0_PC_BigMDSteps_1: 6114775
a_3_120.28_0_PC_BigMDSteps_1: 6114776
a_3_120.28_0_PC_BigMDSteps_1: 6114777
b_3_120.28_0_PC_BigMDSteps: 6114778
a_3_120.28_1_PC_BigMDSteps_1: 6114779
a_3_120.28_1_PC_BigMDSteps_1: 6114780
a_3_120.28_1_PC_BigMDSteps_1: 6114781
a_3_120.28_1_PC_BigMDSteps_1: 6114782
a_3_120.28_1_PC_BigMDSteps_1: 6114783
a_3_120.28_1_PC_BigMDSteps_1: 6114784
a_3_120.28_1_PC_BigMDSteps_1: 6114785
a_3_120.28_1_PC_BigMDSteps_1: 6114786
a_3_120.28_1_PC_BigMDSteps_1: 6114787
a_3_120.28_1_PC_BigMDSteps_1: 6114788
b_3_120.28_1_PC_BigMDSteps: 6114789
a_3_120.28_2_PC_BigMDSteps_1: 6114790
a_3_120.28_2_PC_BigMDSteps_1: 6114791
a_3_120.28_2_PC_BigMDSteps_1: 6114792
a_3_120.28_2_PC_BigMDSteps_1: 6114793
a_3_120.28_2_PC_BigMDSteps_1: 6114794
a_3_120.28_2_PC_BigMDSteps_1: 6114795
a_3_120.28_2_PC_BigMDSteps_1: 6114796
a_3_120.28_2_PC_BigMDSteps_1: 6114797
a_3_120.28_2_PC_BigMDSteps_1: 6114798
a_3_120.28_2_PC_BigMDSteps_1: 6114799
b_3_120.28_2_PC_BigMDSteps: 6114800
a_3_120.28_3_PC_BigMDSteps_1: 6114801
a_3_120.28_3_PC_BigMDSteps_1: 6114802
a_3_120.28_3_PC_BigMDSteps_1: 6114803
a_3_120.28_3_PC_BigMDSteps_1: 6114804
a_3_120.28_3_PC_BigMDSteps_1: 6114805
a_3_120.28_3_PC_BigMDSteps_1: 6114806
a_3_120.28_3_PC_BigMDSteps_1: 6114807
a_3_120.28_3_PC_BigMDSteps_1: 6114808
a_3_120.28_3_PC_BigMDSteps_1: 6114809
a_3_120.28_3_PC_BigMDSteps_1: 6114810
b_3_120.28_3_PC_BigMDSteps: 6114811
a_3_120.28_4_PC_BigMDSteps_1: 6114812
a_3_120.28_4_PC_BigMDSteps_1: 6114813
a_3_120.28_4_PC_BigMDSteps_1: 6114814
a_3_120.28_4_PC_BigMDSteps_1: 6114815
a_3_120.28_4_PC_BigMDSteps_1: 6114816
a_3_120.28_4_PC_BigMDSteps_1: 6114817
a_3_120.28_4_PC_BigMDSteps_1: 6114818
a_3_120.28_4_PC_BigMDSteps_1: 6114819
a_3_120.28_4_PC_BigMDSteps_1: 6114820
a_3_120.28_4_PC_BigMDSteps_1: 6114821
b_3_120.28_4_PC_BigMDSteps: 6114822
a_3_120.28_5_PC_BigMDSteps_1: 6114823
a_3_120.28_5_PC_BigMDSteps_1: 6114824
a_3_120.28_5_PC_BigMDSteps_1: 6114825
a_3_120.28_5_PC_BigMDSteps_1: 6114826
a_3_120.28_5_PC_BigMDSteps_1: 6114827
a_3_120.28_5_PC_BigMDSteps_1: 6114828
a_3_120.28_5_PC_BigMDSteps_1: 6114829
a_3_120.28_5_PC_BigMDSteps_1: 6114830
a_3_120.28_5_PC_BigMDSteps_1: 6114831
a_3_120.28_5_PC_BigMDSteps_1: 6114832
b_3_120.28_5_PC_BigMDSteps: 6114833
a_3_120.28_6_PC_BigMDSteps_1: 6114834
a_3_120.28_6_PC_BigMDSteps_1: 6114835
a_3_120.28_6_PC_BigMDSteps_1: 6114836
a_3_120.28_6_PC_BigMDSteps_1: 6114837
a_3_120.28_6_PC_BigMDSteps_1: 6114838
a_3_120.28_6_PC_BigMDSteps_1: 6114839
a_3_120.28_6_PC_BigMDSteps_1: 6114840
a_3_120.28_6_PC_BigMDSteps_1: 6114841
a_3_120.28_6_PC_BigMDSteps_1: 6114842
a_3_120.28_6_PC_BigMDSteps_1: 6114843
b_3_120.28_6_PC_BigMDSteps: 6114844
a_3_120.28_7_PC_BigMDSteps_1: 6114845
a_3_120.28_7_PC_BigMDSteps_1: 6114846
a_3_120.28_7_PC_BigMDSteps_1: 6114847
a_3_120.28_7_PC_BigMDSteps_1: 6114848
a_3_120.28_7_PC_BigMDSteps_1: 6114849
a_3_120.28_7_PC_BigMDSteps_1: 6114850
a_3_120.28_7_PC_BigMDSteps_1: 6114851
a_3_120.28_7_PC_BigMDSteps_1: 6114852
a_3_120.28_7_PC_BigMDSteps_1: 6114853
a_3_120.28_7_PC_BigMDSteps_1: 6114854
b_3_120.28_7_PC_BigMDSteps: 6114855
a_3_120.28_8_PC_BigMDSteps_1: 6114856
a_3_120.28_8_PC_BigMDSteps_1: 6114857
a_3_120.28_8_PC_BigMDSteps_1: 6114858
a_3_120.28_8_PC_BigMDSteps_1: 6114859
a_3_120.28_8_PC_BigMDSteps_1: 6114860
a_3_120.28_8_PC_BigMDSteps_1: 6114861
a_3_120.28_8_PC_BigMDSteps_1: 6114862
a_3_120.28_8_PC_BigMDSteps_1: 6114863
a_3_120.28_8_PC_BigMDSteps_1: 6114864
a_3_120.28_8_PC_BigMDSteps_1: 6114865
b_3_120.28_8_PC_BigMDSteps: 6114866
a_3_120.28_9_PC_BigMDSteps_1: 6114867
a_3_120.28_9_PC_BigMDSteps_1: 6114868
a_3_120.28_9_PC_BigMDSteps_1: 6114869
a_3_120.28_9_PC_BigMDSteps_1: 6114870
a_3_120.28_9_PC_BigMDSteps_1: 6114871
a_3_120.28_9_PC_BigMDSteps_1: 6114872
a_3_120.28_9_PC_BigMDSteps_1: 6114873
a_3_120.28_9_PC_BigMDSteps_1: 6114874
a_3_120.28_9_PC_BigMDSteps_1: 6114875
a_3_120.28_9_PC_BigMDSteps_1: 6114876
b_3_120.28_9_PC_BigMDSteps: 6114877
6114778,6114789,6114800,6114811,6114822,6114833,6114844,6114855,6114866,6114877
a_2_f_PC_BigMDSteps: 6114878
a_4_120.28_0_PC_BigMDSteps_1: 6114879
a_4_120.28_0_PC_BigMDSteps_1: 6114880
a_4_120.28_0_PC_BigMDSteps_1: 6114881
a_4_120.28_0_PC_BigMDSteps_1: 6114882
a_4_120.28_0_PC_BigMDSteps_1: 6114883
a_4_120.28_0_PC_BigMDSteps_1: 6114884
a_4_120.28_0_PC_BigMDSteps_1: 6114885
a_4_120.28_0_PC_BigMDSteps_1: 6114886
a_4_120.28_0_PC_BigMDSteps_1: 6114887
a_4_120.28_0_PC_BigMDSteps_1: 6114888
b_4_120.28_0_PC_BigMDSteps: 6114889
a_4_120.28_1_PC_BigMDSteps_1: 6114890
a_4_120.28_1_PC_BigMDSteps_1: 6114891
a_4_120.28_1_PC_BigMDSteps_1: 6114892
a_4_120.28_1_PC_BigMDSteps_1: 6114893
a_4_120.28_1_PC_BigMDSteps_1: 6114894
a_4_120.28_1_PC_BigMDSteps_1: 6114895
a_4_120.28_1_PC_BigMDSteps_1: 6114896
a_4_120.28_1_PC_BigMDSteps_1: 6114897
a_4_120.28_1_PC_BigMDSteps_1: 6114898
a_4_120.28_1_PC_BigMDSteps_1: 6114899
b_4_120.28_1_PC_BigMDSteps: 6114900
a_4_120.28_2_PC_BigMDSteps_1: 6114901
a_4_120.28_2_PC_BigMDSteps_1: 6114902
a_4_120.28_2_PC_BigMDSteps_1: 6114903
a_4_120.28_2_PC_BigMDSteps_1: 6114904
a_4_120.28_2_PC_BigMDSteps_1: 6114905
a_4_120.28_2_PC_BigMDSteps_1: 6114906
a_4_120.28_2_PC_BigMDSteps_1: 6114907
a_4_120.28_2_PC_BigMDSteps_1: 6114908
a_4_120.28_2_PC_BigMDSteps_1: 6114909
a_4_120.28_2_PC_BigMDSteps_1: 6114910
b_4_120.28_2_PC_BigMDSteps: 6114911
a_4_120.28_3_PC_BigMDSteps_1: 6114912
a_4_120.28_3_PC_BigMDSteps_1: 6114913
a_4_120.28_3_PC_BigMDSteps_1: 6114914
a_4_120.28_3_PC_BigMDSteps_1: 6114915
a_4_120.28_3_PC_BigMDSteps_1: 6114916
a_4_120.28_3_PC_BigMDSteps_1: 6114917
a_4_120.28_3_PC_BigMDSteps_1: 6114918
a_4_120.28_3_PC_BigMDSteps_1: 6114919
a_4_120.28_3_PC_BigMDSteps_1: 6114920
a_4_120.28_3_PC_BigMDSteps_1: 6114921
b_4_120.28_3_PC_BigMDSteps: 6114922
a_4_120.28_4_PC_BigMDSteps_1: 6114923
a_4_120.28_4_PC_BigMDSteps_1: 6114924
a_4_120.28_4_PC_BigMDSteps_1: 6114925
a_4_120.28_4_PC_BigMDSteps_1: 6114926
a_4_120.28_4_PC_BigMDSteps_1: 6114927
a_4_120.28_4_PC_BigMDSteps_1: 6114928
a_4_120.28_4_PC_BigMDSteps_1: 6114929
a_4_120.28_4_PC_BigMDSteps_1: 6114930
a_4_120.28_4_PC_BigMDSteps_1: 6114931
a_4_120.28_4_PC_BigMDSteps_1: 6114932
b_4_120.28_4_PC_BigMDSteps: 6114933
a_4_120.28_5_PC_BigMDSteps_1: 6114934
a_4_120.28_5_PC_BigMDSteps_1: 6114935
a_4_120.28_5_PC_BigMDSteps_1: 6114936
a_4_120.28_5_PC_BigMDSteps_1: 6114937
a_4_120.28_5_PC_BigMDSteps_1: 6114938
a_4_120.28_5_PC_BigMDSteps_1: 6114939
a_4_120.28_5_PC_BigMDSteps_1: 6114940
a_4_120.28_5_PC_BigMDSteps_1: 6114941
a_4_120.28_5_PC_BigMDSteps_1: 6114942
a_4_120.28_5_PC_BigMDSteps_1: 6114943
b_4_120.28_5_PC_BigMDSteps: 6114944
a_4_120.28_6_PC_BigMDSteps_1: 6114945
a_4_120.28_6_PC_BigMDSteps_1: 6114946
a_4_120.28_6_PC_BigMDSteps_1: 6114947
a_4_120.28_6_PC_BigMDSteps_1: 6114948
a_4_120.28_6_PC_BigMDSteps_1: 6114949
a_4_120.28_6_PC_BigMDSteps_1: 6114950
a_4_120.28_6_PC_BigMDSteps_1: 6114951
a_4_120.28_6_PC_BigMDSteps_1: 6114952
a_4_120.28_6_PC_BigMDSteps_1: 6114953
a_4_120.28_6_PC_BigMDSteps_1: 6114954
b_4_120.28_6_PC_BigMDSteps: 6114955
a_4_120.28_7_PC_BigMDSteps_1: 6114956
a_4_120.28_7_PC_BigMDSteps_1: 6114957
a_4_120.28_7_PC_BigMDSteps_1: 6114958
a_4_120.28_7_PC_BigMDSteps_1: 6114959
a_4_120.28_7_PC_BigMDSteps_1: 6114960
a_4_120.28_7_PC_BigMDSteps_1: 6114961
a_4_120.28_7_PC_BigMDSteps_1: 6114962
a_4_120.28_7_PC_BigMDSteps_1: 6114963
a_4_120.28_7_PC_BigMDSteps_1: 6114964
a_4_120.28_7_PC_BigMDSteps_1: 6114965
b_4_120.28_7_PC_BigMDSteps: 6114966
a_4_120.28_8_PC_BigMDSteps_1: 6114967
a_4_120.28_8_PC_BigMDSteps_1: 6114968
a_4_120.28_8_PC_BigMDSteps_1: 6114969
a_4_120.28_8_PC_BigMDSteps_1: 6114970
a_4_120.28_8_PC_BigMDSteps_1: 6114971
a_4_120.28_8_PC_BigMDSteps_1: 6114972
a_4_120.28_8_PC_BigMDSteps_1: 6114973
a_4_120.28_8_PC_BigMDSteps_1: 6114974
a_4_120.28_8_PC_BigMDSteps_1: 6114975
a_4_120.28_8_PC_BigMDSteps_1: 6114976
b_4_120.28_8_PC_BigMDSteps: 6114977
a_4_120.28_9_PC_BigMDSteps_1: 6114978
a_4_120.28_9_PC_BigMDSteps_1: 6114979
a_4_120.28_9_PC_BigMDSteps_1: 6114980
a_4_120.28_9_PC_BigMDSteps_1: 6114981
a_4_120.28_9_PC_BigMDSteps_1: 6114982
a_4_120.28_9_PC_BigMDSteps_1: 6114983
a_4_120.28_9_PC_BigMDSteps_1: 6114984
a_4_120.28_9_PC_BigMDSteps_1: 6114985
a_4_120.28_9_PC_BigMDSteps_1: 6114986
a_4_120.28_9_PC_BigMDSteps_1: 6114987
b_4_120.28_9_PC_BigMDSteps: 6114988
6114889,6114900,6114911,6114922,6114933,6114944,6114955,6114966,6114977,6114988
a_3_f_PC_BigMDSteps: 6114989
a_5_120.28_0_PC_BigMDSteps_1: 6114990
a_5_120.28_0_PC_BigMDSteps_1: 6114991
a_5_120.28_0_PC_BigMDSteps_1: 6114992
a_5_120.28_0_PC_BigMDSteps_1: 6114993
a_5_120.28_0_PC_BigMDSteps_1: 6114994
a_5_120.28_0_PC_BigMDSteps_1: 6114995
a_5_120.28_0_PC_BigMDSteps_1: 6114996
a_5_120.28_0_PC_BigMDSteps_1: 6114997
a_5_120.28_0_PC_BigMDSteps_1: 6114998
a_5_120.28_0_PC_BigMDSteps_1: 6114999
b_5_120.28_0_PC_BigMDSteps: 6115000
a_5_120.28_1_PC_BigMDSteps_1: 6115001
a_5_120.28_1_PC_BigMDSteps_1: 6115002
a_5_120.28_1_PC_BigMDSteps_1: 6115003
a_5_120.28_1_PC_BigMDSteps_1: 6115004
a_5_120.28_1_PC_BigMDSteps_1: 6115005
a_5_120.28_1_PC_BigMDSteps_1: 6115006
a_5_120.28_1_PC_BigMDSteps_1: 6115007
a_5_120.28_1_PC_BigMDSteps_1: 6115008
a_5_120.28_1_PC_BigMDSteps_1: 6115009
a_5_120.28_1_PC_BigMDSteps_1: 6115010
b_5_120.28_1_PC_BigMDSteps: 6115011
a_5_120.28_2_PC_BigMDSteps_1: 6115012
a_5_120.28_2_PC_BigMDSteps_1: 6115013
a_5_120.28_2_PC_BigMDSteps_1: 6115014
a_5_120.28_2_PC_BigMDSteps_1: 6115015
a_5_120.28_2_PC_BigMDSteps_1: 6115016
a_5_120.28_2_PC_BigMDSteps_1: 6115017
a_5_120.28_2_PC_BigMDSteps_1: 6115018
a_5_120.28_2_PC_BigMDSteps_1: 6115019
a_5_120.28_2_PC_BigMDSteps_1: 6115020
a_5_120.28_2_PC_BigMDSteps_1: 6115021
b_5_120.28_2_PC_BigMDSteps: 6115022
a_5_120.28_3_PC_BigMDSteps_1: 6115023
a_5_120.28_3_PC_BigMDSteps_1: 6115024
a_5_120.28_3_PC_BigMDSteps_1: 6115025
a_5_120.28_3_PC_BigMDSteps_1: 6115026
a_5_120.28_3_PC_BigMDSteps_1: 6115027
a_5_120.28_3_PC_BigMDSteps_1: 6115028
a_5_120.28_3_PC_BigMDSteps_1: 6115029
a_5_120.28_3_PC_BigMDSteps_1: 6115030
a_5_120.28_3_PC_BigMDSteps_1: 6115031
a_5_120.28_3_PC_BigMDSteps_1: 6115032
b_5_120.28_3_PC_BigMDSteps: 6115033
a_5_120.28_4_PC_BigMDSteps_1: 6115034
a_5_120.28_4_PC_BigMDSteps_1: 6115035
a_5_120.28_4_PC_BigMDSteps_1: 6115036
a_5_120.28_4_PC_BigMDSteps_1: 6115037
a_5_120.28_4_PC_BigMDSteps_1: 6115038
a_5_120.28_4_PC_BigMDSteps_1: 6115039
a_5_120.28_4_PC_BigMDSteps_1: 6115040
a_5_120.28_4_PC_BigMDSteps_1: 6115041
a_5_120.28_4_PC_BigMDSteps_1: 6115042
a_5_120.28_4_PC_BigMDSteps_1: 6115043
b_5_120.28_4_PC_BigMDSteps: 6115044
a_5_120.28_5_PC_BigMDSteps_1: 6115045
a_5_120.28_5_PC_BigMDSteps_1: 6115046
a_5_120.28_5_PC_BigMDSteps_1: 6115047
a_5_120.28_5_PC_BigMDSteps_1: 6115048
a_5_120.28_5_PC_BigMDSteps_1: 6115049
a_5_120.28_5_PC_BigMDSteps_1: 6115050
a_5_120.28_5_PC_BigMDSteps_1: 6115051
a_5_120.28_5_PC_BigMDSteps_1: 6115052
a_5_120.28_5_PC_BigMDSteps_1: 6115053
a_5_120.28_5_PC_BigMDSteps_1: 6115054
b_5_120.28_5_PC_BigMDSteps: 6115055
a_5_120.28_6_PC_BigMDSteps_1: 6115056
a_5_120.28_6_PC_BigMDSteps_1: 6115057
a_5_120.28_6_PC_BigMDSteps_1: 6115058
a_5_120.28_6_PC_BigMDSteps_1: 6115059
a_5_120.28_6_PC_BigMDSteps_1: 6115060
a_5_120.28_6_PC_BigMDSteps_1: 6115061
a_5_120.28_6_PC_BigMDSteps_1: 6115062
a_5_120.28_6_PC_BigMDSteps_1: 6115063
a_5_120.28_6_PC_BigMDSteps_1: 6115064
a_5_120.28_6_PC_BigMDSteps_1: 6115065
b_5_120.28_6_PC_BigMDSteps: 6115066
a_5_120.28_7_PC_BigMDSteps_1: 6115067
a_5_120.28_7_PC_BigMDSteps_1: 6115068
a_5_120.28_7_PC_BigMDSteps_1: 6115069
a_5_120.28_7_PC_BigMDSteps_1: 6115070
a_5_120.28_7_PC_BigMDSteps_1: 6115071
a_5_120.28_7_PC_BigMDSteps_1: 6115072
a_5_120.28_7_PC_BigMDSteps_1: 6115073
a_5_120.28_7_PC_BigMDSteps_1: 6115074
a_5_120.28_7_PC_BigMDSteps_1: 6115075
a_5_120.28_7_PC_BigMDSteps_1: 6115076
b_5_120.28_7_PC_BigMDSteps: 6115077
a_5_120.28_8_PC_BigMDSteps_1: 6115078
a_5_120.28_8_PC_BigMDSteps_1: 6115079
a_5_120.28_8_PC_BigMDSteps_1: 6115080
a_5_120.28_8_PC_BigMDSteps_1: 6115081
a_5_120.28_8_PC_BigMDSteps_1: 6115082
a_5_120.28_8_PC_BigMDSteps_1: 6115083
a_5_120.28_8_PC_BigMDSteps_1: 6115084
a_5_120.28_8_PC_BigMDSteps_1: 6115085
a_5_120.28_8_PC_BigMDSteps_1: 6115086
a_5_120.28_8_PC_BigMDSteps_1: 6115087
b_5_120.28_8_PC_BigMDSteps: 6115088
a_5_120.28_9_PC_BigMDSteps_1: 6115089
a_5_120.28_9_PC_BigMDSteps_1: 6115090
a_5_120.28_9_PC_BigMDSteps_1: 6115091
a_5_120.28_9_PC_BigMDSteps_1: 6115092
a_5_120.28_9_PC_BigMDSteps_1: 6115093
a_5_120.28_9_PC_BigMDSteps_1: 6115094
a_5_120.28_9_PC_BigMDSteps_1: 6115095
a_5_120.28_9_PC_BigMDSteps_1: 6115096
a_5_120.28_9_PC_BigMDSteps_1: 6115097
a_5_120.28_9_PC_BigMDSteps_1: 6115098
b_5_120.28_9_PC_BigMDSteps: 6115099
6115000,6115011,6115022,6115033,6115044,6115055,6115066,6115077,6115088,6115099
a_4_f_PC_BigMDSteps: 6115100
a_6_120.28_0_PC_BigMDSteps_1: 6115101
a_6_120.28_0_PC_BigMDSteps_1: 6115102
a_6_120.28_0_PC_BigMDSteps_1: 6115103
a_6_120.28_0_PC_BigMDSteps_1: 6115104
a_6_120.28_0_PC_BigMDSteps_1: 6115105
a_6_120.28_0_PC_BigMDSteps_1: 6115106
a_6_120.28_0_PC_BigMDSteps_1: 6115107
a_6_120.28_0_PC_BigMDSteps_1: 6115108
a_6_120.28_0_PC_BigMDSteps_1: 6115109
a_6_120.28_0_PC_BigMDSteps_1: 6115110
b_6_120.28_0_PC_BigMDSteps: 6115111
a_6_120.28_1_PC_BigMDSteps_1: 6115112
a_6_120.28_1_PC_BigMDSteps_1: 6115113
a_6_120.28_1_PC_BigMDSteps_1: 6115114
a_6_120.28_1_PC_BigMDSteps_1: 6115115
a_6_120.28_1_PC_BigMDSteps_1: 6115116
a_6_120.28_1_PC_BigMDSteps_1: 6115117
a_6_120.28_1_PC_BigMDSteps_1: 6115118
a_6_120.28_1_PC_BigMDSteps_1: 6115119
a_6_120.28_1_PC_BigMDSteps_1: 6115120
a_6_120.28_1_PC_BigMDSteps_1: 6115121
b_6_120.28_1_PC_BigMDSteps: 6115122
a_6_120.28_2_PC_BigMDSteps_1: 6115123
a_6_120.28_2_PC_BigMDSteps_1: 6115124
a_6_120.28_2_PC_BigMDSteps_1: 6115125
a_6_120.28_2_PC_BigMDSteps_1: 6115126
a_6_120.28_2_PC_BigMDSteps_1: 6115127
a_6_120.28_2_PC_BigMDSteps_1: 6115128
a_6_120.28_2_PC_BigMDSteps_1: 6115129
a_6_120.28_2_PC_BigMDSteps_1: 6115130
a_6_120.28_2_PC_BigMDSteps_1: 6115131
a_6_120.28_2_PC_BigMDSteps_1: 6115132
b_6_120.28_2_PC_BigMDSteps: 6115133
a_6_120.28_3_PC_BigMDSteps_1: 6115134
a_6_120.28_3_PC_BigMDSteps_1: 6115135
a_6_120.28_3_PC_BigMDSteps_1: 6115136
a_6_120.28_3_PC_BigMDSteps_1: 6115137
a_6_120.28_3_PC_BigMDSteps_1: 6115138
a_6_120.28_3_PC_BigMDSteps_1: 6115139
a_6_120.28_3_PC_BigMDSteps_1: 6115140
a_6_120.28_3_PC_BigMDSteps_1: 6115141
a_6_120.28_3_PC_BigMDSteps_1: 6115142
a_6_120.28_3_PC_BigMDSteps_1: 6115143
b_6_120.28_3_PC_BigMDSteps: 6115144
a_6_120.28_4_PC_BigMDSteps_1: 6115145
a_6_120.28_4_PC_BigMDSteps_1: 6115146
a_6_120.28_4_PC_BigMDSteps_1: 6115147
a_6_120.28_4_PC_BigMDSteps_1: 6115148
a_6_120.28_4_PC_BigMDSteps_1: 6115149
a_6_120.28_4_PC_BigMDSteps_1: 6115150
a_6_120.28_4_PC_BigMDSteps_1: 6115151
a_6_120.28_4_PC_BigMDSteps_1: 6115152
a_6_120.28_4_PC_BigMDSteps_1: 6115153
a_6_120.28_4_PC_BigMDSteps_1: 6115154
b_6_120.28_4_PC_BigMDSteps: 6115155
a_6_120.28_5_PC_BigMDSteps_1: 6115156
a_6_120.28_5_PC_BigMDSteps_1: 6115157
a_6_120.28_5_PC_BigMDSteps_1: 6115158
a_6_120.28_5_PC_BigMDSteps_1: 6115159
a_6_120.28_5_PC_BigMDSteps_1: 6115160
a_6_120.28_5_PC_BigMDSteps_1: 6115161
a_6_120.28_5_PC_BigMDSteps_1: 6115162
a_6_120.28_5_PC_BigMDSteps_1: 6115163
a_6_120.28_5_PC_BigMDSteps_1: 6115164
a_6_120.28_5_PC_BigMDSteps_1: 6115165
b_6_120.28_5_PC_BigMDSteps: 6115166
a_6_120.28_6_PC_BigMDSteps_1: 6115167
a_6_120.28_6_PC_BigMDSteps_1: 6115168
a_6_120.28_6_PC_BigMDSteps_1: 6115169
a_6_120.28_6_PC_BigMDSteps_1: 6115170
a_6_120.28_6_PC_BigMDSteps_1: 6115171
a_6_120.28_6_PC_BigMDSteps_1: 6115172
a_6_120.28_6_PC_BigMDSteps_1: 6115173
a_6_120.28_6_PC_BigMDSteps_1: 6115174
a_6_120.28_6_PC_BigMDSteps_1: 6115175
a_6_120.28_6_PC_BigMDSteps_1: 6115176
b_6_120.28_6_PC_BigMDSteps: 6115177
a_6_120.28_7_PC_BigMDSteps_1: 6115178
a_6_120.28_7_PC_BigMDSteps_1: 6115179
a_6_120.28_7_PC_BigMDSteps_1: 6115180
a_6_120.28_7_PC_BigMDSteps_1: 6115181
a_6_120.28_7_PC_BigMDSteps_1: 6115182
a_6_120.28_7_PC_BigMDSteps_1: 6115183
a_6_120.28_7_PC_BigMDSteps_1: 6115184
a_6_120.28_7_PC_BigMDSteps_1: 6115185
a_6_120.28_7_PC_BigMDSteps_1: 6115186
a_6_120.28_7_PC_BigMDSteps_1: 6115187
b_6_120.28_7_PC_BigMDSteps: 6115188
a_6_120.28_8_PC_BigMDSteps_1: 6115189
a_6_120.28_8_PC_BigMDSteps_1: 6115190
a_6_120.28_8_PC_BigMDSteps_1: 6115191
a_6_120.28_8_PC_BigMDSteps_1: 6115192
a_6_120.28_8_PC_BigMDSteps_1: 6115193
a_6_120.28_8_PC_BigMDSteps_1: 6115194
a_6_120.28_8_PC_BigMDSteps_1: 6115195
a_6_120.28_8_PC_BigMDSteps_1: 6115196
a_6_120.28_8_PC_BigMDSteps_1: 6115197
a_6_120.28_8_PC_BigMDSteps_1: 6115198
b_6_120.28_8_PC_BigMDSteps: 6115199
a_6_120.28_9_PC_BigMDSteps_1: 6115200
a_6_120.28_9_PC_BigMDSteps_1: 6115201
a_6_120.28_9_PC_BigMDSteps_1: 6115202
a_6_120.28_9_PC_BigMDSteps_1: 6115203
a_6_120.28_9_PC_BigMDSteps_1: 6115204
a_6_120.28_9_PC_BigMDSteps_1: 6115205
a_6_120.28_9_PC_BigMDSteps_1: 6115206
a_6_120.28_9_PC_BigMDSteps_1: 6115207
a_6_120.28_9_PC_BigMDSteps_1: 6115208
a_6_120.28_9_PC_BigMDSteps_1: 6115209
b_6_120.28_9_PC_BigMDSteps: 6115210
6115111,6115122,6115133,6115144,6115155,6115166,6115177,6115188,6115199,6115210
a_5_f_PC_BigMDSteps: 6115211
a_7_120.28_0_PC_BigMDSteps_1: 6115212
a_7_120.28_0_PC_BigMDSteps_1: 6115213
a_7_120.28_0_PC_BigMDSteps_1: 6115214
a_7_120.28_0_PC_BigMDSteps_1: 6115215
a_7_120.28_0_PC_BigMDSteps_1: 6115216
a_7_120.28_0_PC_BigMDSteps_1: 6115217
a_7_120.28_0_PC_BigMDSteps_1: 6115218
a_7_120.28_0_PC_BigMDSteps_1: 6115219
a_7_120.28_0_PC_BigMDSteps_1: 6115220
a_7_120.28_0_PC_BigMDSteps_1: 6115221
b_7_120.28_0_PC_BigMDSteps: 6115222
a_7_120.28_1_PC_BigMDSteps_1: 6115223
a_7_120.28_1_PC_BigMDSteps_1: 6115224
a_7_120.28_1_PC_BigMDSteps_1: 6115225
a_7_120.28_1_PC_BigMDSteps_1: 6115226
a_7_120.28_1_PC_BigMDSteps_1: 6115227
a_7_120.28_1_PC_BigMDSteps_1: 6115228
a_7_120.28_1_PC_BigMDSteps_1: 6115229
a_7_120.28_1_PC_BigMDSteps_1: 6115230
a_7_120.28_1_PC_BigMDSteps_1: 6115231
a_7_120.28_1_PC_BigMDSteps_1: 6115232
b_7_120.28_1_PC_BigMDSteps: 6115233
a_7_120.28_2_PC_BigMDSteps_1: 6115234
a_7_120.28_2_PC_BigMDSteps_1: 6115235
a_7_120.28_2_PC_BigMDSteps_1: 6115236
a_7_120.28_2_PC_BigMDSteps_1: 6115237
a_7_120.28_2_PC_BigMDSteps_1: 6115238
a_7_120.28_2_PC_BigMDSteps_1: 6115239
a_7_120.28_2_PC_BigMDSteps_1: 6115240
a_7_120.28_2_PC_BigMDSteps_1: 6115241
a_7_120.28_2_PC_BigMDSteps_1: 6115242
a_7_120.28_2_PC_BigMDSteps_1: 6115243
b_7_120.28_2_PC_BigMDSteps: 6115244
a_7_120.28_3_PC_BigMDSteps_1: 6115245
a_7_120.28_3_PC_BigMDSteps_1: 6115246
a_7_120.28_3_PC_BigMDSteps_1: 6115247
a_7_120.28_3_PC_BigMDSteps_1: 6115248
a_7_120.28_3_PC_BigMDSteps_1: 6115249
a_7_120.28_3_PC_BigMDSteps_1: 6115250
a_7_120.28_3_PC_BigMDSteps_1: 6115251
a_7_120.28_3_PC_BigMDSteps_1: 6115252
a_7_120.28_3_PC_BigMDSteps_1: 6115253
a_7_120.28_3_PC_BigMDSteps_1: 6115254
b_7_120.28_3_PC_BigMDSteps: 6115255
a_7_120.28_4_PC_BigMDSteps_1: 6115256
a_7_120.28_4_PC_BigMDSteps_1: 6115257
a_7_120.28_4_PC_BigMDSteps_1: 6115258
a_7_120.28_4_PC_BigMDSteps_1: 6115259
a_7_120.28_4_PC_BigMDSteps_1: 6115260
a_7_120.28_4_PC_BigMDSteps_1: 6115261
a_7_120.28_4_PC_BigMDSteps_1: 6115262
a_7_120.28_4_PC_BigMDSteps_1: 6115263
a_7_120.28_4_PC_BigMDSteps_1: 6115264
a_7_120.28_4_PC_BigMDSteps_1: 6115265
b_7_120.28_4_PC_BigMDSteps: 6115266
a_7_120.28_5_PC_BigMDSteps_1: 6115267
a_7_120.28_5_PC_BigMDSteps_1: 6115268
a_7_120.28_5_PC_BigMDSteps_1: 6115269
a_7_120.28_5_PC_BigMDSteps_1: 6115270
a_7_120.28_5_PC_BigMDSteps_1: 6115271
a_7_120.28_5_PC_BigMDSteps_1: 6115272
a_7_120.28_5_PC_BigMDSteps_1: 6115273
a_7_120.28_5_PC_BigMDSteps_1: 6115274
a_7_120.28_5_PC_BigMDSteps_1: 6115275
a_7_120.28_5_PC_BigMDSteps_1: 6115276
b_7_120.28_5_PC_BigMDSteps: 6115277
a_7_120.28_6_PC_BigMDSteps_1: 6115278
a_7_120.28_6_PC_BigMDSteps_1: 6115279
a_7_120.28_6_PC_BigMDSteps_1: 6115280
a_7_120.28_6_PC_BigMDSteps_1: 6115281
a_7_120.28_6_PC_BigMDSteps_1: 6115282
a_7_120.28_6_PC_BigMDSteps_1: 6115283
a_7_120.28_6_PC_BigMDSteps_1: 6115284
a_7_120.28_6_PC_BigMDSteps_1: 6115285
a_7_120.28_6_PC_BigMDSteps_1: 6115286
a_7_120.28_6_PC_BigMDSteps_1: 6115287
b_7_120.28_6_PC_BigMDSteps: 6115288
a_7_120.28_7_PC_BigMDSteps_1: 6115289
a_7_120.28_7_PC_BigMDSteps_1: 6115290
a_7_120.28_7_PC_BigMDSteps_1: 6115291
a_7_120.28_7_PC_BigMDSteps_1: 6115292
a_7_120.28_7_PC_BigMDSteps_1: 6115293
a_7_120.28_7_PC_BigMDSteps_1: 6115294
a_7_120.28_7_PC_BigMDSteps_1: 6115295
a_7_120.28_7_PC_BigMDSteps_1: 6115296
a_7_120.28_7_PC_BigMDSteps_1: 6115297
a_7_120.28_7_PC_BigMDSteps_1: 6115298
b_7_120.28_7_PC_BigMDSteps: 6115299
a_7_120.28_8_PC_BigMDSteps_1: 6115300
a_7_120.28_8_PC_BigMDSteps_1: 6115301
a_7_120.28_8_PC_BigMDSteps_1: 6115302
a_7_120.28_8_PC_BigMDSteps_1: 6115303
a_7_120.28_8_PC_BigMDSteps_1: 6115304
a_7_120.28_8_PC_BigMDSteps_1: 6115305
a_7_120.28_8_PC_BigMDSteps_1: 6115306
a_7_120.28_8_PC_BigMDSteps_1: 6115307
a_7_120.28_8_PC_BigMDSteps_1: 6115308
a_7_120.28_8_PC_BigMDSteps_1: 6115309
b_7_120.28_8_PC_BigMDSteps: 6115310
a_7_120.28_9_PC_BigMDSteps_1: 6115311
a_7_120.28_9_PC_BigMDSteps_1: 6115312
a_7_120.28_9_PC_BigMDSteps_1: 6115313
a_7_120.28_9_PC_BigMDSteps_1: 6115314
a_7_120.28_9_PC_BigMDSteps_1: 6115315
a_7_120.28_9_PC_BigMDSteps_1: 6115316
a_7_120.28_9_PC_BigMDSteps_1: 6115317
a_7_120.28_9_PC_BigMDSteps_1: 6115318
a_7_120.28_9_PC_BigMDSteps_1: 6115319
a_7_120.28_9_PC_BigMDSteps_1: 6115320
b_7_120.28_9_PC_BigMDSteps: 6115321
6115222,6115233,6115244,6115255,6115266,6115277,6115288,6115299,6115310,6115321
a_6_f_PC_BigMDSteps: 6115322
a_8_120.28_0_PC_BigMDSteps_1: 6115323
a_8_120.28_0_PC_BigMDSteps_1: 6115324
a_8_120.28_0_PC_BigMDSteps_1: 6115325
a_8_120.28_0_PC_BigMDSteps_1: 6115326
a_8_120.28_0_PC_BigMDSteps_1: 6115327
a_8_120.28_0_PC_BigMDSteps_1: 6115328
a_8_120.28_0_PC_BigMDSteps_1: 6115329
a_8_120.28_0_PC_BigMDSteps_1: 6115330
a_8_120.28_0_PC_BigMDSteps_1: 6115331
a_8_120.28_0_PC_BigMDSteps_1: 6115332
b_8_120.28_0_PC_BigMDSteps: 6115333
a_8_120.28_1_PC_BigMDSteps_1: 6115334
a_8_120.28_1_PC_BigMDSteps_1: 6115335
a_8_120.28_1_PC_BigMDSteps_1: 6115336
a_8_120.28_1_PC_BigMDSteps_1: 6115337
a_8_120.28_1_PC_BigMDSteps_1: 6115338
a_8_120.28_1_PC_BigMDSteps_1: 6115339
a_8_120.28_1_PC_BigMDSteps_1: 6115340
a_8_120.28_1_PC_BigMDSteps_1: 6115341
a_8_120.28_1_PC_BigMDSteps_1: 6115342
a_8_120.28_1_PC_BigMDSteps_1: 6115343
b_8_120.28_1_PC_BigMDSteps: 6115344
a_8_120.28_2_PC_BigMDSteps_1: 6115345
a_8_120.28_2_PC_BigMDSteps_1: 6115346
a_8_120.28_2_PC_BigMDSteps_1: 6115347
a_8_120.28_2_PC_BigMDSteps_1: 6115348
a_8_120.28_2_PC_BigMDSteps_1: 6115349
a_8_120.28_2_PC_BigMDSteps_1: 6115350
a_8_120.28_2_PC_BigMDSteps_1: 6115351
a_8_120.28_2_PC_BigMDSteps_1: 6115352
a_8_120.28_2_PC_BigMDSteps_1: 6115353
a_8_120.28_2_PC_BigMDSteps_1: 6115354
b_8_120.28_2_PC_BigMDSteps: 6115355
a_8_120.28_3_PC_BigMDSteps_1: 6115356
a_8_120.28_3_PC_BigMDSteps_1: 6115357
a_8_120.28_3_PC_BigMDSteps_1: 6115358
a_8_120.28_3_PC_BigMDSteps_1: 6115359
a_8_120.28_3_PC_BigMDSteps_1: 6115360
a_8_120.28_3_PC_BigMDSteps_1: 6115361
a_8_120.28_3_PC_BigMDSteps_1: 6115362
a_8_120.28_3_PC_BigMDSteps_1: 6115363
a_8_120.28_3_PC_BigMDSteps_1: 6115364
a_8_120.28_3_PC_BigMDSteps_1: 6115365
b_8_120.28_3_PC_BigMDSteps: 6115366
a_8_120.28_4_PC_BigMDSteps_1: 6115367
a_8_120.28_4_PC_BigMDSteps_1: 6115368
a_8_120.28_4_PC_BigMDSteps_1: 6115369
a_8_120.28_4_PC_BigMDSteps_1: 6115370
a_8_120.28_4_PC_BigMDSteps_1: 6115371
a_8_120.28_4_PC_BigMDSteps_1: 6115372
a_8_120.28_4_PC_BigMDSteps_1: 6115373
a_8_120.28_4_PC_BigMDSteps_1: 6115374
a_8_120.28_4_PC_BigMDSteps_1: 6115375
a_8_120.28_4_PC_BigMDSteps_1: 6115376
b_8_120.28_4_PC_BigMDSteps: 6115377
a_8_120.28_5_PC_BigMDSteps_1: 6115378
a_8_120.28_5_PC_BigMDSteps_1: 6115379
a_8_120.28_5_PC_BigMDSteps_1: 6115380
a_8_120.28_5_PC_BigMDSteps_1: 6115381
a_8_120.28_5_PC_BigMDSteps_1: 6115382
a_8_120.28_5_PC_BigMDSteps_1: 6115383
a_8_120.28_5_PC_BigMDSteps_1: 6115384
a_8_120.28_5_PC_BigMDSteps_1: 6115385
a_8_120.28_5_PC_BigMDSteps_1: 6115386
a_8_120.28_5_PC_BigMDSteps_1: 6115387
b_8_120.28_5_PC_BigMDSteps: 6115388
a_8_120.28_6_PC_BigMDSteps_1: 6115389
a_8_120.28_6_PC_BigMDSteps_1: 6115390
a_8_120.28_6_PC_BigMDSteps_1: 6115391
a_8_120.28_6_PC_BigMDSteps_1: 6115392
a_8_120.28_6_PC_BigMDSteps_1: 6115393
a_8_120.28_6_PC_BigMDSteps_1: 6115394
a_8_120.28_6_PC_BigMDSteps_1: 6115395
a_8_120.28_6_PC_BigMDSteps_1: 6115396
a_8_120.28_6_PC_BigMDSteps_1: 6115397
a_8_120.28_6_PC_BigMDSteps_1: 6115398
b_8_120.28_6_PC_BigMDSteps: 6115399
a_8_120.28_7_PC_BigMDSteps_1: 6115400
a_8_120.28_7_PC_BigMDSteps_1: 6115401
a_8_120.28_7_PC_BigMDSteps_1: 6115402
a_8_120.28_7_PC_BigMDSteps_1: 6115403
a_8_120.28_7_PC_BigMDSteps_1: 6115404
a_8_120.28_7_PC_BigMDSteps_1: 6115405
a_8_120.28_7_PC_BigMDSteps_1: 6115406
a_8_120.28_7_PC_BigMDSteps_1: 6115407
a_8_120.28_7_PC_BigMDSteps_1: 6115408
a_8_120.28_7_PC_BigMDSteps_1: 6115409
b_8_120.28_7_PC_BigMDSteps: 6115410
a_8_120.28_8_PC_BigMDSteps_1: 6115411
a_8_120.28_8_PC_BigMDSteps_1: 6115412
a_8_120.28_8_PC_BigMDSteps_1: 6115413
a_8_120.28_8_PC_BigMDSteps_1: 6115414
a_8_120.28_8_PC_BigMDSteps_1: 6115415
a_8_120.28_8_PC_BigMDSteps_1: 6115416
a_8_120.28_8_PC_BigMDSteps_1: 6115417
a_8_120.28_8_PC_BigMDSteps_1: 6115418
a_8_120.28_8_PC_BigMDSteps_1: 6115419
a_8_120.28_8_PC_BigMDSteps_1: 6115420
b_8_120.28_8_PC_BigMDSteps: 6115421
a_8_120.28_9_PC_BigMDSteps_1: 6115422
a_8_120.28_9_PC_BigMDSteps_1: 6115423
a_8_120.28_9_PC_BigMDSteps_1: 6115424
a_8_120.28_9_PC_BigMDSteps_1: 6115425
a_8_120.28_9_PC_BigMDSteps_1: 6115426
a_8_120.28_9_PC_BigMDSteps_1: 6115427
a_8_120.28_9_PC_BigMDSteps_1: 6115428
a_8_120.28_9_PC_BigMDSteps_1: 6115429
a_8_120.28_9_PC_BigMDSteps_1: 6115430
a_8_120.28_9_PC_BigMDSteps_1: 6115431
b_8_120.28_9_PC_BigMDSteps: 6115432
6115333,6115344,6115355,6115366,6115377,6115388,6115399,6115410,6115421,6115432
a_7_f_PC_BigMDSteps: 6115433
a_9_120.28_0_PC_BigMDSteps_1: 6115434
a_9_120.28_0_PC_BigMDSteps_1: 6115435
a_9_120.28_0_PC_BigMDSteps_1: 6115436
a_9_120.28_0_PC_BigMDSteps_1: 6115437
a_9_120.28_0_PC_BigMDSteps_1: 6115438
a_9_120.28_0_PC_BigMDSteps_1: 6115439
a_9_120.28_0_PC_BigMDSteps_1: 6115440
a_9_120.28_0_PC_BigMDSteps_1: 6115441
a_9_120.28_0_PC_BigMDSteps_1: 6115442
a_9_120.28_0_PC_BigMDSteps_1: 6115443
b_9_120.28_0_PC_BigMDSteps: 6115444
a_9_120.28_1_PC_BigMDSteps_1: 6115445
a_9_120.28_1_PC_BigMDSteps_1: 6115446
a_9_120.28_1_PC_BigMDSteps_1: 6115447
a_9_120.28_1_PC_BigMDSteps_1: 6115448
a_9_120.28_1_PC_BigMDSteps_1: 6115449
a_9_120.28_1_PC_BigMDSteps_1: 6115450
a_9_120.28_1_PC_BigMDSteps_1: 6115451
a_9_120.28_1_PC_BigMDSteps_1: 6115452
a_9_120.28_1_PC_BigMDSteps_1: 6115453
a_9_120.28_1_PC_BigMDSteps_1: 6115454
b_9_120.28_1_PC_BigMDSteps: 6115455
a_9_120.28_2_PC_BigMDSteps_1: 6115456
a_9_120.28_2_PC_BigMDSteps_1: 6115457
a_9_120.28_2_PC_BigMDSteps_1: 6115458
a_9_120.28_2_PC_BigMDSteps_1: 6115459
a_9_120.28_2_PC_BigMDSteps_1: 6115460
a_9_120.28_2_PC_BigMDSteps_1: 6115461
a_9_120.28_2_PC_BigMDSteps_1: 6115462
a_9_120.28_2_PC_BigMDSteps_1: 6115463
a_9_120.28_2_PC_BigMDSteps_1: 6115464
a_9_120.28_2_PC_BigMDSteps_1: 6115465
b_9_120.28_2_PC_BigMDSteps: 6115466
a_9_120.28_3_PC_BigMDSteps_1: 6115467
a_9_120.28_3_PC_BigMDSteps_1: 6115468
a_9_120.28_3_PC_BigMDSteps_1: 6115469
a_9_120.28_3_PC_BigMDSteps_1: 6115470
a_9_120.28_3_PC_BigMDSteps_1: 6115471
a_9_120.28_3_PC_BigMDSteps_1: 6115472
a_9_120.28_3_PC_BigMDSteps_1: 6115473
a_9_120.28_3_PC_BigMDSteps_1: 6115474
a_9_120.28_3_PC_BigMDSteps_1: 6115475
a_9_120.28_3_PC_BigMDSteps_1: 6115476
b_9_120.28_3_PC_BigMDSteps: 6115477
a_9_120.28_4_PC_BigMDSteps_1: 6115478
a_9_120.28_4_PC_BigMDSteps_1: 6115479
a_9_120.28_4_PC_BigMDSteps_1: 6115480
a_9_120.28_4_PC_BigMDSteps_1: 6115481
a_9_120.28_4_PC_BigMDSteps_1: 6115482
a_9_120.28_4_PC_BigMDSteps_1: 6115483
a_9_120.28_4_PC_BigMDSteps_1: 6115484
a_9_120.28_4_PC_BigMDSteps_1: 6115485
a_9_120.28_4_PC_BigMDSteps_1: 6115486
a_9_120.28_4_PC_BigMDSteps_1: 6115487
b_9_120.28_4_PC_BigMDSteps: 6115488
a_9_120.28_5_PC_BigMDSteps_1: 6115489
a_9_120.28_5_PC_BigMDSteps_1: 6115490
a_9_120.28_5_PC_BigMDSteps_1: 6115491
a_9_120.28_5_PC_BigMDSteps_1: 6115492
a_9_120.28_5_PC_BigMDSteps_1: 6115493
a_9_120.28_5_PC_BigMDSteps_1: 6115494
a_9_120.28_5_PC_BigMDSteps_1: 6115495
a_9_120.28_5_PC_BigMDSteps_1: 6115496
a_9_120.28_5_PC_BigMDSteps_1: 6115497
a_9_120.28_5_PC_BigMDSteps_1: 6115498
b_9_120.28_5_PC_BigMDSteps: 6115499
a_9_120.28_6_PC_BigMDSteps_1: 6115500
a_9_120.28_6_PC_BigMDSteps_1: 6115501
a_9_120.28_6_PC_BigMDSteps_1: 6115502
a_9_120.28_6_PC_BigMDSteps_1: 6115503
a_9_120.28_6_PC_BigMDSteps_1: 6115504
a_9_120.28_6_PC_BigMDSteps_1: 6115505
a_9_120.28_6_PC_BigMDSteps_1: 6115506
a_9_120.28_6_PC_BigMDSteps_1: 6115507
a_9_120.28_6_PC_BigMDSteps_1: 6115508
a_9_120.28_6_PC_BigMDSteps_1: 6115509
b_9_120.28_6_PC_BigMDSteps: 6115510
a_9_120.28_7_PC_BigMDSteps_1: 6115511
a_9_120.28_7_PC_BigMDSteps_1: 6115512
a_9_120.28_7_PC_BigMDSteps_1: 6115513
a_9_120.28_7_PC_BigMDSteps_1: 6115514
a_9_120.28_7_PC_BigMDSteps_1: 6115515
a_9_120.28_7_PC_BigMDSteps_1: 6115516
a_9_120.28_7_PC_BigMDSteps_1: 6115517
a_9_120.28_7_PC_BigMDSteps_1: 6115518
a_9_120.28_7_PC_BigMDSteps_1: 6115519
a_9_120.28_7_PC_BigMDSteps_1: 6115520
b_9_120.28_7_PC_BigMDSteps: 6115521
a_9_120.28_8_PC_BigMDSteps_1: 6115522
a_9_120.28_8_PC_BigMDSteps_1: 6115523
a_9_120.28_8_PC_BigMDSteps_1: 6115524
a_9_120.28_8_PC_BigMDSteps_1: 6115525
a_9_120.28_8_PC_BigMDSteps_1: 6115526
a_9_120.28_8_PC_BigMDSteps_1: 6115527
a_9_120.28_8_PC_BigMDSteps_1: 6115528
a_9_120.28_8_PC_BigMDSteps_1: 6115529
a_9_120.28_8_PC_BigMDSteps_1: 6115530
a_9_120.28_8_PC_BigMDSteps_1: 6115531
b_9_120.28_8_PC_BigMDSteps: 6115532
a_9_120.28_9_PC_BigMDSteps_1: 6115533
a_9_120.28_9_PC_BigMDSteps_1: 6115534
a_9_120.28_9_PC_BigMDSteps_1: 6115535
a_9_120.28_9_PC_BigMDSteps_1: 6115536
a_9_120.28_9_PC_BigMDSteps_1: 6115537
a_9_120.28_9_PC_BigMDSteps_1: 6115538
a_9_120.28_9_PC_BigMDSteps_1: 6115539
a_9_120.28_9_PC_BigMDSteps_1: 6115540
a_9_120.28_9_PC_BigMDSteps_1: 6115541
a_9_120.28_9_PC_BigMDSteps_1: 6115542
b_9_120.28_9_PC_BigMDSteps: 6115543
6115444,6115455,6115466,6115477,6115488,6115499,6115510,6115521,6115532,6115543
a_8_f_PC_BigMDSteps: 6115544
a_10_120.28_0_PC_BigMDSteps_1: 6115545
a_10_120.28_0_PC_BigMDSteps_1: 6115546
a_10_120.28_0_PC_BigMDSteps_1: 6115547
a_10_120.28_0_PC_BigMDSteps_1: 6115548
a_10_120.28_0_PC_BigMDSteps_1: 6115549
a_10_120.28_0_PC_BigMDSteps_1: 6115550
a_10_120.28_0_PC_BigMDSteps_1: 6115551
a_10_120.28_0_PC_BigMDSteps_1: 6115552
a_10_120.28_0_PC_BigMDSteps_1: 6115553
a_10_120.28_0_PC_BigMDSteps_1: 6115554
b_10_120.28_0_PC_BigMDSteps: 6115555
a_10_120.28_1_PC_BigMDSteps_1: 6115556
a_10_120.28_1_PC_BigMDSteps_1: 6115557
a_10_120.28_1_PC_BigMDSteps_1: 6115558
a_10_120.28_1_PC_BigMDSteps_1: 6115559
a_10_120.28_1_PC_BigMDSteps_1: 6115560
a_10_120.28_1_PC_BigMDSteps_1: 6115561
a_10_120.28_1_PC_BigMDSteps_1: 6115562
a_10_120.28_1_PC_BigMDSteps_1: 6115563
a_10_120.28_1_PC_BigMDSteps_1: 6115564
a_10_120.28_1_PC_BigMDSteps_1: 6115565
b_10_120.28_1_PC_BigMDSteps: 6115566
a_10_120.28_2_PC_BigMDSteps_1: 6115567
a_10_120.28_2_PC_BigMDSteps_1: 6115568
a_10_120.28_2_PC_BigMDSteps_1: 6115569
a_10_120.28_2_PC_BigMDSteps_1: 6115570
a_10_120.28_2_PC_BigMDSteps_1: 6115571
a_10_120.28_2_PC_BigMDSteps_1: 6115572
a_10_120.28_2_PC_BigMDSteps_1: 6115573
a_10_120.28_2_PC_BigMDSteps_1: 6115574
a_10_120.28_2_PC_BigMDSteps_1: 6115575
a_10_120.28_2_PC_BigMDSteps_1: 6115576
b_10_120.28_2_PC_BigMDSteps: 6115577
a_10_120.28_3_PC_BigMDSteps_1: 6115578
a_10_120.28_3_PC_BigMDSteps_1: 6115579
a_10_120.28_3_PC_BigMDSteps_1: 6115580
a_10_120.28_3_PC_BigMDSteps_1: 6115581
a_10_120.28_3_PC_BigMDSteps_1: 6115582
a_10_120.28_3_PC_BigMDSteps_1: 6115583
a_10_120.28_3_PC_BigMDSteps_1: 6115584
a_10_120.28_3_PC_BigMDSteps_1: 6115585
a_10_120.28_3_PC_BigMDSteps_1: 6115586
a_10_120.28_3_PC_BigMDSteps_1: 6115587
b_10_120.28_3_PC_BigMDSteps: 6115588
a_10_120.28_4_PC_BigMDSteps_1: 6115589
a_10_120.28_4_PC_BigMDSteps_1: 6115590
a_10_120.28_4_PC_BigMDSteps_1: 6115591
a_10_120.28_4_PC_BigMDSteps_1: 6115592
a_10_120.28_4_PC_BigMDSteps_1: 6115593
a_10_120.28_4_PC_BigMDSteps_1: 6115594
a_10_120.28_4_PC_BigMDSteps_1: 6115595
a_10_120.28_4_PC_BigMDSteps_1: 6115596
a_10_120.28_4_PC_BigMDSteps_1: 6115597
a_10_120.28_4_PC_BigMDSteps_1: 6115598
b_10_120.28_4_PC_BigMDSteps: 6115599
a_10_120.28_5_PC_BigMDSteps_1: 6115600
a_10_120.28_5_PC_BigMDSteps_1: 6115601
a_10_120.28_5_PC_BigMDSteps_1: 6115602
a_10_120.28_5_PC_BigMDSteps_1: 6115603
a_10_120.28_5_PC_BigMDSteps_1: 6115604
a_10_120.28_5_PC_BigMDSteps_1: 6115605
a_10_120.28_5_PC_BigMDSteps_1: 6115606
a_10_120.28_5_PC_BigMDSteps_1: 6115607
a_10_120.28_5_PC_BigMDSteps_1: 6115608
a_10_120.28_5_PC_BigMDSteps_1: 6115609
b_10_120.28_5_PC_BigMDSteps: 6115610
a_10_120.28_6_PC_BigMDSteps_1: 6115611
a_10_120.28_6_PC_BigMDSteps_1: 6115612
a_10_120.28_6_PC_BigMDSteps_1: 6115613
a_10_120.28_6_PC_BigMDSteps_1: 6115614
a_10_120.28_6_PC_BigMDSteps_1: 6115615
a_10_120.28_6_PC_BigMDSteps_1: 6115616
a_10_120.28_6_PC_BigMDSteps_1: 6115617
a_10_120.28_6_PC_BigMDSteps_1: 6115618
a_10_120.28_6_PC_BigMDSteps_1: 6115619
a_10_120.28_6_PC_BigMDSteps_1: 6115620
b_10_120.28_6_PC_BigMDSteps: 6115621
a_10_120.28_7_PC_BigMDSteps_1: 6115622
a_10_120.28_7_PC_BigMDSteps_1: 6115623
a_10_120.28_7_PC_BigMDSteps_1: 6115624
a_10_120.28_7_PC_BigMDSteps_1: 6115625
a_10_120.28_7_PC_BigMDSteps_1: 6115626
a_10_120.28_7_PC_BigMDSteps_1: 6115627
a_10_120.28_7_PC_BigMDSteps_1: 6115628
a_10_120.28_7_PC_BigMDSteps_1: 6115629
a_10_120.28_7_PC_BigMDSteps_1: 6115630
a_10_120.28_7_PC_BigMDSteps_1: 6115631
b_10_120.28_7_PC_BigMDSteps: 6115632
a_10_120.28_8_PC_BigMDSteps_1: 6115633
a_10_120.28_8_PC_BigMDSteps_1: 6115634
a_10_120.28_8_PC_BigMDSteps_1: 6115635
a_10_120.28_8_PC_BigMDSteps_1: 6115636
a_10_120.28_8_PC_BigMDSteps_1: 6115637
a_10_120.28_8_PC_BigMDSteps_1: 6115638
a_10_120.28_8_PC_BigMDSteps_1: 6115639
a_10_120.28_8_PC_BigMDSteps_1: 6115640
a_10_120.28_8_PC_BigMDSteps_1: 6115641
a_10_120.28_8_PC_BigMDSteps_1: 6115642
b_10_120.28_8_PC_BigMDSteps: 6115643
a_10_120.28_9_PC_BigMDSteps_1: 6115644
a_10_120.28_9_PC_BigMDSteps_1: 6115645
a_10_120.28_9_PC_BigMDSteps_1: 6115646
a_10_120.28_9_PC_BigMDSteps_1: 6115647
a_10_120.28_9_PC_BigMDSteps_1: 6115648
a_10_120.28_9_PC_BigMDSteps_1: 6115649
a_10_120.28_9_PC_BigMDSteps_1: 6115650
a_10_120.28_9_PC_BigMDSteps_1: 6115651
a_10_120.28_9_PC_BigMDSteps_1: 6115652
a_10_120.28_9_PC_BigMDSteps_1: 6115653
b_10_120.28_9_PC_BigMDSteps: 6115654
6115555,6115566,6115577,6115588,6115599,6115610,6115621,6115632,6115643,6115654
a_9_f_PC_BigMDSteps: 6115655
a_11_120.28_0_PC_BigMDSteps_1: 6115656
a_11_120.28_0_PC_BigMDSteps_1: 6115657
a_11_120.28_0_PC_BigMDSteps_1: 6115658
a_11_120.28_0_PC_BigMDSteps_1: 6115659
a_11_120.28_0_PC_BigMDSteps_1: 6115660
a_11_120.28_0_PC_BigMDSteps_1: 6115661
a_11_120.28_0_PC_BigMDSteps_1: 6115662
a_11_120.28_0_PC_BigMDSteps_1: 6115663
a_11_120.28_0_PC_BigMDSteps_1: 6115664
a_11_120.28_0_PC_BigMDSteps_1: 6115665
b_11_120.28_0_PC_BigMDSteps: 6115666
a_11_120.28_1_PC_BigMDSteps_1: 6115667
a_11_120.28_1_PC_BigMDSteps_1: 6115668
a_11_120.28_1_PC_BigMDSteps_1: 6115669
a_11_120.28_1_PC_BigMDSteps_1: 6115670
a_11_120.28_1_PC_BigMDSteps_1: 6115671
a_11_120.28_1_PC_BigMDSteps_1: 6115672
a_11_120.28_1_PC_BigMDSteps_1: 6115673
a_11_120.28_1_PC_BigMDSteps_1: 6115674
a_11_120.28_1_PC_BigMDSteps_1: 6115675
a_11_120.28_1_PC_BigMDSteps_1: 6115676
b_11_120.28_1_PC_BigMDSteps: 6115677
a_11_120.28_2_PC_BigMDSteps_1: 6115678
a_11_120.28_2_PC_BigMDSteps_1: 6115679
a_11_120.28_2_PC_BigMDSteps_1: 6115680
a_11_120.28_2_PC_BigMDSteps_1: 6115681
a_11_120.28_2_PC_BigMDSteps_1: 6115682
a_11_120.28_2_PC_BigMDSteps_1: 6115683
a_11_120.28_2_PC_BigMDSteps_1: 6115684
a_11_120.28_2_PC_BigMDSteps_1: 6115685
a_11_120.28_2_PC_BigMDSteps_1: 6115686
a_11_120.28_2_PC_BigMDSteps_1: 6115687
b_11_120.28_2_PC_BigMDSteps: 6115688
a_11_120.28_3_PC_BigMDSteps_1: 6115689
a_11_120.28_3_PC_BigMDSteps_1: 6115690
a_11_120.28_3_PC_BigMDSteps_1: 6115691
a_11_120.28_3_PC_BigMDSteps_1: 6115692
a_11_120.28_3_PC_BigMDSteps_1: 6115693
a_11_120.28_3_PC_BigMDSteps_1: 6115694
a_11_120.28_3_PC_BigMDSteps_1: 6115695
a_11_120.28_3_PC_BigMDSteps_1: 6115696
a_11_120.28_3_PC_BigMDSteps_1: 6115697
a_11_120.28_3_PC_BigMDSteps_1: 6115698
b_11_120.28_3_PC_BigMDSteps: 6115699
a_11_120.28_4_PC_BigMDSteps_1: 6115700
a_11_120.28_4_PC_BigMDSteps_1: 6115701
a_11_120.28_4_PC_BigMDSteps_1: 6115702
a_11_120.28_4_PC_BigMDSteps_1: 6115703
a_11_120.28_4_PC_BigMDSteps_1: 6115704
a_11_120.28_4_PC_BigMDSteps_1: 6115705
a_11_120.28_4_PC_BigMDSteps_1: 6115706
a_11_120.28_4_PC_BigMDSteps_1: 6115707
a_11_120.28_4_PC_BigMDSteps_1: 6115708
a_11_120.28_4_PC_BigMDSteps_1: 6115709
b_11_120.28_4_PC_BigMDSteps: 6115710
a_11_120.28_5_PC_BigMDSteps_1: 6115711
a_11_120.28_5_PC_BigMDSteps_1: 6115712
a_11_120.28_5_PC_BigMDSteps_1: 6115713
a_11_120.28_5_PC_BigMDSteps_1: 6115714
a_11_120.28_5_PC_BigMDSteps_1: 6115715
a_11_120.28_5_PC_BigMDSteps_1: 6115716
a_11_120.28_5_PC_BigMDSteps_1: 6115717
a_11_120.28_5_PC_BigMDSteps_1: 6115718
a_11_120.28_5_PC_BigMDSteps_1: 6115719
a_11_120.28_5_PC_BigMDSteps_1: 6115720
b_11_120.28_5_PC_BigMDSteps: 6115721
a_11_120.28_6_PC_BigMDSteps_1: 6115722
a_11_120.28_6_PC_BigMDSteps_1: 6115723
a_11_120.28_6_PC_BigMDSteps_1: 6115724
a_11_120.28_6_PC_BigMDSteps_1: 6115725
a_11_120.28_6_PC_BigMDSteps_1: 6115726
a_11_120.28_6_PC_BigMDSteps_1: 6115727
a_11_120.28_6_PC_BigMDSteps_1: 6115728
a_11_120.28_6_PC_BigMDSteps_1: 6115729
a_11_120.28_6_PC_BigMDSteps_1: 6115730
a_11_120.28_6_PC_BigMDSteps_1: 6115731
b_11_120.28_6_PC_BigMDSteps: 6115732
a_11_120.28_7_PC_BigMDSteps_1: 6115733
a_11_120.28_7_PC_BigMDSteps_1: 6115734
a_11_120.28_7_PC_BigMDSteps_1: 6115735
a_11_120.28_7_PC_BigMDSteps_1: 6115736
a_11_120.28_7_PC_BigMDSteps_1: 6115737
a_11_120.28_7_PC_BigMDSteps_1: 6115738
a_11_120.28_7_PC_BigMDSteps_1: 6115739
a_11_120.28_7_PC_BigMDSteps_1: 6115740
a_11_120.28_7_PC_BigMDSteps_1: 6115741
a_11_120.28_7_PC_BigMDSteps_1: 6115742
b_11_120.28_7_PC_BigMDSteps: 6115743
a_11_120.28_8_PC_BigMDSteps_1: 6115744
a_11_120.28_8_PC_BigMDSteps_1: 6115745
a_11_120.28_8_PC_BigMDSteps_1: 6115746
a_11_120.28_8_PC_BigMDSteps_1: 6115747
a_11_120.28_8_PC_BigMDSteps_1: 6115748
a_11_120.28_8_PC_BigMDSteps_1: 6115749
a_11_120.28_8_PC_BigMDSteps_1: 6115750
a_11_120.28_8_PC_BigMDSteps_1: 6115751
a_11_120.28_8_PC_BigMDSteps_1: 6115752
a_11_120.28_8_PC_BigMDSteps_1: 6115753
b_11_120.28_8_PC_BigMDSteps: 6115754
a_11_120.28_9_PC_BigMDSteps_1: 6115755
a_11_120.28_9_PC_BigMDSteps_1: 6115756
a_11_120.28_9_PC_BigMDSteps_1: 6115757
a_11_120.28_9_PC_BigMDSteps_1: 6115758
a_11_120.28_9_PC_BigMDSteps_1: 6115759
a_11_120.28_9_PC_BigMDSteps_1: 6115760
a_11_120.28_9_PC_BigMDSteps_1: 6115761
a_11_120.28_9_PC_BigMDSteps_1: 6115762
a_11_120.28_9_PC_BigMDSteps_1: 6115763
a_11_120.28_9_PC_BigMDSteps_1: 6115764
b_11_120.28_9_PC_BigMDSteps: 6115765
6115666,6115677,6115688,6115699,6115710,6115721,6115732,6115743,6115754,6115765
a_10_f_PC_BigMDSteps: 6115766
a_12_120.28_0_PC_BigMDSteps_1: 6115767
a_12_120.28_0_PC_BigMDSteps_1: 6115768
a_12_120.28_0_PC_BigMDSteps_1: 6115769
a_12_120.28_0_PC_BigMDSteps_1: 6115770
a_12_120.28_0_PC_BigMDSteps_1: 6115771
a_12_120.28_0_PC_BigMDSteps_1: 6115772
a_12_120.28_0_PC_BigMDSteps_1: 6115773
a_12_120.28_0_PC_BigMDSteps_1: 6115774
a_12_120.28_0_PC_BigMDSteps_1: 6115775
a_12_120.28_0_PC_BigMDSteps_1: 6115776
b_12_120.28_0_PC_BigMDSteps: 6115777
a_12_120.28_1_PC_BigMDSteps_1: 6115778
a_12_120.28_1_PC_BigMDSteps_1: 6115779
a_12_120.28_1_PC_BigMDSteps_1: 6115780
a_12_120.28_1_PC_BigMDSteps_1: 6115781
a_12_120.28_1_PC_BigMDSteps_1: 6115782
a_12_120.28_1_PC_BigMDSteps_1: 6115783
a_12_120.28_1_PC_BigMDSteps_1: 6115784
a_12_120.28_1_PC_BigMDSteps_1: 6115785
a_12_120.28_1_PC_BigMDSteps_1: 6115786
a_12_120.28_1_PC_BigMDSteps_1: 6115787
b_12_120.28_1_PC_BigMDSteps: 6115788
a_12_120.28_2_PC_BigMDSteps_1: 6115789
a_12_120.28_2_PC_BigMDSteps_1: 6115790
a_12_120.28_2_PC_BigMDSteps_1: 6115791
a_12_120.28_2_PC_BigMDSteps_1: 6115792
a_12_120.28_2_PC_BigMDSteps_1: 6115793
a_12_120.28_2_PC_BigMDSteps_1: 6115794
a_12_120.28_2_PC_BigMDSteps_1: 6115795
a_12_120.28_2_PC_BigMDSteps_1: 6115796
a_12_120.28_2_PC_BigMDSteps_1: 6115797
a_12_120.28_2_PC_BigMDSteps_1: 6115798
b_12_120.28_2_PC_BigMDSteps: 6115799
a_12_120.28_3_PC_BigMDSteps_1: 6115800
a_12_120.28_3_PC_BigMDSteps_1: 6115801
a_12_120.28_3_PC_BigMDSteps_1: 6115802
a_12_120.28_3_PC_BigMDSteps_1: 6115803
a_12_120.28_3_PC_BigMDSteps_1: 6115804
a_12_120.28_3_PC_BigMDSteps_1: 6115805
a_12_120.28_3_PC_BigMDSteps_1: 6115806
a_12_120.28_3_PC_BigMDSteps_1: 6115807
a_12_120.28_3_PC_BigMDSteps_1: 6115808
a_12_120.28_3_PC_BigMDSteps_1: 6115809
b_12_120.28_3_PC_BigMDSteps: 6115810
a_12_120.28_4_PC_BigMDSteps_1: 6115811
a_12_120.28_4_PC_BigMDSteps_1: 6115812
a_12_120.28_4_PC_BigMDSteps_1: 6115813
a_12_120.28_4_PC_BigMDSteps_1: 6115814
a_12_120.28_4_PC_BigMDSteps_1: 6115815
a_12_120.28_4_PC_BigMDSteps_1: 6115816
a_12_120.28_4_PC_BigMDSteps_1: 6115817
a_12_120.28_4_PC_BigMDSteps_1: 6115818
a_12_120.28_4_PC_BigMDSteps_1: 6115819
a_12_120.28_4_PC_BigMDSteps_1: 6115820
b_12_120.28_4_PC_BigMDSteps: 6115821
a_12_120.28_5_PC_BigMDSteps_1: 6115822
a_12_120.28_5_PC_BigMDSteps_1: 6115823
a_12_120.28_5_PC_BigMDSteps_1: 6115824
a_12_120.28_5_PC_BigMDSteps_1: 6115825
a_12_120.28_5_PC_BigMDSteps_1: 6115826
a_12_120.28_5_PC_BigMDSteps_1: 6115827
a_12_120.28_5_PC_BigMDSteps_1: 6115828
a_12_120.28_5_PC_BigMDSteps_1: 6115829
a_12_120.28_5_PC_BigMDSteps_1: 6115830
a_12_120.28_5_PC_BigMDSteps_1: 6115831
b_12_120.28_5_PC_BigMDSteps: 6115832
a_12_120.28_6_PC_BigMDSteps_1: 6115833
a_12_120.28_6_PC_BigMDSteps_1: 6115834
a_12_120.28_6_PC_BigMDSteps_1: 6115835
a_12_120.28_6_PC_BigMDSteps_1: 6115836
a_12_120.28_6_PC_BigMDSteps_1: 6115837
a_12_120.28_6_PC_BigMDSteps_1: 6115838
a_12_120.28_6_PC_BigMDSteps_1: 6115839
a_12_120.28_6_PC_BigMDSteps_1: 6115840
a_12_120.28_6_PC_BigMDSteps_1: 6115841
a_12_120.28_6_PC_BigMDSteps_1: 6115842
b_12_120.28_6_PC_BigMDSteps: 6115843
a_12_120.28_7_PC_BigMDSteps_1: 6115844
a_12_120.28_7_PC_BigMDSteps_1: 6115845
a_12_120.28_7_PC_BigMDSteps_1: 6115846
a_12_120.28_7_PC_BigMDSteps_1: 6115847
a_12_120.28_7_PC_BigMDSteps_1: 6115848
a_12_120.28_7_PC_BigMDSteps_1: 6115849
a_12_120.28_7_PC_BigMDSteps_1: 6115850
a_12_120.28_7_PC_BigMDSteps_1: 6115851
a_12_120.28_7_PC_BigMDSteps_1: 6115852
a_12_120.28_7_PC_BigMDSteps_1: 6115853
b_12_120.28_7_PC_BigMDSteps: 6115854
a_12_120.28_8_PC_BigMDSteps_1: 6115855
a_12_120.28_8_PC_BigMDSteps_1: 6115856
a_12_120.28_8_PC_BigMDSteps_1: 6115857
a_12_120.28_8_PC_BigMDSteps_1: 6115858
a_12_120.28_8_PC_BigMDSteps_1: 6115859
a_12_120.28_8_PC_BigMDSteps_1: 6115860
a_12_120.28_8_PC_BigMDSteps_1: 6115861
a_12_120.28_8_PC_BigMDSteps_1: 6115862
a_12_120.28_8_PC_BigMDSteps_1: 6115863
a_12_120.28_8_PC_BigMDSteps_1: 6115864
b_12_120.28_8_PC_BigMDSteps: 6115865
a_12_120.28_9_PC_BigMDSteps_1: 6115866
a_12_120.28_9_PC_BigMDSteps_1: 6115867
a_12_120.28_9_PC_BigMDSteps_1: 6115868
a_12_120.28_9_PC_BigMDSteps_1: 6115869
a_12_120.28_9_PC_BigMDSteps_1: 6115870
a_12_120.28_9_PC_BigMDSteps_1: 6115871
a_12_120.28_9_PC_BigMDSteps_1: 6115872
a_12_120.28_9_PC_BigMDSteps_1: 6115873
a_12_120.28_9_PC_BigMDSteps_1: 6115874
a_12_120.28_9_PC_BigMDSteps_1: 6115875
b_12_120.28_9_PC_BigMDSteps: 6115876
6115777,6115788,6115799,6115810,6115821,6115832,6115843,6115854,6115865,6115876
a_11_f_PC_BigMDSteps: 6115877
a_13_120.28_0_PC_BigMDSteps_1: 6115878
a_13_120.28_0_PC_BigMDSteps_1: 6115879
a_13_120.28_0_PC_BigMDSteps_1: 6115880
a_13_120.28_0_PC_BigMDSteps_1: 6115881
a_13_120.28_0_PC_BigMDSteps_1: 6115882
a_13_120.28_0_PC_BigMDSteps_1: 6115883
a_13_120.28_0_PC_BigMDSteps_1: 6115884
a_13_120.28_0_PC_BigMDSteps_1: 6115885
a_13_120.28_0_PC_BigMDSteps_1: 6115886
a_13_120.28_0_PC_BigMDSteps_1: 6115887
b_13_120.28_0_PC_BigMDSteps: 6115888
a_13_120.28_1_PC_BigMDSteps_1: 6115889
a_13_120.28_1_PC_BigMDSteps_1: 6115890
a_13_120.28_1_PC_BigMDSteps_1: 6115891
a_13_120.28_1_PC_BigMDSteps_1: 6115892
a_13_120.28_1_PC_BigMDSteps_1: 6115893
a_13_120.28_1_PC_BigMDSteps_1: 6115894
a_13_120.28_1_PC_BigMDSteps_1: 6115895
a_13_120.28_1_PC_BigMDSteps_1: 6115896
a_13_120.28_1_PC_BigMDSteps_1: 6115897
a_13_120.28_1_PC_BigMDSteps_1: 6115898
b_13_120.28_1_PC_BigMDSteps: 6115899
a_13_120.28_2_PC_BigMDSteps_1: 6115900
a_13_120.28_2_PC_BigMDSteps_1: 6115901
a_13_120.28_2_PC_BigMDSteps_1: 6115902
a_13_120.28_2_PC_BigMDSteps_1: 6115903
a_13_120.28_2_PC_BigMDSteps_1: 6115904
a_13_120.28_2_PC_BigMDSteps_1: 6115905
a_13_120.28_2_PC_BigMDSteps_1: 6115906
a_13_120.28_2_PC_BigMDSteps_1: 6115907
a_13_120.28_2_PC_BigMDSteps_1: 6115908
a_13_120.28_2_PC_BigMDSteps_1: 6115909
b_13_120.28_2_PC_BigMDSteps: 6115910
a_13_120.28_3_PC_BigMDSteps_1: 6115911
a_13_120.28_3_PC_BigMDSteps_1: 6115912
a_13_120.28_3_PC_BigMDSteps_1: 6115913
a_13_120.28_3_PC_BigMDSteps_1: 6115914
a_13_120.28_3_PC_BigMDSteps_1: 6115915
a_13_120.28_3_PC_BigMDSteps_1: 6115916
a_13_120.28_3_PC_BigMDSteps_1: 6115917
a_13_120.28_3_PC_BigMDSteps_1: 6115918
a_13_120.28_3_PC_BigMDSteps_1: 6115919
a_13_120.28_3_PC_BigMDSteps_1: 6115920
b_13_120.28_3_PC_BigMDSteps: 6115921
a_13_120.28_4_PC_BigMDSteps_1: 6115922
a_13_120.28_4_PC_BigMDSteps_1: 6115923
a_13_120.28_4_PC_BigMDSteps_1: 6115924
a_13_120.28_4_PC_BigMDSteps_1: 6115925
a_13_120.28_4_PC_BigMDSteps_1: 6115926
a_13_120.28_4_PC_BigMDSteps_1: 6115928
a_13_120.28_4_PC_BigMDSteps_1: 6115929
a_13_120.28_4_PC_BigMDSteps_1: 6115930
a_13_120.28_4_PC_BigMDSteps_1: 6115931
a_13_120.28_4_PC_BigMDSteps_1: 6115932
b_13_120.28_4_PC_BigMDSteps: 6115933
a_13_120.28_5_PC_BigMDSteps_1: 6115934
a_13_120.28_5_PC_BigMDSteps_1: 6115935
a_13_120.28_5_PC_BigMDSteps_1: 6115936
a_13_120.28_5_PC_BigMDSteps_1: 6115937
a_13_120.28_5_PC_BigMDSteps_1: 6115938
a_13_120.28_5_PC_BigMDSteps_1: 6115939
a_13_120.28_5_PC_BigMDSteps_1: 6115940
a_13_120.28_5_PC_BigMDSteps_1: 6115941
a_13_120.28_5_PC_BigMDSteps_1: 6115942
a_13_120.28_5_PC_BigMDSteps_1: 6115943
b_13_120.28_5_PC_BigMDSteps: 6115944
a_13_120.28_6_PC_BigMDSteps_1: 6115945
a_13_120.28_6_PC_BigMDSteps_1: 6115946
a_13_120.28_6_PC_BigMDSteps_1: 6115947
a_13_120.28_6_PC_BigMDSteps_1: 6115948
a_13_120.28_6_PC_BigMDSteps_1: 6115949
a_13_120.28_6_PC_BigMDSteps_1: 6115950
a_13_120.28_6_PC_BigMDSteps_1: 6115951
a_13_120.28_6_PC_BigMDSteps_1: 6115952
a_13_120.28_6_PC_BigMDSteps_1: 6115953
a_13_120.28_6_PC_BigMDSteps_1: 6115954
b_13_120.28_6_PC_BigMDSteps: 6115955
a_13_120.28_7_PC_BigMDSteps_1: 6115956
a_13_120.28_7_PC_BigMDSteps_1: 6115957
a_13_120.28_7_PC_BigMDSteps_1: 6115958
a_13_120.28_7_PC_BigMDSteps_1: 6115959
a_13_120.28_7_PC_BigMDSteps_1: 6115960
a_13_120.28_7_PC_BigMDSteps_1: 6115961
a_13_120.28_7_PC_BigMDSteps_1: 6115962
a_13_120.28_7_PC_BigMDSteps_1: 6115963
a_13_120.28_7_PC_BigMDSteps_1: 6115964
a_13_120.28_7_PC_BigMDSteps_1: 6115965
b_13_120.28_7_PC_BigMDSteps: 6115966
a_13_120.28_8_PC_BigMDSteps_1: 6115967
a_13_120.28_8_PC_BigMDSteps_1: 6115968
a_13_120.28_8_PC_BigMDSteps_1: 6115969
a_13_120.28_8_PC_BigMDSteps_1: 6115970
a_13_120.28_8_PC_BigMDSteps_1: 6115971
a_13_120.28_8_PC_BigMDSteps_1: 6115972
a_13_120.28_8_PC_BigMDSteps_1: 6115973
a_13_120.28_8_PC_BigMDSteps_1: 6115974
a_13_120.28_8_PC_BigMDSteps_1: 6115975
a_13_120.28_8_PC_BigMDSteps_1: 6115976
b_13_120.28_8_PC_BigMDSteps: 6115977
a_13_120.28_9_PC_BigMDSteps_1: 6115978
a_13_120.28_9_PC_BigMDSteps_1: 6115979
a_13_120.28_9_PC_BigMDSteps_1: 6115980
a_13_120.28_9_PC_BigMDSteps_1: 6115981
a_13_120.28_9_PC_BigMDSteps_1: 6115982
a_13_120.28_9_PC_BigMDSteps_1: 6115983
a_13_120.28_9_PC_BigMDSteps_1: 6115984
a_13_120.28_9_PC_BigMDSteps_1: 6115985
a_13_120.28_9_PC_BigMDSteps_1: 6115986
a_13_120.28_9_PC_BigMDSteps_1: 6115987
b_13_120.28_9_PC_BigMDSteps: 6115988
6115888,6115899,6115910,6115921,6115933,6115944,6115955,6115966,6115977,6115988
a_12_f_PC_BigMDSteps: 6115989
a_14_120.28_0_PC_BigMDSteps_1: 6115990
a_14_120.28_0_PC_BigMDSteps_1: 6115991
a_14_120.28_0_PC_BigMDSteps_1: 6115992
a_14_120.28_0_PC_BigMDSteps_1: 6115993
a_14_120.28_0_PC_BigMDSteps_1: 6115994
a_14_120.28_0_PC_BigMDSteps_1: 6115995
a_14_120.28_0_PC_BigMDSteps_1: 6115996
a_14_120.28_0_PC_BigMDSteps_1: 6115997
a_14_120.28_0_PC_BigMDSteps_1: 6115998
a_14_120.28_0_PC_BigMDSteps_1: 6115999
b_14_120.28_0_PC_BigMDSteps: 6116000
a_14_120.28_1_PC_BigMDSteps_1: 6116001
a_14_120.28_1_PC_BigMDSteps_1: 6116002
a_14_120.28_1_PC_BigMDSteps_1: 6116003
a_14_120.28_1_PC_BigMDSteps_1: 6116004
a_14_120.28_1_PC_BigMDSteps_1: 6116005
a_14_120.28_1_PC_BigMDSteps_1: 6116006
a_14_120.28_1_PC_BigMDSteps_1: 6116007
a_14_120.28_1_PC_BigMDSteps_1: 6116008
a_14_120.28_1_PC_BigMDSteps_1: 6116009
a_14_120.28_1_PC_BigMDSteps_1: 6116010
b_14_120.28_1_PC_BigMDSteps: 6116011
a_14_120.28_2_PC_BigMDSteps_1: 6116012
a_14_120.28_2_PC_BigMDSteps_1: 6116013
a_14_120.28_2_PC_BigMDSteps_1: 6116014
a_14_120.28_2_PC_BigMDSteps_1: 6116015
a_14_120.28_2_PC_BigMDSteps_1: 6116016
a_14_120.28_2_PC_BigMDSteps_1: 6116017
a_14_120.28_2_PC_BigMDSteps_1: 6116018
a_14_120.28_2_PC_BigMDSteps_1: 6116019
a_14_120.28_2_PC_BigMDSteps_1: 6116020
a_14_120.28_2_PC_BigMDSteps_1: 6116021
b_14_120.28_2_PC_BigMDSteps: 6116022
a_14_120.28_3_PC_BigMDSteps_1: 6116023
a_14_120.28_3_PC_BigMDSteps_1: 6116024
a_14_120.28_3_PC_BigMDSteps_1: 6116025
a_14_120.28_3_PC_BigMDSteps_1: 6116026
a_14_120.28_3_PC_BigMDSteps_1: 6116027
a_14_120.28_3_PC_BigMDSteps_1: 6116028
a_14_120.28_3_PC_BigMDSteps_1: 6116029
a_14_120.28_3_PC_BigMDSteps_1: 6116030
a_14_120.28_3_PC_BigMDSteps_1: 6116031
a_14_120.28_3_PC_BigMDSteps_1: 6116032
b_14_120.28_3_PC_BigMDSteps: 6116033
a_14_120.28_4_PC_BigMDSteps_1: 6116034
a_14_120.28_4_PC_BigMDSteps_1: 6116035
a_14_120.28_4_PC_BigMDSteps_1: 6116036
a_14_120.28_4_PC_BigMDSteps_1: 6116037
a_14_120.28_4_PC_BigMDSteps_1: 6116038
a_14_120.28_4_PC_BigMDSteps_1: 6116039
a_14_120.28_4_PC_BigMDSteps_1: 6116040
a_14_120.28_4_PC_BigMDSteps_1: 6116041
a_14_120.28_4_PC_BigMDSteps_1: 6116042
a_14_120.28_4_PC_BigMDSteps_1: 6116043
b_14_120.28_4_PC_BigMDSteps: 6116044
a_14_120.28_5_PC_BigMDSteps_1: 6116045
a_14_120.28_5_PC_BigMDSteps_1: 6116046
a_14_120.28_5_PC_BigMDSteps_1: 6116047
a_14_120.28_5_PC_BigMDSteps_1: 6116048
a_14_120.28_5_PC_BigMDSteps_1: 6116049
a_14_120.28_5_PC_BigMDSteps_1: 6116050
a_14_120.28_5_PC_BigMDSteps_1: 6116051
a_14_120.28_5_PC_BigMDSteps_1: 6116052
a_14_120.28_5_PC_BigMDSteps_1: 6116053
a_14_120.28_5_PC_BigMDSteps_1: 6116054
b_14_120.28_5_PC_BigMDSteps: 6116055
a_14_120.28_6_PC_BigMDSteps_1: 6116056
a_14_120.28_6_PC_BigMDSteps_1: 6116057
a_14_120.28_6_PC_BigMDSteps_1: 6116058
a_14_120.28_6_PC_BigMDSteps_1: 6116059
a_14_120.28_6_PC_BigMDSteps_1: 6116060
a_14_120.28_6_PC_BigMDSteps_1: 6116061
a_14_120.28_6_PC_BigMDSteps_1: 6116062
a_14_120.28_6_PC_BigMDSteps_1: 6116063
a_14_120.28_6_PC_BigMDSteps_1: 6116064
a_14_120.28_6_PC_BigMDSteps_1: 6116065
b_14_120.28_6_PC_BigMDSteps: 6116066
a_14_120.28_7_PC_BigMDSteps_1: 6116067
a_14_120.28_7_PC_BigMDSteps_1: 6116068
a_14_120.28_7_PC_BigMDSteps_1: 6116069
a_14_120.28_7_PC_BigMDSteps_1: 6116070
a_14_120.28_7_PC_BigMDSteps_1: 6116071
a_14_120.28_7_PC_BigMDSteps_1: 6116072
a_14_120.28_7_PC_BigMDSteps_1: 6116073
a_14_120.28_7_PC_BigMDSteps_1: 6116074
a_14_120.28_7_PC_BigMDSteps_1: 6116075
a_14_120.28_7_PC_BigMDSteps_1: 6116076
b_14_120.28_7_PC_BigMDSteps: 6116077
a_14_120.28_8_PC_BigMDSteps_1: 6116078
a_14_120.28_8_PC_BigMDSteps_1: 6116079
a_14_120.28_8_PC_BigMDSteps_1: 6116080
a_14_120.28_8_PC_BigMDSteps_1: 6116081
a_14_120.28_8_PC_BigMDSteps_1: 6116082
a_14_120.28_8_PC_BigMDSteps_1: 6116083
a_14_120.28_8_PC_BigMDSteps_1: 6116084
a_14_120.28_8_PC_BigMDSteps_1: 6116085
a_14_120.28_8_PC_BigMDSteps_1: 6116086
a_14_120.28_8_PC_BigMDSteps_1: 6116087
b_14_120.28_8_PC_BigMDSteps: 6116088
a_14_120.28_9_PC_BigMDSteps_1: 6116089
a_14_120.28_9_PC_BigMDSteps_1: 6116090
a_14_120.28_9_PC_BigMDSteps_1: 6116091
a_14_120.28_9_PC_BigMDSteps_1: 6116092
a_14_120.28_9_PC_BigMDSteps_1: 6116093
a_14_120.28_9_PC_BigMDSteps_1: 6116094
a_14_120.28_9_PC_BigMDSteps_1: 6116095
a_14_120.28_9_PC_BigMDSteps_1: 6116096
a_14_120.28_9_PC_BigMDSteps_1: 6116097
a_14_120.28_9_PC_BigMDSteps_1: 6116098
b_14_120.28_9_PC_BigMDSteps: 6116099
6116000,6116011,6116022,6116033,6116044,6116055,6116066,6116077,6116088,6116099
a_13_f_PC_BigMDSteps: 6116100
a_15_120.28_0_PC_BigMDSteps_1: 6116101
a_15_120.28_0_PC_BigMDSteps_1: 6116102
a_15_120.28_0_PC_BigMDSteps_1: 6116103
a_15_120.28_0_PC_BigMDSteps_1: 6116104
a_15_120.28_0_PC_BigMDSteps_1: 6116105
a_15_120.28_0_PC_BigMDSteps_1: 6116106
a_15_120.28_0_PC_BigMDSteps_1: 6116107
a_15_120.28_0_PC_BigMDSteps_1: 6116108
a_15_120.28_0_PC_BigMDSteps_1: 6116109
a_15_120.28_0_PC_BigMDSteps_1: 6116110
b_15_120.28_0_PC_BigMDSteps: 6116111
a_15_120.28_1_PC_BigMDSteps_1: 6116112
a_15_120.28_1_PC_BigMDSteps_1: 6116113
a_15_120.28_1_PC_BigMDSteps_1: 6116114
a_15_120.28_1_PC_BigMDSteps_1: 6116115
a_15_120.28_1_PC_BigMDSteps_1: 6116116
a_15_120.28_1_PC_BigMDSteps_1: 6116117
a_15_120.28_1_PC_BigMDSteps_1: 6116118
a_15_120.28_1_PC_BigMDSteps_1: 6116119
a_15_120.28_1_PC_BigMDSteps_1: 6116120
a_15_120.28_1_PC_BigMDSteps_1: 6116121
b_15_120.28_1_PC_BigMDSteps: 6116122
a_15_120.28_2_PC_BigMDSteps_1: 6116123
a_15_120.28_2_PC_BigMDSteps_1: 6116124
a_15_120.28_2_PC_BigMDSteps_1: 6116125
a_15_120.28_2_PC_BigMDSteps_1: 6116126
a_15_120.28_2_PC_BigMDSteps_1: 6116127
a_15_120.28_2_PC_BigMDSteps_1: 6116128
a_15_120.28_2_PC_BigMDSteps_1: 6116129
a_15_120.28_2_PC_BigMDSteps_1: 6116130
a_15_120.28_2_PC_BigMDSteps_1: 6116131
a_15_120.28_2_PC_BigMDSteps_1: 6116132
b_15_120.28_2_PC_BigMDSteps: 6116133
a_15_120.28_3_PC_BigMDSteps_1: 6116134
a_15_120.28_3_PC_BigMDSteps_1: 6116135
a_15_120.28_3_PC_BigMDSteps_1: 6116136
a_15_120.28_3_PC_BigMDSteps_1: 6116137
a_15_120.28_3_PC_BigMDSteps_1: 6116138
a_15_120.28_3_PC_BigMDSteps_1: 6116139
a_15_120.28_3_PC_BigMDSteps_1: 6116140
a_15_120.28_3_PC_BigMDSteps_1: 6116141
a_15_120.28_3_PC_BigMDSteps_1: 6116142
a_15_120.28_3_PC_BigMDSteps_1: 6116143
b_15_120.28_3_PC_BigMDSteps: 6116144
a_15_120.28_4_PC_BigMDSteps_1: 6116145
a_15_120.28_4_PC_BigMDSteps_1: 6116146
a_15_120.28_4_PC_BigMDSteps_1: 6116147
a_15_120.28_4_PC_BigMDSteps_1: 6116148
a_15_120.28_4_PC_BigMDSteps_1: 6116149
a_15_120.28_4_PC_BigMDSteps_1: 6116150
a_15_120.28_4_PC_BigMDSteps_1: 6116151
a_15_120.28_4_PC_BigMDSteps_1: 6116152
a_15_120.28_4_PC_BigMDSteps_1: 6116153
a_15_120.28_4_PC_BigMDSteps_1: 6116154
b_15_120.28_4_PC_BigMDSteps: 6116155
a_15_120.28_5_PC_BigMDSteps_1: 6116156
a_15_120.28_5_PC_BigMDSteps_1: 6116157
a_15_120.28_5_PC_BigMDSteps_1: 6116158
a_15_120.28_5_PC_BigMDSteps_1: 6116159
a_15_120.28_5_PC_BigMDSteps_1: 6116160
a_15_120.28_5_PC_BigMDSteps_1: 6116161
a_15_120.28_5_PC_BigMDSteps_1: 6116162
a_15_120.28_5_PC_BigMDSteps_1: 6116163
a_15_120.28_5_PC_BigMDSteps_1: 6116164
a_15_120.28_5_PC_BigMDSteps_1: 6116165
b_15_120.28_5_PC_BigMDSteps: 6116166
a_15_120.28_6_PC_BigMDSteps_1: 6116167
a_15_120.28_6_PC_BigMDSteps_1: 6116168
a_15_120.28_6_PC_BigMDSteps_1: 6116169
a_15_120.28_6_PC_BigMDSteps_1: 6116170
a_15_120.28_6_PC_BigMDSteps_1: 6116171
a_15_120.28_6_PC_BigMDSteps_1: 6116172
a_15_120.28_6_PC_BigMDSteps_1: 6116173
a_15_120.28_6_PC_BigMDSteps_1: 6116174
a_15_120.28_6_PC_BigMDSteps_1: 6116175
a_15_120.28_6_PC_BigMDSteps_1: 6116176
b_15_120.28_6_PC_BigMDSteps: 6116177
a_15_120.28_7_PC_BigMDSteps_1: 6116178
a_15_120.28_7_PC_BigMDSteps_1: 6116179
a_15_120.28_7_PC_BigMDSteps_1: 6116180
a_15_120.28_7_PC_BigMDSteps_1: 6116181
a_15_120.28_7_PC_BigMDSteps_1: 6116182
a_15_120.28_7_PC_BigMDSteps_1: 6116183
a_15_120.28_7_PC_BigMDSteps_1: 6116184
a_15_120.28_7_PC_BigMDSteps_1: 6116185
a_15_120.28_7_PC_BigMDSteps_1: 6116186
a_15_120.28_7_PC_BigMDSteps_1: 6116187
b_15_120.28_7_PC_BigMDSteps: 6116188
a_15_120.28_8_PC_BigMDSteps_1: 6116189
a_15_120.28_8_PC_BigMDSteps_1: 6116190
a_15_120.28_8_PC_BigMDSteps_1: 6116191
a_15_120.28_8_PC_BigMDSteps_1: 6116192
a_15_120.28_8_PC_BigMDSteps_1: 6116193
a_15_120.28_8_PC_BigMDSteps_1: 6116194
a_15_120.28_8_PC_BigMDSteps_1: 6116195
a_15_120.28_8_PC_BigMDSteps_1: 6116196
a_15_120.28_8_PC_BigMDSteps_1: 6116197
a_15_120.28_8_PC_BigMDSteps_1: 6116198
b_15_120.28_8_PC_BigMDSteps: 6116199
a_15_120.28_9_PC_BigMDSteps_1: 6116200
a_15_120.28_9_PC_BigMDSteps_1: 6116201
a_15_120.28_9_PC_BigMDSteps_1: 6116202
a_15_120.28_9_PC_BigMDSteps_1: 6116203
a_15_120.28_9_PC_BigMDSteps_1: 6116204
a_15_120.28_9_PC_BigMDSteps_1: 6116205
a_15_120.28_9_PC_BigMDSteps_1: 6116206
a_15_120.28_9_PC_BigMDSteps_1: 6116207
a_15_120.28_9_PC_BigMDSteps_1: 6116208
a_15_120.28_9_PC_BigMDSteps_1: 6116209
b_15_120.28_9_PC_BigMDSteps: 6116210
6116111,6116122,6116133,6116144,6116155,6116166,6116177,6116188,6116199,6116210
a_14_f_PC_BigMDSteps: 6116211
a_16_120.28_0_PC_BigMDSteps_1: 6116212
a_16_120.28_0_PC_BigMDSteps_1: 6116213
a_16_120.28_0_PC_BigMDSteps_1: 6116214
a_16_120.28_0_PC_BigMDSteps_1: 6116215
a_16_120.28_0_PC_BigMDSteps_1: 6116216
a_16_120.28_0_PC_BigMDSteps_1: 6116217
a_16_120.28_0_PC_BigMDSteps_1: 6116218
a_16_120.28_0_PC_BigMDSteps_1: 6116219
a_16_120.28_0_PC_BigMDSteps_1: 6116220
a_16_120.28_0_PC_BigMDSteps_1: 6116221
b_16_120.28_0_PC_BigMDSteps: 6116222
a_16_120.28_1_PC_BigMDSteps_1: 6116223
a_16_120.28_1_PC_BigMDSteps_1: 6116224
a_16_120.28_1_PC_BigMDSteps_1: 6116225
a_16_120.28_1_PC_BigMDSteps_1: 6116226
a_16_120.28_1_PC_BigMDSteps_1: 6116227
a_16_120.28_1_PC_BigMDSteps_1: 6116228
a_16_120.28_1_PC_BigMDSteps_1: 6116229
a_16_120.28_1_PC_BigMDSteps_1: 6116230
a_16_120.28_1_PC_BigMDSteps_1: 6116231
a_16_120.28_1_PC_BigMDSteps_1: 6116232
b_16_120.28_1_PC_BigMDSteps: 6116233
a_16_120.28_2_PC_BigMDSteps_1: 6116234
a_16_120.28_2_PC_BigMDSteps_1: 6116235
a_16_120.28_2_PC_BigMDSteps_1: 6116236
a_16_120.28_2_PC_BigMDSteps_1: 6116237
a_16_120.28_2_PC_BigMDSteps_1: 6116238
a_16_120.28_2_PC_BigMDSteps_1: 6116239
a_16_120.28_2_PC_BigMDSteps_1: 6116240
a_16_120.28_2_PC_BigMDSteps_1: 6116241
a_16_120.28_2_PC_BigMDSteps_1: 6116242
a_16_120.28_2_PC_BigMDSteps_1: 6116243
b_16_120.28_2_PC_BigMDSteps: 6116244
a_16_120.28_3_PC_BigMDSteps_1: 6116245
a_16_120.28_3_PC_BigMDSteps_1: 6116246
a_16_120.28_3_PC_BigMDSteps_1: 6116247
a_16_120.28_3_PC_BigMDSteps_1: 6116248
a_16_120.28_3_PC_BigMDSteps_1: 6116249
a_16_120.28_3_PC_BigMDSteps_1: 6116250
a_16_120.28_3_PC_BigMDSteps_1: 6116251
a_16_120.28_3_PC_BigMDSteps_1: 6116252
a_16_120.28_3_PC_BigMDSteps_1: 6116253
a_16_120.28_3_PC_BigMDSteps_1: 6116254
b_16_120.28_3_PC_BigMDSteps: 6116255
a_16_120.28_4_PC_BigMDSteps_1: 6116256
a_16_120.28_4_PC_BigMDSteps_1: 6116257
a_16_120.28_4_PC_BigMDSteps_1: 6116258
a_16_120.28_4_PC_BigMDSteps_1: 6116259
a_16_120.28_4_PC_BigMDSteps_1: 6116260
a_16_120.28_4_PC_BigMDSteps_1: 6116261
a_16_120.28_4_PC_BigMDSteps_1: 6116262
a_16_120.28_4_PC_BigMDSteps_1: 6116263
a_16_120.28_4_PC_BigMDSteps_1: 6116264
a_16_120.28_4_PC_BigMDSteps_1: 6116265
b_16_120.28_4_PC_BigMDSteps: 6116266
a_16_120.28_5_PC_BigMDSteps_1: 6116267
a_16_120.28_5_PC_BigMDSteps_1: 6116268
a_16_120.28_5_PC_BigMDSteps_1: 6116269
a_16_120.28_5_PC_BigMDSteps_1: 6116270
a_16_120.28_5_PC_BigMDSteps_1: 6116271
a_16_120.28_5_PC_BigMDSteps_1: 6116272
a_16_120.28_5_PC_BigMDSteps_1: 6116273
a_16_120.28_5_PC_BigMDSteps_1: 6116274
a_16_120.28_5_PC_BigMDSteps_1: 6116275
a_16_120.28_5_PC_BigMDSteps_1: 6116276
b_16_120.28_5_PC_BigMDSteps: 6116277
a_16_120.28_6_PC_BigMDSteps_1: 6116278
a_16_120.28_6_PC_BigMDSteps_1: 6116279
a_16_120.28_6_PC_BigMDSteps_1: 6116280
a_16_120.28_6_PC_BigMDSteps_1: 6116281
a_16_120.28_6_PC_BigMDSteps_1: 6116282
a_16_120.28_6_PC_BigMDSteps_1: 6116283
a_16_120.28_6_PC_BigMDSteps_1: 6116284
a_16_120.28_6_PC_BigMDSteps_1: 6116285
a_16_120.28_6_PC_BigMDSteps_1: 6116286
a_16_120.28_6_PC_BigMDSteps_1: 6116287
b_16_120.28_6_PC_BigMDSteps: 6116288
a_16_120.28_7_PC_BigMDSteps_1: 6116289
a_16_120.28_7_PC_BigMDSteps_1: 6116290
a_16_120.28_7_PC_BigMDSteps_1: 6116291
a_16_120.28_7_PC_BigMDSteps_1: 6116292
a_16_120.28_7_PC_BigMDSteps_1: 6116293
a_16_120.28_7_PC_BigMDSteps_1: 6116294
a_16_120.28_7_PC_BigMDSteps_1: 6116295
a_16_120.28_7_PC_BigMDSteps_1: 6116296
a_16_120.28_7_PC_BigMDSteps_1: 6116297
a_16_120.28_7_PC_BigMDSteps_1: 6116298
b_16_120.28_7_PC_BigMDSteps: 6116299
a_16_120.28_8_PC_BigMDSteps_1: 6116300
a_16_120.28_8_PC_BigMDSteps_1: 6116301
a_16_120.28_8_PC_BigMDSteps_1: 6116302
a_16_120.28_8_PC_BigMDSteps_1: 6116303
a_16_120.28_8_PC_BigMDSteps_1: 6116304
a_16_120.28_8_PC_BigMDSteps_1: 6116305
a_16_120.28_8_PC_BigMDSteps_1: 6116306
a_16_120.28_8_PC_BigMDSteps_1: 6116307
a_16_120.28_8_PC_BigMDSteps_1: 6116308
a_16_120.28_8_PC_BigMDSteps_1: 6116309
b_16_120.28_8_PC_BigMDSteps: 6116310
a_16_120.28_9_PC_BigMDSteps_1: 6116311
a_16_120.28_9_PC_BigMDSteps_1: 6116312
a_16_120.28_9_PC_BigMDSteps_1: 6116313
a_16_120.28_9_PC_BigMDSteps_1: 6116314
a_16_120.28_9_PC_BigMDSteps_1: 6116315
a_16_120.28_9_PC_BigMDSteps_1: 6116316
a_16_120.28_9_PC_BigMDSteps_1: 6116317
a_16_120.28_9_PC_BigMDSteps_1: 6116318
a_16_120.28_9_PC_BigMDSteps_1: 6116319
a_16_120.28_9_PC_BigMDSteps_1: 6116320
b_16_120.28_9_PC_BigMDSteps: 6116321
6116222,6116233,6116244,6116255,6116266,6116277,6116288,6116299,6116310,6116321
a_15_f_PC_BigMDSteps: 6116322
a_17_120.28_0_PC_BigMDSteps_1: 6116323
a_17_120.28_0_PC_BigMDSteps_1: 6116324
a_17_120.28_0_PC_BigMDSteps_1: 6116325
a_17_120.28_0_PC_BigMDSteps_1: 6116326
a_17_120.28_0_PC_BigMDSteps_1: 6116327
a_17_120.28_0_PC_BigMDSteps_1: 6116328
a_17_120.28_0_PC_BigMDSteps_1: 6116329
a_17_120.28_0_PC_BigMDSteps_1: 6116330
a_17_120.28_0_PC_BigMDSteps_1: 6116331
a_17_120.28_0_PC_BigMDSteps_1: 6116332
b_17_120.28_0_PC_BigMDSteps: 6116333
a_17_120.28_1_PC_BigMDSteps_1: 6116334
a_17_120.28_1_PC_BigMDSteps_1: 6116335
a_17_120.28_1_PC_BigMDSteps_1: 6116336
a_17_120.28_1_PC_BigMDSteps_1: 6116337
a_17_120.28_1_PC_BigMDSteps_1: 6116338
a_17_120.28_1_PC_BigMDSteps_1: 6116339
a_17_120.28_1_PC_BigMDSteps_1: 6116340
a_17_120.28_1_PC_BigMDSteps_1: 6116341
a_17_120.28_1_PC_BigMDSteps_1: 6116342
a_17_120.28_1_PC_BigMDSteps_1: 6116343
b_17_120.28_1_PC_BigMDSteps: 6116344
a_17_120.28_2_PC_BigMDSteps_1: 6116345
a_17_120.28_2_PC_BigMDSteps_1: 6116346
a_17_120.28_2_PC_BigMDSteps_1: 6116347
a_17_120.28_2_PC_BigMDSteps_1: 6116348
a_17_120.28_2_PC_BigMDSteps_1: 6116349
a_17_120.28_2_PC_BigMDSteps_1: 6116350
a_17_120.28_2_PC_BigMDSteps_1: 6116351
a_17_120.28_2_PC_BigMDSteps_1: 6116352
a_17_120.28_2_PC_BigMDSteps_1: 6116353
a_17_120.28_2_PC_BigMDSteps_1: 6116354
b_17_120.28_2_PC_BigMDSteps: 6116355
a_17_120.28_3_PC_BigMDSteps_1: 6116356
a_17_120.28_3_PC_BigMDSteps_1: 6116357
a_17_120.28_3_PC_BigMDSteps_1: 6116358
a_17_120.28_3_PC_BigMDSteps_1: 6116359
a_17_120.28_3_PC_BigMDSteps_1: 6116360
a_17_120.28_3_PC_BigMDSteps_1: 6116361
a_17_120.28_3_PC_BigMDSteps_1: 6116362
a_17_120.28_3_PC_BigMDSteps_1: 6116363
a_17_120.28_3_PC_BigMDSteps_1: 6116364
a_17_120.28_3_PC_BigMDSteps_1: 6116365
b_17_120.28_3_PC_BigMDSteps: 6116366
a_17_120.28_4_PC_BigMDSteps_1: 6116367
a_17_120.28_4_PC_BigMDSteps_1: 6116368
a_17_120.28_4_PC_BigMDSteps_1: 6116369
a_17_120.28_4_PC_BigMDSteps_1: 6116370
a_17_120.28_4_PC_BigMDSteps_1: 6116371
a_17_120.28_4_PC_BigMDSteps_1: 6116372
a_17_120.28_4_PC_BigMDSteps_1: 6116373
a_17_120.28_4_PC_BigMDSteps_1: 6116374
a_17_120.28_4_PC_BigMDSteps_1: 6116375
a_17_120.28_4_PC_BigMDSteps_1: 6116376
b_17_120.28_4_PC_BigMDSteps: 6116377
a_17_120.28_5_PC_BigMDSteps_1: 6116378
a_17_120.28_5_PC_BigMDSteps_1: 6116379
a_17_120.28_5_PC_BigMDSteps_1: 6116380
a_17_120.28_5_PC_BigMDSteps_1: 6116381
a_17_120.28_5_PC_BigMDSteps_1: 6116382
a_17_120.28_5_PC_BigMDSteps_1: 6116383
a_17_120.28_5_PC_BigMDSteps_1: 6116384
a_17_120.28_5_PC_BigMDSteps_1: 6116385
a_17_120.28_5_PC_BigMDSteps_1: 6116386
a_17_120.28_5_PC_BigMDSteps_1: 6116387
b_17_120.28_5_PC_BigMDSteps: 6116388
a_17_120.28_6_PC_BigMDSteps_1: 6116389
a_17_120.28_6_PC_BigMDSteps_1: 6116390
a_17_120.28_6_PC_BigMDSteps_1: 6116391
a_17_120.28_6_PC_BigMDSteps_1: 6116392
a_17_120.28_6_PC_BigMDSteps_1: 6116393
a_17_120.28_6_PC_BigMDSteps_1: 6116394
a_17_120.28_6_PC_BigMDSteps_1: 6116395
a_17_120.28_6_PC_BigMDSteps_1: 6116396
a_17_120.28_6_PC_BigMDSteps_1: 6116397
a_17_120.28_6_PC_BigMDSteps_1: 6116398
b_17_120.28_6_PC_BigMDSteps: 6116399
a_17_120.28_7_PC_BigMDSteps_1: 6116400
a_17_120.28_7_PC_BigMDSteps_1: 6116401
a_17_120.28_7_PC_BigMDSteps_1: 6116402
a_17_120.28_7_PC_BigMDSteps_1: 6116403
a_17_120.28_7_PC_BigMDSteps_1: 6116404
a_17_120.28_7_PC_BigMDSteps_1: 6116405
a_17_120.28_7_PC_BigMDSteps_1: 6116406
a_17_120.28_7_PC_BigMDSteps_1: 6116407
a_17_120.28_7_PC_BigMDSteps_1: 6116408
a_17_120.28_7_PC_BigMDSteps_1: 6116409
b_17_120.28_7_PC_BigMDSteps: 6116410
a_17_120.28_8_PC_BigMDSteps_1: 6116411
a_17_120.28_8_PC_BigMDSteps_1: 6116412
a_17_120.28_8_PC_BigMDSteps_1: 6116413
a_17_120.28_8_PC_BigMDSteps_1: 6116414
a_17_120.28_8_PC_BigMDSteps_1: 6116415
a_17_120.28_8_PC_BigMDSteps_1: 6116416
a_17_120.28_8_PC_BigMDSteps_1: 6116417
a_17_120.28_8_PC_BigMDSteps_1: 6116418
a_17_120.28_8_PC_BigMDSteps_1: 6116419
a_17_120.28_8_PC_BigMDSteps_1: 6116420
b_17_120.28_8_PC_BigMDSteps: 6116421
a_17_120.28_9_PC_BigMDSteps_1: 6116422
a_17_120.28_9_PC_BigMDSteps_1: 6116423
a_17_120.28_9_PC_BigMDSteps_1: 6116424
a_17_120.28_9_PC_BigMDSteps_1: 6116425
a_17_120.28_9_PC_BigMDSteps_1: 6116426
a_17_120.28_9_PC_BigMDSteps_1: 6116427
a_17_120.28_9_PC_BigMDSteps_1: 6116428
a_17_120.28_9_PC_BigMDSteps_1: 6116429
a_17_120.28_9_PC_BigMDSteps_1: 6116430
a_17_120.28_9_PC_BigMDSteps_1: 6116431
b_17_120.28_9_PC_BigMDSteps: 6116432
6116333,6116344,6116355,6116366,6116377,6116388,6116399,6116410,6116421,6116432
a_16_f_PC_BigMDSteps: 6116433
a_18_120.28_0_PC_BigMDSteps_1: 6116434
a_18_120.28_0_PC_BigMDSteps_1: 6116435
a_18_120.28_0_PC_BigMDSteps_1: 6116436
a_18_120.28_0_PC_BigMDSteps_1: 6116437
a_18_120.28_0_PC_BigMDSteps_1: 6116438
a_18_120.28_0_PC_BigMDSteps_1: 6116439
a_18_120.28_0_PC_BigMDSteps_1: 6116440
a_18_120.28_0_PC_BigMDSteps_1: 6116441
a_18_120.28_0_PC_BigMDSteps_1: 6116442
a_18_120.28_0_PC_BigMDSteps_1: 6116443
b_18_120.28_0_PC_BigMDSteps: 6116444
a_18_120.28_1_PC_BigMDSteps_1: 6116445
a_18_120.28_1_PC_BigMDSteps_1: 6116446
a_18_120.28_1_PC_BigMDSteps_1: 6116447
a_18_120.28_1_PC_BigMDSteps_1: 6116448
a_18_120.28_1_PC_BigMDSteps_1: 6116449
a_18_120.28_1_PC_BigMDSteps_1: 6116450
a_18_120.28_1_PC_BigMDSteps_1: 6116451
a_18_120.28_1_PC_BigMDSteps_1: 6116452
a_18_120.28_1_PC_BigMDSteps_1: 6116453
a_18_120.28_1_PC_BigMDSteps_1: 6116454
b_18_120.28_1_PC_BigMDSteps: 6116455
a_18_120.28_2_PC_BigMDSteps_1: 6116456
a_18_120.28_2_PC_BigMDSteps_1: 6116457
a_18_120.28_2_PC_BigMDSteps_1: 6116458
a_18_120.28_2_PC_BigMDSteps_1: 6116459
a_18_120.28_2_PC_BigMDSteps_1: 6116460
a_18_120.28_2_PC_BigMDSteps_1: 6116461
a_18_120.28_2_PC_BigMDSteps_1: 6116462
a_18_120.28_2_PC_BigMDSteps_1: 6116463
a_18_120.28_2_PC_BigMDSteps_1: 6116464
a_18_120.28_2_PC_BigMDSteps_1: 6116465
b_18_120.28_2_PC_BigMDSteps: 6116466
a_18_120.28_3_PC_BigMDSteps_1: 6116467
a_18_120.28_3_PC_BigMDSteps_1: 6116468
a_18_120.28_3_PC_BigMDSteps_1: 6116469
a_18_120.28_3_PC_BigMDSteps_1: 6116470
a_18_120.28_3_PC_BigMDSteps_1: 6116471
a_18_120.28_3_PC_BigMDSteps_1: 6116472
a_18_120.28_3_PC_BigMDSteps_1: 6116473
a_18_120.28_3_PC_BigMDSteps_1: 6116474
a_18_120.28_3_PC_BigMDSteps_1: 6116475
a_18_120.28_3_PC_BigMDSteps_1: 6116476
b_18_120.28_3_PC_BigMDSteps: 6116477
a_18_120.28_4_PC_BigMDSteps_1: 6116478
a_18_120.28_4_PC_BigMDSteps_1: 6116479
a_18_120.28_4_PC_BigMDSteps_1: 6116480
a_18_120.28_4_PC_BigMDSteps_1: 6116481
a_18_120.28_4_PC_BigMDSteps_1: 6116482
a_18_120.28_4_PC_BigMDSteps_1: 6116483
a_18_120.28_4_PC_BigMDSteps_1: 6116484
a_18_120.28_4_PC_BigMDSteps_1: 6116485
a_18_120.28_4_PC_BigMDSteps_1: 6116486
a_18_120.28_4_PC_BigMDSteps_1: 6116487
b_18_120.28_4_PC_BigMDSteps: 6116488
a_18_120.28_5_PC_BigMDSteps_1: 6116489
a_18_120.28_5_PC_BigMDSteps_1: 6116490
a_18_120.28_5_PC_BigMDSteps_1: 6116491
a_18_120.28_5_PC_BigMDSteps_1: 6116492
a_18_120.28_5_PC_BigMDSteps_1: 6116493
a_18_120.28_5_PC_BigMDSteps_1: 6116494
a_18_120.28_5_PC_BigMDSteps_1: 6116495
a_18_120.28_5_PC_BigMDSteps_1: 6116496
a_18_120.28_5_PC_BigMDSteps_1: 6116497
a_18_120.28_5_PC_BigMDSteps_1: 6116498
b_18_120.28_5_PC_BigMDSteps: 6116499
a_18_120.28_6_PC_BigMDSteps_1: 6116500
a_18_120.28_6_PC_BigMDSteps_1: 6116501
a_18_120.28_6_PC_BigMDSteps_1: 6116502
a_18_120.28_6_PC_BigMDSteps_1: 6116503
a_18_120.28_6_PC_BigMDSteps_1: 6116504
a_18_120.28_6_PC_BigMDSteps_1: 6116505
a_18_120.28_6_PC_BigMDSteps_1: 6116506
a_18_120.28_6_PC_BigMDSteps_1: 6116507
a_18_120.28_6_PC_BigMDSteps_1: 6116508
a_18_120.28_6_PC_BigMDSteps_1: 6116509
b_18_120.28_6_PC_BigMDSteps: 6116510
a_18_120.28_7_PC_BigMDSteps_1: 6116511
a_18_120.28_7_PC_BigMDSteps_1: 6116512
a_18_120.28_7_PC_BigMDSteps_1: 6116513
a_18_120.28_7_PC_BigMDSteps_1: 6116514
a_18_120.28_7_PC_BigMDSteps_1: 6116515
a_18_120.28_7_PC_BigMDSteps_1: 6116516
a_18_120.28_7_PC_BigMDSteps_1: 6116517
a_18_120.28_7_PC_BigMDSteps_1: 6116518
a_18_120.28_7_PC_BigMDSteps_1: 6116519
a_18_120.28_7_PC_BigMDSteps_1: 6116520
b_18_120.28_7_PC_BigMDSteps: 6116521
a_18_120.28_8_PC_BigMDSteps_1: 6116522
a_18_120.28_8_PC_BigMDSteps_1: 6116523
a_18_120.28_8_PC_BigMDSteps_1: 6116524
a_18_120.28_8_PC_BigMDSteps_1: 6116525
a_18_120.28_8_PC_BigMDSteps_1: 6116526
a_18_120.28_8_PC_BigMDSteps_1: 6116527
a_18_120.28_8_PC_BigMDSteps_1: 6116528
a_18_120.28_8_PC_BigMDSteps_1: 6116529
a_18_120.28_8_PC_BigMDSteps_1: 6116530
a_18_120.28_8_PC_BigMDSteps_1: 6116531
b_18_120.28_8_PC_BigMDSteps: 6116532
a_18_120.28_9_PC_BigMDSteps_1: 6116533
a_18_120.28_9_PC_BigMDSteps_1: 6116534
a_18_120.28_9_PC_BigMDSteps_1: 6116535
a_18_120.28_9_PC_BigMDSteps_1: 6116536
a_18_120.28_9_PC_BigMDSteps_1: 6116537
a_18_120.28_9_PC_BigMDSteps_1: 6116538
a_18_120.28_9_PC_BigMDSteps_1: 6116539
a_18_120.28_9_PC_BigMDSteps_1: 6116540
a_18_120.28_9_PC_BigMDSteps_1: 6116541
a_18_120.28_9_PC_BigMDSteps_1: 6116542
b_18_120.28_9_PC_BigMDSteps: 6116543
6116444,6116455,6116466,6116477,6116488,6116499,6116510,6116521,6116532,6116543
a_17_f_PC_BigMDSteps: 6116544
a_19_120.28_0_PC_BigMDSteps_1: 6116545
a_19_120.28_0_PC_BigMDSteps_1: 6116546
a_19_120.28_0_PC_BigMDSteps_1: 6116547
a_19_120.28_0_PC_BigMDSteps_1: 6116548
a_19_120.28_0_PC_BigMDSteps_1: 6116549
a_19_120.28_0_PC_BigMDSteps_1: 6116550
a_19_120.28_0_PC_BigMDSteps_1: 6116551
a_19_120.28_0_PC_BigMDSteps_1: 6116552
a_19_120.28_0_PC_BigMDSteps_1: 6116553
a_19_120.28_0_PC_BigMDSteps_1: 6116554
b_19_120.28_0_PC_BigMDSteps: 6116555
a_19_120.28_1_PC_BigMDSteps_1: 6116556
a_19_120.28_1_PC_BigMDSteps_1: 6116557
a_19_120.28_1_PC_BigMDSteps_1: 6116558
a_19_120.28_1_PC_BigMDSteps_1: 6116559
a_19_120.28_1_PC_BigMDSteps_1: 6116560
a_19_120.28_1_PC_BigMDSteps_1: 6116561
a_19_120.28_1_PC_BigMDSteps_1: 6116562
a_19_120.28_1_PC_BigMDSteps_1: 6116563
a_19_120.28_1_PC_BigMDSteps_1: 6116564
a_19_120.28_1_PC_BigMDSteps_1: 6116565
b_19_120.28_1_PC_BigMDSteps: 6116566
a_19_120.28_2_PC_BigMDSteps_1: 6116567
a_19_120.28_2_PC_BigMDSteps_1: 6116568
a_19_120.28_2_PC_BigMDSteps_1: 6116569
a_19_120.28_2_PC_BigMDSteps_1: 6116570
a_19_120.28_2_PC_BigMDSteps_1: 6116571
a_19_120.28_2_PC_BigMDSteps_1: 6116572
a_19_120.28_2_PC_BigMDSteps_1: 6116573
a_19_120.28_2_PC_BigMDSteps_1: 6116574
a_19_120.28_2_PC_BigMDSteps_1: 6116575
a_19_120.28_2_PC_BigMDSteps_1: 6116576
b_19_120.28_2_PC_BigMDSteps: 6116577
a_19_120.28_3_PC_BigMDSteps_1: 6116578
a_19_120.28_3_PC_BigMDSteps_1: 6116579
a_19_120.28_3_PC_BigMDSteps_1: 6116580
a_19_120.28_3_PC_BigMDSteps_1: 6116581
a_19_120.28_3_PC_BigMDSteps_1: 6116582
a_19_120.28_3_PC_BigMDSteps_1: 6116583
a_19_120.28_3_PC_BigMDSteps_1: 6116584
a_19_120.28_3_PC_BigMDSteps_1: 6116585
a_19_120.28_3_PC_BigMDSteps_1: 6116586
a_19_120.28_3_PC_BigMDSteps_1: 6116587
b_19_120.28_3_PC_BigMDSteps: 6116588
a_19_120.28_4_PC_BigMDSteps_1: 6116589
a_19_120.28_4_PC_BigMDSteps_1: 6116590
a_19_120.28_4_PC_BigMDSteps_1: 6116591
a_19_120.28_4_PC_BigMDSteps_1: 6116592
a_19_120.28_4_PC_BigMDSteps_1: 6116593
a_19_120.28_4_PC_BigMDSteps_1: 6116594
a_19_120.28_4_PC_BigMDSteps_1: 6116595
a_19_120.28_4_PC_BigMDSteps_1: 6116596
a_19_120.28_4_PC_BigMDSteps_1: 6116597
a_19_120.28_4_PC_BigMDSteps_1: 6116598
b_19_120.28_4_PC_BigMDSteps: 6116599
a_19_120.28_5_PC_BigMDSteps_1: 6116600
a_19_120.28_5_PC_BigMDSteps_1: 6116601
a_19_120.28_5_PC_BigMDSteps_1: 6116602
a_19_120.28_5_PC_BigMDSteps_1: 6116603
a_19_120.28_5_PC_BigMDSteps_1: 6116604
a_19_120.28_5_PC_BigMDSteps_1: 6116605
a_19_120.28_5_PC_BigMDSteps_1: 6116606
a_19_120.28_5_PC_BigMDSteps_1: 6116607
a_19_120.28_5_PC_BigMDSteps_1: 6116608
a_19_120.28_5_PC_BigMDSteps_1: 6116609
b_19_120.28_5_PC_BigMDSteps: 6116610
a_19_120.28_6_PC_BigMDSteps_1: 6116611
a_19_120.28_6_PC_BigMDSteps_1: 6116612
a_19_120.28_6_PC_BigMDSteps_1: 6116613
a_19_120.28_6_PC_BigMDSteps_1: 6116614
a_19_120.28_6_PC_BigMDSteps_1: 6116615
a_19_120.28_6_PC_BigMDSteps_1: 6116616
a_19_120.28_6_PC_BigMDSteps_1: 6116617
a_19_120.28_6_PC_BigMDSteps_1: 6116618
a_19_120.28_6_PC_BigMDSteps_1: 6116619
a_19_120.28_6_PC_BigMDSteps_1: 6116620
b_19_120.28_6_PC_BigMDSteps: 6116621
a_19_120.28_7_PC_BigMDSteps_1: 6116622
a_19_120.28_7_PC_BigMDSteps_1: 6116623
a_19_120.28_7_PC_BigMDSteps_1: 6116624
a_19_120.28_7_PC_BigMDSteps_1: 6116625
a_19_120.28_7_PC_BigMDSteps_1: 6116626
a_19_120.28_7_PC_BigMDSteps_1: 6116627
a_19_120.28_7_PC_BigMDSteps_1: 6116628
a_19_120.28_7_PC_BigMDSteps_1: 6116629
a_19_120.28_7_PC_BigMDSteps_1: 6116630
a_19_120.28_7_PC_BigMDSteps_1: 6116631
b_19_120.28_7_PC_BigMDSteps: 6116632
a_19_120.28_8_PC_BigMDSteps_1: 6116633
a_19_120.28_8_PC_BigMDSteps_1: 6116634
a_19_120.28_8_PC_BigMDSteps_1: 6116635
a_19_120.28_8_PC_BigMDSteps_1: 6116636
a_19_120.28_8_PC_BigMDSteps_1: 6116637
a_19_120.28_8_PC_BigMDSteps_1: 6116638
a_19_120.28_8_PC_BigMDSteps_1: 6116639
a_19_120.28_8_PC_BigMDSteps_1: 6116640
a_19_120.28_8_PC_BigMDSteps_1: 6116641
a_19_120.28_8_PC_BigMDSteps_1: 6116642
b_19_120.28_8_PC_BigMDSteps: 6116643
a_19_120.28_9_PC_BigMDSteps_1: 6116644
a_19_120.28_9_PC_BigMDSteps_1: 6116645
a_19_120.28_9_PC_BigMDSteps_1: 6116646
a_19_120.28_9_PC_BigMDSteps_1: 6116647
a_19_120.28_9_PC_BigMDSteps_1: 6116648
a_19_120.28_9_PC_BigMDSteps_1: 6116649
a_19_120.28_9_PC_BigMDSteps_1: 6116650
a_19_120.28_9_PC_BigMDSteps_1: 6116651
a_19_120.28_9_PC_BigMDSteps_1: 6116652
a_19_120.28_9_PC_BigMDSteps_1: 6116653
b_19_120.28_9_PC_BigMDSteps: 6116654
6116555,6116566,6116577,6116588,6116599,6116610,6116621,6116632,6116643,6116654
a_18_f_PC_BigMDSteps: 6116655
a_20_120.28_0_PC_BigMDSteps_1: 6116656
a_20_120.28_0_PC_BigMDSteps_1: 6116657
a_20_120.28_0_PC_BigMDSteps_1: 6116658
a_20_120.28_0_PC_BigMDSteps_1: 6116659
a_20_120.28_0_PC_BigMDSteps_1: 6116660
a_20_120.28_0_PC_BigMDSteps_1: 6116661
a_20_120.28_0_PC_BigMDSteps_1: 6116662
a_20_120.28_0_PC_BigMDSteps_1: 6116663
a_20_120.28_0_PC_BigMDSteps_1: 6116664
a_20_120.28_0_PC_BigMDSteps_1: 6116665
b_20_120.28_0_PC_BigMDSteps: 6116666
a_20_120.28_1_PC_BigMDSteps_1: 6116667
a_20_120.28_1_PC_BigMDSteps_1: 6116668
a_20_120.28_1_PC_BigMDSteps_1: 6116669
a_20_120.28_1_PC_BigMDSteps_1: 6116670
a_20_120.28_1_PC_BigMDSteps_1: 6116671
a_20_120.28_1_PC_BigMDSteps_1: 6116672
a_20_120.28_1_PC_BigMDSteps_1: 6116673
a_20_120.28_1_PC_BigMDSteps_1: 6116674
a_20_120.28_1_PC_BigMDSteps_1: 6116675
a_20_120.28_1_PC_BigMDSteps_1: 6116676
b_20_120.28_1_PC_BigMDSteps: 6116677
a_20_120.28_2_PC_BigMDSteps_1: 6116678
a_20_120.28_2_PC_BigMDSteps_1: 6116679
a_20_120.28_2_PC_BigMDSteps_1: 6116680
a_20_120.28_2_PC_BigMDSteps_1: 6116681
a_20_120.28_2_PC_BigMDSteps_1: 6116682
a_20_120.28_2_PC_BigMDSteps_1: 6116683
a_20_120.28_2_PC_BigMDSteps_1: 6116684
a_20_120.28_2_PC_BigMDSteps_1: 6116685
a_20_120.28_2_PC_BigMDSteps_1: 6116686
a_20_120.28_2_PC_BigMDSteps_1: 6116687
b_20_120.28_2_PC_BigMDSteps: 6116688
a_20_120.28_3_PC_BigMDSteps_1: 6116689
a_20_120.28_3_PC_BigMDSteps_1: 6116690
a_20_120.28_3_PC_BigMDSteps_1: 6116691
a_20_120.28_3_PC_BigMDSteps_1: 6116692
a_20_120.28_3_PC_BigMDSteps_1: 6116693
a_20_120.28_3_PC_BigMDSteps_1: 6116694
a_20_120.28_3_PC_BigMDSteps_1: 6116695
a_20_120.28_3_PC_BigMDSteps_1: 6116696
a_20_120.28_3_PC_BigMDSteps_1: 6116697
a_20_120.28_3_PC_BigMDSteps_1: 6116698
b_20_120.28_3_PC_BigMDSteps: 6116699
a_20_120.28_4_PC_BigMDSteps_1: 6116700
a_20_120.28_4_PC_BigMDSteps_1: 6116701
a_20_120.28_4_PC_BigMDSteps_1: 6116702
a_20_120.28_4_PC_BigMDSteps_1: 6116703
a_20_120.28_4_PC_BigMDSteps_1: 6116704
a_20_120.28_4_PC_BigMDSteps_1: 6116705
a_20_120.28_4_PC_BigMDSteps_1: 6116706
a_20_120.28_4_PC_BigMDSteps_1: 6116707
a_20_120.28_4_PC_BigMDSteps_1: 6116708
a_20_120.28_4_PC_BigMDSteps_1: 6116709
b_20_120.28_4_PC_BigMDSteps: 6116710
a_20_120.28_5_PC_BigMDSteps_1: 6116711
a_20_120.28_5_PC_BigMDSteps_1: 6116712
a_20_120.28_5_PC_BigMDSteps_1: 6116713
a_20_120.28_5_PC_BigMDSteps_1: 6116714
a_20_120.28_5_PC_BigMDSteps_1: 6116715
a_20_120.28_5_PC_BigMDSteps_1: 6116716
a_20_120.28_5_PC_BigMDSteps_1: 6116717
a_20_120.28_5_PC_BigMDSteps_1: 6116718
a_20_120.28_5_PC_BigMDSteps_1: 6116719
a_20_120.28_5_PC_BigMDSteps_1: 6116720
b_20_120.28_5_PC_BigMDSteps: 6116721
a_20_120.28_6_PC_BigMDSteps_1: 6116722
a_20_120.28_6_PC_BigMDSteps_1: 6116723
a_20_120.28_6_PC_BigMDSteps_1: 6116724
a_20_120.28_6_PC_BigMDSteps_1: 6116725
a_20_120.28_6_PC_BigMDSteps_1: 6116726
a_20_120.28_6_PC_BigMDSteps_1: 6116727
a_20_120.28_6_PC_BigMDSteps_1: 6116728
a_20_120.28_6_PC_BigMDSteps_1: 6116729
a_20_120.28_6_PC_BigMDSteps_1: 6116730
a_20_120.28_6_PC_BigMDSteps_1: 6116731
b_20_120.28_6_PC_BigMDSteps: 6116732
a_20_120.28_7_PC_BigMDSteps_1: 6116733
a_20_120.28_7_PC_BigMDSteps_1: 6116734
a_20_120.28_7_PC_BigMDSteps_1: 6116735
a_20_120.28_7_PC_BigMDSteps_1: 6116736
a_20_120.28_7_PC_BigMDSteps_1: 6116737
a_20_120.28_7_PC_BigMDSteps_1: 6116738
a_20_120.28_7_PC_BigMDSteps_1: 6116739
a_20_120.28_7_PC_BigMDSteps_1: 6116740
a_20_120.28_7_PC_BigMDSteps_1: 6116741
a_20_120.28_7_PC_BigMDSteps_1: 6116742
b_20_120.28_7_PC_BigMDSteps: 6116743
a_20_120.28_8_PC_BigMDSteps_1: 6116744
a_20_120.28_8_PC_BigMDSteps_1: 6116745
a_20_120.28_8_PC_BigMDSteps_1: 6116746
a_20_120.28_8_PC_BigMDSteps_1: 6116747
a_20_120.28_8_PC_BigMDSteps_1: 6116748
a_20_120.28_8_PC_BigMDSteps_1: 6116749
a_20_120.28_8_PC_BigMDSteps_1: 6116750
a_20_120.28_8_PC_BigMDSteps_1: 6116751
a_20_120.28_8_PC_BigMDSteps_1: 6116752
a_20_120.28_8_PC_BigMDSteps_1: 6116753
b_20_120.28_8_PC_BigMDSteps: 6116754
a_20_120.28_9_PC_BigMDSteps_1: 6116755
a_20_120.28_9_PC_BigMDSteps_1: 6116756
a_20_120.28_9_PC_BigMDSteps_1: 6116757
a_20_120.28_9_PC_BigMDSteps_1: 6116758
a_20_120.28_9_PC_BigMDSteps_1: 6116759
a_20_120.28_9_PC_BigMDSteps_1: 6116760
a_20_120.28_9_PC_BigMDSteps_1: 6116761
a_20_120.28_9_PC_BigMDSteps_1: 6116762
a_20_120.28_9_PC_BigMDSteps_1: 6116763
a_20_120.28_9_PC_BigMDSteps_1: 6116764
b_20_120.28_9_PC_BigMDSteps: 6116765
6116666,6116677,6116688,6116699,6116710,6116721,6116732,6116743,6116754,6116765
a_19_f_PC_BigMDSteps: 6116766
