init: 5801249
a_0_120.28_0_PC_BigMDSteps_1: 5801250
a_0_120.28_0_PC_BigMDSteps_1: 5801251
a_0_120.28_0_PC_BigMDSteps_1: 5801252
a_0_120.28_0_PC_BigMDSteps_1: 5801253
a_0_120.28_0_PC_BigMDSteps_1: 5801254
a_0_120.28_0_PC_BigMDSteps_1: 5801255
a_0_120.28_0_PC_BigMDSteps_1: 5801256
a_0_120.28_0_PC_BigMDSteps_1: 5801257
a_0_120.28_0_PC_BigMDSteps_1: 5801258
a_0_120.28_0_PC_BigMDSteps_1: 5801259
b_0_120.28_0_PC_BigMDSteps: 5801260
a_0_120.28_1_PC_BigMDSteps_1: 5801261
a_0_120.28_1_PC_BigMDSteps_1: 5801262
a_0_120.28_1_PC_BigMDSteps_1: 5801263
a_0_120.28_1_PC_BigMDSteps_1: 5801264
a_0_120.28_1_PC_BigMDSteps_1: 5801265
a_0_120.28_1_PC_BigMDSteps_1: 5801266
a_0_120.28_1_PC_BigMDSteps_1: 5801267
a_0_120.28_1_PC_BigMDSteps_1: 5801268
a_0_120.28_1_PC_BigMDSteps_1: 5801269
a_0_120.28_1_PC_BigMDSteps_1: 5801270
b_0_120.28_1_PC_BigMDSteps: 5801271
a_0_120.28_2_PC_BigMDSteps_1: 5801272
a_0_120.28_2_PC_BigMDSteps_1: 5801273
a_0_120.28_2_PC_BigMDSteps_1: 5801274
a_0_120.28_2_PC_BigMDSteps_1: 5801275
a_0_120.28_2_PC_BigMDSteps_1: 5801276
a_0_120.28_2_PC_BigMDSteps_1: 5801277
a_0_120.28_2_PC_BigMDSteps_1: 5801278
a_0_120.28_2_PC_BigMDSteps_1: 5801279
a_0_120.28_2_PC_BigMDSteps_1: 5801280
a_0_120.28_2_PC_BigMDSteps_1: 5801281
b_0_120.28_2_PC_BigMDSteps: 5801282
a_0_120.28_3_PC_BigMDSteps_1: 5801283
a_0_120.28_3_PC_BigMDSteps_1: 5801284
a_0_120.28_3_PC_BigMDSteps_1: 5801285
a_0_120.28_3_PC_BigMDSteps_1: 5801286
a_0_120.28_3_PC_BigMDSteps_1: 5801287
a_0_120.28_3_PC_BigMDSteps_1: 5801288
a_0_120.28_3_PC_BigMDSteps_1: 5801289
a_0_120.28_3_PC_BigMDSteps_1: 5801290
a_0_120.28_3_PC_BigMDSteps_1: 5801291
a_0_120.28_3_PC_BigMDSteps_1: 5801292
b_0_120.28_3_PC_BigMDSteps: 5801293
a_0_120.28_4_PC_BigMDSteps_1: 5801294
a_0_120.28_4_PC_BigMDSteps_1: 5801295
a_0_120.28_4_PC_BigMDSteps_1: 5801296
a_0_120.28_4_PC_BigMDSteps_1: 5801297
a_0_120.28_4_PC_BigMDSteps_1: 5801298
a_0_120.28_4_PC_BigMDSteps_1: 5801299
a_0_120.28_4_PC_BigMDSteps_1: 5801300
a_0_120.28_4_PC_BigMDSteps_1: 5801301
a_0_120.28_4_PC_BigMDSteps_1: 5801302
a_0_120.28_4_PC_BigMDSteps_1: 5801303
b_0_120.28_4_PC_BigMDSteps: 5801304
a_0_120.28_5_PC_BigMDSteps_1: 5801305
a_0_120.28_5_PC_BigMDSteps_1: 5801306
a_0_120.28_5_PC_BigMDSteps_1: 5801307
a_0_120.28_5_PC_BigMDSteps_1: 5801308
a_0_120.28_5_PC_BigMDSteps_1: 5801309
a_0_120.28_5_PC_BigMDSteps_1: 5801310
a_0_120.28_5_PC_BigMDSteps_1: 5801311
a_0_120.28_5_PC_BigMDSteps_1: 5801312
a_0_120.28_5_PC_BigMDSteps_1: 5801313
a_0_120.28_5_PC_BigMDSteps_1: 5801314
b_0_120.28_5_PC_BigMDSteps: 5801315
a_0_120.28_6_PC_BigMDSteps_1: 5801316
a_0_120.28_6_PC_BigMDSteps_1: 5801317
a_0_120.28_6_PC_BigMDSteps_1: 5801318
a_0_120.28_6_PC_BigMDSteps_1: 5801319
a_0_120.28_6_PC_BigMDSteps_1: 5801320
a_0_120.28_6_PC_BigMDSteps_1: 5801321
a_0_120.28_6_PC_BigMDSteps_1: 5801322
a_0_120.28_6_PC_BigMDSteps_1: 5801323
a_0_120.28_6_PC_BigMDSteps_1: 5801324
a_0_120.28_6_PC_BigMDSteps_1: 5801325
b_0_120.28_6_PC_BigMDSteps: 5801326
a_0_120.28_7_PC_BigMDSteps_1: 5801327
a_0_120.28_7_PC_BigMDSteps_1: 5801328
a_0_120.28_7_PC_BigMDSteps_1: 5801329
a_0_120.28_7_PC_BigMDSteps_1: 5801330
a_0_120.28_7_PC_BigMDSteps_1: 5801331
a_0_120.28_7_PC_BigMDSteps_1: 5801332
a_0_120.28_7_PC_BigMDSteps_1: 5801333
a_0_120.28_7_PC_BigMDSteps_1: 5801334
a_0_120.28_7_PC_BigMDSteps_1: 5801335
a_0_120.28_7_PC_BigMDSteps_1: 5801336
b_0_120.28_7_PC_BigMDSteps: 5801337
a_0_120.28_8_PC_BigMDSteps_1: 5801338
a_0_120.28_8_PC_BigMDSteps_1: 5801339
a_0_120.28_8_PC_BigMDSteps_1: 5801340
a_0_120.28_8_PC_BigMDSteps_1: 5801341
a_0_120.28_8_PC_BigMDSteps_1: 5801342
a_0_120.28_8_PC_BigMDSteps_1: 5801343
a_0_120.28_8_PC_BigMDSteps_1: 5801344
a_0_120.28_8_PC_BigMDSteps_1: 5801345
a_0_120.28_8_PC_BigMDSteps_1: 5801346
a_0_120.28_8_PC_BigMDSteps_1: 5801347
b_0_120.28_8_PC_BigMDSteps: 5801348
a_0_120.28_9_PC_BigMDSteps_1: 5801349
a_0_120.28_9_PC_BigMDSteps_1: 5801350
a_0_120.28_9_PC_BigMDSteps_1: 5801351
a_0_120.28_9_PC_BigMDSteps_1: 5801352
a_0_120.28_9_PC_BigMDSteps_1: 5801353
a_0_120.28_9_PC_BigMDSteps_1: 5801354
a_0_120.28_9_PC_BigMDSteps_1: 5801355
a_0_120.28_9_PC_BigMDSteps_1: 5801356
a_0_120.28_9_PC_BigMDSteps_1: 5801357
a_0_120.28_9_PC_BigMDSteps_1: 5801358
b_0_120.28_9_PC_BigMDSteps: 5801359
5801260,5801271,5801282,5801293,5801304,5801315,5801326,5801337,5801348,5801359
a_-1_f_PC_BigMDSteps: 5801360
a_1_120.28_0_PC_BigMDSteps_1: 5801361
a_1_120.28_0_PC_BigMDSteps_1: 5801362
a_1_120.28_0_PC_BigMDSteps_1: 5801363
a_1_120.28_0_PC_BigMDSteps_1: 5801364
a_1_120.28_0_PC_BigMDSteps_1: 5801365
a_1_120.28_0_PC_BigMDSteps_1: 5801366
a_1_120.28_0_PC_BigMDSteps_1: 5801367
a_1_120.28_0_PC_BigMDSteps_1: 5801368
a_1_120.28_0_PC_BigMDSteps_1: 5801369
a_1_120.28_0_PC_BigMDSteps_1: 5801370
b_1_120.28_0_PC_BigMDSteps: 5801371
a_1_120.28_1_PC_BigMDSteps_1: 5801372
a_1_120.28_1_PC_BigMDSteps_1: 5801373
a_1_120.28_1_PC_BigMDSteps_1: 5801374
a_1_120.28_1_PC_BigMDSteps_1: 5801375
a_1_120.28_1_PC_BigMDSteps_1: 5801376
a_1_120.28_1_PC_BigMDSteps_1: 5801377
a_1_120.28_1_PC_BigMDSteps_1: 5801378
a_1_120.28_1_PC_BigMDSteps_1: 5801379
a_1_120.28_1_PC_BigMDSteps_1: 5801380
a_1_120.28_1_PC_BigMDSteps_1: 5801381
b_1_120.28_1_PC_BigMDSteps: 5801382
a_1_120.28_2_PC_BigMDSteps_1: 5801383
a_1_120.28_2_PC_BigMDSteps_1: 5801384
a_1_120.28_2_PC_BigMDSteps_1: 5801385
a_1_120.28_2_PC_BigMDSteps_1: 5801386
a_1_120.28_2_PC_BigMDSteps_1: 5801387
a_1_120.28_2_PC_BigMDSteps_1: 5801388
a_1_120.28_2_PC_BigMDSteps_1: 5801389
a_1_120.28_2_PC_BigMDSteps_1: 5801390
a_1_120.28_2_PC_BigMDSteps_1: 5801391
a_1_120.28_2_PC_BigMDSteps_1: 5801392
b_1_120.28_2_PC_BigMDSteps: 5801393
a_1_120.28_3_PC_BigMDSteps_1: 5801394
a_1_120.28_3_PC_BigMDSteps_1: 5801395
a_1_120.28_3_PC_BigMDSteps_1: 5801396
a_1_120.28_3_PC_BigMDSteps_1: 5801397
a_1_120.28_3_PC_BigMDSteps_1: 5801398
a_1_120.28_3_PC_BigMDSteps_1: 5801399
a_1_120.28_3_PC_BigMDSteps_1: 5801400
a_1_120.28_3_PC_BigMDSteps_1: 5801401
a_1_120.28_3_PC_BigMDSteps_1: 5801402
a_1_120.28_3_PC_BigMDSteps_1: 5801403
b_1_120.28_3_PC_BigMDSteps: 5801404
a_1_120.28_4_PC_BigMDSteps_1: 5801405
a_1_120.28_4_PC_BigMDSteps_1: 5801406
a_1_120.28_4_PC_BigMDSteps_1: 5801407
a_1_120.28_4_PC_BigMDSteps_1: 5801408
a_1_120.28_4_PC_BigMDSteps_1: 5801409
a_1_120.28_4_PC_BigMDSteps_1: 5801410
a_1_120.28_4_PC_BigMDSteps_1: 5801411
a_1_120.28_4_PC_BigMDSteps_1: 5801412
a_1_120.28_4_PC_BigMDSteps_1: 5801413
a_1_120.28_4_PC_BigMDSteps_1: 5801414
b_1_120.28_4_PC_BigMDSteps: 5801415
a_1_120.28_5_PC_BigMDSteps_1: 5801416
a_1_120.28_5_PC_BigMDSteps_1: 5801417
a_1_120.28_5_PC_BigMDSteps_1: 5801418
a_1_120.28_5_PC_BigMDSteps_1: 5801419
a_1_120.28_5_PC_BigMDSteps_1: 5801420
a_1_120.28_5_PC_BigMDSteps_1: 5801421
a_1_120.28_5_PC_BigMDSteps_1: 5801422
a_1_120.28_5_PC_BigMDSteps_1: 5801423
a_1_120.28_5_PC_BigMDSteps_1: 5801424
a_1_120.28_5_PC_BigMDSteps_1: 5801425
b_1_120.28_5_PC_BigMDSteps: 5801426
a_1_120.28_6_PC_BigMDSteps_1: 5801427
a_1_120.28_6_PC_BigMDSteps_1: 5801428
a_1_120.28_6_PC_BigMDSteps_1: 5801429
a_1_120.28_6_PC_BigMDSteps_1: 5801430
a_1_120.28_6_PC_BigMDSteps_1: 5801431
a_1_120.28_6_PC_BigMDSteps_1: 5801432
a_1_120.28_6_PC_BigMDSteps_1: 5801433
a_1_120.28_6_PC_BigMDSteps_1: 5801434
a_1_120.28_6_PC_BigMDSteps_1: 5801435
a_1_120.28_6_PC_BigMDSteps_1: 5801436
b_1_120.28_6_PC_BigMDSteps: 5801437
a_1_120.28_7_PC_BigMDSteps_1: 5801438
a_1_120.28_7_PC_BigMDSteps_1: 5801439
a_1_120.28_7_PC_BigMDSteps_1: 5801440
a_1_120.28_7_PC_BigMDSteps_1: 5801441
a_1_120.28_7_PC_BigMDSteps_1: 5801442
a_1_120.28_7_PC_BigMDSteps_1: 5801443
a_1_120.28_7_PC_BigMDSteps_1: 5801444
a_1_120.28_7_PC_BigMDSteps_1: 5801445
a_1_120.28_7_PC_BigMDSteps_1: 5801446
a_1_120.28_7_PC_BigMDSteps_1: 5801447
b_1_120.28_7_PC_BigMDSteps: 5801448
a_1_120.28_8_PC_BigMDSteps_1: 5801449
a_1_120.28_8_PC_BigMDSteps_1: 5801450
a_1_120.28_8_PC_BigMDSteps_1: 5801451
a_1_120.28_8_PC_BigMDSteps_1: 5801452
a_1_120.28_8_PC_BigMDSteps_1: 5801453
a_1_120.28_8_PC_BigMDSteps_1: 5801454
a_1_120.28_8_PC_BigMDSteps_1: 5801455
a_1_120.28_8_PC_BigMDSteps_1: 5801456
a_1_120.28_8_PC_BigMDSteps_1: 5801457
a_1_120.28_8_PC_BigMDSteps_1: 5801458
b_1_120.28_8_PC_BigMDSteps: 5801459
a_1_120.28_9_PC_BigMDSteps_1: 5801460
a_1_120.28_9_PC_BigMDSteps_1: 5801461
a_1_120.28_9_PC_BigMDSteps_1: 5801462
a_1_120.28_9_PC_BigMDSteps_1: 5801463
a_1_120.28_9_PC_BigMDSteps_1: 5801464
a_1_120.28_9_PC_BigMDSteps_1: 5801465
a_1_120.28_9_PC_BigMDSteps_1: 5801466
a_1_120.28_9_PC_BigMDSteps_1: 5801467
a_1_120.28_9_PC_BigMDSteps_1: 5801468
a_1_120.28_9_PC_BigMDSteps_1: 5801469
b_1_120.28_9_PC_BigMDSteps: 5801470
5801371,5801382,5801393,5801404,5801415,5801426,5801437,5801448,5801459,5801470
a_0_f_PC_BigMDSteps: 5801471
a_2_120.28_0_PC_BigMDSteps_1: 5801472
a_2_120.28_0_PC_BigMDSteps_1: 5801473
a_2_120.28_0_PC_BigMDSteps_1: 5801474
a_2_120.28_0_PC_BigMDSteps_1: 5801475
a_2_120.28_0_PC_BigMDSteps_1: 5801476
a_2_120.28_0_PC_BigMDSteps_1: 5801477
a_2_120.28_0_PC_BigMDSteps_1: 5801478
a_2_120.28_0_PC_BigMDSteps_1: 5801479
a_2_120.28_0_PC_BigMDSteps_1: 5801480
a_2_120.28_0_PC_BigMDSteps_1: 5801481
b_2_120.28_0_PC_BigMDSteps: 5801482
a_2_120.28_1_PC_BigMDSteps_1: 5801483
a_2_120.28_1_PC_BigMDSteps_1: 5801484
a_2_120.28_1_PC_BigMDSteps_1: 5801485
a_2_120.28_1_PC_BigMDSteps_1: 5801486
a_2_120.28_1_PC_BigMDSteps_1: 5801487
a_2_120.28_1_PC_BigMDSteps_1: 5801488
a_2_120.28_1_PC_BigMDSteps_1: 5801489
a_2_120.28_1_PC_BigMDSteps_1: 5801490
a_2_120.28_1_PC_BigMDSteps_1: 5801491
a_2_120.28_1_PC_BigMDSteps_1: 5801492
b_2_120.28_1_PC_BigMDSteps: 5801493
a_2_120.28_2_PC_BigMDSteps_1: 5801494
a_2_120.28_2_PC_BigMDSteps_1: 5801495
a_2_120.28_2_PC_BigMDSteps_1: 5801496
a_2_120.28_2_PC_BigMDSteps_1: 5801497
a_2_120.28_2_PC_BigMDSteps_1: 5801498
a_2_120.28_2_PC_BigMDSteps_1: 5801499
a_2_120.28_2_PC_BigMDSteps_1: 5801500
a_2_120.28_2_PC_BigMDSteps_1: 5801501
a_2_120.28_2_PC_BigMDSteps_1: 5801502
a_2_120.28_2_PC_BigMDSteps_1: 5801503
b_2_120.28_2_PC_BigMDSteps: 5801504
a_2_120.28_3_PC_BigMDSteps_1: 5801505
a_2_120.28_3_PC_BigMDSteps_1: 5801506
a_2_120.28_3_PC_BigMDSteps_1: 5801507
a_2_120.28_3_PC_BigMDSteps_1: 5801508
a_2_120.28_3_PC_BigMDSteps_1: 5801509
a_2_120.28_3_PC_BigMDSteps_1: 5801510
a_2_120.28_3_PC_BigMDSteps_1: 5801511
a_2_120.28_3_PC_BigMDSteps_1: 5801512
a_2_120.28_3_PC_BigMDSteps_1: 5801513
a_2_120.28_3_PC_BigMDSteps_1: 5801514
b_2_120.28_3_PC_BigMDSteps: 5801515
a_2_120.28_4_PC_BigMDSteps_1: 5801516
a_2_120.28_4_PC_BigMDSteps_1: 5801517
a_2_120.28_4_PC_BigMDSteps_1: 5801518
a_2_120.28_4_PC_BigMDSteps_1: 5801519
a_2_120.28_4_PC_BigMDSteps_1: 5801520
a_2_120.28_4_PC_BigMDSteps_1: 5801521
a_2_120.28_4_PC_BigMDSteps_1: 5801522
a_2_120.28_4_PC_BigMDSteps_1: 5801523
a_2_120.28_4_PC_BigMDSteps_1: 5801524
a_2_120.28_4_PC_BigMDSteps_1: 5801525
b_2_120.28_4_PC_BigMDSteps: 5801526
a_2_120.28_5_PC_BigMDSteps_1: 5801527
a_2_120.28_5_PC_BigMDSteps_1: 5801528
a_2_120.28_5_PC_BigMDSteps_1: 5801529
a_2_120.28_5_PC_BigMDSteps_1: 5801530
a_2_120.28_5_PC_BigMDSteps_1: 5801531
a_2_120.28_5_PC_BigMDSteps_1: 5801532
a_2_120.28_5_PC_BigMDSteps_1: 5801533
a_2_120.28_5_PC_BigMDSteps_1: 5801534
a_2_120.28_5_PC_BigMDSteps_1: 5801535
a_2_120.28_5_PC_BigMDSteps_1: 5801536
b_2_120.28_5_PC_BigMDSteps: 5801537
a_2_120.28_6_PC_BigMDSteps_1: 5801538
a_2_120.28_6_PC_BigMDSteps_1: 5801539
a_2_120.28_6_PC_BigMDSteps_1: 5801540
a_2_120.28_6_PC_BigMDSteps_1: 5801541
a_2_120.28_6_PC_BigMDSteps_1: 5801542
a_2_120.28_6_PC_BigMDSteps_1: 5801543
a_2_120.28_6_PC_BigMDSteps_1: 5801544
a_2_120.28_6_PC_BigMDSteps_1: 5801545
a_2_120.28_6_PC_BigMDSteps_1: 5801546
a_2_120.28_6_PC_BigMDSteps_1: 5801547
b_2_120.28_6_PC_BigMDSteps: 5801548
a_2_120.28_7_PC_BigMDSteps_1: 5801549
a_2_120.28_7_PC_BigMDSteps_1: 5801550
a_2_120.28_7_PC_BigMDSteps_1: 5801551
a_2_120.28_7_PC_BigMDSteps_1: 5801552
a_2_120.28_7_PC_BigMDSteps_1: 5801553
a_2_120.28_7_PC_BigMDSteps_1: 5801554
a_2_120.28_7_PC_BigMDSteps_1: 5801555
a_2_120.28_7_PC_BigMDSteps_1: 5801556
a_2_120.28_7_PC_BigMDSteps_1: 5801557
a_2_120.28_7_PC_BigMDSteps_1: 5801558
b_2_120.28_7_PC_BigMDSteps: 5801559
a_2_120.28_8_PC_BigMDSteps_1: 5801560
a_2_120.28_8_PC_BigMDSteps_1: 5801561
a_2_120.28_8_PC_BigMDSteps_1: 5801562
a_2_120.28_8_PC_BigMDSteps_1: 5801563
a_2_120.28_8_PC_BigMDSteps_1: 5801564
a_2_120.28_8_PC_BigMDSteps_1: 5801565
a_2_120.28_8_PC_BigMDSteps_1: 5801566
a_2_120.28_8_PC_BigMDSteps_1: 5801567
a_2_120.28_8_PC_BigMDSteps_1: 5801568
a_2_120.28_8_PC_BigMDSteps_1: 5801569
b_2_120.28_8_PC_BigMDSteps: 5801570
a_2_120.28_9_PC_BigMDSteps_1: 5801571
a_2_120.28_9_PC_BigMDSteps_1: 5801572
a_2_120.28_9_PC_BigMDSteps_1: 5801573
a_2_120.28_9_PC_BigMDSteps_1: 5801574
a_2_120.28_9_PC_BigMDSteps_1: 5801575
a_2_120.28_9_PC_BigMDSteps_1: 5801576
a_2_120.28_9_PC_BigMDSteps_1: 5801577
a_2_120.28_9_PC_BigMDSteps_1: 5801578
a_2_120.28_9_PC_BigMDSteps_1: 5801579
a_2_120.28_9_PC_BigMDSteps_1: 5801580
b_2_120.28_9_PC_BigMDSteps: 5801581
5801482,5801493,5801504,5801515,5801526,5801537,5801548,5801559,5801570,5801581
a_1_f_PC_BigMDSteps: 5801582
a_3_120.28_0_PC_BigMDSteps_1: 5801583
a_3_120.28_0_PC_BigMDSteps_1: 5801584
a_3_120.28_0_PC_BigMDSteps_1: 5801585
a_3_120.28_0_PC_BigMDSteps_1: 5801586
a_3_120.28_0_PC_BigMDSteps_1: 5801587
a_3_120.28_0_PC_BigMDSteps_1: 5801588
a_3_120.28_0_PC_BigMDSteps_1: 5801589
a_3_120.28_0_PC_BigMDSteps_1: 5801590
a_3_120.28_0_PC_BigMDSteps_1: 5801591
a_3_120.28_0_PC_BigMDSteps_1: 5801592
b_3_120.28_0_PC_BigMDSteps: 5801593
a_3_120.28_1_PC_BigMDSteps_1: 5801594
a_3_120.28_1_PC_BigMDSteps_1: 5801595
a_3_120.28_1_PC_BigMDSteps_1: 5801596
a_3_120.28_1_PC_BigMDSteps_1: 5801597
a_3_120.28_1_PC_BigMDSteps_1: 5801598
a_3_120.28_1_PC_BigMDSteps_1: 5801599
a_3_120.28_1_PC_BigMDSteps_1: 5801600
a_3_120.28_1_PC_BigMDSteps_1: 5801601
a_3_120.28_1_PC_BigMDSteps_1: 5801602
a_3_120.28_1_PC_BigMDSteps_1: 5801603
b_3_120.28_1_PC_BigMDSteps: 5801604
a_3_120.28_2_PC_BigMDSteps_1: 5801605
a_3_120.28_2_PC_BigMDSteps_1: 5801606
a_3_120.28_2_PC_BigMDSteps_1: 5801607
a_3_120.28_2_PC_BigMDSteps_1: 5801608
a_3_120.28_2_PC_BigMDSteps_1: 5801609
a_3_120.28_2_PC_BigMDSteps_1: 5801610
a_3_120.28_2_PC_BigMDSteps_1: 5801611
a_3_120.28_2_PC_BigMDSteps_1: 5801612
a_3_120.28_2_PC_BigMDSteps_1: 5801613
a_3_120.28_2_PC_BigMDSteps_1: 5801614
b_3_120.28_2_PC_BigMDSteps: 5801615
a_3_120.28_3_PC_BigMDSteps_1: 5801616
a_3_120.28_3_PC_BigMDSteps_1: 5801617
a_3_120.28_3_PC_BigMDSteps_1: 5801618
a_3_120.28_3_PC_BigMDSteps_1: 5801619
a_3_120.28_3_PC_BigMDSteps_1: 5801620
a_3_120.28_3_PC_BigMDSteps_1: 5801621
a_3_120.28_3_PC_BigMDSteps_1: 5801622
a_3_120.28_3_PC_BigMDSteps_1: 5801623
a_3_120.28_3_PC_BigMDSteps_1: 5801624
a_3_120.28_3_PC_BigMDSteps_1: 5801625
b_3_120.28_3_PC_BigMDSteps: 5801626
a_3_120.28_4_PC_BigMDSteps_1: 5801627
a_3_120.28_4_PC_BigMDSteps_1: 5801628
a_3_120.28_4_PC_BigMDSteps_1: 5801629
a_3_120.28_4_PC_BigMDSteps_1: 5801630
a_3_120.28_4_PC_BigMDSteps_1: 5801631
a_3_120.28_4_PC_BigMDSteps_1: 5801632
a_3_120.28_4_PC_BigMDSteps_1: 5801633
a_3_120.28_4_PC_BigMDSteps_1: 5801634
a_3_120.28_4_PC_BigMDSteps_1: 5801635
a_3_120.28_4_PC_BigMDSteps_1: 5801636
b_3_120.28_4_PC_BigMDSteps: 5801637
a_3_120.28_5_PC_BigMDSteps_1: 5801638
a_3_120.28_5_PC_BigMDSteps_1: 5801639
a_3_120.28_5_PC_BigMDSteps_1: 5801640
a_3_120.28_5_PC_BigMDSteps_1: 5801641
a_3_120.28_5_PC_BigMDSteps_1: 5801642
a_3_120.28_5_PC_BigMDSteps_1: 5801643
a_3_120.28_5_PC_BigMDSteps_1: 5801644
a_3_120.28_5_PC_BigMDSteps_1: 5801645
a_3_120.28_5_PC_BigMDSteps_1: 5801646
a_3_120.28_5_PC_BigMDSteps_1: 5801647
b_3_120.28_5_PC_BigMDSteps: 5801648
a_3_120.28_6_PC_BigMDSteps_1: 5801649
a_3_120.28_6_PC_BigMDSteps_1: 5801650
a_3_120.28_6_PC_BigMDSteps_1: 5801651
a_3_120.28_6_PC_BigMDSteps_1: 5801652
a_3_120.28_6_PC_BigMDSteps_1: 5801653
a_3_120.28_6_PC_BigMDSteps_1: 5801654
a_3_120.28_6_PC_BigMDSteps_1: 5801655
a_3_120.28_6_PC_BigMDSteps_1: 5801656
a_3_120.28_6_PC_BigMDSteps_1: 5801657
a_3_120.28_6_PC_BigMDSteps_1: 5801658
b_3_120.28_6_PC_BigMDSteps: 5801659
a_3_120.28_7_PC_BigMDSteps_1: 5801660
a_3_120.28_7_PC_BigMDSteps_1: 5801661
a_3_120.28_7_PC_BigMDSteps_1: 5801662
a_3_120.28_7_PC_BigMDSteps_1: 5801663
a_3_120.28_7_PC_BigMDSteps_1: 5801664
a_3_120.28_7_PC_BigMDSteps_1: 5801665
a_3_120.28_7_PC_BigMDSteps_1: 5801666
a_3_120.28_7_PC_BigMDSteps_1: 5801667
a_3_120.28_7_PC_BigMDSteps_1: 5801668
a_3_120.28_7_PC_BigMDSteps_1: 5801669
b_3_120.28_7_PC_BigMDSteps: 5801670
a_3_120.28_8_PC_BigMDSteps_1: 5801671
a_3_120.28_8_PC_BigMDSteps_1: 5801672
a_3_120.28_8_PC_BigMDSteps_1: 5801673
a_3_120.28_8_PC_BigMDSteps_1: 5801674
a_3_120.28_8_PC_BigMDSteps_1: 5801675
a_3_120.28_8_PC_BigMDSteps_1: 5801676
a_3_120.28_8_PC_BigMDSteps_1: 5801677
a_3_120.28_8_PC_BigMDSteps_1: 5801678
a_3_120.28_8_PC_BigMDSteps_1: 5801679
a_3_120.28_8_PC_BigMDSteps_1: 5801680
b_3_120.28_8_PC_BigMDSteps: 5801681
a_3_120.28_9_PC_BigMDSteps_1: 5801682
a_3_120.28_9_PC_BigMDSteps_1: 5801683
a_3_120.28_9_PC_BigMDSteps_1: 5801684
a_3_120.28_9_PC_BigMDSteps_1: 5801685
a_3_120.28_9_PC_BigMDSteps_1: 5801686
a_3_120.28_9_PC_BigMDSteps_1: 5801687
a_3_120.28_9_PC_BigMDSteps_1: 5801688
a_3_120.28_9_PC_BigMDSteps_1: 5801689
a_3_120.28_9_PC_BigMDSteps_1: 5801690
a_3_120.28_9_PC_BigMDSteps_1: 5801691
b_3_120.28_9_PC_BigMDSteps: 5801692
5801593,5801604,5801615,5801626,5801637,5801648,5801659,5801670,5801681,5801692
a_2_f_PC_BigMDSteps: 5801693
a_4_120.28_0_PC_BigMDSteps_1: 5801694
a_4_120.28_0_PC_BigMDSteps_1: 5801695
a_4_120.28_0_PC_BigMDSteps_1: 5801696
a_4_120.28_0_PC_BigMDSteps_1: 5801697
a_4_120.28_0_PC_BigMDSteps_1: 5801698
a_4_120.28_0_PC_BigMDSteps_1: 5801699
a_4_120.28_0_PC_BigMDSteps_1: 5801700
a_4_120.28_0_PC_BigMDSteps_1: 5801701
a_4_120.28_0_PC_BigMDSteps_1: 5801702
a_4_120.28_0_PC_BigMDSteps_1: 5801703
b_4_120.28_0_PC_BigMDSteps: 5801704
a_4_120.28_1_PC_BigMDSteps_1: 5801705
a_4_120.28_1_PC_BigMDSteps_1: 5801706
a_4_120.28_1_PC_BigMDSteps_1: 5801707
a_4_120.28_1_PC_BigMDSteps_1: 5801708
a_4_120.28_1_PC_BigMDSteps_1: 5801709
a_4_120.28_1_PC_BigMDSteps_1: 5801710
a_4_120.28_1_PC_BigMDSteps_1: 5801711
a_4_120.28_1_PC_BigMDSteps_1: 5801712
a_4_120.28_1_PC_BigMDSteps_1: 5801713
a_4_120.28_1_PC_BigMDSteps_1: 5801714
b_4_120.28_1_PC_BigMDSteps: 5801715
a_4_120.28_2_PC_BigMDSteps_1: 5801716
a_4_120.28_2_PC_BigMDSteps_1: 5801717
a_4_120.28_2_PC_BigMDSteps_1: 5801718
a_4_120.28_2_PC_BigMDSteps_1: 5801719
a_4_120.28_2_PC_BigMDSteps_1: 5801720
a_4_120.28_2_PC_BigMDSteps_1: 5801721
a_4_120.28_2_PC_BigMDSteps_1: 5801722
a_4_120.28_2_PC_BigMDSteps_1: 5801723
a_4_120.28_2_PC_BigMDSteps_1: 5801724
a_4_120.28_2_PC_BigMDSteps_1: 5801725
b_4_120.28_2_PC_BigMDSteps: 5801726
a_4_120.28_3_PC_BigMDSteps_1: 5801727
a_4_120.28_3_PC_BigMDSteps_1: 5801728
a_4_120.28_3_PC_BigMDSteps_1: 5801729
a_4_120.28_3_PC_BigMDSteps_1: 5801730
a_4_120.28_3_PC_BigMDSteps_1: 5801731
a_4_120.28_3_PC_BigMDSteps_1: 5801732
a_4_120.28_3_PC_BigMDSteps_1: 5801733
a_4_120.28_3_PC_BigMDSteps_1: 5801734
a_4_120.28_3_PC_BigMDSteps_1: 5801735
a_4_120.28_3_PC_BigMDSteps_1: 5801736
b_4_120.28_3_PC_BigMDSteps: 5801737
a_4_120.28_4_PC_BigMDSteps_1: 5801738
a_4_120.28_4_PC_BigMDSteps_1: 5801739
a_4_120.28_4_PC_BigMDSteps_1: 5801740
a_4_120.28_4_PC_BigMDSteps_1: 5801741
a_4_120.28_4_PC_BigMDSteps_1: 5801742
a_4_120.28_4_PC_BigMDSteps_1: 5801743
a_4_120.28_4_PC_BigMDSteps_1: 5801744
a_4_120.28_4_PC_BigMDSteps_1: 5801745
a_4_120.28_4_PC_BigMDSteps_1: 5801746
a_4_120.28_4_PC_BigMDSteps_1: 5801747
b_4_120.28_4_PC_BigMDSteps: 5801748
a_4_120.28_5_PC_BigMDSteps_1: 5801749
a_4_120.28_5_PC_BigMDSteps_1: 5801750
a_4_120.28_5_PC_BigMDSteps_1: 5801751
a_4_120.28_5_PC_BigMDSteps_1: 5801752
a_4_120.28_5_PC_BigMDSteps_1: 5801753
a_4_120.28_5_PC_BigMDSteps_1: 5801754
a_4_120.28_5_PC_BigMDSteps_1: 5801755
a_4_120.28_5_PC_BigMDSteps_1: 5801756
a_4_120.28_5_PC_BigMDSteps_1: 5801757
a_4_120.28_5_PC_BigMDSteps_1: 5801758
b_4_120.28_5_PC_BigMDSteps: 5801759
a_4_120.28_6_PC_BigMDSteps_1: 5801760
a_4_120.28_6_PC_BigMDSteps_1: 5801761
a_4_120.28_6_PC_BigMDSteps_1: 5801762
a_4_120.28_6_PC_BigMDSteps_1: 5801763
a_4_120.28_6_PC_BigMDSteps_1: 5801764
a_4_120.28_6_PC_BigMDSteps_1: 5801765
a_4_120.28_6_PC_BigMDSteps_1: 5801766
a_4_120.28_6_PC_BigMDSteps_1: 5801767
a_4_120.28_6_PC_BigMDSteps_1: 5801768
a_4_120.28_6_PC_BigMDSteps_1: 5801769
b_4_120.28_6_PC_BigMDSteps: 5801770
a_4_120.28_7_PC_BigMDSteps_1: 5801771
a_4_120.28_7_PC_BigMDSteps_1: 5801772
a_4_120.28_7_PC_BigMDSteps_1: 5801773
a_4_120.28_7_PC_BigMDSteps_1: 5801774
a_4_120.28_7_PC_BigMDSteps_1: 5801775
a_4_120.28_7_PC_BigMDSteps_1: 5801776
a_4_120.28_7_PC_BigMDSteps_1: 5801777
a_4_120.28_7_PC_BigMDSteps_1: 5801778
a_4_120.28_7_PC_BigMDSteps_1: 5801779
a_4_120.28_7_PC_BigMDSteps_1: 5801780
b_4_120.28_7_PC_BigMDSteps: 5801781
a_4_120.28_8_PC_BigMDSteps_1: 5801782
a_4_120.28_8_PC_BigMDSteps_1: 5801783
a_4_120.28_8_PC_BigMDSteps_1: 5801784
a_4_120.28_8_PC_BigMDSteps_1: 5801785
a_4_120.28_8_PC_BigMDSteps_1: 5801786
a_4_120.28_8_PC_BigMDSteps_1: 5801787
a_4_120.28_8_PC_BigMDSteps_1: 5801788
a_4_120.28_8_PC_BigMDSteps_1: 5801789
a_4_120.28_8_PC_BigMDSteps_1: 5801790
a_4_120.28_8_PC_BigMDSteps_1: 5801791
b_4_120.28_8_PC_BigMDSteps: 5801792
a_4_120.28_9_PC_BigMDSteps_1: 5801793
a_4_120.28_9_PC_BigMDSteps_1: 5801794
a_4_120.28_9_PC_BigMDSteps_1: 5801795
a_4_120.28_9_PC_BigMDSteps_1: 5801796
a_4_120.28_9_PC_BigMDSteps_1: 5801797
a_4_120.28_9_PC_BigMDSteps_1: 5801798
a_4_120.28_9_PC_BigMDSteps_1: 5801799
a_4_120.28_9_PC_BigMDSteps_1: 5801800
a_4_120.28_9_PC_BigMDSteps_1: 5801801
a_4_120.28_9_PC_BigMDSteps_1: 5801802
b_4_120.28_9_PC_BigMDSteps: 5801803
5801704,5801715,5801726,5801737,5801748,5801759,5801770,5801781,5801792,5801803
a_3_f_PC_BigMDSteps: 5801804
a_5_120.28_0_PC_BigMDSteps_1: 5801805
a_5_120.28_0_PC_BigMDSteps_1: 5801806
a_5_120.28_0_PC_BigMDSteps_1: 5801807
a_5_120.28_0_PC_BigMDSteps_1: 5801808
a_5_120.28_0_PC_BigMDSteps_1: 5801809
a_5_120.28_0_PC_BigMDSteps_1: 5801810
a_5_120.28_0_PC_BigMDSteps_1: 5801811
a_5_120.28_0_PC_BigMDSteps_1: 5801812
a_5_120.28_0_PC_BigMDSteps_1: 5801813
a_5_120.28_0_PC_BigMDSteps_1: 5801814
b_5_120.28_0_PC_BigMDSteps: 5801815
a_5_120.28_1_PC_BigMDSteps_1: 5801816
a_5_120.28_1_PC_BigMDSteps_1: 5801817
a_5_120.28_1_PC_BigMDSteps_1: 5801818
a_5_120.28_1_PC_BigMDSteps_1: 5801819
a_5_120.28_1_PC_BigMDSteps_1: 5801820
a_5_120.28_1_PC_BigMDSteps_1: 5801821
a_5_120.28_1_PC_BigMDSteps_1: 5801822
a_5_120.28_1_PC_BigMDSteps_1: 5801823
a_5_120.28_1_PC_BigMDSteps_1: 5801824
a_5_120.28_1_PC_BigMDSteps_1: 5801825
b_5_120.28_1_PC_BigMDSteps: 5801826
a_5_120.28_2_PC_BigMDSteps_1: 5801827
a_5_120.28_2_PC_BigMDSteps_1: 5801828
a_5_120.28_2_PC_BigMDSteps_1: 5801829
a_5_120.28_2_PC_BigMDSteps_1: 5801830
a_5_120.28_2_PC_BigMDSteps_1: 5801831
a_5_120.28_2_PC_BigMDSteps_1: 5801832
a_5_120.28_2_PC_BigMDSteps_1: 5801833
a_5_120.28_2_PC_BigMDSteps_1: 5801834
a_5_120.28_2_PC_BigMDSteps_1: 5801835
a_5_120.28_2_PC_BigMDSteps_1: 5801836
b_5_120.28_2_PC_BigMDSteps: 5801837
a_5_120.28_3_PC_BigMDSteps_1: 5801838
a_5_120.28_3_PC_BigMDSteps_1: 5801839
a_5_120.28_3_PC_BigMDSteps_1: 5801840
a_5_120.28_3_PC_BigMDSteps_1: 5801841
a_5_120.28_3_PC_BigMDSteps_1: 5801842
a_5_120.28_3_PC_BigMDSteps_1: 5801843
a_5_120.28_3_PC_BigMDSteps_1: 5801844
a_5_120.28_3_PC_BigMDSteps_1: 5801845
a_5_120.28_3_PC_BigMDSteps_1: 5801846
a_5_120.28_3_PC_BigMDSteps_1: 5801847
b_5_120.28_3_PC_BigMDSteps: 5801848
a_5_120.28_4_PC_BigMDSteps_1: 5801849
a_5_120.28_4_PC_BigMDSteps_1: 5801850
a_5_120.28_4_PC_BigMDSteps_1: 5801851
a_5_120.28_4_PC_BigMDSteps_1: 5801852
a_5_120.28_4_PC_BigMDSteps_1: 5801853
a_5_120.28_4_PC_BigMDSteps_1: 5801854
a_5_120.28_4_PC_BigMDSteps_1: 5801855
a_5_120.28_4_PC_BigMDSteps_1: 5801856
a_5_120.28_4_PC_BigMDSteps_1: 5801857
a_5_120.28_4_PC_BigMDSteps_1: 5801858
b_5_120.28_4_PC_BigMDSteps: 5801859
a_5_120.28_5_PC_BigMDSteps_1: 5801860
a_5_120.28_5_PC_BigMDSteps_1: 5801861
a_5_120.28_5_PC_BigMDSteps_1: 5801862
a_5_120.28_5_PC_BigMDSteps_1: 5801863
a_5_120.28_5_PC_BigMDSteps_1: 5801864
a_5_120.28_5_PC_BigMDSteps_1: 5801865
a_5_120.28_5_PC_BigMDSteps_1: 5801866
a_5_120.28_5_PC_BigMDSteps_1: 5801867
a_5_120.28_5_PC_BigMDSteps_1: 5801868
a_5_120.28_5_PC_BigMDSteps_1: 5801869
b_5_120.28_5_PC_BigMDSteps: 5801870
a_5_120.28_6_PC_BigMDSteps_1: 5801871
a_5_120.28_6_PC_BigMDSteps_1: 5801872
a_5_120.28_6_PC_BigMDSteps_1: 5801873
a_5_120.28_6_PC_BigMDSteps_1: 5801874
a_5_120.28_6_PC_BigMDSteps_1: 5801875
a_5_120.28_6_PC_BigMDSteps_1: 5801876
a_5_120.28_6_PC_BigMDSteps_1: 5801877
a_5_120.28_6_PC_BigMDSteps_1: 5801878
a_5_120.28_6_PC_BigMDSteps_1: 5801879
a_5_120.28_6_PC_BigMDSteps_1: 5801880
b_5_120.28_6_PC_BigMDSteps: 5801881
a_5_120.28_7_PC_BigMDSteps_1: 5801882
a_5_120.28_7_PC_BigMDSteps_1: 5801883
a_5_120.28_7_PC_BigMDSteps_1: 5801884
a_5_120.28_7_PC_BigMDSteps_1: 5801885
a_5_120.28_7_PC_BigMDSteps_1: 5801886
a_5_120.28_7_PC_BigMDSteps_1: 5801887
a_5_120.28_7_PC_BigMDSteps_1: 5801888
a_5_120.28_7_PC_BigMDSteps_1: 5801889
a_5_120.28_7_PC_BigMDSteps_1: 5801890
a_5_120.28_7_PC_BigMDSteps_1: 5801891
b_5_120.28_7_PC_BigMDSteps: 5801892
a_5_120.28_8_PC_BigMDSteps_1: 5801893
a_5_120.28_8_PC_BigMDSteps_1: 5801894
a_5_120.28_8_PC_BigMDSteps_1: 5801895
a_5_120.28_8_PC_BigMDSteps_1: 5801896
a_5_120.28_8_PC_BigMDSteps_1: 5801897
a_5_120.28_8_PC_BigMDSteps_1: 5801898
a_5_120.28_8_PC_BigMDSteps_1: 5801899
a_5_120.28_8_PC_BigMDSteps_1: 5801900
a_5_120.28_8_PC_BigMDSteps_1: 5801901
a_5_120.28_8_PC_BigMDSteps_1: 5801902
b_5_120.28_8_PC_BigMDSteps: 5801903
a_5_120.28_9_PC_BigMDSteps_1: 5801904
a_5_120.28_9_PC_BigMDSteps_1: 5801905
a_5_120.28_9_PC_BigMDSteps_1: 5801906
a_5_120.28_9_PC_BigMDSteps_1: 5801907
a_5_120.28_9_PC_BigMDSteps_1: 5801908
a_5_120.28_9_PC_BigMDSteps_1: 5801909
a_5_120.28_9_PC_BigMDSteps_1: 5801910
a_5_120.28_9_PC_BigMDSteps_1: 5801911
a_5_120.28_9_PC_BigMDSteps_1: 5801912
a_5_120.28_9_PC_BigMDSteps_1: 5801913
b_5_120.28_9_PC_BigMDSteps: 5801914
5801815,5801826,5801837,5801848,5801859,5801870,5801881,5801892,5801903,5801914
a_4_f_PC_BigMDSteps: 5801915
a_6_120.28_0_PC_BigMDSteps_1: 5801916
a_6_120.28_0_PC_BigMDSteps_1: 5801917
a_6_120.28_0_PC_BigMDSteps_1: 5801918
a_6_120.28_0_PC_BigMDSteps_1: 5801919
a_6_120.28_0_PC_BigMDSteps_1: 5801920
a_6_120.28_0_PC_BigMDSteps_1: 5801921
a_6_120.28_0_PC_BigMDSteps_1: 5801922
a_6_120.28_0_PC_BigMDSteps_1: 5801923
a_6_120.28_0_PC_BigMDSteps_1: 5801924
a_6_120.28_0_PC_BigMDSteps_1: 5801925
b_6_120.28_0_PC_BigMDSteps: 5801926
a_6_120.28_1_PC_BigMDSteps_1: 5801927
a_6_120.28_1_PC_BigMDSteps_1: 5801928
a_6_120.28_1_PC_BigMDSteps_1: 5801929
a_6_120.28_1_PC_BigMDSteps_1: 5801930
a_6_120.28_1_PC_BigMDSteps_1: 5801931
a_6_120.28_1_PC_BigMDSteps_1: 5801932
a_6_120.28_1_PC_BigMDSteps_1: 5801933
a_6_120.28_1_PC_BigMDSteps_1: 5801934
a_6_120.28_1_PC_BigMDSteps_1: 5801935
a_6_120.28_1_PC_BigMDSteps_1: 5801936
b_6_120.28_1_PC_BigMDSteps: 5801937
a_6_120.28_2_PC_BigMDSteps_1: 5801938
a_6_120.28_2_PC_BigMDSteps_1: 5801939
a_6_120.28_2_PC_BigMDSteps_1: 5801940
a_6_120.28_2_PC_BigMDSteps_1: 5801941
a_6_120.28_2_PC_BigMDSteps_1: 5801942
a_6_120.28_2_PC_BigMDSteps_1: 5801943
a_6_120.28_2_PC_BigMDSteps_1: 5801944
a_6_120.28_2_PC_BigMDSteps_1: 5801945
a_6_120.28_2_PC_BigMDSteps_1: 5801946
a_6_120.28_2_PC_BigMDSteps_1: 5801947
b_6_120.28_2_PC_BigMDSteps: 5801948
a_6_120.28_3_PC_BigMDSteps_1: 5801949
a_6_120.28_3_PC_BigMDSteps_1: 5801950
a_6_120.28_3_PC_BigMDSteps_1: 5801951
a_6_120.28_3_PC_BigMDSteps_1: 5801952
a_6_120.28_3_PC_BigMDSteps_1: 5801953
a_6_120.28_3_PC_BigMDSteps_1: 5801954
a_6_120.28_3_PC_BigMDSteps_1: 5801955
a_6_120.28_3_PC_BigMDSteps_1: 5801956
a_6_120.28_3_PC_BigMDSteps_1: 5801957
a_6_120.28_3_PC_BigMDSteps_1: 5801958
b_6_120.28_3_PC_BigMDSteps: 5801959
a_6_120.28_4_PC_BigMDSteps_1: 5801960
a_6_120.28_4_PC_BigMDSteps_1: 5801961
a_6_120.28_4_PC_BigMDSteps_1: 5801962
a_6_120.28_4_PC_BigMDSteps_1: 5801963
a_6_120.28_4_PC_BigMDSteps_1: 5801964
a_6_120.28_4_PC_BigMDSteps_1: 5801965
a_6_120.28_4_PC_BigMDSteps_1: 5801966
a_6_120.28_4_PC_BigMDSteps_1: 5801967
a_6_120.28_4_PC_BigMDSteps_1: 5801968
a_6_120.28_4_PC_BigMDSteps_1: 5801969
b_6_120.28_4_PC_BigMDSteps: 5801970
a_6_120.28_5_PC_BigMDSteps_1: 5801971
a_6_120.28_5_PC_BigMDSteps_1: 5801972
a_6_120.28_5_PC_BigMDSteps_1: 5801973
a_6_120.28_5_PC_BigMDSteps_1: 5801974
a_6_120.28_5_PC_BigMDSteps_1: 5801975
a_6_120.28_5_PC_BigMDSteps_1: 5801976
a_6_120.28_5_PC_BigMDSteps_1: 5801977
a_6_120.28_5_PC_BigMDSteps_1: 5801978
a_6_120.28_5_PC_BigMDSteps_1: 5801979
a_6_120.28_5_PC_BigMDSteps_1: 5801980
b_6_120.28_5_PC_BigMDSteps: 5801981
a_6_120.28_6_PC_BigMDSteps_1: 5801982
a_6_120.28_6_PC_BigMDSteps_1: 5801983
a_6_120.28_6_PC_BigMDSteps_1: 5801984
a_6_120.28_6_PC_BigMDSteps_1: 5801985
a_6_120.28_6_PC_BigMDSteps_1: 5801986
a_6_120.28_6_PC_BigMDSteps_1: 5801987
a_6_120.28_6_PC_BigMDSteps_1: 5801988
a_6_120.28_6_PC_BigMDSteps_1: 5801989
a_6_120.28_6_PC_BigMDSteps_1: 5801990
a_6_120.28_6_PC_BigMDSteps_1: 5801991
b_6_120.28_6_PC_BigMDSteps: 5801992
a_6_120.28_7_PC_BigMDSteps_1: 5801993
a_6_120.28_7_PC_BigMDSteps_1: 5801994
a_6_120.28_7_PC_BigMDSteps_1: 5801995
a_6_120.28_7_PC_BigMDSteps_1: 5801996
a_6_120.28_7_PC_BigMDSteps_1: 5801997
a_6_120.28_7_PC_BigMDSteps_1: 5801998
a_6_120.28_7_PC_BigMDSteps_1: 5801999
a_6_120.28_7_PC_BigMDSteps_1: 5802000
a_6_120.28_7_PC_BigMDSteps_1: 5802001
a_6_120.28_7_PC_BigMDSteps_1: 5802002
b_6_120.28_7_PC_BigMDSteps: 5802003
a_6_120.28_8_PC_BigMDSteps_1: 5802004
a_6_120.28_8_PC_BigMDSteps_1: 5802005
a_6_120.28_8_PC_BigMDSteps_1: 5802006
a_6_120.28_8_PC_BigMDSteps_1: 5802007
a_6_120.28_8_PC_BigMDSteps_1: 5802008
a_6_120.28_8_PC_BigMDSteps_1: 5802009
a_6_120.28_8_PC_BigMDSteps_1: 5802010
a_6_120.28_8_PC_BigMDSteps_1: 5802011
a_6_120.28_8_PC_BigMDSteps_1: 5802012
a_6_120.28_8_PC_BigMDSteps_1: 5802013
b_6_120.28_8_PC_BigMDSteps: 5802014
a_6_120.28_9_PC_BigMDSteps_1: 5802015
a_6_120.28_9_PC_BigMDSteps_1: 5802016
a_6_120.28_9_PC_BigMDSteps_1: 5802017
a_6_120.28_9_PC_BigMDSteps_1: 5802018
a_6_120.28_9_PC_BigMDSteps_1: 5802019
a_6_120.28_9_PC_BigMDSteps_1: 5802020
a_6_120.28_9_PC_BigMDSteps_1: 5802021
a_6_120.28_9_PC_BigMDSteps_1: 5802022
a_6_120.28_9_PC_BigMDSteps_1: 5802023
a_6_120.28_9_PC_BigMDSteps_1: 5802024
b_6_120.28_9_PC_BigMDSteps: 5802025
5801926,5801937,5801948,5801959,5801970,5801981,5801992,5802003,5802014,5802025
a_5_f_PC_BigMDSteps: 5802026
a_7_120.28_0_PC_BigMDSteps_1: 5802027
a_7_120.28_0_PC_BigMDSteps_1: 5802028
a_7_120.28_0_PC_BigMDSteps_1: 5802029
a_7_120.28_0_PC_BigMDSteps_1: 5802030
a_7_120.28_0_PC_BigMDSteps_1: 5802031
a_7_120.28_0_PC_BigMDSteps_1: 5802032
a_7_120.28_0_PC_BigMDSteps_1: 5802033
a_7_120.28_0_PC_BigMDSteps_1: 5802034
a_7_120.28_0_PC_BigMDSteps_1: 5802035
a_7_120.28_0_PC_BigMDSteps_1: 5802036
b_7_120.28_0_PC_BigMDSteps: 5802037
a_7_120.28_1_PC_BigMDSteps_1: 5802038
a_7_120.28_1_PC_BigMDSteps_1: 5802039
a_7_120.28_1_PC_BigMDSteps_1: 5802040
a_7_120.28_1_PC_BigMDSteps_1: 5802041
a_7_120.28_1_PC_BigMDSteps_1: 5802042
a_7_120.28_1_PC_BigMDSteps_1: 5802043
a_7_120.28_1_PC_BigMDSteps_1: 5802044
a_7_120.28_1_PC_BigMDSteps_1: 5802045
a_7_120.28_1_PC_BigMDSteps_1: 5802046
a_7_120.28_1_PC_BigMDSteps_1: 5802047
b_7_120.28_1_PC_BigMDSteps: 5802048
a_7_120.28_2_PC_BigMDSteps_1: 5802049
a_7_120.28_2_PC_BigMDSteps_1: 5802050
a_7_120.28_2_PC_BigMDSteps_1: 5802051
a_7_120.28_2_PC_BigMDSteps_1: 5802052
a_7_120.28_2_PC_BigMDSteps_1: 5802053
a_7_120.28_2_PC_BigMDSteps_1: 5802054
a_7_120.28_2_PC_BigMDSteps_1: 5802055
a_7_120.28_2_PC_BigMDSteps_1: 5802056
a_7_120.28_2_PC_BigMDSteps_1: 5802057
a_7_120.28_2_PC_BigMDSteps_1: 5802058
b_7_120.28_2_PC_BigMDSteps: 5802059
a_7_120.28_3_PC_BigMDSteps_1: 5802060
a_7_120.28_3_PC_BigMDSteps_1: 5802061
a_7_120.28_3_PC_BigMDSteps_1: 5802062
a_7_120.28_3_PC_BigMDSteps_1: 5802063
a_7_120.28_3_PC_BigMDSteps_1: 5802064
a_7_120.28_3_PC_BigMDSteps_1: 5802065
a_7_120.28_3_PC_BigMDSteps_1: 5802066
a_7_120.28_3_PC_BigMDSteps_1: 5802067
a_7_120.28_3_PC_BigMDSteps_1: 5802068
a_7_120.28_3_PC_BigMDSteps_1: 5802069
b_7_120.28_3_PC_BigMDSteps: 5802070
a_7_120.28_4_PC_BigMDSteps_1: 5802071
a_7_120.28_4_PC_BigMDSteps_1: 5802072
a_7_120.28_4_PC_BigMDSteps_1: 5802073
a_7_120.28_4_PC_BigMDSteps_1: 5802074
a_7_120.28_4_PC_BigMDSteps_1: 5802075
a_7_120.28_4_PC_BigMDSteps_1: 5802076
a_7_120.28_4_PC_BigMDSteps_1: 5802077
a_7_120.28_4_PC_BigMDSteps_1: 5802078
a_7_120.28_4_PC_BigMDSteps_1: 5802079
a_7_120.28_4_PC_BigMDSteps_1: 5802080
b_7_120.28_4_PC_BigMDSteps: 5802081
a_7_120.28_5_PC_BigMDSteps_1: 5802082
a_7_120.28_5_PC_BigMDSteps_1: 5802083
a_7_120.28_5_PC_BigMDSteps_1: 5802084
a_7_120.28_5_PC_BigMDSteps_1: 5802085
a_7_120.28_5_PC_BigMDSteps_1: 5802086
a_7_120.28_5_PC_BigMDSteps_1: 5802087
a_7_120.28_5_PC_BigMDSteps_1: 5802088
a_7_120.28_5_PC_BigMDSteps_1: 5802089
a_7_120.28_5_PC_BigMDSteps_1: 5802090
a_7_120.28_5_PC_BigMDSteps_1: 5802091
b_7_120.28_5_PC_BigMDSteps: 5802092
a_7_120.28_6_PC_BigMDSteps_1: 5802093
a_7_120.28_6_PC_BigMDSteps_1: 5802094
a_7_120.28_6_PC_BigMDSteps_1: 5802095
a_7_120.28_6_PC_BigMDSteps_1: 5802096
a_7_120.28_6_PC_BigMDSteps_1: 5802097
a_7_120.28_6_PC_BigMDSteps_1: 5802098
a_7_120.28_6_PC_BigMDSteps_1: 5802099
a_7_120.28_6_PC_BigMDSteps_1: 5802100
a_7_120.28_6_PC_BigMDSteps_1: 5802101
a_7_120.28_6_PC_BigMDSteps_1: 5802102
b_7_120.28_6_PC_BigMDSteps: 5802103
a_7_120.28_7_PC_BigMDSteps_1: 5802104
a_7_120.28_7_PC_BigMDSteps_1: 5802105
a_7_120.28_7_PC_BigMDSteps_1: 5802106
a_7_120.28_7_PC_BigMDSteps_1: 5802107
a_7_120.28_7_PC_BigMDSteps_1: 5802108
a_7_120.28_7_PC_BigMDSteps_1: 5802109
a_7_120.28_7_PC_BigMDSteps_1: 5802110
a_7_120.28_7_PC_BigMDSteps_1: 5802111
a_7_120.28_7_PC_BigMDSteps_1: 5802112
a_7_120.28_7_PC_BigMDSteps_1: 5802113
b_7_120.28_7_PC_BigMDSteps: 5802114
a_7_120.28_8_PC_BigMDSteps_1: 5802115
a_7_120.28_8_PC_BigMDSteps_1: 5802116
a_7_120.28_8_PC_BigMDSteps_1: 5802117
a_7_120.28_8_PC_BigMDSteps_1: 5802118
a_7_120.28_8_PC_BigMDSteps_1: 5802119
a_7_120.28_8_PC_BigMDSteps_1: 5802120
a_7_120.28_8_PC_BigMDSteps_1: 5802121
a_7_120.28_8_PC_BigMDSteps_1: 5802122
a_7_120.28_8_PC_BigMDSteps_1: 5802123
a_7_120.28_8_PC_BigMDSteps_1: 5802124
b_7_120.28_8_PC_BigMDSteps: 5802125
a_7_120.28_9_PC_BigMDSteps_1: 5802126
a_7_120.28_9_PC_BigMDSteps_1: 5802127
a_7_120.28_9_PC_BigMDSteps_1: 5802128
a_7_120.28_9_PC_BigMDSteps_1: 5802129
a_7_120.28_9_PC_BigMDSteps_1: 5802130
a_7_120.28_9_PC_BigMDSteps_1: 5802131
a_7_120.28_9_PC_BigMDSteps_1: 5802132
a_7_120.28_9_PC_BigMDSteps_1: 5802133
a_7_120.28_9_PC_BigMDSteps_1: 5802134
a_7_120.28_9_PC_BigMDSteps_1: 5802135
b_7_120.28_9_PC_BigMDSteps: 5802136
5802037,5802048,5802059,5802070,5802081,5802092,5802103,5802114,5802125,5802136
a_6_f_PC_BigMDSteps: 5802137
a_8_120.28_0_PC_BigMDSteps_1: 5802138
a_8_120.28_0_PC_BigMDSteps_1: 5802139
a_8_120.28_0_PC_BigMDSteps_1: 5802140
a_8_120.28_0_PC_BigMDSteps_1: 5802141
a_8_120.28_0_PC_BigMDSteps_1: 5802142
a_8_120.28_0_PC_BigMDSteps_1: 5802143
a_8_120.28_0_PC_BigMDSteps_1: 5802144
a_8_120.28_0_PC_BigMDSteps_1: 5802145
a_8_120.28_0_PC_BigMDSteps_1: 5802146
a_8_120.28_0_PC_BigMDSteps_1: 5802147
b_8_120.28_0_PC_BigMDSteps: 5802148
a_8_120.28_1_PC_BigMDSteps_1: 5802149
a_8_120.28_1_PC_BigMDSteps_1: 5802150
a_8_120.28_1_PC_BigMDSteps_1: 5802151
a_8_120.28_1_PC_BigMDSteps_1: 5802152
a_8_120.28_1_PC_BigMDSteps_1: 5802153
a_8_120.28_1_PC_BigMDSteps_1: 5802154
a_8_120.28_1_PC_BigMDSteps_1: 5802155
a_8_120.28_1_PC_BigMDSteps_1: 5802156
a_8_120.28_1_PC_BigMDSteps_1: 5802157
a_8_120.28_1_PC_BigMDSteps_1: 5802158
b_8_120.28_1_PC_BigMDSteps: 5802159
a_8_120.28_2_PC_BigMDSteps_1: 5802160
a_8_120.28_2_PC_BigMDSteps_1: 5802161
a_8_120.28_2_PC_BigMDSteps_1: 5802162
a_8_120.28_2_PC_BigMDSteps_1: 5802163
a_8_120.28_2_PC_BigMDSteps_1: 5802164
a_8_120.28_2_PC_BigMDSteps_1: 5802165
a_8_120.28_2_PC_BigMDSteps_1: 5802166
a_8_120.28_2_PC_BigMDSteps_1: 5802167
a_8_120.28_2_PC_BigMDSteps_1: 5802168
a_8_120.28_2_PC_BigMDSteps_1: 5802169
b_8_120.28_2_PC_BigMDSteps: 5802170
a_8_120.28_3_PC_BigMDSteps_1: 5802171
a_8_120.28_3_PC_BigMDSteps_1: 5802172
a_8_120.28_3_PC_BigMDSteps_1: 5802173
a_8_120.28_3_PC_BigMDSteps_1: 5802174
a_8_120.28_3_PC_BigMDSteps_1: 5802175
a_8_120.28_3_PC_BigMDSteps_1: 5802176
a_8_120.28_3_PC_BigMDSteps_1: 5802177
a_8_120.28_3_PC_BigMDSteps_1: 5802178
a_8_120.28_3_PC_BigMDSteps_1: 5802179
a_8_120.28_3_PC_BigMDSteps_1: 5802180
b_8_120.28_3_PC_BigMDSteps: 5802181
a_8_120.28_4_PC_BigMDSteps_1: 5802182
a_8_120.28_4_PC_BigMDSteps_1: 5802183
a_8_120.28_4_PC_BigMDSteps_1: 5802184
a_8_120.28_4_PC_BigMDSteps_1: 5802185
a_8_120.28_4_PC_BigMDSteps_1: 5802186
a_8_120.28_4_PC_BigMDSteps_1: 5802187
a_8_120.28_4_PC_BigMDSteps_1: 5802188
a_8_120.28_4_PC_BigMDSteps_1: 5802189
a_8_120.28_4_PC_BigMDSteps_1: 5802190
a_8_120.28_4_PC_BigMDSteps_1: 5802191
b_8_120.28_4_PC_BigMDSteps: 5802192
a_8_120.28_5_PC_BigMDSteps_1: 5802193
a_8_120.28_5_PC_BigMDSteps_1: 5802194
a_8_120.28_5_PC_BigMDSteps_1: 5802195
a_8_120.28_5_PC_BigMDSteps_1: 5802196
a_8_120.28_5_PC_BigMDSteps_1: 5802197
a_8_120.28_5_PC_BigMDSteps_1: 5802198
a_8_120.28_5_PC_BigMDSteps_1: 5802199
a_8_120.28_5_PC_BigMDSteps_1: 5802200
a_8_120.28_5_PC_BigMDSteps_1: 5802201
a_8_120.28_5_PC_BigMDSteps_1: 5802202
b_8_120.28_5_PC_BigMDSteps: 5802203
a_8_120.28_6_PC_BigMDSteps_1: 5802204
a_8_120.28_6_PC_BigMDSteps_1: 5802205
a_8_120.28_6_PC_BigMDSteps_1: 5802206
a_8_120.28_6_PC_BigMDSteps_1: 5802207
a_8_120.28_6_PC_BigMDSteps_1: 5802208
a_8_120.28_6_PC_BigMDSteps_1: 5802209
a_8_120.28_6_PC_BigMDSteps_1: 5802210
a_8_120.28_6_PC_BigMDSteps_1: 5802211
a_8_120.28_6_PC_BigMDSteps_1: 5802212
a_8_120.28_6_PC_BigMDSteps_1: 5802213
b_8_120.28_6_PC_BigMDSteps: 5802214
a_8_120.28_7_PC_BigMDSteps_1: 5802215
a_8_120.28_7_PC_BigMDSteps_1: 5802216
a_8_120.28_7_PC_BigMDSteps_1: 5802217
a_8_120.28_7_PC_BigMDSteps_1: 5802218
a_8_120.28_7_PC_BigMDSteps_1: 5802219
a_8_120.28_7_PC_BigMDSteps_1: 5802220
a_8_120.28_7_PC_BigMDSteps_1: 5802221
a_8_120.28_7_PC_BigMDSteps_1: 5802222
a_8_120.28_7_PC_BigMDSteps_1: 5802223
a_8_120.28_7_PC_BigMDSteps_1: 5802224
b_8_120.28_7_PC_BigMDSteps: 5802225
a_8_120.28_8_PC_BigMDSteps_1: 5802226
a_8_120.28_8_PC_BigMDSteps_1: 5802227
a_8_120.28_8_PC_BigMDSteps_1: 5802228
a_8_120.28_8_PC_BigMDSteps_1: 5802229
a_8_120.28_8_PC_BigMDSteps_1: 5802230
a_8_120.28_8_PC_BigMDSteps_1: 5802231
a_8_120.28_8_PC_BigMDSteps_1: 5802232
a_8_120.28_8_PC_BigMDSteps_1: 5802233
a_8_120.28_8_PC_BigMDSteps_1: 5802234
a_8_120.28_8_PC_BigMDSteps_1: 5802235
b_8_120.28_8_PC_BigMDSteps: 5802236
a_8_120.28_9_PC_BigMDSteps_1: 5802237
a_8_120.28_9_PC_BigMDSteps_1: 5802238
a_8_120.28_9_PC_BigMDSteps_1: 5802239
a_8_120.28_9_PC_BigMDSteps_1: 5802240
a_8_120.28_9_PC_BigMDSteps_1: 5802241
a_8_120.28_9_PC_BigMDSteps_1: 5802242
a_8_120.28_9_PC_BigMDSteps_1: 5802243
a_8_120.28_9_PC_BigMDSteps_1: 5802244
a_8_120.28_9_PC_BigMDSteps_1: 5802245
a_8_120.28_9_PC_BigMDSteps_1: 5802246
b_8_120.28_9_PC_BigMDSteps: 5802247
5802148,5802159,5802170,5802181,5802192,5802203,5802214,5802225,5802236,5802247
a_7_f_PC_BigMDSteps: 5802248
a_9_120.28_0_PC_BigMDSteps_1: 5802249
a_9_120.28_0_PC_BigMDSteps_1: 5802250
a_9_120.28_0_PC_BigMDSteps_1: 5802251
a_9_120.28_0_PC_BigMDSteps_1: 5802252
a_9_120.28_0_PC_BigMDSteps_1: 5802253
a_9_120.28_0_PC_BigMDSteps_1: 5802254
a_9_120.28_0_PC_BigMDSteps_1: 5802255
a_9_120.28_0_PC_BigMDSteps_1: 5802256
a_9_120.28_0_PC_BigMDSteps_1: 5802257
a_9_120.28_0_PC_BigMDSteps_1: 5802258
b_9_120.28_0_PC_BigMDSteps: 5802259
a_9_120.28_1_PC_BigMDSteps_1: 5802260
a_9_120.28_1_PC_BigMDSteps_1: 5802261
a_9_120.28_1_PC_BigMDSteps_1: 5802262
a_9_120.28_1_PC_BigMDSteps_1: 5802263
a_9_120.28_1_PC_BigMDSteps_1: 5802264
a_9_120.28_1_PC_BigMDSteps_1: 5802265
a_9_120.28_1_PC_BigMDSteps_1: 5802266
a_9_120.28_1_PC_BigMDSteps_1: 5802267
a_9_120.28_1_PC_BigMDSteps_1: 5802268
a_9_120.28_1_PC_BigMDSteps_1: 5802269
b_9_120.28_1_PC_BigMDSteps: 5802270
a_9_120.28_2_PC_BigMDSteps_1: 5802271
a_9_120.28_2_PC_BigMDSteps_1: 5802272
a_9_120.28_2_PC_BigMDSteps_1: 5802273
a_9_120.28_2_PC_BigMDSteps_1: 5802274
a_9_120.28_2_PC_BigMDSteps_1: 5802275
a_9_120.28_2_PC_BigMDSteps_1: 5802276
a_9_120.28_2_PC_BigMDSteps_1: 5802277
a_9_120.28_2_PC_BigMDSteps_1: 5802278
a_9_120.28_2_PC_BigMDSteps_1: 5802279
a_9_120.28_2_PC_BigMDSteps_1: 5802280
b_9_120.28_2_PC_BigMDSteps: 5802281
a_9_120.28_3_PC_BigMDSteps_1: 5802282
a_9_120.28_3_PC_BigMDSteps_1: 5802283
a_9_120.28_3_PC_BigMDSteps_1: 5802284
a_9_120.28_3_PC_BigMDSteps_1: 5802285
a_9_120.28_3_PC_BigMDSteps_1: 5802286
a_9_120.28_3_PC_BigMDSteps_1: 5802287
a_9_120.28_3_PC_BigMDSteps_1: 5802288
a_9_120.28_3_PC_BigMDSteps_1: 5802289
a_9_120.28_3_PC_BigMDSteps_1: 5802290
a_9_120.28_3_PC_BigMDSteps_1: 5802291
b_9_120.28_3_PC_BigMDSteps: 5802292
a_9_120.28_4_PC_BigMDSteps_1: 5802293
a_9_120.28_4_PC_BigMDSteps_1: 5802294
a_9_120.28_4_PC_BigMDSteps_1: 5802295
a_9_120.28_4_PC_BigMDSteps_1: 5802296
a_9_120.28_4_PC_BigMDSteps_1: 5802297
a_9_120.28_4_PC_BigMDSteps_1: 5802298
a_9_120.28_4_PC_BigMDSteps_1: 5802299
a_9_120.28_4_PC_BigMDSteps_1: 5802300
a_9_120.28_4_PC_BigMDSteps_1: 5802301
a_9_120.28_4_PC_BigMDSteps_1: 5802302
b_9_120.28_4_PC_BigMDSteps: 5802303
a_9_120.28_5_PC_BigMDSteps_1: 5802304
a_9_120.28_5_PC_BigMDSteps_1: 5802305
a_9_120.28_5_PC_BigMDSteps_1: 5802306
a_9_120.28_5_PC_BigMDSteps_1: 5802307
a_9_120.28_5_PC_BigMDSteps_1: 5802308
a_9_120.28_5_PC_BigMDSteps_1: 5802309
a_9_120.28_5_PC_BigMDSteps_1: 5802310
a_9_120.28_5_PC_BigMDSteps_1: 5802311
a_9_120.28_5_PC_BigMDSteps_1: 5802312
a_9_120.28_5_PC_BigMDSteps_1: 5802313
b_9_120.28_5_PC_BigMDSteps: 5802314
a_9_120.28_6_PC_BigMDSteps_1: 5802315
a_9_120.28_6_PC_BigMDSteps_1: 5802316
a_9_120.28_6_PC_BigMDSteps_1: 5802317
a_9_120.28_6_PC_BigMDSteps_1: 5802318
a_9_120.28_6_PC_BigMDSteps_1: 5802319
a_9_120.28_6_PC_BigMDSteps_1: 5802320
a_9_120.28_6_PC_BigMDSteps_1: 5802321
a_9_120.28_6_PC_BigMDSteps_1: 5802322
a_9_120.28_6_PC_BigMDSteps_1: 5802323
a_9_120.28_6_PC_BigMDSteps_1: 5802324
b_9_120.28_6_PC_BigMDSteps: 5802325
a_9_120.28_7_PC_BigMDSteps_1: 5802326
a_9_120.28_7_PC_BigMDSteps_1: 5802327
a_9_120.28_7_PC_BigMDSteps_1: 5802328
a_9_120.28_7_PC_BigMDSteps_1: 5802329
a_9_120.28_7_PC_BigMDSteps_1: 5802330
a_9_120.28_7_PC_BigMDSteps_1: 5802331
a_9_120.28_7_PC_BigMDSteps_1: 5802332
a_9_120.28_7_PC_BigMDSteps_1: 5802333
a_9_120.28_7_PC_BigMDSteps_1: 5802334
a_9_120.28_7_PC_BigMDSteps_1: 5802335
b_9_120.28_7_PC_BigMDSteps: 5802336
a_9_120.28_8_PC_BigMDSteps_1: 5802337
a_9_120.28_8_PC_BigMDSteps_1: 5802338
a_9_120.28_8_PC_BigMDSteps_1: 5802339
a_9_120.28_8_PC_BigMDSteps_1: 5802340
a_9_120.28_8_PC_BigMDSteps_1: 5802341
a_9_120.28_8_PC_BigMDSteps_1: 5802342
a_9_120.28_8_PC_BigMDSteps_1: 5802343
a_9_120.28_8_PC_BigMDSteps_1: 5802344
a_9_120.28_8_PC_BigMDSteps_1: 5802345
a_9_120.28_8_PC_BigMDSteps_1: 5802346
b_9_120.28_8_PC_BigMDSteps: 5802347
a_9_120.28_9_PC_BigMDSteps_1: 5802348
a_9_120.28_9_PC_BigMDSteps_1: 5802349
a_9_120.28_9_PC_BigMDSteps_1: 5802350
a_9_120.28_9_PC_BigMDSteps_1: 5802351
a_9_120.28_9_PC_BigMDSteps_1: 5802352
a_9_120.28_9_PC_BigMDSteps_1: 5802353
a_9_120.28_9_PC_BigMDSteps_1: 5802354
a_9_120.28_9_PC_BigMDSteps_1: 5802355
a_9_120.28_9_PC_BigMDSteps_1: 5802356
a_9_120.28_9_PC_BigMDSteps_1: 5802357
b_9_120.28_9_PC_BigMDSteps: 5802358
5802259,5802270,5802281,5802292,5802303,5802314,5802325,5802336,5802347,5802358
a_8_f_PC_BigMDSteps: 5802359
a_10_120.28_0_PC_BigMDSteps_1: 5802360
a_10_120.28_0_PC_BigMDSteps_1: 5802361
a_10_120.28_0_PC_BigMDSteps_1: 5802362
a_10_120.28_0_PC_BigMDSteps_1: 5802363
a_10_120.28_0_PC_BigMDSteps_1: 5802364
a_10_120.28_0_PC_BigMDSteps_1: 5802365
a_10_120.28_0_PC_BigMDSteps_1: 5802366
a_10_120.28_0_PC_BigMDSteps_1: 5802367
a_10_120.28_0_PC_BigMDSteps_1: 5802368
a_10_120.28_0_PC_BigMDSteps_1: 5802369
b_10_120.28_0_PC_BigMDSteps: 5802370
a_10_120.28_1_PC_BigMDSteps_1: 5802371
a_10_120.28_1_PC_BigMDSteps_1: 5802372
a_10_120.28_1_PC_BigMDSteps_1: 5802373
a_10_120.28_1_PC_BigMDSteps_1: 5802374
a_10_120.28_1_PC_BigMDSteps_1: 5802375
a_10_120.28_1_PC_BigMDSteps_1: 5802376
a_10_120.28_1_PC_BigMDSteps_1: 5802377
a_10_120.28_1_PC_BigMDSteps_1: 5802378
a_10_120.28_1_PC_BigMDSteps_1: 5802379
a_10_120.28_1_PC_BigMDSteps_1: 5802380
b_10_120.28_1_PC_BigMDSteps: 5802381
a_10_120.28_2_PC_BigMDSteps_1: 5802382
a_10_120.28_2_PC_BigMDSteps_1: 5802383
a_10_120.28_2_PC_BigMDSteps_1: 5802384
a_10_120.28_2_PC_BigMDSteps_1: 5802385
a_10_120.28_2_PC_BigMDSteps_1: 5802386
a_10_120.28_2_PC_BigMDSteps_1: 5802387
a_10_120.28_2_PC_BigMDSteps_1: 5802388
a_10_120.28_2_PC_BigMDSteps_1: 5802389
a_10_120.28_2_PC_BigMDSteps_1: 5802390
a_10_120.28_2_PC_BigMDSteps_1: 5802391
b_10_120.28_2_PC_BigMDSteps: 5802392
a_10_120.28_3_PC_BigMDSteps_1: 5802393
a_10_120.28_3_PC_BigMDSteps_1: 5802394
a_10_120.28_3_PC_BigMDSteps_1: 5802395
a_10_120.28_3_PC_BigMDSteps_1: 5802396
a_10_120.28_3_PC_BigMDSteps_1: 5802397
a_10_120.28_3_PC_BigMDSteps_1: 5802398
a_10_120.28_3_PC_BigMDSteps_1: 5802399
a_10_120.28_3_PC_BigMDSteps_1: 5802400
a_10_120.28_3_PC_BigMDSteps_1: 5802401
a_10_120.28_3_PC_BigMDSteps_1: 5802402
b_10_120.28_3_PC_BigMDSteps: 5802403
a_10_120.28_4_PC_BigMDSteps_1: 5802404
a_10_120.28_4_PC_BigMDSteps_1: 5802405
a_10_120.28_4_PC_BigMDSteps_1: 5802406
a_10_120.28_4_PC_BigMDSteps_1: 5802407
a_10_120.28_4_PC_BigMDSteps_1: 5802408
a_10_120.28_4_PC_BigMDSteps_1: 5802409
a_10_120.28_4_PC_BigMDSteps_1: 5802410
a_10_120.28_4_PC_BigMDSteps_1: 5802411
a_10_120.28_4_PC_BigMDSteps_1: 5802412
a_10_120.28_4_PC_BigMDSteps_1: 5802413
b_10_120.28_4_PC_BigMDSteps: 5802414
a_10_120.28_5_PC_BigMDSteps_1: 5802415
a_10_120.28_5_PC_BigMDSteps_1: 5802416
a_10_120.28_5_PC_BigMDSteps_1: 5802417
a_10_120.28_5_PC_BigMDSteps_1: 5802418
a_10_120.28_5_PC_BigMDSteps_1: 5802419
a_10_120.28_5_PC_BigMDSteps_1: 5802420
a_10_120.28_5_PC_BigMDSteps_1: 5802421
a_10_120.28_5_PC_BigMDSteps_1: 5802422
a_10_120.28_5_PC_BigMDSteps_1: 5802423
a_10_120.28_5_PC_BigMDSteps_1: 5802424
b_10_120.28_5_PC_BigMDSteps: 5802425
a_10_120.28_6_PC_BigMDSteps_1: 5802426
a_10_120.28_6_PC_BigMDSteps_1: 5802427
a_10_120.28_6_PC_BigMDSteps_1: 5802428
a_10_120.28_6_PC_BigMDSteps_1: 5802429
a_10_120.28_6_PC_BigMDSteps_1: 5802430
a_10_120.28_6_PC_BigMDSteps_1: 5802431
a_10_120.28_6_PC_BigMDSteps_1: 5802432
a_10_120.28_6_PC_BigMDSteps_1: 5802433
a_10_120.28_6_PC_BigMDSteps_1: 5802434
a_10_120.28_6_PC_BigMDSteps_1: 5802435
b_10_120.28_6_PC_BigMDSteps: 5802436
a_10_120.28_7_PC_BigMDSteps_1: 5802437
a_10_120.28_7_PC_BigMDSteps_1: 5802438
a_10_120.28_7_PC_BigMDSteps_1: 5802439
a_10_120.28_7_PC_BigMDSteps_1: 5802440
a_10_120.28_7_PC_BigMDSteps_1: 5802441
a_10_120.28_7_PC_BigMDSteps_1: 5802442
a_10_120.28_7_PC_BigMDSteps_1: 5802443
a_10_120.28_7_PC_BigMDSteps_1: 5802444
a_10_120.28_7_PC_BigMDSteps_1: 5802445
a_10_120.28_7_PC_BigMDSteps_1: 5802446
b_10_120.28_7_PC_BigMDSteps: 5802447
a_10_120.28_8_PC_BigMDSteps_1: 5802448
a_10_120.28_8_PC_BigMDSteps_1: 5802449
a_10_120.28_8_PC_BigMDSteps_1: 5802450
a_10_120.28_8_PC_BigMDSteps_1: 5802451
a_10_120.28_8_PC_BigMDSteps_1: 5802452
a_10_120.28_8_PC_BigMDSteps_1: 5802453
a_10_120.28_8_PC_BigMDSteps_1: 5802454
a_10_120.28_8_PC_BigMDSteps_1: 5802455
a_10_120.28_8_PC_BigMDSteps_1: 5802456
a_10_120.28_8_PC_BigMDSteps_1: 5802457
b_10_120.28_8_PC_BigMDSteps: 5802458
a_10_120.28_9_PC_BigMDSteps_1: 5802459
a_10_120.28_9_PC_BigMDSteps_1: 5802460
a_10_120.28_9_PC_BigMDSteps_1: 5802461
a_10_120.28_9_PC_BigMDSteps_1: 5802462
a_10_120.28_9_PC_BigMDSteps_1: 5802463
a_10_120.28_9_PC_BigMDSteps_1: 5802464
a_10_120.28_9_PC_BigMDSteps_1: 5802465
a_10_120.28_9_PC_BigMDSteps_1: 5802466
a_10_120.28_9_PC_BigMDSteps_1: 5802467
a_10_120.28_9_PC_BigMDSteps_1: 5802468
b_10_120.28_9_PC_BigMDSteps: 5802469
5802370,5802381,5802392,5802403,5802414,5802425,5802436,5802447,5802458,5802469
a_9_f_PC_BigMDSteps: 5802470
a_11_120.28_0_PC_BigMDSteps_1: 5802471
a_11_120.28_0_PC_BigMDSteps_1: 5802472
a_11_120.28_0_PC_BigMDSteps_1: 5802473
a_11_120.28_0_PC_BigMDSteps_1: 5802474
a_11_120.28_0_PC_BigMDSteps_1: 5802475
a_11_120.28_0_PC_BigMDSteps_1: 5802476
a_11_120.28_0_PC_BigMDSteps_1: 5802477
a_11_120.28_0_PC_BigMDSteps_1: 5802478
a_11_120.28_0_PC_BigMDSteps_1: 5802479
a_11_120.28_0_PC_BigMDSteps_1: 5802480
b_11_120.28_0_PC_BigMDSteps: 5802481
a_11_120.28_1_PC_BigMDSteps_1: 5802482
a_11_120.28_1_PC_BigMDSteps_1: 5802483
a_11_120.28_1_PC_BigMDSteps_1: 5802484
a_11_120.28_1_PC_BigMDSteps_1: 5802485
a_11_120.28_1_PC_BigMDSteps_1: 5802486
a_11_120.28_1_PC_BigMDSteps_1: 5802487
a_11_120.28_1_PC_BigMDSteps_1: 5802488
a_11_120.28_1_PC_BigMDSteps_1: 5802489
a_11_120.28_1_PC_BigMDSteps_1: 5802490
a_11_120.28_1_PC_BigMDSteps_1: 5802491
b_11_120.28_1_PC_BigMDSteps: 5802492
a_11_120.28_2_PC_BigMDSteps_1: 5802493
a_11_120.28_2_PC_BigMDSteps_1: 5802494
a_11_120.28_2_PC_BigMDSteps_1: 5802495
a_11_120.28_2_PC_BigMDSteps_1: 5802496
a_11_120.28_2_PC_BigMDSteps_1: 5802497
a_11_120.28_2_PC_BigMDSteps_1: 5802498
a_11_120.28_2_PC_BigMDSteps_1: 5802499
a_11_120.28_2_PC_BigMDSteps_1: 5802500
a_11_120.28_2_PC_BigMDSteps_1: 5802501
a_11_120.28_2_PC_BigMDSteps_1: 5802502
b_11_120.28_2_PC_BigMDSteps: 5802503
a_11_120.28_3_PC_BigMDSteps_1: 5802504
a_11_120.28_3_PC_BigMDSteps_1: 5802505
a_11_120.28_3_PC_BigMDSteps_1: 5802506
a_11_120.28_3_PC_BigMDSteps_1: 5802507
a_11_120.28_3_PC_BigMDSteps_1: 5802508
a_11_120.28_3_PC_BigMDSteps_1: 5802509
a_11_120.28_3_PC_BigMDSteps_1: 5802510
a_11_120.28_3_PC_BigMDSteps_1: 5802511
a_11_120.28_3_PC_BigMDSteps_1: 5802512
a_11_120.28_3_PC_BigMDSteps_1: 5802513
b_11_120.28_3_PC_BigMDSteps: 5802514
a_11_120.28_4_PC_BigMDSteps_1: 5802515
a_11_120.28_4_PC_BigMDSteps_1: 5802516
a_11_120.28_4_PC_BigMDSteps_1: 5802517
a_11_120.28_4_PC_BigMDSteps_1: 5802518
a_11_120.28_4_PC_BigMDSteps_1: 5802519
a_11_120.28_4_PC_BigMDSteps_1: 5802520
a_11_120.28_4_PC_BigMDSteps_1: 5802521
a_11_120.28_4_PC_BigMDSteps_1: 5802522
a_11_120.28_4_PC_BigMDSteps_1: 5802523
a_11_120.28_4_PC_BigMDSteps_1: 5802524
b_11_120.28_4_PC_BigMDSteps: 5802525
a_11_120.28_5_PC_BigMDSteps_1: 5802526
a_11_120.28_5_PC_BigMDSteps_1: 5802527
a_11_120.28_5_PC_BigMDSteps_1: 5802528
a_11_120.28_5_PC_BigMDSteps_1: 5802529
a_11_120.28_5_PC_BigMDSteps_1: 5802530
a_11_120.28_5_PC_BigMDSteps_1: 5802531
a_11_120.28_5_PC_BigMDSteps_1: 5802532
a_11_120.28_5_PC_BigMDSteps_1: 5802533
a_11_120.28_5_PC_BigMDSteps_1: 5802534
a_11_120.28_5_PC_BigMDSteps_1: 5802535
b_11_120.28_5_PC_BigMDSteps: 5802536
a_11_120.28_6_PC_BigMDSteps_1: 5802537
a_11_120.28_6_PC_BigMDSteps_1: 5802538
a_11_120.28_6_PC_BigMDSteps_1: 5802539
a_11_120.28_6_PC_BigMDSteps_1: 5802540
a_11_120.28_6_PC_BigMDSteps_1: 5802541
a_11_120.28_6_PC_BigMDSteps_1: 5802542
a_11_120.28_6_PC_BigMDSteps_1: 5802543
a_11_120.28_6_PC_BigMDSteps_1: 5802544
a_11_120.28_6_PC_BigMDSteps_1: 5802545
a_11_120.28_6_PC_BigMDSteps_1: 5802546
b_11_120.28_6_PC_BigMDSteps: 5802547
a_11_120.28_7_PC_BigMDSteps_1: 5802548
a_11_120.28_7_PC_BigMDSteps_1: 5802549
a_11_120.28_7_PC_BigMDSteps_1: 5802550
a_11_120.28_7_PC_BigMDSteps_1: 5802551
a_11_120.28_7_PC_BigMDSteps_1: 5802552
a_11_120.28_7_PC_BigMDSteps_1: 5802553
a_11_120.28_7_PC_BigMDSteps_1: 5802554
a_11_120.28_7_PC_BigMDSteps_1: 5802555
a_11_120.28_7_PC_BigMDSteps_1: 5802556
a_11_120.28_7_PC_BigMDSteps_1: 5802557
b_11_120.28_7_PC_BigMDSteps: 5802558
a_11_120.28_8_PC_BigMDSteps_1: 5802559
a_11_120.28_8_PC_BigMDSteps_1: 5802560
a_11_120.28_8_PC_BigMDSteps_1: 5802561
a_11_120.28_8_PC_BigMDSteps_1: 5802562
a_11_120.28_8_PC_BigMDSteps_1: 5802563
a_11_120.28_8_PC_BigMDSteps_1: 5802564
a_11_120.28_8_PC_BigMDSteps_1: 5802565
a_11_120.28_8_PC_BigMDSteps_1: 5802566
a_11_120.28_8_PC_BigMDSteps_1: 5802567
a_11_120.28_8_PC_BigMDSteps_1: 5802568
b_11_120.28_8_PC_BigMDSteps: 5802569
a_11_120.28_9_PC_BigMDSteps_1: 5802570
a_11_120.28_9_PC_BigMDSteps_1: 5802571
a_11_120.28_9_PC_BigMDSteps_1: 5802572
a_11_120.28_9_PC_BigMDSteps_1: 5802573
a_11_120.28_9_PC_BigMDSteps_1: 5802574
a_11_120.28_9_PC_BigMDSteps_1: 5802575
a_11_120.28_9_PC_BigMDSteps_1: 5802576
a_11_120.28_9_PC_BigMDSteps_1: 5802577
a_11_120.28_9_PC_BigMDSteps_1: 5802578
a_11_120.28_9_PC_BigMDSteps_1: 5802579
b_11_120.28_9_PC_BigMDSteps: 5802580
5802481,5802492,5802503,5802514,5802525,5802536,5802547,5802558,5802569,5802580
a_10_f_PC_BigMDSteps: 5802581
a_12_120.28_0_PC_BigMDSteps_1: 5802582
a_12_120.28_0_PC_BigMDSteps_1: 5802583
a_12_120.28_0_PC_BigMDSteps_1: 5802584
a_12_120.28_0_PC_BigMDSteps_1: 5802585
a_12_120.28_0_PC_BigMDSteps_1: 5802586
a_12_120.28_0_PC_BigMDSteps_1: 5802587
a_12_120.28_0_PC_BigMDSteps_1: 5802588
a_12_120.28_0_PC_BigMDSteps_1: 5802589
a_12_120.28_0_PC_BigMDSteps_1: 5802590
a_12_120.28_0_PC_BigMDSteps_1: 5802591
b_12_120.28_0_PC_BigMDSteps: 5802592
a_12_120.28_1_PC_BigMDSteps_1: 5802593
a_12_120.28_1_PC_BigMDSteps_1: 5802594
a_12_120.28_1_PC_BigMDSteps_1: 5802595
a_12_120.28_1_PC_BigMDSteps_1: 5802596
a_12_120.28_1_PC_BigMDSteps_1: 5802597
a_12_120.28_1_PC_BigMDSteps_1: 5802598
a_12_120.28_1_PC_BigMDSteps_1: 5802599
a_12_120.28_1_PC_BigMDSteps_1: 5802600
a_12_120.28_1_PC_BigMDSteps_1: 5802601
a_12_120.28_1_PC_BigMDSteps_1: 5802602
b_12_120.28_1_PC_BigMDSteps: 5802603
a_12_120.28_2_PC_BigMDSteps_1: 5802604
a_12_120.28_2_PC_BigMDSteps_1: 5802605
a_12_120.28_2_PC_BigMDSteps_1: 5802607
a_12_120.28_2_PC_BigMDSteps_1: 5802608
a_12_120.28_2_PC_BigMDSteps_1: 5802609
a_12_120.28_2_PC_BigMDSteps_1: 5802610
a_12_120.28_2_PC_BigMDSteps_1: 5802611
a_12_120.28_2_PC_BigMDSteps_1: 5802612
a_12_120.28_2_PC_BigMDSteps_1: 5802613
a_12_120.28_2_PC_BigMDSteps_1: 5802614
b_12_120.28_2_PC_BigMDSteps: 5802615
a_12_120.28_3_PC_BigMDSteps_1: 5802616
a_12_120.28_3_PC_BigMDSteps_1: 5802617
a_12_120.28_3_PC_BigMDSteps_1: 5802618
a_12_120.28_3_PC_BigMDSteps_1: 5802619
a_12_120.28_3_PC_BigMDSteps_1: 5802620
a_12_120.28_3_PC_BigMDSteps_1: 5802621
a_12_120.28_3_PC_BigMDSteps_1: 5802622
a_12_120.28_3_PC_BigMDSteps_1: 5802623
a_12_120.28_3_PC_BigMDSteps_1: 5802624
a_12_120.28_3_PC_BigMDSteps_1: 5802625
b_12_120.28_3_PC_BigMDSteps: 5802626
a_12_120.28_4_PC_BigMDSteps_1: 5802627
a_12_120.28_4_PC_BigMDSteps_1: 5802628
a_12_120.28_4_PC_BigMDSteps_1: 5802629
a_12_120.28_4_PC_BigMDSteps_1: 5802630
a_12_120.28_4_PC_BigMDSteps_1: 5802631
a_12_120.28_4_PC_BigMDSteps_1: 5802632
a_12_120.28_4_PC_BigMDSteps_1: 5802633
a_12_120.28_4_PC_BigMDSteps_1: 5802634
a_12_120.28_4_PC_BigMDSteps_1: 5802635
a_12_120.28_4_PC_BigMDSteps_1: 5802636
b_12_120.28_4_PC_BigMDSteps: 5802637
a_12_120.28_5_PC_BigMDSteps_1: 5802638
a_12_120.28_5_PC_BigMDSteps_1: 5802639
a_12_120.28_5_PC_BigMDSteps_1: 5802640
a_12_120.28_5_PC_BigMDSteps_1: 5802641
a_12_120.28_5_PC_BigMDSteps_1: 5802642
a_12_120.28_5_PC_BigMDSteps_1: 5802643
a_12_120.28_5_PC_BigMDSteps_1: 5802644
a_12_120.28_5_PC_BigMDSteps_1: 5802645
a_12_120.28_5_PC_BigMDSteps_1: 5802646
a_12_120.28_5_PC_BigMDSteps_1: 5802647
b_12_120.28_5_PC_BigMDSteps: 5802648
a_12_120.28_6_PC_BigMDSteps_1: 5802649
a_12_120.28_6_PC_BigMDSteps_1: 5802650
a_12_120.28_6_PC_BigMDSteps_1: 5802651
a_12_120.28_6_PC_BigMDSteps_1: 5802652
a_12_120.28_6_PC_BigMDSteps_1: 5802653
a_12_120.28_6_PC_BigMDSteps_1: 5802654
a_12_120.28_6_PC_BigMDSteps_1: 5802655
a_12_120.28_6_PC_BigMDSteps_1: 5802656
a_12_120.28_6_PC_BigMDSteps_1: 5802657
a_12_120.28_6_PC_BigMDSteps_1: 5802658
b_12_120.28_6_PC_BigMDSteps: 5802659
a_12_120.28_7_PC_BigMDSteps_1: 5802660
a_12_120.28_7_PC_BigMDSteps_1: 5802661
a_12_120.28_7_PC_BigMDSteps_1: 5802662
a_12_120.28_7_PC_BigMDSteps_1: 5802663
a_12_120.28_7_PC_BigMDSteps_1: 5802664
a_12_120.28_7_PC_BigMDSteps_1: 5802665
a_12_120.28_7_PC_BigMDSteps_1: 5802666
a_12_120.28_7_PC_BigMDSteps_1: 5802667
a_12_120.28_7_PC_BigMDSteps_1: 5802668
a_12_120.28_7_PC_BigMDSteps_1: 5802669
b_12_120.28_7_PC_BigMDSteps: 5802670
a_12_120.28_8_PC_BigMDSteps_1: 5802671
a_12_120.28_8_PC_BigMDSteps_1: 5802672
a_12_120.28_8_PC_BigMDSteps_1: 5802673
a_12_120.28_8_PC_BigMDSteps_1: 5802674
a_12_120.28_8_PC_BigMDSteps_1: 5802675
a_12_120.28_8_PC_BigMDSteps_1: 5802676
a_12_120.28_8_PC_BigMDSteps_1: 5802677
a_12_120.28_8_PC_BigMDSteps_1: 5802678
a_12_120.28_8_PC_BigMDSteps_1: 5802679
a_12_120.28_8_PC_BigMDSteps_1: 5802680
b_12_120.28_8_PC_BigMDSteps: 5802681
a_12_120.28_9_PC_BigMDSteps_1: 5802682
a_12_120.28_9_PC_BigMDSteps_1: 5802683
a_12_120.28_9_PC_BigMDSteps_1: 5802684
a_12_120.28_9_PC_BigMDSteps_1: 5802685
a_12_120.28_9_PC_BigMDSteps_1: 5802686
a_12_120.28_9_PC_BigMDSteps_1: 5802687
a_12_120.28_9_PC_BigMDSteps_1: 5802688
a_12_120.28_9_PC_BigMDSteps_1: 5802689
a_12_120.28_9_PC_BigMDSteps_1: 5802690
a_12_120.28_9_PC_BigMDSteps_1: 5802691
b_12_120.28_9_PC_BigMDSteps: 5802692
5802592,5802603,5802615,5802626,5802637,5802648,5802659,5802670,5802681,5802692
a_11_f_PC_BigMDSteps: 5802693
init: 5871784
a_13_120.28_0_PC_BigMDSteps_1: 5871785
a_13_120.28_0_PC_BigMDSteps_1: 5871786
a_13_120.28_0_PC_BigMDSteps_1: 5871787
a_13_120.28_0_PC_BigMDSteps_1: 5871788
a_13_120.28_0_PC_BigMDSteps_1: 5871789
a_13_120.28_0_PC_BigMDSteps_1: 5871791
a_13_120.28_0_PC_BigMDSteps_1: 5871792
a_13_120.28_0_PC_BigMDSteps_1: 5871793
a_13_120.28_0_PC_BigMDSteps_1: 5871794
a_13_120.28_0_PC_BigMDSteps_1: 5871795
b_13_120.28_0_PC_BigMDSteps: 5871796
a_13_120.28_1_PC_BigMDSteps_1: 5871797
a_13_120.28_1_PC_BigMDSteps_1: 5871798
a_13_120.28_1_PC_BigMDSteps_1: 5871799
a_13_120.28_1_PC_BigMDSteps_1: 5871800
a_13_120.28_1_PC_BigMDSteps_1: 5871801
a_13_120.28_1_PC_BigMDSteps_1: 5871802
a_13_120.28_1_PC_BigMDSteps_1: 5871803
a_13_120.28_1_PC_BigMDSteps_1: 5871804
a_13_120.28_1_PC_BigMDSteps_1: 5871805
a_13_120.28_1_PC_BigMDSteps_1: 5871806
b_13_120.28_1_PC_BigMDSteps: 5871807
a_13_120.28_2_PC_BigMDSteps_1: 5871808
a_13_120.28_2_PC_BigMDSteps_1: 5871809
a_13_120.28_2_PC_BigMDSteps_1: 5871810
a_13_120.28_2_PC_BigMDSteps_1: 5871811
a_13_120.28_2_PC_BigMDSteps_1: 5871812
a_13_120.28_2_PC_BigMDSteps_1: 5871813
a_13_120.28_2_PC_BigMDSteps_1: 5871814
a_13_120.28_2_PC_BigMDSteps_1: 5871815
a_13_120.28_2_PC_BigMDSteps_1: 5871816
a_13_120.28_2_PC_BigMDSteps_1: 5871817
b_13_120.28_2_PC_BigMDSteps: 5871818
a_13_120.28_3_PC_BigMDSteps_1: 5871819
a_13_120.28_3_PC_BigMDSteps_1: 5871820
a_13_120.28_3_PC_BigMDSteps_1: 5871821
a_13_120.28_3_PC_BigMDSteps_1: 5871822
a_13_120.28_3_PC_BigMDSteps_1: 5871823
a_13_120.28_3_PC_BigMDSteps_1: 5871824
a_13_120.28_3_PC_BigMDSteps_1: 5871825
a_13_120.28_3_PC_BigMDSteps_1: 5871826
a_13_120.28_3_PC_BigMDSteps_1: 5871827
a_13_120.28_3_PC_BigMDSteps_1: 5871828
b_13_120.28_3_PC_BigMDSteps: 5871829
a_13_120.28_4_PC_BigMDSteps_1: 5871830
a_13_120.28_4_PC_BigMDSteps_1: 5871831
a_13_120.28_4_PC_BigMDSteps_1: 5871832
a_13_120.28_4_PC_BigMDSteps_1: 5871833
a_13_120.28_4_PC_BigMDSteps_1: 5871834
a_13_120.28_4_PC_BigMDSteps_1: 5871835
a_13_120.28_4_PC_BigMDSteps_1: 5871836
a_13_120.28_4_PC_BigMDSteps_1: 5871837
a_13_120.28_4_PC_BigMDSteps_1: 5871838
a_13_120.28_4_PC_BigMDSteps_1: 5871839
b_13_120.28_4_PC_BigMDSteps: 5871840
a_13_120.28_5_PC_BigMDSteps_1: 5871841
a_13_120.28_5_PC_BigMDSteps_1: 5871842
a_13_120.28_5_PC_BigMDSteps_1: 5871843
a_13_120.28_5_PC_BigMDSteps_1: 5871844
a_13_120.28_5_PC_BigMDSteps_1: 5871845
a_13_120.28_5_PC_BigMDSteps_1: 5871846
a_13_120.28_5_PC_BigMDSteps_1: 5871847
a_13_120.28_5_PC_BigMDSteps_1: 5871848
a_13_120.28_5_PC_BigMDSteps_1: 5871849
a_13_120.28_5_PC_BigMDSteps_1: 5871850
b_13_120.28_5_PC_BigMDSteps: 5871851
a_13_120.28_6_PC_BigMDSteps_1: 5871852
a_13_120.28_6_PC_BigMDSteps_1: 5871853
a_13_120.28_6_PC_BigMDSteps_1: 5871854
a_13_120.28_6_PC_BigMDSteps_1: 5871855
a_13_120.28_6_PC_BigMDSteps_1: 5871856
a_13_120.28_6_PC_BigMDSteps_1: 5871857
a_13_120.28_6_PC_BigMDSteps_1: 5871858
a_13_120.28_6_PC_BigMDSteps_1: 5871859
a_13_120.28_6_PC_BigMDSteps_1: 5871860
a_13_120.28_6_PC_BigMDSteps_1: 5871861
b_13_120.28_6_PC_BigMDSteps: 5871862
a_13_120.28_7_PC_BigMDSteps_1: 5871863
a_13_120.28_7_PC_BigMDSteps_1: 5871864
a_13_120.28_7_PC_BigMDSteps_1: 5871865
a_13_120.28_7_PC_BigMDSteps_1: 5871866
a_13_120.28_7_PC_BigMDSteps_1: 5871867
a_13_120.28_7_PC_BigMDSteps_1: 5871868
a_13_120.28_7_PC_BigMDSteps_1: 5871869
a_13_120.28_7_PC_BigMDSteps_1: 5871870
a_13_120.28_7_PC_BigMDSteps_1: 5871871
a_13_120.28_7_PC_BigMDSteps_1: 5871872
b_13_120.28_7_PC_BigMDSteps: 5871873
a_13_120.28_8_PC_BigMDSteps_1: 5871874
a_13_120.28_8_PC_BigMDSteps_1: 5871875
a_13_120.28_8_PC_BigMDSteps_1: 5871876
a_13_120.28_8_PC_BigMDSteps_1: 5871877
a_13_120.28_8_PC_BigMDSteps_1: 5871878
a_13_120.28_8_PC_BigMDSteps_1: 5871879
a_13_120.28_8_PC_BigMDSteps_1: 5871880
a_13_120.28_8_PC_BigMDSteps_1: 5871881
a_13_120.28_8_PC_BigMDSteps_1: 5871882
a_13_120.28_8_PC_BigMDSteps_1: 5871883
b_13_120.28_8_PC_BigMDSteps: 5871884
a_13_120.28_9_PC_BigMDSteps_1: 5871885
a_13_120.28_9_PC_BigMDSteps_1: 5871886
a_13_120.28_9_PC_BigMDSteps_1: 5871887
a_13_120.28_9_PC_BigMDSteps_1: 5871888
a_13_120.28_9_PC_BigMDSteps_1: 5871889
a_13_120.28_9_PC_BigMDSteps_1: 5871890
a_13_120.28_9_PC_BigMDSteps_1: 5871891
a_13_120.28_9_PC_BigMDSteps_1: 5871892
a_13_120.28_9_PC_BigMDSteps_1: 5871893
a_13_120.28_9_PC_BigMDSteps_1: 5871894
b_13_120.28_9_PC_BigMDSteps: 5871895
5871796,5871807,5871818,5871829,5871840,5871851,5871862,5871873,5871884,5871895
a_12_f_PC_BigMDSteps: 5871896
a_14_120.28_0_PC_BigMDSteps_1: 5871897
a_14_120.28_0_PC_BigMDSteps_1: 5871898
a_14_120.28_0_PC_BigMDSteps_1: 5871899
a_14_120.28_0_PC_BigMDSteps_1: 5871900
a_14_120.28_0_PC_BigMDSteps_1: 5871901
a_14_120.28_0_PC_BigMDSteps_1: 5871902
a_14_120.28_0_PC_BigMDSteps_1: 5871903
a_14_120.28_0_PC_BigMDSteps_1: 5871904
a_14_120.28_0_PC_BigMDSteps_1: 5871905
a_14_120.28_0_PC_BigMDSteps_1: 5871906
b_14_120.28_0_PC_BigMDSteps: 5871907
a_14_120.28_1_PC_BigMDSteps_1: 5871908
a_14_120.28_1_PC_BigMDSteps_1: 5871909
a_14_120.28_1_PC_BigMDSteps_1: 5871910
a_14_120.28_1_PC_BigMDSteps_1: 5871911
a_14_120.28_1_PC_BigMDSteps_1: 5871912
a_14_120.28_1_PC_BigMDSteps_1: 5871913
a_14_120.28_1_PC_BigMDSteps_1: 5871914
a_14_120.28_1_PC_BigMDSteps_1: 5871915
a_14_120.28_1_PC_BigMDSteps_1: 5871916
a_14_120.28_1_PC_BigMDSteps_1: 5871917
b_14_120.28_1_PC_BigMDSteps: 5871918
a_14_120.28_2_PC_BigMDSteps_1: 5871919
a_14_120.28_2_PC_BigMDSteps_1: 5871920
a_14_120.28_2_PC_BigMDSteps_1: 5871921
a_14_120.28_2_PC_BigMDSteps_1: 5871922
a_14_120.28_2_PC_BigMDSteps_1: 5871923
a_14_120.28_2_PC_BigMDSteps_1: 5871924
a_14_120.28_2_PC_BigMDSteps_1: 5871925
a_14_120.28_2_PC_BigMDSteps_1: 5871926
a_14_120.28_2_PC_BigMDSteps_1: 5871927
a_14_120.28_2_PC_BigMDSteps_1: 5871928
b_14_120.28_2_PC_BigMDSteps: 5871929
a_14_120.28_3_PC_BigMDSteps_1: 5871930
a_14_120.28_3_PC_BigMDSteps_1: 5871931
a_14_120.28_3_PC_BigMDSteps_1: 5871932
a_14_120.28_3_PC_BigMDSteps_1: 5871933
a_14_120.28_3_PC_BigMDSteps_1: 5871934
a_14_120.28_3_PC_BigMDSteps_1: 5871935
a_14_120.28_3_PC_BigMDSteps_1: 5871936
a_14_120.28_3_PC_BigMDSteps_1: 5871937
a_14_120.28_3_PC_BigMDSteps_1: 5871938
a_14_120.28_3_PC_BigMDSteps_1: 5871939
b_14_120.28_3_PC_BigMDSteps: 5871940
a_14_120.28_4_PC_BigMDSteps_1: 5871941
a_14_120.28_4_PC_BigMDSteps_1: 5871942
a_14_120.28_4_PC_BigMDSteps_1: 5871943
a_14_120.28_4_PC_BigMDSteps_1: 5871944
a_14_120.28_4_PC_BigMDSteps_1: 5871945
a_14_120.28_4_PC_BigMDSteps_1: 5871946
a_14_120.28_4_PC_BigMDSteps_1: 5871947
a_14_120.28_4_PC_BigMDSteps_1: 5871948
a_14_120.28_4_PC_BigMDSteps_1: 5871949
a_14_120.28_4_PC_BigMDSteps_1: 5871950
b_14_120.28_4_PC_BigMDSteps: 5871951
a_14_120.28_5_PC_BigMDSteps_1: 5871952
a_14_120.28_5_PC_BigMDSteps_1: 5871953
a_14_120.28_5_PC_BigMDSteps_1: 5871954
a_14_120.28_5_PC_BigMDSteps_1: 5871955
a_14_120.28_5_PC_BigMDSteps_1: 5871956
a_14_120.28_5_PC_BigMDSteps_1: 5871957
a_14_120.28_5_PC_BigMDSteps_1: 5871958
a_14_120.28_5_PC_BigMDSteps_1: 5871959
a_14_120.28_5_PC_BigMDSteps_1: 5871960
a_14_120.28_5_PC_BigMDSteps_1: 5871961
b_14_120.28_5_PC_BigMDSteps: 5871962
a_14_120.28_6_PC_BigMDSteps_1: 5871963
a_14_120.28_6_PC_BigMDSteps_1: 5871964
a_14_120.28_6_PC_BigMDSteps_1: 5871965
a_14_120.28_6_PC_BigMDSteps_1: 5871966
a_14_120.28_6_PC_BigMDSteps_1: 5871967
a_14_120.28_6_PC_BigMDSteps_1: 5871968
a_14_120.28_6_PC_BigMDSteps_1: 5871969
a_14_120.28_6_PC_BigMDSteps_1: 5871970
a_14_120.28_6_PC_BigMDSteps_1: 5871971
a_14_120.28_6_PC_BigMDSteps_1: 5871972
b_14_120.28_6_PC_BigMDSteps: 5871973
a_14_120.28_7_PC_BigMDSteps_1: 5871974
a_14_120.28_7_PC_BigMDSteps_1: 5871975
a_14_120.28_7_PC_BigMDSteps_1: 5871976
a_14_120.28_7_PC_BigMDSteps_1: 5871977
a_14_120.28_7_PC_BigMDSteps_1: 5871978
a_14_120.28_7_PC_BigMDSteps_1: 5871979
a_14_120.28_7_PC_BigMDSteps_1: 5871980
a_14_120.28_7_PC_BigMDSteps_1: 5871981
a_14_120.28_7_PC_BigMDSteps_1: 5871982
a_14_120.28_7_PC_BigMDSteps_1: 5871983
b_14_120.28_7_PC_BigMDSteps: 5871984
a_14_120.28_8_PC_BigMDSteps_1: 5871985
a_14_120.28_8_PC_BigMDSteps_1: 5871986
a_14_120.28_8_PC_BigMDSteps_1: 5871987
a_14_120.28_8_PC_BigMDSteps_1: 5871988
a_14_120.28_8_PC_BigMDSteps_1: 5871989
a_14_120.28_8_PC_BigMDSteps_1: 5871990
a_14_120.28_8_PC_BigMDSteps_1: 5871991
a_14_120.28_8_PC_BigMDSteps_1: 5871992
a_14_120.28_8_PC_BigMDSteps_1: 5871993
a_14_120.28_8_PC_BigMDSteps_1: 5871994
b_14_120.28_8_PC_BigMDSteps: 5871995
a_14_120.28_9_PC_BigMDSteps_1: 5871996
a_14_120.28_9_PC_BigMDSteps_1: 5871997
a_14_120.28_9_PC_BigMDSteps_1: 5871998
a_14_120.28_9_PC_BigMDSteps_1: 5871999
a_14_120.28_9_PC_BigMDSteps_1: 5872000
a_14_120.28_9_PC_BigMDSteps_1: 5872001
a_14_120.28_9_PC_BigMDSteps_1: 5872002
a_14_120.28_9_PC_BigMDSteps_1: 5872003
a_14_120.28_9_PC_BigMDSteps_1: 5872004
a_14_120.28_9_PC_BigMDSteps_1: 5872005
b_14_120.28_9_PC_BigMDSteps: 5872006
5871907,5871918,5871929,5871940,5871951,5871962,5871973,5871984,5871995,5872006
a_13_f_PC_BigMDSteps: 5872007
a_15_120.28_0_PC_BigMDSteps_1: 5872008
a_15_120.28_0_PC_BigMDSteps_1: 5872009
a_15_120.28_0_PC_BigMDSteps_1: 5872010
a_15_120.28_0_PC_BigMDSteps_1: 5872011
a_15_120.28_0_PC_BigMDSteps_1: 5872012
a_15_120.28_0_PC_BigMDSteps_1: 5872013
a_15_120.28_0_PC_BigMDSteps_1: 5872014
a_15_120.28_0_PC_BigMDSteps_1: 5872015
a_15_120.28_0_PC_BigMDSteps_1: 5872016
a_15_120.28_0_PC_BigMDSteps_1: 5872017
b_15_120.28_0_PC_BigMDSteps: 5872018
a_15_120.28_1_PC_BigMDSteps_1: 5872019
a_15_120.28_1_PC_BigMDSteps_1: 5872020
a_15_120.28_1_PC_BigMDSteps_1: 5872021
a_15_120.28_1_PC_BigMDSteps_1: 5872022
a_15_120.28_1_PC_BigMDSteps_1: 5872023
a_15_120.28_1_PC_BigMDSteps_1: 5872024
a_15_120.28_1_PC_BigMDSteps_1: 5872025
a_15_120.28_1_PC_BigMDSteps_1: 5872026
a_15_120.28_1_PC_BigMDSteps_1: 5872027
a_15_120.28_1_PC_BigMDSteps_1: 5872028
b_15_120.28_1_PC_BigMDSteps: 5872029
a_15_120.28_2_PC_BigMDSteps_1: 5872030
a_15_120.28_2_PC_BigMDSteps_1: 5872031
a_15_120.28_2_PC_BigMDSteps_1: 5872032
a_15_120.28_2_PC_BigMDSteps_1: 5872033
a_15_120.28_2_PC_BigMDSteps_1: 5872034
a_15_120.28_2_PC_BigMDSteps_1: 5872035
a_15_120.28_2_PC_BigMDSteps_1: 5872036
a_15_120.28_2_PC_BigMDSteps_1: 5872037
a_15_120.28_2_PC_BigMDSteps_1: 5872038
a_15_120.28_2_PC_BigMDSteps_1: 5872039
b_15_120.28_2_PC_BigMDSteps: 5872040
a_15_120.28_3_PC_BigMDSteps_1: 5872041
a_15_120.28_3_PC_BigMDSteps_1: 5872042
a_15_120.28_3_PC_BigMDSteps_1: 5872043
a_15_120.28_3_PC_BigMDSteps_1: 5872044
a_15_120.28_3_PC_BigMDSteps_1: 5872045
a_15_120.28_3_PC_BigMDSteps_1: 5872046
a_15_120.28_3_PC_BigMDSteps_1: 5872047
a_15_120.28_3_PC_BigMDSteps_1: 5872048
a_15_120.28_3_PC_BigMDSteps_1: 5872049
a_15_120.28_3_PC_BigMDSteps_1: 5872050
b_15_120.28_3_PC_BigMDSteps: 5872051
a_15_120.28_4_PC_BigMDSteps_1: 5872052
a_15_120.28_4_PC_BigMDSteps_1: 5872053
a_15_120.28_4_PC_BigMDSteps_1: 5872054
a_15_120.28_4_PC_BigMDSteps_1: 5872055
a_15_120.28_4_PC_BigMDSteps_1: 5872056
a_15_120.28_4_PC_BigMDSteps_1: 5872057
a_15_120.28_4_PC_BigMDSteps_1: 5872058
a_15_120.28_4_PC_BigMDSteps_1: 5872059
a_15_120.28_4_PC_BigMDSteps_1: 5872060
a_15_120.28_4_PC_BigMDSteps_1: 5872061
b_15_120.28_4_PC_BigMDSteps: 5872062
a_15_120.28_5_PC_BigMDSteps_1: 5872063
a_15_120.28_5_PC_BigMDSteps_1: 5872064
a_15_120.28_5_PC_BigMDSteps_1: 5872065
a_15_120.28_5_PC_BigMDSteps_1: 5872066
a_15_120.28_5_PC_BigMDSteps_1: 5872067
a_15_120.28_5_PC_BigMDSteps_1: 5872068
a_15_120.28_5_PC_BigMDSteps_1: 5872069
a_15_120.28_5_PC_BigMDSteps_1: 5872070
a_15_120.28_5_PC_BigMDSteps_1: 5872071
a_15_120.28_5_PC_BigMDSteps_1: 5872072
b_15_120.28_5_PC_BigMDSteps: 5872073
a_15_120.28_6_PC_BigMDSteps_1: 5872074
a_15_120.28_6_PC_BigMDSteps_1: 5872075
a_15_120.28_6_PC_BigMDSteps_1: 5872076
a_15_120.28_6_PC_BigMDSteps_1: 5872077
a_15_120.28_6_PC_BigMDSteps_1: 5872078
a_15_120.28_6_PC_BigMDSteps_1: 5872079
a_15_120.28_6_PC_BigMDSteps_1: 5872080
a_15_120.28_6_PC_BigMDSteps_1: 5872081
a_15_120.28_6_PC_BigMDSteps_1: 5872082
a_15_120.28_6_PC_BigMDSteps_1: 5872083
b_15_120.28_6_PC_BigMDSteps: 5872084
a_15_120.28_7_PC_BigMDSteps_1: 5872085
a_15_120.28_7_PC_BigMDSteps_1: 5872086
a_15_120.28_7_PC_BigMDSteps_1: 5872087
a_15_120.28_7_PC_BigMDSteps_1: 5872088
a_15_120.28_7_PC_BigMDSteps_1: 5872089
a_15_120.28_7_PC_BigMDSteps_1: 5872090
a_15_120.28_7_PC_BigMDSteps_1: 5872091
a_15_120.28_7_PC_BigMDSteps_1: 5872092
a_15_120.28_7_PC_BigMDSteps_1: 5872093
a_15_120.28_7_PC_BigMDSteps_1: 5872094
b_15_120.28_7_PC_BigMDSteps: 5872095
a_15_120.28_8_PC_BigMDSteps_1: 5872096
a_15_120.28_8_PC_BigMDSteps_1: 5872097
a_15_120.28_8_PC_BigMDSteps_1: 5872098
a_15_120.28_8_PC_BigMDSteps_1: 5872099
a_15_120.28_8_PC_BigMDSteps_1: 5872100
a_15_120.28_8_PC_BigMDSteps_1: 5872101
a_15_120.28_8_PC_BigMDSteps_1: 5872102
a_15_120.28_8_PC_BigMDSteps_1: 5872103
a_15_120.28_8_PC_BigMDSteps_1: 5872104
a_15_120.28_8_PC_BigMDSteps_1: 5872105
b_15_120.28_8_PC_BigMDSteps: 5872106
a_15_120.28_9_PC_BigMDSteps_1: 5872107
a_15_120.28_9_PC_BigMDSteps_1: 5872108
a_15_120.28_9_PC_BigMDSteps_1: 5872109
a_15_120.28_9_PC_BigMDSteps_1: 5872110
a_15_120.28_9_PC_BigMDSteps_1: 5872111
a_15_120.28_9_PC_BigMDSteps_1: 5872112
a_15_120.28_9_PC_BigMDSteps_1: 5872113
a_15_120.28_9_PC_BigMDSteps_1: 5872114
a_15_120.28_9_PC_BigMDSteps_1: 5872115
a_15_120.28_9_PC_BigMDSteps_1: 5872116
b_15_120.28_9_PC_BigMDSteps: 5872117
5872018,5872029,5872040,5872051,5872062,5872073,5872084,5872095,5872106,5872117
a_14_f_PC_BigMDSteps: 5872118
a_16_120.28_0_PC_BigMDSteps_1: 5872119
a_16_120.28_0_PC_BigMDSteps_1: 5872120
a_16_120.28_0_PC_BigMDSteps_1: 5872121
a_16_120.28_0_PC_BigMDSteps_1: 5872122
a_16_120.28_0_PC_BigMDSteps_1: 5872123
a_16_120.28_0_PC_BigMDSteps_1: 5872124
a_16_120.28_0_PC_BigMDSteps_1: 5872125
a_16_120.28_0_PC_BigMDSteps_1: 5872126
a_16_120.28_0_PC_BigMDSteps_1: 5872127
a_16_120.28_0_PC_BigMDSteps_1: 5872128
b_16_120.28_0_PC_BigMDSteps: 5872129
a_16_120.28_1_PC_BigMDSteps_1: 5872130
a_16_120.28_1_PC_BigMDSteps_1: 5872131
a_16_120.28_1_PC_BigMDSteps_1: 5872132
a_16_120.28_1_PC_BigMDSteps_1: 5872133
a_16_120.28_1_PC_BigMDSteps_1: 5872134
a_16_120.28_1_PC_BigMDSteps_1: 5872135
a_16_120.28_1_PC_BigMDSteps_1: 5872136
a_16_120.28_1_PC_BigMDSteps_1: 5872137
a_16_120.28_1_PC_BigMDSteps_1: 5872138
a_16_120.28_1_PC_BigMDSteps_1: 5872139
b_16_120.28_1_PC_BigMDSteps: 5872140
a_16_120.28_2_PC_BigMDSteps_1: 5872141
a_16_120.28_2_PC_BigMDSteps_1: 5872142
a_16_120.28_2_PC_BigMDSteps_1: 5872143
a_16_120.28_2_PC_BigMDSteps_1: 5872144
a_16_120.28_2_PC_BigMDSteps_1: 5872145
a_16_120.28_2_PC_BigMDSteps_1: 5872146
a_16_120.28_2_PC_BigMDSteps_1: 5872147
a_16_120.28_2_PC_BigMDSteps_1: 5872148
a_16_120.28_2_PC_BigMDSteps_1: 5872149
a_16_120.28_2_PC_BigMDSteps_1: 5872150
b_16_120.28_2_PC_BigMDSteps: 5872151
a_16_120.28_3_PC_BigMDSteps_1: 5872152
a_16_120.28_3_PC_BigMDSteps_1: 5872153
a_16_120.28_3_PC_BigMDSteps_1: 5872154
a_16_120.28_3_PC_BigMDSteps_1: 5872155
a_16_120.28_3_PC_BigMDSteps_1: 5872156
a_16_120.28_3_PC_BigMDSteps_1: 5872157
a_16_120.28_3_PC_BigMDSteps_1: 5872158
a_16_120.28_3_PC_BigMDSteps_1: 5872159
a_16_120.28_3_PC_BigMDSteps_1: 5872160
a_16_120.28_3_PC_BigMDSteps_1: 5872161
b_16_120.28_3_PC_BigMDSteps: 5872162
a_16_120.28_4_PC_BigMDSteps_1: 5872163
a_16_120.28_4_PC_BigMDSteps_1: 5872164
a_16_120.28_4_PC_BigMDSteps_1: 5872165
a_16_120.28_4_PC_BigMDSteps_1: 5872166
a_16_120.28_4_PC_BigMDSteps_1: 5872167
a_16_120.28_4_PC_BigMDSteps_1: 5872168
a_16_120.28_4_PC_BigMDSteps_1: 5872169
a_16_120.28_4_PC_BigMDSteps_1: 5872170
a_16_120.28_4_PC_BigMDSteps_1: 5872171
a_16_120.28_4_PC_BigMDSteps_1: 5872172
b_16_120.28_4_PC_BigMDSteps: 5872173
a_16_120.28_5_PC_BigMDSteps_1: 5872174
a_16_120.28_5_PC_BigMDSteps_1: 5872175
a_16_120.28_5_PC_BigMDSteps_1: 5872176
a_16_120.28_5_PC_BigMDSteps_1: 5872177
a_16_120.28_5_PC_BigMDSteps_1: 5872178
a_16_120.28_5_PC_BigMDSteps_1: 5872179
a_16_120.28_5_PC_BigMDSteps_1: 5872180
a_16_120.28_5_PC_BigMDSteps_1: 5872181
a_16_120.28_5_PC_BigMDSteps_1: 5872182
a_16_120.28_5_PC_BigMDSteps_1: 5872183
b_16_120.28_5_PC_BigMDSteps: 5872184
a_16_120.28_6_PC_BigMDSteps_1: 5872185
a_16_120.28_6_PC_BigMDSteps_1: 5872186
a_16_120.28_6_PC_BigMDSteps_1: 5872187
a_16_120.28_6_PC_BigMDSteps_1: 5872188
a_16_120.28_6_PC_BigMDSteps_1: 5872189
a_16_120.28_6_PC_BigMDSteps_1: 5872190
a_16_120.28_6_PC_BigMDSteps_1: 5872191
a_16_120.28_6_PC_BigMDSteps_1: 5872192
a_16_120.28_6_PC_BigMDSteps_1: 5872193
a_16_120.28_6_PC_BigMDSteps_1: 5872194
b_16_120.28_6_PC_BigMDSteps: 5872195
a_16_120.28_7_PC_BigMDSteps_1: 5872196
a_16_120.28_7_PC_BigMDSteps_1: 5872197
a_16_120.28_7_PC_BigMDSteps_1: 5872198
a_16_120.28_7_PC_BigMDSteps_1: 5872200
a_16_120.28_7_PC_BigMDSteps_1: 5872201
a_16_120.28_7_PC_BigMDSteps_1: 5872202
a_16_120.28_7_PC_BigMDSteps_1: 5872203
a_16_120.28_7_PC_BigMDSteps_1: 5872204
a_16_120.28_7_PC_BigMDSteps_1: 5872205
a_16_120.28_7_PC_BigMDSteps_1: 5872206
b_16_120.28_7_PC_BigMDSteps: 5872207
a_16_120.28_8_PC_BigMDSteps_1: 5872208
a_16_120.28_8_PC_BigMDSteps_1: 5872209
a_16_120.28_8_PC_BigMDSteps_1: 5872210
a_16_120.28_8_PC_BigMDSteps_1: 5872211
a_16_120.28_8_PC_BigMDSteps_1: 5872212
a_16_120.28_8_PC_BigMDSteps_1: 5872213
a_16_120.28_8_PC_BigMDSteps_1: 5872214
a_16_120.28_8_PC_BigMDSteps_1: 5872215
a_16_120.28_8_PC_BigMDSteps_1: 5872216
a_16_120.28_8_PC_BigMDSteps_1: 5872217
b_16_120.28_8_PC_BigMDSteps: 5872218
a_16_120.28_9_PC_BigMDSteps_1: 5872219
a_16_120.28_9_PC_BigMDSteps_1: 5872220
a_16_120.28_9_PC_BigMDSteps_1: 5872221
a_16_120.28_9_PC_BigMDSteps_1: 5872222
a_16_120.28_9_PC_BigMDSteps_1: 5872223
a_16_120.28_9_PC_BigMDSteps_1: 5872224
a_16_120.28_9_PC_BigMDSteps_1: 5872225
a_16_120.28_9_PC_BigMDSteps_1: 5872226
a_16_120.28_9_PC_BigMDSteps_1: 5872227
a_16_120.28_9_PC_BigMDSteps_1: 5872228
b_16_120.28_9_PC_BigMDSteps: 5872229
5872129,5872140,5872151,5872162,5872173,5872184,5872195,5872207,5872218,5872229
a_15_f_PC_BigMDSteps: 5872230
a_17_120.28_0_PC_BigMDSteps_1: 5872231
a_17_120.28_0_PC_BigMDSteps_1: 5872232
a_17_120.28_0_PC_BigMDSteps_1: 5872233
a_17_120.28_0_PC_BigMDSteps_1: 5872234
a_17_120.28_0_PC_BigMDSteps_1: 5872235
a_17_120.28_0_PC_BigMDSteps_1: 5872236
a_17_120.28_0_PC_BigMDSteps_1: 5872237
a_17_120.28_0_PC_BigMDSteps_1: 5872238
a_17_120.28_0_PC_BigMDSteps_1: 5872239
a_17_120.28_0_PC_BigMDSteps_1: 5872240
b_17_120.28_0_PC_BigMDSteps: 5872241
a_17_120.28_1_PC_BigMDSteps_1: 5872242
a_17_120.28_1_PC_BigMDSteps_1: 5872243
a_17_120.28_1_PC_BigMDSteps_1: 5872244
a_17_120.28_1_PC_BigMDSteps_1: 5872245
a_17_120.28_1_PC_BigMDSteps_1: 5872246
a_17_120.28_1_PC_BigMDSteps_1: 5872247
a_17_120.28_1_PC_BigMDSteps_1: 5872248
a_17_120.28_1_PC_BigMDSteps_1: 5872249
a_17_120.28_1_PC_BigMDSteps_1: 5872250
a_17_120.28_1_PC_BigMDSteps_1: 5872251
b_17_120.28_1_PC_BigMDSteps: 5872252
a_17_120.28_2_PC_BigMDSteps_1: 5872253
a_17_120.28_2_PC_BigMDSteps_1: 5872254
a_17_120.28_2_PC_BigMDSteps_1: 5872255
a_17_120.28_2_PC_BigMDSteps_1: 5872256
a_17_120.28_2_PC_BigMDSteps_1: 5872257
a_17_120.28_2_PC_BigMDSteps_1: 5872258
a_17_120.28_2_PC_BigMDSteps_1: 5872259
a_17_120.28_2_PC_BigMDSteps_1: 5872260
a_17_120.28_2_PC_BigMDSteps_1: 5872261
a_17_120.28_2_PC_BigMDSteps_1: 5872262
b_17_120.28_2_PC_BigMDSteps: 5872263
a_17_120.28_3_PC_BigMDSteps_1: 5872264
a_17_120.28_3_PC_BigMDSteps_1: 5872265
a_17_120.28_3_PC_BigMDSteps_1: 5872266
a_17_120.28_3_PC_BigMDSteps_1: 5872267
a_17_120.28_3_PC_BigMDSteps_1: 5872268
a_17_120.28_3_PC_BigMDSteps_1: 5872269
a_17_120.28_3_PC_BigMDSteps_1: 5872270
a_17_120.28_3_PC_BigMDSteps_1: 5872271
a_17_120.28_3_PC_BigMDSteps_1: 5872272
a_17_120.28_3_PC_BigMDSteps_1: 5872273
b_17_120.28_3_PC_BigMDSteps: 5872274
a_17_120.28_4_PC_BigMDSteps_1: 5872275
a_17_120.28_4_PC_BigMDSteps_1: 5872276
a_17_120.28_4_PC_BigMDSteps_1: 5872277
a_17_120.28_4_PC_BigMDSteps_1: 5872278
a_17_120.28_4_PC_BigMDSteps_1: 5872279
a_17_120.28_4_PC_BigMDSteps_1: 5872280
a_17_120.28_4_PC_BigMDSteps_1: 5872281
a_17_120.28_4_PC_BigMDSteps_1: 5872282
a_17_120.28_4_PC_BigMDSteps_1: 5872283
a_17_120.28_4_PC_BigMDSteps_1: 5872284
b_17_120.28_4_PC_BigMDSteps: 5872285
a_17_120.28_5_PC_BigMDSteps_1: 5872286
a_17_120.28_5_PC_BigMDSteps_1: 5872287
a_17_120.28_5_PC_BigMDSteps_1: 5872288
a_17_120.28_5_PC_BigMDSteps_1: 5872289
a_17_120.28_5_PC_BigMDSteps_1: 5872290
a_17_120.28_5_PC_BigMDSteps_1: 5872291
a_17_120.28_5_PC_BigMDSteps_1: 5872292
a_17_120.28_5_PC_BigMDSteps_1: 5872293
a_17_120.28_5_PC_BigMDSteps_1: 5872294
a_17_120.28_5_PC_BigMDSteps_1: 5872295
b_17_120.28_5_PC_BigMDSteps: 5872296
a_17_120.28_6_PC_BigMDSteps_1: 5872297
a_17_120.28_6_PC_BigMDSteps_1: 5872298
a_17_120.28_6_PC_BigMDSteps_1: 5872299
a_17_120.28_6_PC_BigMDSteps_1: 5872300
a_17_120.28_6_PC_BigMDSteps_1: 5872301
a_17_120.28_6_PC_BigMDSteps_1: 5872302
a_17_120.28_6_PC_BigMDSteps_1: 5872303
a_17_120.28_6_PC_BigMDSteps_1: 5872304
a_17_120.28_6_PC_BigMDSteps_1: 5872305
a_17_120.28_6_PC_BigMDSteps_1: 5872306
b_17_120.28_6_PC_BigMDSteps: 5872307
a_17_120.28_7_PC_BigMDSteps_1: 5872308
a_17_120.28_7_PC_BigMDSteps_1: 5872309
a_17_120.28_7_PC_BigMDSteps_1: 5872310
a_17_120.28_7_PC_BigMDSteps_1: 5872311
a_17_120.28_7_PC_BigMDSteps_1: 5872312
a_17_120.28_7_PC_BigMDSteps_1: 5872313
a_17_120.28_7_PC_BigMDSteps_1: 5872314
a_17_120.28_7_PC_BigMDSteps_1: 5872315
a_17_120.28_7_PC_BigMDSteps_1: 5872316
a_17_120.28_7_PC_BigMDSteps_1: 5872317
b_17_120.28_7_PC_BigMDSteps: 5872318
a_17_120.28_8_PC_BigMDSteps_1: 5872319
a_17_120.28_8_PC_BigMDSteps_1: 5872320
a_17_120.28_8_PC_BigMDSteps_1: 5872321
a_17_120.28_8_PC_BigMDSteps_1: 5872322
a_17_120.28_8_PC_BigMDSteps_1: 5872323
a_17_120.28_8_PC_BigMDSteps_1: 5872324
a_17_120.28_8_PC_BigMDSteps_1: 5872325
a_17_120.28_8_PC_BigMDSteps_1: 5872326
a_17_120.28_8_PC_BigMDSteps_1: 5872327
a_17_120.28_8_PC_BigMDSteps_1: 5872328
b_17_120.28_8_PC_BigMDSteps: 5872329
a_17_120.28_9_PC_BigMDSteps_1: 5872330
a_17_120.28_9_PC_BigMDSteps_1: 5872331
a_17_120.28_9_PC_BigMDSteps_1: 5872332
a_17_120.28_9_PC_BigMDSteps_1: 5872333
a_17_120.28_9_PC_BigMDSteps_1: 5872334
a_17_120.28_9_PC_BigMDSteps_1: 5872335
a_17_120.28_9_PC_BigMDSteps_1: 5872336
a_17_120.28_9_PC_BigMDSteps_1: 5872337
a_17_120.28_9_PC_BigMDSteps_1: 5872338
a_17_120.28_9_PC_BigMDSteps_1: 5872339
b_17_120.28_9_PC_BigMDSteps: 5872340
5872241,5872252,5872263,5872274,5872285,5872296,5872307,5872318,5872329,5872340
a_16_f_PC_BigMDSteps: 5872341
a_18_120.28_0_PC_BigMDSteps_1: 5872342
a_18_120.28_0_PC_BigMDSteps_1: 5872343
a_18_120.28_0_PC_BigMDSteps_1: 5872344
a_18_120.28_0_PC_BigMDSteps_1: 5872345
a_18_120.28_0_PC_BigMDSteps_1: 5872346
a_18_120.28_0_PC_BigMDSteps_1: 5872347
a_18_120.28_0_PC_BigMDSteps_1: 5872348
a_18_120.28_0_PC_BigMDSteps_1: 5872349
a_18_120.28_0_PC_BigMDSteps_1: 5872350
a_18_120.28_0_PC_BigMDSteps_1: 5872351
b_18_120.28_0_PC_BigMDSteps: 5872352
a_18_120.28_1_PC_BigMDSteps_1: 5872353
a_18_120.28_1_PC_BigMDSteps_1: 5872354
a_18_120.28_1_PC_BigMDSteps_1: 5872355
a_18_120.28_1_PC_BigMDSteps_1: 5872356
a_18_120.28_1_PC_BigMDSteps_1: 5872357
a_18_120.28_1_PC_BigMDSteps_1: 5872358
a_18_120.28_1_PC_BigMDSteps_1: 5872359
a_18_120.28_1_PC_BigMDSteps_1: 5872360
a_18_120.28_1_PC_BigMDSteps_1: 5872361
a_18_120.28_1_PC_BigMDSteps_1: 5872362
b_18_120.28_1_PC_BigMDSteps: 5872363
a_18_120.28_2_PC_BigMDSteps_1: 5872364
a_18_120.28_2_PC_BigMDSteps_1: 5872365
a_18_120.28_2_PC_BigMDSteps_1: 5872366
a_18_120.28_2_PC_BigMDSteps_1: 5872367
a_18_120.28_2_PC_BigMDSteps_1: 5872368
a_18_120.28_2_PC_BigMDSteps_1: 5872369
a_18_120.28_2_PC_BigMDSteps_1: 5872370
a_18_120.28_2_PC_BigMDSteps_1: 5872371
a_18_120.28_2_PC_BigMDSteps_1: 5872372
a_18_120.28_2_PC_BigMDSteps_1: 5872373
b_18_120.28_2_PC_BigMDSteps: 5872374
a_18_120.28_3_PC_BigMDSteps_1: 5872375
a_18_120.28_3_PC_BigMDSteps_1: 5872376
a_18_120.28_3_PC_BigMDSteps_1: 5872377
a_18_120.28_3_PC_BigMDSteps_1: 5872378
a_18_120.28_3_PC_BigMDSteps_1: 5872379
a_18_120.28_3_PC_BigMDSteps_1: 5872380
a_18_120.28_3_PC_BigMDSteps_1: 5872381
a_18_120.28_3_PC_BigMDSteps_1: 5872382
a_18_120.28_3_PC_BigMDSteps_1: 5872383
a_18_120.28_3_PC_BigMDSteps_1: 5872384
b_18_120.28_3_PC_BigMDSteps: 5872385
a_18_120.28_4_PC_BigMDSteps_1: 5872386
a_18_120.28_4_PC_BigMDSteps_1: 5872387
a_18_120.28_4_PC_BigMDSteps_1: 5872388
a_18_120.28_4_PC_BigMDSteps_1: 5872389
a_18_120.28_4_PC_BigMDSteps_1: 5872390
a_18_120.28_4_PC_BigMDSteps_1: 5872391
a_18_120.28_4_PC_BigMDSteps_1: 5872392
a_18_120.28_4_PC_BigMDSteps_1: 5872393
a_18_120.28_4_PC_BigMDSteps_1: 5872394
a_18_120.28_4_PC_BigMDSteps_1: 5872395
b_18_120.28_4_PC_BigMDSteps: 5872396
a_18_120.28_5_PC_BigMDSteps_1: 5872397
a_18_120.28_5_PC_BigMDSteps_1: 5872398
a_18_120.28_5_PC_BigMDSteps_1: 5872399
a_18_120.28_5_PC_BigMDSteps_1: 5872400
a_18_120.28_5_PC_BigMDSteps_1: 5872401
a_18_120.28_5_PC_BigMDSteps_1: 5872402
a_18_120.28_5_PC_BigMDSteps_1: 5872403
a_18_120.28_5_PC_BigMDSteps_1: 5872404
a_18_120.28_5_PC_BigMDSteps_1: 5872405
a_18_120.28_5_PC_BigMDSteps_1: 5872406
b_18_120.28_5_PC_BigMDSteps: 5872407
a_18_120.28_6_PC_BigMDSteps_1: 5872408
a_18_120.28_6_PC_BigMDSteps_1: 5872409
a_18_120.28_6_PC_BigMDSteps_1: 5872410
a_18_120.28_6_PC_BigMDSteps_1: 5872411
a_18_120.28_6_PC_BigMDSteps_1: 5872412
a_18_120.28_6_PC_BigMDSteps_1: 5872413
a_18_120.28_6_PC_BigMDSteps_1: 5872414
a_18_120.28_6_PC_BigMDSteps_1: 5872415
a_18_120.28_6_PC_BigMDSteps_1: 5872416
a_18_120.28_6_PC_BigMDSteps_1: 5872417
b_18_120.28_6_PC_BigMDSteps: 5872418
a_18_120.28_7_PC_BigMDSteps_1: 5872419
a_18_120.28_7_PC_BigMDSteps_1: 5872420
a_18_120.28_7_PC_BigMDSteps_1: 5872421
a_18_120.28_7_PC_BigMDSteps_1: 5872422
a_18_120.28_7_PC_BigMDSteps_1: 5872423
a_18_120.28_7_PC_BigMDSteps_1: 5872424
a_18_120.28_7_PC_BigMDSteps_1: 5872425
a_18_120.28_7_PC_BigMDSteps_1: 5872426
a_18_120.28_7_PC_BigMDSteps_1: 5872427
a_18_120.28_7_PC_BigMDSteps_1: 5872428
b_18_120.28_7_PC_BigMDSteps: 5872429
a_18_120.28_8_PC_BigMDSteps_1: 5872430
a_18_120.28_8_PC_BigMDSteps_1: 5872431
a_18_120.28_8_PC_BigMDSteps_1: 5872432
a_18_120.28_8_PC_BigMDSteps_1: 5872433
a_18_120.28_8_PC_BigMDSteps_1: 5872434
a_18_120.28_8_PC_BigMDSteps_1: 5872435
a_18_120.28_8_PC_BigMDSteps_1: 5872436
a_18_120.28_8_PC_BigMDSteps_1: 5872437
a_18_120.28_8_PC_BigMDSteps_1: 5872438
a_18_120.28_8_PC_BigMDSteps_1: 5872439
b_18_120.28_8_PC_BigMDSteps: 5872440
a_18_120.28_9_PC_BigMDSteps_1: 5872441
a_18_120.28_9_PC_BigMDSteps_1: 5872442
a_18_120.28_9_PC_BigMDSteps_1: 5872443
a_18_120.28_9_PC_BigMDSteps_1: 5872444
a_18_120.28_9_PC_BigMDSteps_1: 5872445
a_18_120.28_9_PC_BigMDSteps_1: 5872446
a_18_120.28_9_PC_BigMDSteps_1: 5872447
a_18_120.28_9_PC_BigMDSteps_1: 5872448
a_18_120.28_9_PC_BigMDSteps_1: 5872449
a_18_120.28_9_PC_BigMDSteps_1: 5872450
b_18_120.28_9_PC_BigMDSteps: 5872451
5872352,5872363,5872374,5872385,5872396,5872407,5872418,5872429,5872440,5872451
a_17_f_PC_BigMDSteps: 5872452
a_19_120.28_0_PC_BigMDSteps_1: 5872453
a_19_120.28_0_PC_BigMDSteps_1: 5872454
a_19_120.28_0_PC_BigMDSteps_1: 5872455
a_19_120.28_0_PC_BigMDSteps_1: 5872456
a_19_120.28_0_PC_BigMDSteps_1: 5872457
a_19_120.28_0_PC_BigMDSteps_1: 5872458
a_19_120.28_0_PC_BigMDSteps_1: 5872459
a_19_120.28_0_PC_BigMDSteps_1: 5872460
a_19_120.28_0_PC_BigMDSteps_1: 5872461
a_19_120.28_0_PC_BigMDSteps_1: 5872462
b_19_120.28_0_PC_BigMDSteps: 5872463
a_19_120.28_1_PC_BigMDSteps_1: 5872464
a_19_120.28_1_PC_BigMDSteps_1: 5872465
a_19_120.28_1_PC_BigMDSteps_1: 5872466
a_19_120.28_1_PC_BigMDSteps_1: 5872467
a_19_120.28_1_PC_BigMDSteps_1: 5872468
a_19_120.28_1_PC_BigMDSteps_1: 5872469
a_19_120.28_1_PC_BigMDSteps_1: 5872470
a_19_120.28_1_PC_BigMDSteps_1: 5872471
a_19_120.28_1_PC_BigMDSteps_1: 5872472
a_19_120.28_1_PC_BigMDSteps_1: 5872473
b_19_120.28_1_PC_BigMDSteps: 5872474
a_19_120.28_2_PC_BigMDSteps_1: 5872475
a_19_120.28_2_PC_BigMDSteps_1: 5872476
a_19_120.28_2_PC_BigMDSteps_1: 5872477
a_19_120.28_2_PC_BigMDSteps_1: 5872478
a_19_120.28_2_PC_BigMDSteps_1: 5872479
a_19_120.28_2_PC_BigMDSteps_1: 5872480
a_19_120.28_2_PC_BigMDSteps_1: 5872481
a_19_120.28_2_PC_BigMDSteps_1: 5872482
a_19_120.28_2_PC_BigMDSteps_1: 5872483
a_19_120.28_2_PC_BigMDSteps_1: 5872484
b_19_120.28_2_PC_BigMDSteps: 5872485
a_19_120.28_3_PC_BigMDSteps_1: 5872486
a_19_120.28_3_PC_BigMDSteps_1: 5872487
a_19_120.28_3_PC_BigMDSteps_1: 5872488
a_19_120.28_3_PC_BigMDSteps_1: 5872489
a_19_120.28_3_PC_BigMDSteps_1: 5872490
a_19_120.28_3_PC_BigMDSteps_1: 5872491
a_19_120.28_3_PC_BigMDSteps_1: 5872492
a_19_120.28_3_PC_BigMDSteps_1: 5872493
a_19_120.28_3_PC_BigMDSteps_1: 5872494
a_19_120.28_3_PC_BigMDSteps_1: 5872495
b_19_120.28_3_PC_BigMDSteps: 5872496
a_19_120.28_4_PC_BigMDSteps_1: 5872497
a_19_120.28_4_PC_BigMDSteps_1: 5872498
a_19_120.28_4_PC_BigMDSteps_1: 5872499
a_19_120.28_4_PC_BigMDSteps_1: 5872500
a_19_120.28_4_PC_BigMDSteps_1: 5872501
a_19_120.28_4_PC_BigMDSteps_1: 5872502
a_19_120.28_4_PC_BigMDSteps_1: 5872503
a_19_120.28_4_PC_BigMDSteps_1: 5872504
a_19_120.28_4_PC_BigMDSteps_1: 5872505
a_19_120.28_4_PC_BigMDSteps_1: 5872506
b_19_120.28_4_PC_BigMDSteps: 5872507
a_19_120.28_5_PC_BigMDSteps_1: 5872508
a_19_120.28_5_PC_BigMDSteps_1: 5872509
a_19_120.28_5_PC_BigMDSteps_1: 5872510
a_19_120.28_5_PC_BigMDSteps_1: 5872511
a_19_120.28_5_PC_BigMDSteps_1: 5872512
a_19_120.28_5_PC_BigMDSteps_1: 5872513
a_19_120.28_5_PC_BigMDSteps_1: 5872514
a_19_120.28_5_PC_BigMDSteps_1: 5872515
a_19_120.28_5_PC_BigMDSteps_1: 5872516
a_19_120.28_5_PC_BigMDSteps_1: 5872517
b_19_120.28_5_PC_BigMDSteps: 5872518
a_19_120.28_6_PC_BigMDSteps_1: 5872519
a_19_120.28_6_PC_BigMDSteps_1: 5872520
a_19_120.28_6_PC_BigMDSteps_1: 5872521
a_19_120.28_6_PC_BigMDSteps_1: 5872522
a_19_120.28_6_PC_BigMDSteps_1: 5872523
a_19_120.28_6_PC_BigMDSteps_1: 5872524
a_19_120.28_6_PC_BigMDSteps_1: 5872525
a_19_120.28_6_PC_BigMDSteps_1: 5872526
a_19_120.28_6_PC_BigMDSteps_1: 5872527
a_19_120.28_6_PC_BigMDSteps_1: 5872528
b_19_120.28_6_PC_BigMDSteps: 5872529
a_19_120.28_7_PC_BigMDSteps_1: 5872530
a_19_120.28_7_PC_BigMDSteps_1: 5872531
a_19_120.28_7_PC_BigMDSteps_1: 5872532
a_19_120.28_7_PC_BigMDSteps_1: 5872533
a_19_120.28_7_PC_BigMDSteps_1: 5872534
a_19_120.28_7_PC_BigMDSteps_1: 5872535
a_19_120.28_7_PC_BigMDSteps_1: 5872536
a_19_120.28_7_PC_BigMDSteps_1: 5872537
a_19_120.28_7_PC_BigMDSteps_1: 5872538
a_19_120.28_7_PC_BigMDSteps_1: 5872539
b_19_120.28_7_PC_BigMDSteps: 5872540
a_19_120.28_8_PC_BigMDSteps_1: 5872541
a_19_120.28_8_PC_BigMDSteps_1: 5872542
a_19_120.28_8_PC_BigMDSteps_1: 5872543
a_19_120.28_8_PC_BigMDSteps_1: 5872544
a_19_120.28_8_PC_BigMDSteps_1: 5872545
a_19_120.28_8_PC_BigMDSteps_1: 5872546
a_19_120.28_8_PC_BigMDSteps_1: 5872547
a_19_120.28_8_PC_BigMDSteps_1: 5872548
a_19_120.28_8_PC_BigMDSteps_1: 5872549
a_19_120.28_8_PC_BigMDSteps_1: 5872550
b_19_120.28_8_PC_BigMDSteps: 5872551
a_19_120.28_9_PC_BigMDSteps_1: 5872552
a_19_120.28_9_PC_BigMDSteps_1: 5872553
a_19_120.28_9_PC_BigMDSteps_1: 5872554
a_19_120.28_9_PC_BigMDSteps_1: 5872555
a_19_120.28_9_PC_BigMDSteps_1: 5872556
a_19_120.28_9_PC_BigMDSteps_1: 5872557
a_19_120.28_9_PC_BigMDSteps_1: 5872558
a_19_120.28_9_PC_BigMDSteps_1: 5872559
a_19_120.28_9_PC_BigMDSteps_1: 5872560
a_19_120.28_9_PC_BigMDSteps_1: 5872561
b_19_120.28_9_PC_BigMDSteps: 5872562
5872463,5872474,5872485,5872496,5872507,5872518,5872529,5872540,5872551,5872562
a_18_f_PC_BigMDSteps: 5872563
a_20_120.28_0_PC_BigMDSteps_1: 5872564
a_20_120.28_0_PC_BigMDSteps_1: 5872565
a_20_120.28_0_PC_BigMDSteps_1: 5872566
a_20_120.28_0_PC_BigMDSteps_1: 5872567
a_20_120.28_0_PC_BigMDSteps_1: 5872568
a_20_120.28_0_PC_BigMDSteps_1: 5872569
a_20_120.28_0_PC_BigMDSteps_1: 5872570
a_20_120.28_0_PC_BigMDSteps_1: 5872571
a_20_120.28_0_PC_BigMDSteps_1: 5872572
a_20_120.28_0_PC_BigMDSteps_1: 5872573
b_20_120.28_0_PC_BigMDSteps: 5872574
a_20_120.28_1_PC_BigMDSteps_1: 5872575
a_20_120.28_1_PC_BigMDSteps_1: 5872576
a_20_120.28_1_PC_BigMDSteps_1: 5872577
a_20_120.28_1_PC_BigMDSteps_1: 5872578
a_20_120.28_1_PC_BigMDSteps_1: 5872579
a_20_120.28_1_PC_BigMDSteps_1: 5872580
a_20_120.28_1_PC_BigMDSteps_1: 5872581
a_20_120.28_1_PC_BigMDSteps_1: 5872582
a_20_120.28_1_PC_BigMDSteps_1: 5872583
a_20_120.28_1_PC_BigMDSteps_1: 5872584
b_20_120.28_1_PC_BigMDSteps: 5872585
a_20_120.28_2_PC_BigMDSteps_1: 5872586
a_20_120.28_2_PC_BigMDSteps_1: 5872587
a_20_120.28_2_PC_BigMDSteps_1: 5872588
a_20_120.28_2_PC_BigMDSteps_1: 5872589
a_20_120.28_2_PC_BigMDSteps_1: 5872590
a_20_120.28_2_PC_BigMDSteps_1: 5872591
a_20_120.28_2_PC_BigMDSteps_1: 5872592
a_20_120.28_2_PC_BigMDSteps_1: 5872593
a_20_120.28_2_PC_BigMDSteps_1: 5872594
a_20_120.28_2_PC_BigMDSteps_1: 5872595
b_20_120.28_2_PC_BigMDSteps: 5872596
a_20_120.28_3_PC_BigMDSteps_1: 5872597
a_20_120.28_3_PC_BigMDSteps_1: 5872598
a_20_120.28_3_PC_BigMDSteps_1: 5872599
a_20_120.28_3_PC_BigMDSteps_1: 5872600
a_20_120.28_3_PC_BigMDSteps_1: 5872601
a_20_120.28_3_PC_BigMDSteps_1: 5872602
a_20_120.28_3_PC_BigMDSteps_1: 5872603
a_20_120.28_3_PC_BigMDSteps_1: 5872604
a_20_120.28_3_PC_BigMDSteps_1: 5872605
a_20_120.28_3_PC_BigMDSteps_1: 5872606
b_20_120.28_3_PC_BigMDSteps: 5872607
a_20_120.28_4_PC_BigMDSteps_1: 5872608
a_20_120.28_4_PC_BigMDSteps_1: 5872609
a_20_120.28_4_PC_BigMDSteps_1: 5872610
a_20_120.28_4_PC_BigMDSteps_1: 5872611
a_20_120.28_4_PC_BigMDSteps_1: 5872612
a_20_120.28_4_PC_BigMDSteps_1: 5872613
a_20_120.28_4_PC_BigMDSteps_1: 5872614
a_20_120.28_4_PC_BigMDSteps_1: 5872615
a_20_120.28_4_PC_BigMDSteps_1: 5872616
a_20_120.28_4_PC_BigMDSteps_1: 5872617
b_20_120.28_4_PC_BigMDSteps: 5872618
a_20_120.28_5_PC_BigMDSteps_1: 5872619
a_20_120.28_5_PC_BigMDSteps_1: 5872620
a_20_120.28_5_PC_BigMDSteps_1: 5872621
a_20_120.28_5_PC_BigMDSteps_1: 5872622
a_20_120.28_5_PC_BigMDSteps_1: 5872623
a_20_120.28_5_PC_BigMDSteps_1: 5872624
a_20_120.28_5_PC_BigMDSteps_1: 5872625
a_20_120.28_5_PC_BigMDSteps_1: 5872626
a_20_120.28_5_PC_BigMDSteps_1: 5872627
a_20_120.28_5_PC_BigMDSteps_1: 5872628
b_20_120.28_5_PC_BigMDSteps: 5872629
a_20_120.28_6_PC_BigMDSteps_1: 5872630
a_20_120.28_6_PC_BigMDSteps_1: 5872631
a_20_120.28_6_PC_BigMDSteps_1: 5872632
a_20_120.28_6_PC_BigMDSteps_1: 5872633
a_20_120.28_6_PC_BigMDSteps_1: 5872634
a_20_120.28_6_PC_BigMDSteps_1: 5872635
a_20_120.28_6_PC_BigMDSteps_1: 5872636
a_20_120.28_6_PC_BigMDSteps_1: 5872637
a_20_120.28_6_PC_BigMDSteps_1: 5872638
a_20_120.28_6_PC_BigMDSteps_1: 5872639
b_20_120.28_6_PC_BigMDSteps: 5872640
a_20_120.28_7_PC_BigMDSteps_1: 5872641
a_20_120.28_7_PC_BigMDSteps_1: 5872642
a_20_120.28_7_PC_BigMDSteps_1: 5872643
a_20_120.28_7_PC_BigMDSteps_1: 5872644
a_20_120.28_7_PC_BigMDSteps_1: 5872645
a_20_120.28_7_PC_BigMDSteps_1: 5872646
a_20_120.28_7_PC_BigMDSteps_1: 5872647
a_20_120.28_7_PC_BigMDSteps_1: 5872648
a_20_120.28_7_PC_BigMDSteps_1: 5872649
a_20_120.28_7_PC_BigMDSteps_1: 5872650
b_20_120.28_7_PC_BigMDSteps: 5872651
a_20_120.28_8_PC_BigMDSteps_1: 5872652
a_20_120.28_8_PC_BigMDSteps_1: 5872653
a_20_120.28_8_PC_BigMDSteps_1: 5872654
a_20_120.28_8_PC_BigMDSteps_1: 5872655
a_20_120.28_8_PC_BigMDSteps_1: 5872656
a_20_120.28_8_PC_BigMDSteps_1: 5872657
a_20_120.28_8_PC_BigMDSteps_1: 5872658
a_20_120.28_8_PC_BigMDSteps_1: 5872659
a_20_120.28_8_PC_BigMDSteps_1: 5872660
a_20_120.28_8_PC_BigMDSteps_1: 5872661
b_20_120.28_8_PC_BigMDSteps: 5872662
a_20_120.28_9_PC_BigMDSteps_1: 5872663
a_20_120.28_9_PC_BigMDSteps_1: 5872664
a_20_120.28_9_PC_BigMDSteps_1: 5872665
a_20_120.28_9_PC_BigMDSteps_1: 5872666
a_20_120.28_9_PC_BigMDSteps_1: 5872667
a_20_120.28_9_PC_BigMDSteps_1: 5872668
a_20_120.28_9_PC_BigMDSteps_1: 5872669
a_20_120.28_9_PC_BigMDSteps_1: 5872670
a_20_120.28_9_PC_BigMDSteps_1: 5872671
a_20_120.28_9_PC_BigMDSteps_1: 5872672
b_20_120.28_9_PC_BigMDSteps: 5872673
5872574,5872585,5872596,5872607,5872618,5872629,5872640,5872651,5872662,5872673
a_19_f_PC_BigMDSteps: 5872674
