init: 5799448
a_0_120.28_0_PC_BigMDSteps_1: 5799449
a_0_120.28_0_PC_BigMDSteps_1: 5799450
a_0_120.28_0_PC_BigMDSteps_1: 5799451
a_0_120.28_0_PC_BigMDSteps_1: 5799452
a_0_120.28_0_PC_BigMDSteps_1: 5799453
a_0_120.28_0_PC_BigMDSteps_1: 5799454
a_0_120.28_0_PC_BigMDSteps_1: 5799455
a_0_120.28_0_PC_BigMDSteps_1: 5799456
a_0_120.28_0_PC_BigMDSteps_1: 5799457
a_0_120.28_0_PC_BigMDSteps_1: 5799458
b_0_120.28_0_PC_BigMDSteps: 5799459
a_0_120.28_1_PC_BigMDSteps_1: 5799460
a_0_120.28_1_PC_BigMDSteps_1: 5799461
a_0_120.28_1_PC_BigMDSteps_1: 5799462
a_0_120.28_1_PC_BigMDSteps_1: 5799463
a_0_120.28_1_PC_BigMDSteps_1: 5799464
a_0_120.28_1_PC_BigMDSteps_1: 5799465
a_0_120.28_1_PC_BigMDSteps_1: 5799466
a_0_120.28_1_PC_BigMDSteps_1: 5799467
a_0_120.28_1_PC_BigMDSteps_1: 5799468
a_0_120.28_1_PC_BigMDSteps_1: 5799469
b_0_120.28_1_PC_BigMDSteps: 5799470
a_0_120.28_2_PC_BigMDSteps_1: 5799471
a_0_120.28_2_PC_BigMDSteps_1: 5799472
a_0_120.28_2_PC_BigMDSteps_1: 5799473
a_0_120.28_2_PC_BigMDSteps_1: 5799474
a_0_120.28_2_PC_BigMDSteps_1: 5799475
a_0_120.28_2_PC_BigMDSteps_1: 5799476
a_0_120.28_2_PC_BigMDSteps_1: 5799477
a_0_120.28_2_PC_BigMDSteps_1: 5799478
a_0_120.28_2_PC_BigMDSteps_1: 5799479
a_0_120.28_2_PC_BigMDSteps_1: 5799480
b_0_120.28_2_PC_BigMDSteps: 5799481
a_0_120.28_3_PC_BigMDSteps_1: 5799482
a_0_120.28_3_PC_BigMDSteps_1: 5799483
a_0_120.28_3_PC_BigMDSteps_1: 5799484
a_0_120.28_3_PC_BigMDSteps_1: 5799485
a_0_120.28_3_PC_BigMDSteps_1: 5799486
a_0_120.28_3_PC_BigMDSteps_1: 5799487
a_0_120.28_3_PC_BigMDSteps_1: 5799488
a_0_120.28_3_PC_BigMDSteps_1: 5799489
a_0_120.28_3_PC_BigMDSteps_1: 5799490
a_0_120.28_3_PC_BigMDSteps_1: 5799491
b_0_120.28_3_PC_BigMDSteps: 5799492
a_0_120.28_4_PC_BigMDSteps_1: 5799493
a_0_120.28_4_PC_BigMDSteps_1: 5799494
a_0_120.28_4_PC_BigMDSteps_1: 5799495
a_0_120.28_4_PC_BigMDSteps_1: 5799496
a_0_120.28_4_PC_BigMDSteps_1: 5799497
a_0_120.28_4_PC_BigMDSteps_1: 5799499
a_0_120.28_4_PC_BigMDSteps_1: 5799501
a_0_120.28_4_PC_BigMDSteps_1: 5799502
a_0_120.28_4_PC_BigMDSteps_1: 5799503
a_0_120.28_4_PC_BigMDSteps_1: 5799504
b_0_120.28_4_PC_BigMDSteps: 5799505
a_0_120.28_5_PC_BigMDSteps_1: 5799506
a_0_120.28_5_PC_BigMDSteps_1: 5799507
a_0_120.28_5_PC_BigMDSteps_1: 5799508
a_0_120.28_5_PC_BigMDSteps_1: 5799509
a_0_120.28_5_PC_BigMDSteps_1: 5799510
a_0_120.28_5_PC_BigMDSteps_1: 5799511
a_0_120.28_5_PC_BigMDSteps_1: 5799512
a_0_120.28_5_PC_BigMDSteps_1: 5799513
a_0_120.28_5_PC_BigMDSteps_1: 5799514
a_0_120.28_5_PC_BigMDSteps_1: 5799515
b_0_120.28_5_PC_BigMDSteps: 5799516
a_0_120.28_6_PC_BigMDSteps_1: 5799517
a_0_120.28_6_PC_BigMDSteps_1: 5799518
a_0_120.28_6_PC_BigMDSteps_1: 5799519
a_0_120.28_6_PC_BigMDSteps_1: 5799520
a_0_120.28_6_PC_BigMDSteps_1: 5799521
a_0_120.28_6_PC_BigMDSteps_1: 5799522
a_0_120.28_6_PC_BigMDSteps_1: 5799523
a_0_120.28_6_PC_BigMDSteps_1: 5799524
a_0_120.28_6_PC_BigMDSteps_1: 5799525
a_0_120.28_6_PC_BigMDSteps_1: 5799526
b_0_120.28_6_PC_BigMDSteps: 5799527
a_0_120.28_7_PC_BigMDSteps_1: 5799528
a_0_120.28_7_PC_BigMDSteps_1: 5799529
a_0_120.28_7_PC_BigMDSteps_1: 5799530
a_0_120.28_7_PC_BigMDSteps_1: 5799531
a_0_120.28_7_PC_BigMDSteps_1: 5799532
a_0_120.28_7_PC_BigMDSteps_1: 5799533
a_0_120.28_7_PC_BigMDSteps_1: 5799534
a_0_120.28_7_PC_BigMDSteps_1: 5799535
a_0_120.28_7_PC_BigMDSteps_1: 5799536
a_0_120.28_7_PC_BigMDSteps_1: 5799537
b_0_120.28_7_PC_BigMDSteps: 5799538
a_0_120.28_8_PC_BigMDSteps_1: 5799539
a_0_120.28_8_PC_BigMDSteps_1: 5799540
a_0_120.28_8_PC_BigMDSteps_1: 5799541
a_0_120.28_8_PC_BigMDSteps_1: 5799542
a_0_120.28_8_PC_BigMDSteps_1: 5799543
a_0_120.28_8_PC_BigMDSteps_1: 5799544
a_0_120.28_8_PC_BigMDSteps_1: 5799545
a_0_120.28_8_PC_BigMDSteps_1: 5799546
a_0_120.28_8_PC_BigMDSteps_1: 5799547
a_0_120.28_8_PC_BigMDSteps_1: 5799548
b_0_120.28_8_PC_BigMDSteps: 5799549
a_0_120.28_9_PC_BigMDSteps_1: 5799550
a_0_120.28_9_PC_BigMDSteps_1: 5799551
a_0_120.28_9_PC_BigMDSteps_1: 5799552
a_0_120.28_9_PC_BigMDSteps_1: 5799553
a_0_120.28_9_PC_BigMDSteps_1: 5799554
a_0_120.28_9_PC_BigMDSteps_1: 5799555
a_0_120.28_9_PC_BigMDSteps_1: 5799556
a_0_120.28_9_PC_BigMDSteps_1: 5799557
a_0_120.28_9_PC_BigMDSteps_1: 5799558
a_0_120.28_9_PC_BigMDSteps_1: 5799559
b_0_120.28_9_PC_BigMDSteps: 5799560
5799459,5799470,5799481,5799492,5799505,5799516,5799527,5799538,5799549,5799560
a_-1_f_PC_BigMDSteps: 5799561
a_1_120.28_0_PC_BigMDSteps_1: 5799562
a_1_120.28_0_PC_BigMDSteps_1: 5799563
a_1_120.28_0_PC_BigMDSteps_1: 5799564
a_1_120.28_0_PC_BigMDSteps_1: 5799565
a_1_120.28_0_PC_BigMDSteps_1: 5799566
a_1_120.28_0_PC_BigMDSteps_1: 5799567
a_1_120.28_0_PC_BigMDSteps_1: 5799568
a_1_120.28_0_PC_BigMDSteps_1: 5799569
a_1_120.28_0_PC_BigMDSteps_1: 5799570
a_1_120.28_0_PC_BigMDSteps_1: 5799571
b_1_120.28_0_PC_BigMDSteps: 5799572
a_1_120.28_1_PC_BigMDSteps_1: 5799573
a_1_120.28_1_PC_BigMDSteps_1: 5799574
a_1_120.28_1_PC_BigMDSteps_1: 5799575
a_1_120.28_1_PC_BigMDSteps_1: 5799576
a_1_120.28_1_PC_BigMDSteps_1: 5799577
a_1_120.28_1_PC_BigMDSteps_1: 5799578
a_1_120.28_1_PC_BigMDSteps_1: 5799579
a_1_120.28_1_PC_BigMDSteps_1: 5799580
a_1_120.28_1_PC_BigMDSteps_1: 5799581
a_1_120.28_1_PC_BigMDSteps_1: 5799582
b_1_120.28_1_PC_BigMDSteps: 5799583
a_1_120.28_2_PC_BigMDSteps_1: 5799584
a_1_120.28_2_PC_BigMDSteps_1: 5799585
a_1_120.28_2_PC_BigMDSteps_1: 5799586
a_1_120.28_2_PC_BigMDSteps_1: 5799587
a_1_120.28_2_PC_BigMDSteps_1: 5799588
a_1_120.28_2_PC_BigMDSteps_1: 5799589
a_1_120.28_2_PC_BigMDSteps_1: 5799590
a_1_120.28_2_PC_BigMDSteps_1: 5799591
a_1_120.28_2_PC_BigMDSteps_1: 5799592
a_1_120.28_2_PC_BigMDSteps_1: 5799593
b_1_120.28_2_PC_BigMDSteps: 5799594
a_1_120.28_3_PC_BigMDSteps_1: 5799595
a_1_120.28_3_PC_BigMDSteps_1: 5799596
a_1_120.28_3_PC_BigMDSteps_1: 5799597
a_1_120.28_3_PC_BigMDSteps_1: 5799598
a_1_120.28_3_PC_BigMDSteps_1: 5799599
a_1_120.28_3_PC_BigMDSteps_1: 5799600
a_1_120.28_3_PC_BigMDSteps_1: 5799601
a_1_120.28_3_PC_BigMDSteps_1: 5799602
a_1_120.28_3_PC_BigMDSteps_1: 5799603
a_1_120.28_3_PC_BigMDSteps_1: 5799604
b_1_120.28_3_PC_BigMDSteps: 5799605
a_1_120.28_4_PC_BigMDSteps_1: 5799606
a_1_120.28_4_PC_BigMDSteps_1: 5799607
a_1_120.28_4_PC_BigMDSteps_1: 5799608
a_1_120.28_4_PC_BigMDSteps_1: 5799609
a_1_120.28_4_PC_BigMDSteps_1: 5799610
a_1_120.28_4_PC_BigMDSteps_1: 5799611
a_1_120.28_4_PC_BigMDSteps_1: 5799612
a_1_120.28_4_PC_BigMDSteps_1: 5799613
a_1_120.28_4_PC_BigMDSteps_1: 5799614
a_1_120.28_4_PC_BigMDSteps_1: 5799615
b_1_120.28_4_PC_BigMDSteps: 5799616
a_1_120.28_5_PC_BigMDSteps_1: 5799617
a_1_120.28_5_PC_BigMDSteps_1: 5799618
a_1_120.28_5_PC_BigMDSteps_1: 5799619
a_1_120.28_5_PC_BigMDSteps_1: 5799620
a_1_120.28_5_PC_BigMDSteps_1: 5799621
a_1_120.28_5_PC_BigMDSteps_1: 5799622
a_1_120.28_5_PC_BigMDSteps_1: 5799623
a_1_120.28_5_PC_BigMDSteps_1: 5799624
a_1_120.28_5_PC_BigMDSteps_1: 5799625
a_1_120.28_5_PC_BigMDSteps_1: 5799626
b_1_120.28_5_PC_BigMDSteps: 5799627
a_1_120.28_6_PC_BigMDSteps_1: 5799628
a_1_120.28_6_PC_BigMDSteps_1: 5799629
a_1_120.28_6_PC_BigMDSteps_1: 5799630
a_1_120.28_6_PC_BigMDSteps_1: 5799631
a_1_120.28_6_PC_BigMDSteps_1: 5799632
a_1_120.28_6_PC_BigMDSteps_1: 5799633
a_1_120.28_6_PC_BigMDSteps_1: 5799634
a_1_120.28_6_PC_BigMDSteps_1: 5799635
a_1_120.28_6_PC_BigMDSteps_1: 5799636
a_1_120.28_6_PC_BigMDSteps_1: 5799637
b_1_120.28_6_PC_BigMDSteps: 5799638
a_1_120.28_7_PC_BigMDSteps_1: 5799639
a_1_120.28_7_PC_BigMDSteps_1: 5799640
a_1_120.28_7_PC_BigMDSteps_1: 5799641
a_1_120.28_7_PC_BigMDSteps_1: 5799642
a_1_120.28_7_PC_BigMDSteps_1: 5799643
a_1_120.28_7_PC_BigMDSteps_1: 5799644
a_1_120.28_7_PC_BigMDSteps_1: 5799645
a_1_120.28_7_PC_BigMDSteps_1: 5799646
a_1_120.28_7_PC_BigMDSteps_1: 5799647
a_1_120.28_7_PC_BigMDSteps_1: 5799648
b_1_120.28_7_PC_BigMDSteps: 5799649
a_1_120.28_8_PC_BigMDSteps_1: 5799650
a_1_120.28_8_PC_BigMDSteps_1: 5799651
a_1_120.28_8_PC_BigMDSteps_1: 5799652
a_1_120.28_8_PC_BigMDSteps_1: 5799653
a_1_120.28_8_PC_BigMDSteps_1: 5799654
a_1_120.28_8_PC_BigMDSteps_1: 5799655
a_1_120.28_8_PC_BigMDSteps_1: 5799656
a_1_120.28_8_PC_BigMDSteps_1: 5799657
a_1_120.28_8_PC_BigMDSteps_1: 5799658
a_1_120.28_8_PC_BigMDSteps_1: 5799659
b_1_120.28_8_PC_BigMDSteps: 5799660
a_1_120.28_9_PC_BigMDSteps_1: 5799661
a_1_120.28_9_PC_BigMDSteps_1: 5799662
a_1_120.28_9_PC_BigMDSteps_1: 5799663
a_1_120.28_9_PC_BigMDSteps_1: 5799664
a_1_120.28_9_PC_BigMDSteps_1: 5799665
a_1_120.28_9_PC_BigMDSteps_1: 5799666
a_1_120.28_9_PC_BigMDSteps_1: 5799667
a_1_120.28_9_PC_BigMDSteps_1: 5799668
a_1_120.28_9_PC_BigMDSteps_1: 5799669
a_1_120.28_9_PC_BigMDSteps_1: 5799670
b_1_120.28_9_PC_BigMDSteps: 5799671
5799572,5799583,5799594,5799605,5799616,5799627,5799638,5799649,5799660,5799671
a_0_f_PC_BigMDSteps: 5799672
a_2_120.28_0_PC_BigMDSteps_1: 5799673
a_2_120.28_0_PC_BigMDSteps_1: 5799674
a_2_120.28_0_PC_BigMDSteps_1: 5799675
a_2_120.28_0_PC_BigMDSteps_1: 5799676
a_2_120.28_0_PC_BigMDSteps_1: 5799677
a_2_120.28_0_PC_BigMDSteps_1: 5799678
a_2_120.28_0_PC_BigMDSteps_1: 5799679
a_2_120.28_0_PC_BigMDSteps_1: 5799680
a_2_120.28_0_PC_BigMDSteps_1: 5799681
a_2_120.28_0_PC_BigMDSteps_1: 5799682
b_2_120.28_0_PC_BigMDSteps: 5799683
a_2_120.28_1_PC_BigMDSteps_1: 5799684
a_2_120.28_1_PC_BigMDSteps_1: 5799685
a_2_120.28_1_PC_BigMDSteps_1: 5799686
a_2_120.28_1_PC_BigMDSteps_1: 5799687
a_2_120.28_1_PC_BigMDSteps_1: 5799688
a_2_120.28_1_PC_BigMDSteps_1: 5799689
a_2_120.28_1_PC_BigMDSteps_1: 5799690
a_2_120.28_1_PC_BigMDSteps_1: 5799691
a_2_120.28_1_PC_BigMDSteps_1: 5799692
a_2_120.28_1_PC_BigMDSteps_1: 5799693
b_2_120.28_1_PC_BigMDSteps: 5799694
a_2_120.28_2_PC_BigMDSteps_1: 5799695
a_2_120.28_2_PC_BigMDSteps_1: 5799696
a_2_120.28_2_PC_BigMDSteps_1: 5799697
a_2_120.28_2_PC_BigMDSteps_1: 5799698
a_2_120.28_2_PC_BigMDSteps_1: 5799699
a_2_120.28_2_PC_BigMDSteps_1: 5799700
a_2_120.28_2_PC_BigMDSteps_1: 5799701
a_2_120.28_2_PC_BigMDSteps_1: 5799702
a_2_120.28_2_PC_BigMDSteps_1: 5799703
a_2_120.28_2_PC_BigMDSteps_1: 5799704
b_2_120.28_2_PC_BigMDSteps: 5799705
a_2_120.28_3_PC_BigMDSteps_1: 5799706
a_2_120.28_3_PC_BigMDSteps_1: 5799707
a_2_120.28_3_PC_BigMDSteps_1: 5799708
a_2_120.28_3_PC_BigMDSteps_1: 5799709
a_2_120.28_3_PC_BigMDSteps_1: 5799710
a_2_120.28_3_PC_BigMDSteps_1: 5799711
a_2_120.28_3_PC_BigMDSteps_1: 5799712
a_2_120.28_3_PC_BigMDSteps_1: 5799713
a_2_120.28_3_PC_BigMDSteps_1: 5799714
a_2_120.28_3_PC_BigMDSteps_1: 5799715
b_2_120.28_3_PC_BigMDSteps: 5799716
a_2_120.28_4_PC_BigMDSteps_1: 5799717
a_2_120.28_4_PC_BigMDSteps_1: 5799718
a_2_120.28_4_PC_BigMDSteps_1: 5799719
a_2_120.28_4_PC_BigMDSteps_1: 5799720
a_2_120.28_4_PC_BigMDSteps_1: 5799721
a_2_120.28_4_PC_BigMDSteps_1: 5799722
a_2_120.28_4_PC_BigMDSteps_1: 5799723
a_2_120.28_4_PC_BigMDSteps_1: 5799724
a_2_120.28_4_PC_BigMDSteps_1: 5799725
a_2_120.28_4_PC_BigMDSteps_1: 5799726
b_2_120.28_4_PC_BigMDSteps: 5799727
a_2_120.28_5_PC_BigMDSteps_1: 5799728
a_2_120.28_5_PC_BigMDSteps_1: 5799729
a_2_120.28_5_PC_BigMDSteps_1: 5799730
a_2_120.28_5_PC_BigMDSteps_1: 5799731
a_2_120.28_5_PC_BigMDSteps_1: 5799732
a_2_120.28_5_PC_BigMDSteps_1: 5799733
a_2_120.28_5_PC_BigMDSteps_1: 5799734
a_2_120.28_5_PC_BigMDSteps_1: 5799735
a_2_120.28_5_PC_BigMDSteps_1: 5799736
a_2_120.28_5_PC_BigMDSteps_1: 5799737
b_2_120.28_5_PC_BigMDSteps: 5799738
a_2_120.28_6_PC_BigMDSteps_1: 5799739
a_2_120.28_6_PC_BigMDSteps_1: 5799740
a_2_120.28_6_PC_BigMDSteps_1: 5799741
a_2_120.28_6_PC_BigMDSteps_1: 5799742
a_2_120.28_6_PC_BigMDSteps_1: 5799743
a_2_120.28_6_PC_BigMDSteps_1: 5799744
a_2_120.28_6_PC_BigMDSteps_1: 5799745
a_2_120.28_6_PC_BigMDSteps_1: 5799746
a_2_120.28_6_PC_BigMDSteps_1: 5799747
a_2_120.28_6_PC_BigMDSteps_1: 5799748
b_2_120.28_6_PC_BigMDSteps: 5799749
a_2_120.28_7_PC_BigMDSteps_1: 5799750
a_2_120.28_7_PC_BigMDSteps_1: 5799751
a_2_120.28_7_PC_BigMDSteps_1: 5799752
a_2_120.28_7_PC_BigMDSteps_1: 5799753
a_2_120.28_7_PC_BigMDSteps_1: 5799754
a_2_120.28_7_PC_BigMDSteps_1: 5799755
a_2_120.28_7_PC_BigMDSteps_1: 5799756
a_2_120.28_7_PC_BigMDSteps_1: 5799757
a_2_120.28_7_PC_BigMDSteps_1: 5799758
a_2_120.28_7_PC_BigMDSteps_1: 5799759
b_2_120.28_7_PC_BigMDSteps: 5799760
a_2_120.28_8_PC_BigMDSteps_1: 5799761
a_2_120.28_8_PC_BigMDSteps_1: 5799762
a_2_120.28_8_PC_BigMDSteps_1: 5799763
a_2_120.28_8_PC_BigMDSteps_1: 5799764
a_2_120.28_8_PC_BigMDSteps_1: 5799765
a_2_120.28_8_PC_BigMDSteps_1: 5799766
a_2_120.28_8_PC_BigMDSteps_1: 5799767
a_2_120.28_8_PC_BigMDSteps_1: 5799768
a_2_120.28_8_PC_BigMDSteps_1: 5799769
a_2_120.28_8_PC_BigMDSteps_1: 5799770
b_2_120.28_8_PC_BigMDSteps: 5799771
a_2_120.28_9_PC_BigMDSteps_1: 5799772
a_2_120.28_9_PC_BigMDSteps_1: 5799773
a_2_120.28_9_PC_BigMDSteps_1: 5799774
a_2_120.28_9_PC_BigMDSteps_1: 5799775
a_2_120.28_9_PC_BigMDSteps_1: 5799776
a_2_120.28_9_PC_BigMDSteps_1: 5799777
a_2_120.28_9_PC_BigMDSteps_1: 5799778
a_2_120.28_9_PC_BigMDSteps_1: 5799779
a_2_120.28_9_PC_BigMDSteps_1: 5799780
a_2_120.28_9_PC_BigMDSteps_1: 5799781
b_2_120.28_9_PC_BigMDSteps: 5799782
5799683,5799694,5799705,5799716,5799727,5799738,5799749,5799760,5799771,5799782
a_1_f_PC_BigMDSteps: 5799783
a_3_120.28_0_PC_BigMDSteps_1: 5799784
a_3_120.28_0_PC_BigMDSteps_1: 5799785
a_3_120.28_0_PC_BigMDSteps_1: 5799786
a_3_120.28_0_PC_BigMDSteps_1: 5799787
a_3_120.28_0_PC_BigMDSteps_1: 5799788
a_3_120.28_0_PC_BigMDSteps_1: 5799789
a_3_120.28_0_PC_BigMDSteps_1: 5799790
a_3_120.28_0_PC_BigMDSteps_1: 5799791
a_3_120.28_0_PC_BigMDSteps_1: 5799792
a_3_120.28_0_PC_BigMDSteps_1: 5799793
b_3_120.28_0_PC_BigMDSteps: 5799794
a_3_120.28_1_PC_BigMDSteps_1: 5799795
a_3_120.28_1_PC_BigMDSteps_1: 5799796
a_3_120.28_1_PC_BigMDSteps_1: 5799798
a_3_120.28_1_PC_BigMDSteps_1: 5799799
a_3_120.28_1_PC_BigMDSteps_1: 5799800
a_3_120.28_1_PC_BigMDSteps_1: 5799801
a_3_120.28_1_PC_BigMDSteps_1: 5799802
a_3_120.28_1_PC_BigMDSteps_1: 5799803
a_3_120.28_1_PC_BigMDSteps_1: 5799804
a_3_120.28_1_PC_BigMDSteps_1: 5799805
b_3_120.28_1_PC_BigMDSteps: 5799806
a_3_120.28_2_PC_BigMDSteps_1: 5799807
a_3_120.28_2_PC_BigMDSteps_1: 5799808
a_3_120.28_2_PC_BigMDSteps_1: 5799809
a_3_120.28_2_PC_BigMDSteps_1: 5799810
a_3_120.28_2_PC_BigMDSteps_1: 5799811
a_3_120.28_2_PC_BigMDSteps_1: 5799812
a_3_120.28_2_PC_BigMDSteps_1: 5799813
a_3_120.28_2_PC_BigMDSteps_1: 5799814
a_3_120.28_2_PC_BigMDSteps_1: 5799815
a_3_120.28_2_PC_BigMDSteps_1: 5799816
b_3_120.28_2_PC_BigMDSteps: 5799817
a_3_120.28_3_PC_BigMDSteps_1: 5799818
a_3_120.28_3_PC_BigMDSteps_1: 5799819
a_3_120.28_3_PC_BigMDSteps_1: 5799820
a_3_120.28_3_PC_BigMDSteps_1: 5799821
a_3_120.28_3_PC_BigMDSteps_1: 5799822
a_3_120.28_3_PC_BigMDSteps_1: 5799823
a_3_120.28_3_PC_BigMDSteps_1: 5799824
a_3_120.28_3_PC_BigMDSteps_1: 5799825
a_3_120.28_3_PC_BigMDSteps_1: 5799826
a_3_120.28_3_PC_BigMDSteps_1: 5799827
b_3_120.28_3_PC_BigMDSteps: 5799828
a_3_120.28_4_PC_BigMDSteps_1: 5799829
a_3_120.28_4_PC_BigMDSteps_1: 5799830
a_3_120.28_4_PC_BigMDSteps_1: 5799831
a_3_120.28_4_PC_BigMDSteps_1: 5799832
a_3_120.28_4_PC_BigMDSteps_1: 5799833
a_3_120.28_4_PC_BigMDSteps_1: 5799834
a_3_120.28_4_PC_BigMDSteps_1: 5799835
a_3_120.28_4_PC_BigMDSteps_1: 5799836
a_3_120.28_4_PC_BigMDSteps_1: 5799837
a_3_120.28_4_PC_BigMDSteps_1: 5799838
b_3_120.28_4_PC_BigMDSteps: 5799839
a_3_120.28_5_PC_BigMDSteps_1: 5799840
a_3_120.28_5_PC_BigMDSteps_1: 5799841
a_3_120.28_5_PC_BigMDSteps_1: 5799842
a_3_120.28_5_PC_BigMDSteps_1: 5799843
a_3_120.28_5_PC_BigMDSteps_1: 5799844
a_3_120.28_5_PC_BigMDSteps_1: 5799845
a_3_120.28_5_PC_BigMDSteps_1: 5799846
a_3_120.28_5_PC_BigMDSteps_1: 5799847
a_3_120.28_5_PC_BigMDSteps_1: 5799848
a_3_120.28_5_PC_BigMDSteps_1: 5799849
b_3_120.28_5_PC_BigMDSteps: 5799850
a_3_120.28_6_PC_BigMDSteps_1: 5799851
a_3_120.28_6_PC_BigMDSteps_1: 5799852
a_3_120.28_6_PC_BigMDSteps_1: 5799853
a_3_120.28_6_PC_BigMDSteps_1: 5799854
a_3_120.28_6_PC_BigMDSteps_1: 5799855
a_3_120.28_6_PC_BigMDSteps_1: 5799856
a_3_120.28_6_PC_BigMDSteps_1: 5799857
a_3_120.28_6_PC_BigMDSteps_1: 5799858
a_3_120.28_6_PC_BigMDSteps_1: 5799859
a_3_120.28_6_PC_BigMDSteps_1: 5799860
b_3_120.28_6_PC_BigMDSteps: 5799861
a_3_120.28_7_PC_BigMDSteps_1: 5799862
a_3_120.28_7_PC_BigMDSteps_1: 5799863
a_3_120.28_7_PC_BigMDSteps_1: 5799864
a_3_120.28_7_PC_BigMDSteps_1: 5799865
a_3_120.28_7_PC_BigMDSteps_1: 5799866
a_3_120.28_7_PC_BigMDSteps_1: 5799867
a_3_120.28_7_PC_BigMDSteps_1: 5799868
a_3_120.28_7_PC_BigMDSteps_1: 5799869
a_3_120.28_7_PC_BigMDSteps_1: 5799870
a_3_120.28_7_PC_BigMDSteps_1: 5799871
b_3_120.28_7_PC_BigMDSteps: 5799872
a_3_120.28_8_PC_BigMDSteps_1: 5799873
a_3_120.28_8_PC_BigMDSteps_1: 5799874
a_3_120.28_8_PC_BigMDSteps_1: 5799875
a_3_120.28_8_PC_BigMDSteps_1: 5799876
a_3_120.28_8_PC_BigMDSteps_1: 5799877
a_3_120.28_8_PC_BigMDSteps_1: 5799878
a_3_120.28_8_PC_BigMDSteps_1: 5799879
a_3_120.28_8_PC_BigMDSteps_1: 5799880
a_3_120.28_8_PC_BigMDSteps_1: 5799881
a_3_120.28_8_PC_BigMDSteps_1: 5799882
b_3_120.28_8_PC_BigMDSteps: 5799883
a_3_120.28_9_PC_BigMDSteps_1: 5799884
a_3_120.28_9_PC_BigMDSteps_1: 5799885
a_3_120.28_9_PC_BigMDSteps_1: 5799886
a_3_120.28_9_PC_BigMDSteps_1: 5799887
a_3_120.28_9_PC_BigMDSteps_1: 5799888
a_3_120.28_9_PC_BigMDSteps_1: 5799889
a_3_120.28_9_PC_BigMDSteps_1: 5799890
a_3_120.28_9_PC_BigMDSteps_1: 5799891
a_3_120.28_9_PC_BigMDSteps_1: 5799892
a_3_120.28_9_PC_BigMDSteps_1: 5799893
b_3_120.28_9_PC_BigMDSteps: 5799894
5799794,5799806,5799817,5799828,5799839,5799850,5799861,5799872,5799883,5799894
a_2_f_PC_BigMDSteps: 5799895
a_4_120.28_0_PC_BigMDSteps_1: 5799896
a_4_120.28_0_PC_BigMDSteps_1: 5799897
a_4_120.28_0_PC_BigMDSteps_1: 5799898
a_4_120.28_0_PC_BigMDSteps_1: 5799899
a_4_120.28_0_PC_BigMDSteps_1: 5799900
a_4_120.28_0_PC_BigMDSteps_1: 5799901
a_4_120.28_0_PC_BigMDSteps_1: 5799902
a_4_120.28_0_PC_BigMDSteps_1: 5799903
a_4_120.28_0_PC_BigMDSteps_1: 5799904
a_4_120.28_0_PC_BigMDSteps_1: 5799905
b_4_120.28_0_PC_BigMDSteps: 5799906
a_4_120.28_1_PC_BigMDSteps_1: 5799907
a_4_120.28_1_PC_BigMDSteps_1: 5799908
a_4_120.28_1_PC_BigMDSteps_1: 5799909
a_4_120.28_1_PC_BigMDSteps_1: 5799910
a_4_120.28_1_PC_BigMDSteps_1: 5799911
a_4_120.28_1_PC_BigMDSteps_1: 5799912
a_4_120.28_1_PC_BigMDSteps_1: 5799913
a_4_120.28_1_PC_BigMDSteps_1: 5799914
a_4_120.28_1_PC_BigMDSteps_1: 5799915
a_4_120.28_1_PC_BigMDSteps_1: 5799916
b_4_120.28_1_PC_BigMDSteps: 5799917
a_4_120.28_2_PC_BigMDSteps_1: 5799918
a_4_120.28_2_PC_BigMDSteps_1: 5799919
a_4_120.28_2_PC_BigMDSteps_1: 5799920
a_4_120.28_2_PC_BigMDSteps_1: 5799921
a_4_120.28_2_PC_BigMDSteps_1: 5799922
a_4_120.28_2_PC_BigMDSteps_1: 5799923
a_4_120.28_2_PC_BigMDSteps_1: 5799924
a_4_120.28_2_PC_BigMDSteps_1: 5799925
a_4_120.28_2_PC_BigMDSteps_1: 5799926
a_4_120.28_2_PC_BigMDSteps_1: 5799927
b_4_120.28_2_PC_BigMDSteps: 5799928
a_4_120.28_3_PC_BigMDSteps_1: 5799929
a_4_120.28_3_PC_BigMDSteps_1: 5799930
a_4_120.28_3_PC_BigMDSteps_1: 5799931
a_4_120.28_3_PC_BigMDSteps_1: 5799932
a_4_120.28_3_PC_BigMDSteps_1: 5799933
a_4_120.28_3_PC_BigMDSteps_1: 5799934
a_4_120.28_3_PC_BigMDSteps_1: 5799935
a_4_120.28_3_PC_BigMDSteps_1: 5799936
a_4_120.28_3_PC_BigMDSteps_1: 5799937
a_4_120.28_3_PC_BigMDSteps_1: 5799938
b_4_120.28_3_PC_BigMDSteps: 5799939
a_4_120.28_4_PC_BigMDSteps_1: 5799940
a_4_120.28_4_PC_BigMDSteps_1: 5799941
a_4_120.28_4_PC_BigMDSteps_1: 5799942
a_4_120.28_4_PC_BigMDSteps_1: 5799943
a_4_120.28_4_PC_BigMDSteps_1: 5799944
a_4_120.28_4_PC_BigMDSteps_1: 5799945
a_4_120.28_4_PC_BigMDSteps_1: 5799946
a_4_120.28_4_PC_BigMDSteps_1: 5799947
a_4_120.28_4_PC_BigMDSteps_1: 5799948
a_4_120.28_4_PC_BigMDSteps_1: 5799949
b_4_120.28_4_PC_BigMDSteps: 5799950
a_4_120.28_5_PC_BigMDSteps_1: 5799951
a_4_120.28_5_PC_BigMDSteps_1: 5799952
a_4_120.28_5_PC_BigMDSteps_1: 5799953
a_4_120.28_5_PC_BigMDSteps_1: 5799954
a_4_120.28_5_PC_BigMDSteps_1: 5799955
a_4_120.28_5_PC_BigMDSteps_1: 5799956
a_4_120.28_5_PC_BigMDSteps_1: 5799957
a_4_120.28_5_PC_BigMDSteps_1: 5799958
a_4_120.28_5_PC_BigMDSteps_1: 5799959
a_4_120.28_5_PC_BigMDSteps_1: 5799960
b_4_120.28_5_PC_BigMDSteps: 5799961
a_4_120.28_6_PC_BigMDSteps_1: 5799962
a_4_120.28_6_PC_BigMDSteps_1: 5799963
a_4_120.28_6_PC_BigMDSteps_1: 5799964
a_4_120.28_6_PC_BigMDSteps_1: 5799965
a_4_120.28_6_PC_BigMDSteps_1: 5799966
a_4_120.28_6_PC_BigMDSteps_1: 5799967
a_4_120.28_6_PC_BigMDSteps_1: 5799968
a_4_120.28_6_PC_BigMDSteps_1: 5799969
a_4_120.28_6_PC_BigMDSteps_1: 5799970
a_4_120.28_6_PC_BigMDSteps_1: 5799971
b_4_120.28_6_PC_BigMDSteps: 5799972
a_4_120.28_7_PC_BigMDSteps_1: 5799973
a_4_120.28_7_PC_BigMDSteps_1: 5799974
a_4_120.28_7_PC_BigMDSteps_1: 5799975
a_4_120.28_7_PC_BigMDSteps_1: 5799976
a_4_120.28_7_PC_BigMDSteps_1: 5799977
a_4_120.28_7_PC_BigMDSteps_1: 5799978
a_4_120.28_7_PC_BigMDSteps_1: 5799979
a_4_120.28_7_PC_BigMDSteps_1: 5799980
a_4_120.28_7_PC_BigMDSteps_1: 5799981
a_4_120.28_7_PC_BigMDSteps_1: 5799982
b_4_120.28_7_PC_BigMDSteps: 5799983
a_4_120.28_8_PC_BigMDSteps_1: 5799984
a_4_120.28_8_PC_BigMDSteps_1: 5799985
a_4_120.28_8_PC_BigMDSteps_1: 5799986
a_4_120.28_8_PC_BigMDSteps_1: 5799987
a_4_120.28_8_PC_BigMDSteps_1: 5799988
a_4_120.28_8_PC_BigMDSteps_1: 5799989
a_4_120.28_8_PC_BigMDSteps_1: 5799990
a_4_120.28_8_PC_BigMDSteps_1: 5799991
a_4_120.28_8_PC_BigMDSteps_1: 5799992
a_4_120.28_8_PC_BigMDSteps_1: 5799993
b_4_120.28_8_PC_BigMDSteps: 5799994
a_4_120.28_9_PC_BigMDSteps_1: 5799995
a_4_120.28_9_PC_BigMDSteps_1: 5799996
a_4_120.28_9_PC_BigMDSteps_1: 5799997
a_4_120.28_9_PC_BigMDSteps_1: 5799998
a_4_120.28_9_PC_BigMDSteps_1: 5799999
a_4_120.28_9_PC_BigMDSteps_1: 5800000
a_4_120.28_9_PC_BigMDSteps_1: 5800001
a_4_120.28_9_PC_BigMDSteps_1: 5800002
a_4_120.28_9_PC_BigMDSteps_1: 5800003
a_4_120.28_9_PC_BigMDSteps_1: 5800004
b_4_120.28_9_PC_BigMDSteps: 5800005
5799906,5799917,5799928,5799939,5799950,5799961,5799972,5799983,5799994,5800005
a_3_f_PC_BigMDSteps: 5800006
a_5_120.28_0_PC_BigMDSteps_1: 5800007
a_5_120.28_0_PC_BigMDSteps_1: 5800008
a_5_120.28_0_PC_BigMDSteps_1: 5800009
a_5_120.28_0_PC_BigMDSteps_1: 5800010
a_5_120.28_0_PC_BigMDSteps_1: 5800011
a_5_120.28_0_PC_BigMDSteps_1: 5800012
a_5_120.28_0_PC_BigMDSteps_1: 5800013
a_5_120.28_0_PC_BigMDSteps_1: 5800014
a_5_120.28_0_PC_BigMDSteps_1: 5800015
a_5_120.28_0_PC_BigMDSteps_1: 5800016
b_5_120.28_0_PC_BigMDSteps: 5800017
a_5_120.28_1_PC_BigMDSteps_1: 5800018
a_5_120.28_1_PC_BigMDSteps_1: 5800019
a_5_120.28_1_PC_BigMDSteps_1: 5800020
a_5_120.28_1_PC_BigMDSteps_1: 5800021
a_5_120.28_1_PC_BigMDSteps_1: 5800022
a_5_120.28_1_PC_BigMDSteps_1: 5800023
a_5_120.28_1_PC_BigMDSteps_1: 5800024
a_5_120.28_1_PC_BigMDSteps_1: 5800025
a_5_120.28_1_PC_BigMDSteps_1: 5800026
a_5_120.28_1_PC_BigMDSteps_1: 5800027
b_5_120.28_1_PC_BigMDSteps: 5800028
a_5_120.28_2_PC_BigMDSteps_1: 5800029
a_5_120.28_2_PC_BigMDSteps_1: 5800030
a_5_120.28_2_PC_BigMDSteps_1: 5800031
a_5_120.28_2_PC_BigMDSteps_1: 5800032
a_5_120.28_2_PC_BigMDSteps_1: 5800033
a_5_120.28_2_PC_BigMDSteps_1: 5800034
a_5_120.28_2_PC_BigMDSteps_1: 5800035
a_5_120.28_2_PC_BigMDSteps_1: 5800036
a_5_120.28_2_PC_BigMDSteps_1: 5800037
a_5_120.28_2_PC_BigMDSteps_1: 5800038
b_5_120.28_2_PC_BigMDSteps: 5800039
a_5_120.28_3_PC_BigMDSteps_1: 5800040
a_5_120.28_3_PC_BigMDSteps_1: 5800041
a_5_120.28_3_PC_BigMDSteps_1: 5800042
a_5_120.28_3_PC_BigMDSteps_1: 5800043
a_5_120.28_3_PC_BigMDSteps_1: 5800044
a_5_120.28_3_PC_BigMDSteps_1: 5800045
a_5_120.28_3_PC_BigMDSteps_1: 5800046
a_5_120.28_3_PC_BigMDSteps_1: 5800047
a_5_120.28_3_PC_BigMDSteps_1: 5800048
a_5_120.28_3_PC_BigMDSteps_1: 5800049
b_5_120.28_3_PC_BigMDSteps: 5800050
a_5_120.28_4_PC_BigMDSteps_1: 5800051
a_5_120.28_4_PC_BigMDSteps_1: 5800052
a_5_120.28_4_PC_BigMDSteps_1: 5800053
a_5_120.28_4_PC_BigMDSteps_1: 5800054
a_5_120.28_4_PC_BigMDSteps_1: 5800055
a_5_120.28_4_PC_BigMDSteps_1: 5800056
a_5_120.28_4_PC_BigMDSteps_1: 5800057
a_5_120.28_4_PC_BigMDSteps_1: 5800058
a_5_120.28_4_PC_BigMDSteps_1: 5800059
a_5_120.28_4_PC_BigMDSteps_1: 5800060
b_5_120.28_4_PC_BigMDSteps: 5800061
a_5_120.28_5_PC_BigMDSteps_1: 5800062
a_5_120.28_5_PC_BigMDSteps_1: 5800063
a_5_120.28_5_PC_BigMDSteps_1: 5800064
a_5_120.28_5_PC_BigMDSteps_1: 5800065
a_5_120.28_5_PC_BigMDSteps_1: 5800066
a_5_120.28_5_PC_BigMDSteps_1: 5800067
a_5_120.28_5_PC_BigMDSteps_1: 5800068
a_5_120.28_5_PC_BigMDSteps_1: 5800069
a_5_120.28_5_PC_BigMDSteps_1: 5800070
a_5_120.28_5_PC_BigMDSteps_1: 5800071
b_5_120.28_5_PC_BigMDSteps: 5800072
a_5_120.28_6_PC_BigMDSteps_1: 5800073
a_5_120.28_6_PC_BigMDSteps_1: 5800074
a_5_120.28_6_PC_BigMDSteps_1: 5800075
a_5_120.28_6_PC_BigMDSteps_1: 5800076
a_5_120.28_6_PC_BigMDSteps_1: 5800077
a_5_120.28_6_PC_BigMDSteps_1: 5800078
a_5_120.28_6_PC_BigMDSteps_1: 5800079
a_5_120.28_6_PC_BigMDSteps_1: 5800080
a_5_120.28_6_PC_BigMDSteps_1: 5800081
a_5_120.28_6_PC_BigMDSteps_1: 5800082
b_5_120.28_6_PC_BigMDSteps: 5800083
a_5_120.28_7_PC_BigMDSteps_1: 5800084
a_5_120.28_7_PC_BigMDSteps_1: 5800085
a_5_120.28_7_PC_BigMDSteps_1: 5800086
a_5_120.28_7_PC_BigMDSteps_1: 5800087
a_5_120.28_7_PC_BigMDSteps_1: 5800088
a_5_120.28_7_PC_BigMDSteps_1: 5800089
a_5_120.28_7_PC_BigMDSteps_1: 5800090
a_5_120.28_7_PC_BigMDSteps_1: 5800091
a_5_120.28_7_PC_BigMDSteps_1: 5800092
a_5_120.28_7_PC_BigMDSteps_1: 5800093
b_5_120.28_7_PC_BigMDSteps: 5800094
a_5_120.28_8_PC_BigMDSteps_1: 5800095
a_5_120.28_8_PC_BigMDSteps_1: 5800096
a_5_120.28_8_PC_BigMDSteps_1: 5800097
a_5_120.28_8_PC_BigMDSteps_1: 5800098
a_5_120.28_8_PC_BigMDSteps_1: 5800099
a_5_120.28_8_PC_BigMDSteps_1: 5800100
a_5_120.28_8_PC_BigMDSteps_1: 5800101
a_5_120.28_8_PC_BigMDSteps_1: 5800102
a_5_120.28_8_PC_BigMDSteps_1: 5800103
a_5_120.28_8_PC_BigMDSteps_1: 5800104
b_5_120.28_8_PC_BigMDSteps: 5800105
a_5_120.28_9_PC_BigMDSteps_1: 5800106
a_5_120.28_9_PC_BigMDSteps_1: 5800107
a_5_120.28_9_PC_BigMDSteps_1: 5800108
a_5_120.28_9_PC_BigMDSteps_1: 5800109
a_5_120.28_9_PC_BigMDSteps_1: 5800110
a_5_120.28_9_PC_BigMDSteps_1: 5800111
a_5_120.28_9_PC_BigMDSteps_1: 5800112
a_5_120.28_9_PC_BigMDSteps_1: 5800113
a_5_120.28_9_PC_BigMDSteps_1: 5800114
a_5_120.28_9_PC_BigMDSteps_1: 5800115
b_5_120.28_9_PC_BigMDSteps: 5800116
5800017,5800028,5800039,5800050,5800061,5800072,5800083,5800094,5800105,5800116
a_4_f_PC_BigMDSteps: 5800117
a_6_120.28_0_PC_BigMDSteps_1: 5800118
a_6_120.28_0_PC_BigMDSteps_1: 5800119
a_6_120.28_0_PC_BigMDSteps_1: 5800120
a_6_120.28_0_PC_BigMDSteps_1: 5800121
a_6_120.28_0_PC_BigMDSteps_1: 5800122
a_6_120.28_0_PC_BigMDSteps_1: 5800123
a_6_120.28_0_PC_BigMDSteps_1: 5800124
a_6_120.28_0_PC_BigMDSteps_1: 5800125
a_6_120.28_0_PC_BigMDSteps_1: 5800126
a_6_120.28_0_PC_BigMDSteps_1: 5800127
b_6_120.28_0_PC_BigMDSteps: 5800128
a_6_120.28_1_PC_BigMDSteps_1: 5800129
a_6_120.28_1_PC_BigMDSteps_1: 5800130
a_6_120.28_1_PC_BigMDSteps_1: 5800131
a_6_120.28_1_PC_BigMDSteps_1: 5800132
a_6_120.28_1_PC_BigMDSteps_1: 5800133
a_6_120.28_1_PC_BigMDSteps_1: 5800134
a_6_120.28_1_PC_BigMDSteps_1: 5800135
a_6_120.28_1_PC_BigMDSteps_1: 5800136
a_6_120.28_1_PC_BigMDSteps_1: 5800137
a_6_120.28_1_PC_BigMDSteps_1: 5800138
b_6_120.28_1_PC_BigMDSteps: 5800139
a_6_120.28_2_PC_BigMDSteps_1: 5800140
a_6_120.28_2_PC_BigMDSteps_1: 5800141
a_6_120.28_2_PC_BigMDSteps_1: 5800142
a_6_120.28_2_PC_BigMDSteps_1: 5800143
a_6_120.28_2_PC_BigMDSteps_1: 5800144
a_6_120.28_2_PC_BigMDSteps_1: 5800145
a_6_120.28_2_PC_BigMDSteps_1: 5800146
a_6_120.28_2_PC_BigMDSteps_1: 5800147
a_6_120.28_2_PC_BigMDSteps_1: 5800148
a_6_120.28_2_PC_BigMDSteps_1: 5800149
b_6_120.28_2_PC_BigMDSteps: 5800150
a_6_120.28_3_PC_BigMDSteps_1: 5800151
a_6_120.28_3_PC_BigMDSteps_1: 5800152
a_6_120.28_3_PC_BigMDSteps_1: 5800153
a_6_120.28_3_PC_BigMDSteps_1: 5800154
a_6_120.28_3_PC_BigMDSteps_1: 5800155
a_6_120.28_3_PC_BigMDSteps_1: 5800156
a_6_120.28_3_PC_BigMDSteps_1: 5800157
a_6_120.28_3_PC_BigMDSteps_1: 5800158
a_6_120.28_3_PC_BigMDSteps_1: 5800159
a_6_120.28_3_PC_BigMDSteps_1: 5800160
b_6_120.28_3_PC_BigMDSteps: 5800161
a_6_120.28_4_PC_BigMDSteps_1: 5800162
a_6_120.28_4_PC_BigMDSteps_1: 5800163
a_6_120.28_4_PC_BigMDSteps_1: 5800164
a_6_120.28_4_PC_BigMDSteps_1: 5800165
a_6_120.28_4_PC_BigMDSteps_1: 5800166
a_6_120.28_4_PC_BigMDSteps_1: 5800167
a_6_120.28_4_PC_BigMDSteps_1: 5800168
a_6_120.28_4_PC_BigMDSteps_1: 5800169
a_6_120.28_4_PC_BigMDSteps_1: 5800170
a_6_120.28_4_PC_BigMDSteps_1: 5800171
b_6_120.28_4_PC_BigMDSteps: 5800172
a_6_120.28_5_PC_BigMDSteps_1: 5800173
a_6_120.28_5_PC_BigMDSteps_1: 5800174
a_6_120.28_5_PC_BigMDSteps_1: 5800175
a_6_120.28_5_PC_BigMDSteps_1: 5800176
a_6_120.28_5_PC_BigMDSteps_1: 5800177
a_6_120.28_5_PC_BigMDSteps_1: 5800178
a_6_120.28_5_PC_BigMDSteps_1: 5800179
a_6_120.28_5_PC_BigMDSteps_1: 5800180
a_6_120.28_5_PC_BigMDSteps_1: 5800181
a_6_120.28_5_PC_BigMDSteps_1: 5800182
b_6_120.28_5_PC_BigMDSteps: 5800183
a_6_120.28_6_PC_BigMDSteps_1: 5800184
a_6_120.28_6_PC_BigMDSteps_1: 5800185
a_6_120.28_6_PC_BigMDSteps_1: 5800186
a_6_120.28_6_PC_BigMDSteps_1: 5800187
a_6_120.28_6_PC_BigMDSteps_1: 5800188
a_6_120.28_6_PC_BigMDSteps_1: 5800189
a_6_120.28_6_PC_BigMDSteps_1: 5800190
a_6_120.28_6_PC_BigMDSteps_1: 5800191
a_6_120.28_6_PC_BigMDSteps_1: 5800192
a_6_120.28_6_PC_BigMDSteps_1: 5800193
b_6_120.28_6_PC_BigMDSteps: 5800194
a_6_120.28_7_PC_BigMDSteps_1: 5800195
a_6_120.28_7_PC_BigMDSteps_1: 5800196
a_6_120.28_7_PC_BigMDSteps_1: 5800197
a_6_120.28_7_PC_BigMDSteps_1: 5800198
a_6_120.28_7_PC_BigMDSteps_1: 5800199
a_6_120.28_7_PC_BigMDSteps_1: 5800200
a_6_120.28_7_PC_BigMDSteps_1: 5800201
a_6_120.28_7_PC_BigMDSteps_1: 5800202
a_6_120.28_7_PC_BigMDSteps_1: 5800203
a_6_120.28_7_PC_BigMDSteps_1: 5800204
b_6_120.28_7_PC_BigMDSteps: 5800205
a_6_120.28_8_PC_BigMDSteps_1: 5800206
a_6_120.28_8_PC_BigMDSteps_1: 5800207
a_6_120.28_8_PC_BigMDSteps_1: 5800208
a_6_120.28_8_PC_BigMDSteps_1: 5800209
a_6_120.28_8_PC_BigMDSteps_1: 5800210
a_6_120.28_8_PC_BigMDSteps_1: 5800211
a_6_120.28_8_PC_BigMDSteps_1: 5800212
a_6_120.28_8_PC_BigMDSteps_1: 5800213
a_6_120.28_8_PC_BigMDSteps_1: 5800214
a_6_120.28_8_PC_BigMDSteps_1: 5800215
b_6_120.28_8_PC_BigMDSteps: 5800216
a_6_120.28_9_PC_BigMDSteps_1: 5800217
a_6_120.28_9_PC_BigMDSteps_1: 5800218
a_6_120.28_9_PC_BigMDSteps_1: 5800219
a_6_120.28_9_PC_BigMDSteps_1: 5800220
a_6_120.28_9_PC_BigMDSteps_1: 5800221
a_6_120.28_9_PC_BigMDSteps_1: 5800222
a_6_120.28_9_PC_BigMDSteps_1: 5800223
a_6_120.28_9_PC_BigMDSteps_1: 5800224
a_6_120.28_9_PC_BigMDSteps_1: 5800225
a_6_120.28_9_PC_BigMDSteps_1: 5800226
b_6_120.28_9_PC_BigMDSteps: 5800227
5800128,5800139,5800150,5800161,5800172,5800183,5800194,5800205,5800216,5800227
a_5_f_PC_BigMDSteps: 5800228
a_7_120.28_0_PC_BigMDSteps_1: 5800229
a_7_120.28_0_PC_BigMDSteps_1: 5800230
a_7_120.28_0_PC_BigMDSteps_1: 5800231
a_7_120.28_0_PC_BigMDSteps_1: 5800232
a_7_120.28_0_PC_BigMDSteps_1: 5800233
a_7_120.28_0_PC_BigMDSteps_1: 5800234
a_7_120.28_0_PC_BigMDSteps_1: 5800235
a_7_120.28_0_PC_BigMDSteps_1: 5800236
a_7_120.28_0_PC_BigMDSteps_1: 5800237
a_7_120.28_0_PC_BigMDSteps_1: 5800238
b_7_120.28_0_PC_BigMDSteps: 5800239
a_7_120.28_1_PC_BigMDSteps_1: 5800240
a_7_120.28_1_PC_BigMDSteps_1: 5800241
a_7_120.28_1_PC_BigMDSteps_1: 5800242
a_7_120.28_1_PC_BigMDSteps_1: 5800243
a_7_120.28_1_PC_BigMDSteps_1: 5800244
a_7_120.28_1_PC_BigMDSteps_1: 5800245
a_7_120.28_1_PC_BigMDSteps_1: 5800246
a_7_120.28_1_PC_BigMDSteps_1: 5800247
a_7_120.28_1_PC_BigMDSteps_1: 5800248
a_7_120.28_1_PC_BigMDSteps_1: 5800249
b_7_120.28_1_PC_BigMDSteps: 5800250
a_7_120.28_2_PC_BigMDSteps_1: 5800251
a_7_120.28_2_PC_BigMDSteps_1: 5800252
a_7_120.28_2_PC_BigMDSteps_1: 5800253
a_7_120.28_2_PC_BigMDSteps_1: 5800254
a_7_120.28_2_PC_BigMDSteps_1: 5800255
a_7_120.28_2_PC_BigMDSteps_1: 5800256
a_7_120.28_2_PC_BigMDSteps_1: 5800257
a_7_120.28_2_PC_BigMDSteps_1: 5800258
a_7_120.28_2_PC_BigMDSteps_1: 5800259
a_7_120.28_2_PC_BigMDSteps_1: 5800260
b_7_120.28_2_PC_BigMDSteps: 5800262
a_7_120.28_3_PC_BigMDSteps_1: 5800263
a_7_120.28_3_PC_BigMDSteps_1: 5800264
a_7_120.28_3_PC_BigMDSteps_1: 5800265
a_7_120.28_3_PC_BigMDSteps_1: 5800266
a_7_120.28_3_PC_BigMDSteps_1: 5800267
a_7_120.28_3_PC_BigMDSteps_1: 5800268
a_7_120.28_3_PC_BigMDSteps_1: 5800269
a_7_120.28_3_PC_BigMDSteps_1: 5800270
a_7_120.28_3_PC_BigMDSteps_1: 5800271
a_7_120.28_3_PC_BigMDSteps_1: 5800272
b_7_120.28_3_PC_BigMDSteps: 5800273
a_7_120.28_4_PC_BigMDSteps_1: 5800274
a_7_120.28_4_PC_BigMDSteps_1: 5800275
a_7_120.28_4_PC_BigMDSteps_1: 5800276
a_7_120.28_4_PC_BigMDSteps_1: 5800277
a_7_120.28_4_PC_BigMDSteps_1: 5800278
a_7_120.28_4_PC_BigMDSteps_1: 5800279
a_7_120.28_4_PC_BigMDSteps_1: 5800280
a_7_120.28_4_PC_BigMDSteps_1: 5800281
a_7_120.28_4_PC_BigMDSteps_1: 5800283
a_7_120.28_4_PC_BigMDSteps_1: 5800284
b_7_120.28_4_PC_BigMDSteps: 5800285
a_7_120.28_5_PC_BigMDSteps_1: 5800286
a_7_120.28_5_PC_BigMDSteps_1: 5800287
a_7_120.28_5_PC_BigMDSteps_1: 5800288
a_7_120.28_5_PC_BigMDSteps_1: 5800289
a_7_120.28_5_PC_BigMDSteps_1: 5800290
a_7_120.28_5_PC_BigMDSteps_1: 5800291
a_7_120.28_5_PC_BigMDSteps_1: 5800292
a_7_120.28_5_PC_BigMDSteps_1: 5800293
a_7_120.28_5_PC_BigMDSteps_1: 5800294
a_7_120.28_5_PC_BigMDSteps_1: 5800295
b_7_120.28_5_PC_BigMDSteps: 5800296
a_7_120.28_6_PC_BigMDSteps_1: 5800297
a_7_120.28_6_PC_BigMDSteps_1: 5800298
a_7_120.28_6_PC_BigMDSteps_1: 5800299
a_7_120.28_6_PC_BigMDSteps_1: 5800300
a_7_120.28_6_PC_BigMDSteps_1: 5800301
a_7_120.28_6_PC_BigMDSteps_1: 5800302
a_7_120.28_6_PC_BigMDSteps_1: 5800303
a_7_120.28_6_PC_BigMDSteps_1: 5800304
a_7_120.28_6_PC_BigMDSteps_1: 5800305
a_7_120.28_6_PC_BigMDSteps_1: 5800306
b_7_120.28_6_PC_BigMDSteps: 5800307
a_7_120.28_7_PC_BigMDSteps_1: 5800308
a_7_120.28_7_PC_BigMDSteps_1: 5800309
a_7_120.28_7_PC_BigMDSteps_1: 5800310
a_7_120.28_7_PC_BigMDSteps_1: 5800311
a_7_120.28_7_PC_BigMDSteps_1: 5800312
a_7_120.28_7_PC_BigMDSteps_1: 5800313
a_7_120.28_7_PC_BigMDSteps_1: 5800314
a_7_120.28_7_PC_BigMDSteps_1: 5800315
a_7_120.28_7_PC_BigMDSteps_1: 5800316
a_7_120.28_7_PC_BigMDSteps_1: 5800317
b_7_120.28_7_PC_BigMDSteps: 5800318
a_7_120.28_8_PC_BigMDSteps_1: 5800319
a_7_120.28_8_PC_BigMDSteps_1: 5800320
a_7_120.28_8_PC_BigMDSteps_1: 5800321
a_7_120.28_8_PC_BigMDSteps_1: 5800322
a_7_120.28_8_PC_BigMDSteps_1: 5800323
a_7_120.28_8_PC_BigMDSteps_1: 5800324
a_7_120.28_8_PC_BigMDSteps_1: 5800325
a_7_120.28_8_PC_BigMDSteps_1: 5800326
a_7_120.28_8_PC_BigMDSteps_1: 5800327
a_7_120.28_8_PC_BigMDSteps_1: 5800328
b_7_120.28_8_PC_BigMDSteps: 5800329
a_7_120.28_9_PC_BigMDSteps_1: 5800330
a_7_120.28_9_PC_BigMDSteps_1: 5800331
a_7_120.28_9_PC_BigMDSteps_1: 5800332
a_7_120.28_9_PC_BigMDSteps_1: 5800333
a_7_120.28_9_PC_BigMDSteps_1: 5800334
a_7_120.28_9_PC_BigMDSteps_1: 5800335
a_7_120.28_9_PC_BigMDSteps_1: 5800336
a_7_120.28_9_PC_BigMDSteps_1: 5800337
a_7_120.28_9_PC_BigMDSteps_1: 5800338
a_7_120.28_9_PC_BigMDSteps_1: 5800339
b_7_120.28_9_PC_BigMDSteps: 5800340
5800239,5800250,5800262,5800273,5800285,5800296,5800307,5800318,5800329,5800340
a_6_f_PC_BigMDSteps: 5800341
a_8_120.28_0_PC_BigMDSteps_1: 5800342
a_8_120.28_0_PC_BigMDSteps_1: 5800343
a_8_120.28_0_PC_BigMDSteps_1: 5800344
a_8_120.28_0_PC_BigMDSteps_1: 5800345
a_8_120.28_0_PC_BigMDSteps_1: 5800346
a_8_120.28_0_PC_BigMDSteps_1: 5800347
a_8_120.28_0_PC_BigMDSteps_1: 5800348
a_8_120.28_0_PC_BigMDSteps_1: 5800349
a_8_120.28_0_PC_BigMDSteps_1: 5800350
a_8_120.28_0_PC_BigMDSteps_1: 5800351
b_8_120.28_0_PC_BigMDSteps: 5800352
a_8_120.28_1_PC_BigMDSteps_1: 5800353
a_8_120.28_1_PC_BigMDSteps_1: 5800354
a_8_120.28_1_PC_BigMDSteps_1: 5800355
a_8_120.28_1_PC_BigMDSteps_1: 5800356
a_8_120.28_1_PC_BigMDSteps_1: 5800357
a_8_120.28_1_PC_BigMDSteps_1: 5800358
a_8_120.28_1_PC_BigMDSteps_1: 5800359
a_8_120.28_1_PC_BigMDSteps_1: 5800360
a_8_120.28_1_PC_BigMDSteps_1: 5800361
a_8_120.28_1_PC_BigMDSteps_1: 5800362
b_8_120.28_1_PC_BigMDSteps: 5800363
a_8_120.28_2_PC_BigMDSteps_1: 5800364
a_8_120.28_2_PC_BigMDSteps_1: 5800365
a_8_120.28_2_PC_BigMDSteps_1: 5800366
a_8_120.28_2_PC_BigMDSteps_1: 5800367
a_8_120.28_2_PC_BigMDSteps_1: 5800368
a_8_120.28_2_PC_BigMDSteps_1: 5800369
a_8_120.28_2_PC_BigMDSteps_1: 5800370
a_8_120.28_2_PC_BigMDSteps_1: 5800371
a_8_120.28_2_PC_BigMDSteps_1: 5800372
a_8_120.28_2_PC_BigMDSteps_1: 5800373
b_8_120.28_2_PC_BigMDSteps: 5800374
a_8_120.28_3_PC_BigMDSteps_1: 5800375
a_8_120.28_3_PC_BigMDSteps_1: 5800376
a_8_120.28_3_PC_BigMDSteps_1: 5800377
a_8_120.28_3_PC_BigMDSteps_1: 5800378
a_8_120.28_3_PC_BigMDSteps_1: 5800379
a_8_120.28_3_PC_BigMDSteps_1: 5800380
a_8_120.28_3_PC_BigMDSteps_1: 5800381
a_8_120.28_3_PC_BigMDSteps_1: 5800382
a_8_120.28_3_PC_BigMDSteps_1: 5800384
a_8_120.28_3_PC_BigMDSteps_1: 5800385
b_8_120.28_3_PC_BigMDSteps: 5800386
a_8_120.28_4_PC_BigMDSteps_1: 5800387
a_8_120.28_4_PC_BigMDSteps_1: 5800388
a_8_120.28_4_PC_BigMDSteps_1: 5800389
a_8_120.28_4_PC_BigMDSteps_1: 5800390
a_8_120.28_4_PC_BigMDSteps_1: 5800391
a_8_120.28_4_PC_BigMDSteps_1: 5800392
a_8_120.28_4_PC_BigMDSteps_1: 5800393
a_8_120.28_4_PC_BigMDSteps_1: 5800394
a_8_120.28_4_PC_BigMDSteps_1: 5800395
a_8_120.28_4_PC_BigMDSteps_1: 5800396
b_8_120.28_4_PC_BigMDSteps: 5800397
a_8_120.28_5_PC_BigMDSteps_1: 5800398
a_8_120.28_5_PC_BigMDSteps_1: 5800399
a_8_120.28_5_PC_BigMDSteps_1: 5800400
a_8_120.28_5_PC_BigMDSteps_1: 5800401
a_8_120.28_5_PC_BigMDSteps_1: 5800402
a_8_120.28_5_PC_BigMDSteps_1: 5800403
a_8_120.28_5_PC_BigMDSteps_1: 5800404
a_8_120.28_5_PC_BigMDSteps_1: 5800405
a_8_120.28_5_PC_BigMDSteps_1: 5800406
a_8_120.28_5_PC_BigMDSteps_1: 5800407
b_8_120.28_5_PC_BigMDSteps: 5800408
a_8_120.28_6_PC_BigMDSteps_1: 5800409
a_8_120.28_6_PC_BigMDSteps_1: 5800410
a_8_120.28_6_PC_BigMDSteps_1: 5800411
a_8_120.28_6_PC_BigMDSteps_1: 5800412
a_8_120.28_6_PC_BigMDSteps_1: 5800413
a_8_120.28_6_PC_BigMDSteps_1: 5800414
a_8_120.28_6_PC_BigMDSteps_1: 5800415
a_8_120.28_6_PC_BigMDSteps_1: 5800416
a_8_120.28_6_PC_BigMDSteps_1: 5800417
a_8_120.28_6_PC_BigMDSteps_1: 5800418
b_8_120.28_6_PC_BigMDSteps: 5800419
a_8_120.28_7_PC_BigMDSteps_1: 5800420
a_8_120.28_7_PC_BigMDSteps_1: 5800421
a_8_120.28_7_PC_BigMDSteps_1: 5800422
a_8_120.28_7_PC_BigMDSteps_1: 5800423
a_8_120.28_7_PC_BigMDSteps_1: 5800424
a_8_120.28_7_PC_BigMDSteps_1: 5800425
a_8_120.28_7_PC_BigMDSteps_1: 5800426
a_8_120.28_7_PC_BigMDSteps_1: 5800427
a_8_120.28_7_PC_BigMDSteps_1: 5800428
a_8_120.28_7_PC_BigMDSteps_1: 5800429
b_8_120.28_7_PC_BigMDSteps: 5800430
a_8_120.28_8_PC_BigMDSteps_1: 5800431
a_8_120.28_8_PC_BigMDSteps_1: 5800432
a_8_120.28_8_PC_BigMDSteps_1: 5800433
a_8_120.28_8_PC_BigMDSteps_1: 5800434
a_8_120.28_8_PC_BigMDSteps_1: 5800435
a_8_120.28_8_PC_BigMDSteps_1: 5800436
a_8_120.28_8_PC_BigMDSteps_1: 5800437
a_8_120.28_8_PC_BigMDSteps_1: 5800438
a_8_120.28_8_PC_BigMDSteps_1: 5800439
a_8_120.28_8_PC_BigMDSteps_1: 5800440
b_8_120.28_8_PC_BigMDSteps: 5800441
a_8_120.28_9_PC_BigMDSteps_1: 5800442
a_8_120.28_9_PC_BigMDSteps_1: 5800443
a_8_120.28_9_PC_BigMDSteps_1: 5800444
a_8_120.28_9_PC_BigMDSteps_1: 5800445
a_8_120.28_9_PC_BigMDSteps_1: 5800446
a_8_120.28_9_PC_BigMDSteps_1: 5800447
a_8_120.28_9_PC_BigMDSteps_1: 5800448
a_8_120.28_9_PC_BigMDSteps_1: 5800449
a_8_120.28_9_PC_BigMDSteps_1: 5800450
a_8_120.28_9_PC_BigMDSteps_1: 5800451
b_8_120.28_9_PC_BigMDSteps: 5800452
5800352,5800363,5800374,5800386,5800397,5800408,5800419,5800430,5800441,5800452
a_7_f_PC_BigMDSteps: 5800453
a_9_120.28_0_PC_BigMDSteps_1: 5800454
a_9_120.28_0_PC_BigMDSteps_1: 5800455
a_9_120.28_0_PC_BigMDSteps_1: 5800456
a_9_120.28_0_PC_BigMDSteps_1: 5800457
a_9_120.28_0_PC_BigMDSteps_1: 5800458
a_9_120.28_0_PC_BigMDSteps_1: 5800459
a_9_120.28_0_PC_BigMDSteps_1: 5800460
a_9_120.28_0_PC_BigMDSteps_1: 5800461
a_9_120.28_0_PC_BigMDSteps_1: 5800462
a_9_120.28_0_PC_BigMDSteps_1: 5800463
b_9_120.28_0_PC_BigMDSteps: 5800464
a_9_120.28_1_PC_BigMDSteps_1: 5800465
a_9_120.28_1_PC_BigMDSteps_1: 5800466
a_9_120.28_1_PC_BigMDSteps_1: 5800467
a_9_120.28_1_PC_BigMDSteps_1: 5800468
a_9_120.28_1_PC_BigMDSteps_1: 5800469
a_9_120.28_1_PC_BigMDSteps_1: 5800470
a_9_120.28_1_PC_BigMDSteps_1: 5800471
a_9_120.28_1_PC_BigMDSteps_1: 5800472
a_9_120.28_1_PC_BigMDSteps_1: 5800473
a_9_120.28_1_PC_BigMDSteps_1: 5800474
b_9_120.28_1_PC_BigMDSteps: 5800475
a_9_120.28_2_PC_BigMDSteps_1: 5800476
a_9_120.28_2_PC_BigMDSteps_1: 5800477
a_9_120.28_2_PC_BigMDSteps_1: 5800478
a_9_120.28_2_PC_BigMDSteps_1: 5800479
a_9_120.28_2_PC_BigMDSteps_1: 5800480
a_9_120.28_2_PC_BigMDSteps_1: 5800481
a_9_120.28_2_PC_BigMDSteps_1: 5800482
a_9_120.28_2_PC_BigMDSteps_1: 5800483
a_9_120.28_2_PC_BigMDSteps_1: 5800484
a_9_120.28_2_PC_BigMDSteps_1: 5800485
b_9_120.28_2_PC_BigMDSteps: 5800486
a_9_120.28_3_PC_BigMDSteps_1: 5800487
a_9_120.28_3_PC_BigMDSteps_1: 5800488
a_9_120.28_3_PC_BigMDSteps_1: 5800489
a_9_120.28_3_PC_BigMDSteps_1: 5800490
a_9_120.28_3_PC_BigMDSteps_1: 5800491
a_9_120.28_3_PC_BigMDSteps_1: 5800492
a_9_120.28_3_PC_BigMDSteps_1: 5800493
a_9_120.28_3_PC_BigMDSteps_1: 5800494
a_9_120.28_3_PC_BigMDSteps_1: 5800495
a_9_120.28_3_PC_BigMDSteps_1: 5800496
b_9_120.28_3_PC_BigMDSteps: 5800497
a_9_120.28_4_PC_BigMDSteps_1: 5800498
a_9_120.28_4_PC_BigMDSteps_1: 5800499
a_9_120.28_4_PC_BigMDSteps_1: 5800500
a_9_120.28_4_PC_BigMDSteps_1: 5800501
a_9_120.28_4_PC_BigMDSteps_1: 5800502
a_9_120.28_4_PC_BigMDSteps_1: 5800503
a_9_120.28_4_PC_BigMDSteps_1: 5800504
a_9_120.28_4_PC_BigMDSteps_1: 5800505
a_9_120.28_4_PC_BigMDSteps_1: 5800506
a_9_120.28_4_PC_BigMDSteps_1: 5800507
b_9_120.28_4_PC_BigMDSteps: 5800508
a_9_120.28_5_PC_BigMDSteps_1: 5800509
a_9_120.28_5_PC_BigMDSteps_1: 5800510
a_9_120.28_5_PC_BigMDSteps_1: 5800511
a_9_120.28_5_PC_BigMDSteps_1: 5800512
a_9_120.28_5_PC_BigMDSteps_1: 5800513
a_9_120.28_5_PC_BigMDSteps_1: 5800514
a_9_120.28_5_PC_BigMDSteps_1: 5800515
a_9_120.28_5_PC_BigMDSteps_1: 5800516
a_9_120.28_5_PC_BigMDSteps_1: 5800517
a_9_120.28_5_PC_BigMDSteps_1: 5800518
b_9_120.28_5_PC_BigMDSteps: 5800519
a_9_120.28_6_PC_BigMDSteps_1: 5800520
a_9_120.28_6_PC_BigMDSteps_1: 5800521
a_9_120.28_6_PC_BigMDSteps_1: 5800522
a_9_120.28_6_PC_BigMDSteps_1: 5800523
a_9_120.28_6_PC_BigMDSteps_1: 5800524
a_9_120.28_6_PC_BigMDSteps_1: 5800525
a_9_120.28_6_PC_BigMDSteps_1: 5800526
a_9_120.28_6_PC_BigMDSteps_1: 5800527
a_9_120.28_6_PC_BigMDSteps_1: 5800528
a_9_120.28_6_PC_BigMDSteps_1: 5800529
b_9_120.28_6_PC_BigMDSteps: 5800530
a_9_120.28_7_PC_BigMDSteps_1: 5800531
a_9_120.28_7_PC_BigMDSteps_1: 5800532
a_9_120.28_7_PC_BigMDSteps_1: 5800533
a_9_120.28_7_PC_BigMDSteps_1: 5800534
a_9_120.28_7_PC_BigMDSteps_1: 5800535
a_9_120.28_7_PC_BigMDSteps_1: 5800536
a_9_120.28_7_PC_BigMDSteps_1: 5800537
a_9_120.28_7_PC_BigMDSteps_1: 5800538
a_9_120.28_7_PC_BigMDSteps_1: 5800539
a_9_120.28_7_PC_BigMDSteps_1: 5800540
b_9_120.28_7_PC_BigMDSteps: 5800541
a_9_120.28_8_PC_BigMDSteps_1: 5800542
a_9_120.28_8_PC_BigMDSteps_1: 5800543
a_9_120.28_8_PC_BigMDSteps_1: 5800544
a_9_120.28_8_PC_BigMDSteps_1: 5800545
a_9_120.28_8_PC_BigMDSteps_1: 5800546
a_9_120.28_8_PC_BigMDSteps_1: 5800547
a_9_120.28_8_PC_BigMDSteps_1: 5800548
a_9_120.28_8_PC_BigMDSteps_1: 5800549
a_9_120.28_8_PC_BigMDSteps_1: 5800550
a_9_120.28_8_PC_BigMDSteps_1: 5800551
b_9_120.28_8_PC_BigMDSteps: 5800552
a_9_120.28_9_PC_BigMDSteps_1: 5800553
a_9_120.28_9_PC_BigMDSteps_1: 5800554
a_9_120.28_9_PC_BigMDSteps_1: 5800555
a_9_120.28_9_PC_BigMDSteps_1: 5800556
a_9_120.28_9_PC_BigMDSteps_1: 5800557
a_9_120.28_9_PC_BigMDSteps_1: 5800558
a_9_120.28_9_PC_BigMDSteps_1: 5800559
a_9_120.28_9_PC_BigMDSteps_1: 5800560
a_9_120.28_9_PC_BigMDSteps_1: 5800561
a_9_120.28_9_PC_BigMDSteps_1: 5800562
b_9_120.28_9_PC_BigMDSteps: 5800563
5800464,5800475,5800486,5800497,5800508,5800519,5800530,5800541,5800552,5800563
a_8_f_PC_BigMDSteps: 5800564
a_10_120.28_0_PC_BigMDSteps_1: 5800565
a_10_120.28_0_PC_BigMDSteps_1: 5800566
a_10_120.28_0_PC_BigMDSteps_1: 5800567
a_10_120.28_0_PC_BigMDSteps_1: 5800568
a_10_120.28_0_PC_BigMDSteps_1: 5800569
a_10_120.28_0_PC_BigMDSteps_1: 5800570
a_10_120.28_0_PC_BigMDSteps_1: 5800571
a_10_120.28_0_PC_BigMDSteps_1: 5800572
a_10_120.28_0_PC_BigMDSteps_1: 5800573
a_10_120.28_0_PC_BigMDSteps_1: 5800574
b_10_120.28_0_PC_BigMDSteps: 5800575
a_10_120.28_1_PC_BigMDSteps_1: 5800576
a_10_120.28_1_PC_BigMDSteps_1: 5800577
a_10_120.28_1_PC_BigMDSteps_1: 5800578
a_10_120.28_1_PC_BigMDSteps_1: 5800579
a_10_120.28_1_PC_BigMDSteps_1: 5800580
a_10_120.28_1_PC_BigMDSteps_1: 5800581
a_10_120.28_1_PC_BigMDSteps_1: 5800582
a_10_120.28_1_PC_BigMDSteps_1: 5800583
a_10_120.28_1_PC_BigMDSteps_1: 5800584
a_10_120.28_1_PC_BigMDSteps_1: 5800585
b_10_120.28_1_PC_BigMDSteps: 5800586
a_10_120.28_2_PC_BigMDSteps_1: 5800587
a_10_120.28_2_PC_BigMDSteps_1: 5800588
a_10_120.28_2_PC_BigMDSteps_1: 5800589
a_10_120.28_2_PC_BigMDSteps_1: 5800590
a_10_120.28_2_PC_BigMDSteps_1: 5800591
a_10_120.28_2_PC_BigMDSteps_1: 5800592
a_10_120.28_2_PC_BigMDSteps_1: 5800593
a_10_120.28_2_PC_BigMDSteps_1: 5800594
a_10_120.28_2_PC_BigMDSteps_1: 5800595
a_10_120.28_2_PC_BigMDSteps_1: 5800596
b_10_120.28_2_PC_BigMDSteps: 5800597
a_10_120.28_3_PC_BigMDSteps_1: 5800598
a_10_120.28_3_PC_BigMDSteps_1: 5800599
a_10_120.28_3_PC_BigMDSteps_1: 5800600
a_10_120.28_3_PC_BigMDSteps_1: 5800601
a_10_120.28_3_PC_BigMDSteps_1: 5800602
a_10_120.28_3_PC_BigMDSteps_1: 5800603
a_10_120.28_3_PC_BigMDSteps_1: 5800604
a_10_120.28_3_PC_BigMDSteps_1: 5800605
a_10_120.28_3_PC_BigMDSteps_1: 5800606
a_10_120.28_3_PC_BigMDSteps_1: 5800607
b_10_120.28_3_PC_BigMDSteps: 5800608
a_10_120.28_4_PC_BigMDSteps_1: 5800609
a_10_120.28_4_PC_BigMDSteps_1: 5800610
a_10_120.28_4_PC_BigMDSteps_1: 5800611
a_10_120.28_4_PC_BigMDSteps_1: 5800612
a_10_120.28_4_PC_BigMDSteps_1: 5800613
a_10_120.28_4_PC_BigMDSteps_1: 5800614
a_10_120.28_4_PC_BigMDSteps_1: 5800615
a_10_120.28_4_PC_BigMDSteps_1: 5800616
a_10_120.28_4_PC_BigMDSteps_1: 5800617
a_10_120.28_4_PC_BigMDSteps_1: 5800618
b_10_120.28_4_PC_BigMDSteps: 5800619
a_10_120.28_5_PC_BigMDSteps_1: 5800620
a_10_120.28_5_PC_BigMDSteps_1: 5800621
a_10_120.28_5_PC_BigMDSteps_1: 5800622
a_10_120.28_5_PC_BigMDSteps_1: 5800623
a_10_120.28_5_PC_BigMDSteps_1: 5800624
a_10_120.28_5_PC_BigMDSteps_1: 5800625
a_10_120.28_5_PC_BigMDSteps_1: 5800626
a_10_120.28_5_PC_BigMDSteps_1: 5800627
a_10_120.28_5_PC_BigMDSteps_1: 5800628
a_10_120.28_5_PC_BigMDSteps_1: 5800629
b_10_120.28_5_PC_BigMDSteps: 5800630
a_10_120.28_6_PC_BigMDSteps_1: 5800631
a_10_120.28_6_PC_BigMDSteps_1: 5800632
a_10_120.28_6_PC_BigMDSteps_1: 5800633
a_10_120.28_6_PC_BigMDSteps_1: 5800634
a_10_120.28_6_PC_BigMDSteps_1: 5800635
a_10_120.28_6_PC_BigMDSteps_1: 5800636
a_10_120.28_6_PC_BigMDSteps_1: 5800637
a_10_120.28_6_PC_BigMDSteps_1: 5800638
a_10_120.28_6_PC_BigMDSteps_1: 5800639
a_10_120.28_6_PC_BigMDSteps_1: 5800640
b_10_120.28_6_PC_BigMDSteps: 5800641
a_10_120.28_7_PC_BigMDSteps_1: 5800642
a_10_120.28_7_PC_BigMDSteps_1: 5800643
a_10_120.28_7_PC_BigMDSteps_1: 5800644
a_10_120.28_7_PC_BigMDSteps_1: 5800645
a_10_120.28_7_PC_BigMDSteps_1: 5800646
a_10_120.28_7_PC_BigMDSteps_1: 5800647
a_10_120.28_7_PC_BigMDSteps_1: 5800648
a_10_120.28_7_PC_BigMDSteps_1: 5800649
a_10_120.28_7_PC_BigMDSteps_1: 5800650
a_10_120.28_7_PC_BigMDSteps_1: 5800651
b_10_120.28_7_PC_BigMDSteps: 5800652
a_10_120.28_8_PC_BigMDSteps_1: 5800653
a_10_120.28_8_PC_BigMDSteps_1: 5800654
a_10_120.28_8_PC_BigMDSteps_1: 5800655
a_10_120.28_8_PC_BigMDSteps_1: 5800656
a_10_120.28_8_PC_BigMDSteps_1: 5800657
a_10_120.28_8_PC_BigMDSteps_1: 5800658
a_10_120.28_8_PC_BigMDSteps_1: 5800659
a_10_120.28_8_PC_BigMDSteps_1: 5800660
a_10_120.28_8_PC_BigMDSteps_1: 5800661
a_10_120.28_8_PC_BigMDSteps_1: 5800662
b_10_120.28_8_PC_BigMDSteps: 5800663
a_10_120.28_9_PC_BigMDSteps_1: 5800664
a_10_120.28_9_PC_BigMDSteps_1: 5800665
a_10_120.28_9_PC_BigMDSteps_1: 5800666
a_10_120.28_9_PC_BigMDSteps_1: 5800667
a_10_120.28_9_PC_BigMDSteps_1: 5800668
a_10_120.28_9_PC_BigMDSteps_1: 5800669
a_10_120.28_9_PC_BigMDSteps_1: 5800670
a_10_120.28_9_PC_BigMDSteps_1: 5800671
a_10_120.28_9_PC_BigMDSteps_1: 5800672
a_10_120.28_9_PC_BigMDSteps_1: 5800673
b_10_120.28_9_PC_BigMDSteps: 5800674
5800575,5800586,5800597,5800608,5800619,5800630,5800641,5800652,5800663,5800674
a_9_f_PC_BigMDSteps: 5800675
a_11_120.28_0_PC_BigMDSteps_1: 5800676
a_11_120.28_0_PC_BigMDSteps_1: 5800677
a_11_120.28_0_PC_BigMDSteps_1: 5800678
a_11_120.28_0_PC_BigMDSteps_1: 5800679
a_11_120.28_0_PC_BigMDSteps_1: 5800680
a_11_120.28_0_PC_BigMDSteps_1: 5800681
a_11_120.28_0_PC_BigMDSteps_1: 5800682
a_11_120.28_0_PC_BigMDSteps_1: 5800683
a_11_120.28_0_PC_BigMDSteps_1: 5800684
a_11_120.28_0_PC_BigMDSteps_1: 5800685
b_11_120.28_0_PC_BigMDSteps: 5800686
a_11_120.28_1_PC_BigMDSteps_1: 5800687
a_11_120.28_1_PC_BigMDSteps_1: 5800688
a_11_120.28_1_PC_BigMDSteps_1: 5800689
a_11_120.28_1_PC_BigMDSteps_1: 5800690
a_11_120.28_1_PC_BigMDSteps_1: 5800691
a_11_120.28_1_PC_BigMDSteps_1: 5800692
a_11_120.28_1_PC_BigMDSteps_1: 5800693
a_11_120.28_1_PC_BigMDSteps_1: 5800694
a_11_120.28_1_PC_BigMDSteps_1: 5800695
a_11_120.28_1_PC_BigMDSteps_1: 5800696
b_11_120.28_1_PC_BigMDSteps: 5800697
a_11_120.28_2_PC_BigMDSteps_1: 5800698
a_11_120.28_2_PC_BigMDSteps_1: 5800699
a_11_120.28_2_PC_BigMDSteps_1: 5800700
a_11_120.28_2_PC_BigMDSteps_1: 5800701
a_11_120.28_2_PC_BigMDSteps_1: 5800702
a_11_120.28_2_PC_BigMDSteps_1: 5800703
a_11_120.28_2_PC_BigMDSteps_1: 5800704
a_11_120.28_2_PC_BigMDSteps_1: 5800705
a_11_120.28_2_PC_BigMDSteps_1: 5800706
a_11_120.28_2_PC_BigMDSteps_1: 5800707
b_11_120.28_2_PC_BigMDSteps: 5800708
a_11_120.28_3_PC_BigMDSteps_1: 5800709
a_11_120.28_3_PC_BigMDSteps_1: 5800710
a_11_120.28_3_PC_BigMDSteps_1: 5800711
a_11_120.28_3_PC_BigMDSteps_1: 5800712
a_11_120.28_3_PC_BigMDSteps_1: 5800713
a_11_120.28_3_PC_BigMDSteps_1: 5800714
a_11_120.28_3_PC_BigMDSteps_1: 5800715
a_11_120.28_3_PC_BigMDSteps_1: 5800716
a_11_120.28_3_PC_BigMDSteps_1: 5800717
a_11_120.28_3_PC_BigMDSteps_1: 5800718
b_11_120.28_3_PC_BigMDSteps: 5800719
a_11_120.28_4_PC_BigMDSteps_1: 5800720
a_11_120.28_4_PC_BigMDSteps_1: 5800721
a_11_120.28_4_PC_BigMDSteps_1: 5800722
a_11_120.28_4_PC_BigMDSteps_1: 5800723
a_11_120.28_4_PC_BigMDSteps_1: 5800724
a_11_120.28_4_PC_BigMDSteps_1: 5800725
a_11_120.28_4_PC_BigMDSteps_1: 5800726
a_11_120.28_4_PC_BigMDSteps_1: 5800727
a_11_120.28_4_PC_BigMDSteps_1: 5800728
a_11_120.28_4_PC_BigMDSteps_1: 5800729
b_11_120.28_4_PC_BigMDSteps: 5800730
a_11_120.28_5_PC_BigMDSteps_1: 5800731
a_11_120.28_5_PC_BigMDSteps_1: 5800732
a_11_120.28_5_PC_BigMDSteps_1: 5800733
a_11_120.28_5_PC_BigMDSteps_1: 5800734
a_11_120.28_5_PC_BigMDSteps_1: 5800735
a_11_120.28_5_PC_BigMDSteps_1: 5800736
a_11_120.28_5_PC_BigMDSteps_1: 5800737
a_11_120.28_5_PC_BigMDSteps_1: 5800738
a_11_120.28_5_PC_BigMDSteps_1: 5800739
a_11_120.28_5_PC_BigMDSteps_1: 5800740
b_11_120.28_5_PC_BigMDSteps: 5800741
a_11_120.28_6_PC_BigMDSteps_1: 5800742
a_11_120.28_6_PC_BigMDSteps_1: 5800743
a_11_120.28_6_PC_BigMDSteps_1: 5800744
a_11_120.28_6_PC_BigMDSteps_1: 5800745
a_11_120.28_6_PC_BigMDSteps_1: 5800746
a_11_120.28_6_PC_BigMDSteps_1: 5800747
a_11_120.28_6_PC_BigMDSteps_1: 5800748
a_11_120.28_6_PC_BigMDSteps_1: 5800749
a_11_120.28_6_PC_BigMDSteps_1: 5800750
a_11_120.28_6_PC_BigMDSteps_1: 5800751
b_11_120.28_6_PC_BigMDSteps: 5800752
a_11_120.28_7_PC_BigMDSteps_1: 5800753
a_11_120.28_7_PC_BigMDSteps_1: 5800754
a_11_120.28_7_PC_BigMDSteps_1: 5800755
a_11_120.28_7_PC_BigMDSteps_1: 5800756
a_11_120.28_7_PC_BigMDSteps_1: 5800757
a_11_120.28_7_PC_BigMDSteps_1: 5800758
a_11_120.28_7_PC_BigMDSteps_1: 5800759
a_11_120.28_7_PC_BigMDSteps_1: 5800760
a_11_120.28_7_PC_BigMDSteps_1: 5800761
a_11_120.28_7_PC_BigMDSteps_1: 5800762
b_11_120.28_7_PC_BigMDSteps: 5800763
a_11_120.28_8_PC_BigMDSteps_1: 5800764
a_11_120.28_8_PC_BigMDSteps_1: 5800765
a_11_120.28_8_PC_BigMDSteps_1: 5800766
a_11_120.28_8_PC_BigMDSteps_1: 5800767
a_11_120.28_8_PC_BigMDSteps_1: 5800768
a_11_120.28_8_PC_BigMDSteps_1: 5800769
a_11_120.28_8_PC_BigMDSteps_1: 5800770
a_11_120.28_8_PC_BigMDSteps_1: 5800771
a_11_120.28_8_PC_BigMDSteps_1: 5800772
a_11_120.28_8_PC_BigMDSteps_1: 5800773
b_11_120.28_8_PC_BigMDSteps: 5800774
a_11_120.28_9_PC_BigMDSteps_1: 5800775
a_11_120.28_9_PC_BigMDSteps_1: 5800776
a_11_120.28_9_PC_BigMDSteps_1: 5800777
a_11_120.28_9_PC_BigMDSteps_1: 5800778
a_11_120.28_9_PC_BigMDSteps_1: 5800779
a_11_120.28_9_PC_BigMDSteps_1: 5800780
a_11_120.28_9_PC_BigMDSteps_1: 5800781
a_11_120.28_9_PC_BigMDSteps_1: 5800782
a_11_120.28_9_PC_BigMDSteps_1: 5800783
a_11_120.28_9_PC_BigMDSteps_1: 5800784
b_11_120.28_9_PC_BigMDSteps: 5800785
5800686,5800697,5800708,5800719,5800730,5800741,5800752,5800763,5800774,5800785
a_10_f_PC_BigMDSteps: 5800786
a_12_120.28_0_PC_BigMDSteps_1: 5800787
a_12_120.28_0_PC_BigMDSteps_1: 5800788
a_12_120.28_0_PC_BigMDSteps_1: 5800789
a_12_120.28_0_PC_BigMDSteps_1: 5800790
a_12_120.28_0_PC_BigMDSteps_1: 5800791
a_12_120.28_0_PC_BigMDSteps_1: 5800792
a_12_120.28_0_PC_BigMDSteps_1: 5800793
a_12_120.28_0_PC_BigMDSteps_1: 5800794
a_12_120.28_0_PC_BigMDSteps_1: 5800795
a_12_120.28_0_PC_BigMDSteps_1: 5800796
b_12_120.28_0_PC_BigMDSteps: 5800797
a_12_120.28_1_PC_BigMDSteps_1: 5800798
a_12_120.28_1_PC_BigMDSteps_1: 5800799
a_12_120.28_1_PC_BigMDSteps_1: 5800800
a_12_120.28_1_PC_BigMDSteps_1: 5800801
a_12_120.28_1_PC_BigMDSteps_1: 5800802
a_12_120.28_1_PC_BigMDSteps_1: 5800803
a_12_120.28_1_PC_BigMDSteps_1: 5800804
a_12_120.28_1_PC_BigMDSteps_1: 5800805
a_12_120.28_1_PC_BigMDSteps_1: 5800806
a_12_120.28_1_PC_BigMDSteps_1: 5800807
b_12_120.28_1_PC_BigMDSteps: 5800808
a_12_120.28_2_PC_BigMDSteps_1: 5800809
a_12_120.28_2_PC_BigMDSteps_1: 5800810
a_12_120.28_2_PC_BigMDSteps_1: 5800811
a_12_120.28_2_PC_BigMDSteps_1: 5800812
a_12_120.28_2_PC_BigMDSteps_1: 5800813
a_12_120.28_2_PC_BigMDSteps_1: 5800814
a_12_120.28_2_PC_BigMDSteps_1: 5800815
a_12_120.28_2_PC_BigMDSteps_1: 5800816
a_12_120.28_2_PC_BigMDSteps_1: 5800817
a_12_120.28_2_PC_BigMDSteps_1: 5800818
b_12_120.28_2_PC_BigMDSteps: 5800819
a_12_120.28_3_PC_BigMDSteps_1: 5800820
a_12_120.28_3_PC_BigMDSteps_1: 5800821
a_12_120.28_3_PC_BigMDSteps_1: 5800822
a_12_120.28_3_PC_BigMDSteps_1: 5800823
a_12_120.28_3_PC_BigMDSteps_1: 5800824
a_12_120.28_3_PC_BigMDSteps_1: 5800825
a_12_120.28_3_PC_BigMDSteps_1: 5800826
a_12_120.28_3_PC_BigMDSteps_1: 5800827
a_12_120.28_3_PC_BigMDSteps_1: 5800828
a_12_120.28_3_PC_BigMDSteps_1: 5800829
b_12_120.28_3_PC_BigMDSteps: 5800830
a_12_120.28_4_PC_BigMDSteps_1: 5800831
a_12_120.28_4_PC_BigMDSteps_1: 5800832
a_12_120.28_4_PC_BigMDSteps_1: 5800833
a_12_120.28_4_PC_BigMDSteps_1: 5800834
a_12_120.28_4_PC_BigMDSteps_1: 5800835
a_12_120.28_4_PC_BigMDSteps_1: 5800836
a_12_120.28_4_PC_BigMDSteps_1: 5800837
a_12_120.28_4_PC_BigMDSteps_1: 5800838
a_12_120.28_4_PC_BigMDSteps_1: 5800839
a_12_120.28_4_PC_BigMDSteps_1: 5800840
b_12_120.28_4_PC_BigMDSteps: 5800841
a_12_120.28_5_PC_BigMDSteps_1: 5800842
a_12_120.28_5_PC_BigMDSteps_1: 5800843
a_12_120.28_5_PC_BigMDSteps_1: 5800844
a_12_120.28_5_PC_BigMDSteps_1: 5800845
a_12_120.28_5_PC_BigMDSteps_1: 5800846
a_12_120.28_5_PC_BigMDSteps_1: 5800847
a_12_120.28_5_PC_BigMDSteps_1: 5800848
a_12_120.28_5_PC_BigMDSteps_1: 5800849
a_12_120.28_5_PC_BigMDSteps_1: 5800850
a_12_120.28_5_PC_BigMDSteps_1: 5800851
b_12_120.28_5_PC_BigMDSteps: 5800852
a_12_120.28_6_PC_BigMDSteps_1: 5800853
a_12_120.28_6_PC_BigMDSteps_1: 5800854
a_12_120.28_6_PC_BigMDSteps_1: 5800855
a_12_120.28_6_PC_BigMDSteps_1: 5800856
a_12_120.28_6_PC_BigMDSteps_1: 5800857
a_12_120.28_6_PC_BigMDSteps_1: 5800858
a_12_120.28_6_PC_BigMDSteps_1: 5800859
a_12_120.28_6_PC_BigMDSteps_1: 5800860
a_12_120.28_6_PC_BigMDSteps_1: 5800861
a_12_120.28_6_PC_BigMDSteps_1: 5800862
b_12_120.28_6_PC_BigMDSteps: 5800863
a_12_120.28_7_PC_BigMDSteps_1: 5800864
a_12_120.28_7_PC_BigMDSteps_1: 5800865
a_12_120.28_7_PC_BigMDSteps_1: 5800866
a_12_120.28_7_PC_BigMDSteps_1: 5800867
a_12_120.28_7_PC_BigMDSteps_1: 5800868
a_12_120.28_7_PC_BigMDSteps_1: 5800869
a_12_120.28_7_PC_BigMDSteps_1: 5800870
a_12_120.28_7_PC_BigMDSteps_1: 5800871
a_12_120.28_7_PC_BigMDSteps_1: 5800872
a_12_120.28_7_PC_BigMDSteps_1: 5800873
b_12_120.28_7_PC_BigMDSteps: 5800874
a_12_120.28_8_PC_BigMDSteps_1: 5800875
a_12_120.28_8_PC_BigMDSteps_1: 5800876
a_12_120.28_8_PC_BigMDSteps_1: 5800877
a_12_120.28_8_PC_BigMDSteps_1: 5800878
a_12_120.28_8_PC_BigMDSteps_1: 5800879
a_12_120.28_8_PC_BigMDSteps_1: 5800880
a_12_120.28_8_PC_BigMDSteps_1: 5800881
a_12_120.28_8_PC_BigMDSteps_1: 5800882
a_12_120.28_8_PC_BigMDSteps_1: 5800883
a_12_120.28_8_PC_BigMDSteps_1: 5800884
b_12_120.28_8_PC_BigMDSteps: 5800885
a_12_120.28_9_PC_BigMDSteps_1: 5800886
a_12_120.28_9_PC_BigMDSteps_1: 5800887
a_12_120.28_9_PC_BigMDSteps_1: 5800888
a_12_120.28_9_PC_BigMDSteps_1: 5800889
a_12_120.28_9_PC_BigMDSteps_1: 5800890
a_12_120.28_9_PC_BigMDSteps_1: 5800891
a_12_120.28_9_PC_BigMDSteps_1: 5800892
a_12_120.28_9_PC_BigMDSteps_1: 5800893
a_12_120.28_9_PC_BigMDSteps_1: 5800894
a_12_120.28_9_PC_BigMDSteps_1: 5800895
b_12_120.28_9_PC_BigMDSteps: 5800896
5800797,5800808,5800819,5800830,5800841,5800852,5800863,5800874,5800885,5800896
a_11_f_PC_BigMDSteps: 5800897
init: 5870599
a_13_120.28_0_PC_BigMDSteps_1: 5870600
a_13_120.28_0_PC_BigMDSteps_1: 5870601
a_13_120.28_0_PC_BigMDSteps_1: 5870602
a_13_120.28_0_PC_BigMDSteps_1: 5870603
a_13_120.28_0_PC_BigMDSteps_1: 5870604
a_13_120.28_0_PC_BigMDSteps_1: 5870605
a_13_120.28_0_PC_BigMDSteps_1: 5870606
a_13_120.28_0_PC_BigMDSteps_1: 5870607
a_13_120.28_0_PC_BigMDSteps_1: 5870609
a_13_120.28_0_PC_BigMDSteps_1: 5870610
b_13_120.28_0_PC_BigMDSteps: 5870611
a_13_120.28_1_PC_BigMDSteps_1: 5870612
a_13_120.28_1_PC_BigMDSteps_1: 5870613
a_13_120.28_1_PC_BigMDSteps_1: 5870614
a_13_120.28_1_PC_BigMDSteps_1: 5870615
a_13_120.28_1_PC_BigMDSteps_1: 5870616
a_13_120.28_1_PC_BigMDSteps_1: 5870617
a_13_120.28_1_PC_BigMDSteps_1: 5870618
a_13_120.28_1_PC_BigMDSteps_1: 5870619
a_13_120.28_1_PC_BigMDSteps_1: 5870620
a_13_120.28_1_PC_BigMDSteps_1: 5870621
b_13_120.28_1_PC_BigMDSteps: 5870622
a_13_120.28_2_PC_BigMDSteps_1: 5870623
a_13_120.28_2_PC_BigMDSteps_1: 5870624
a_13_120.28_2_PC_BigMDSteps_1: 5870625
a_13_120.28_2_PC_BigMDSteps_1: 5870626
a_13_120.28_2_PC_BigMDSteps_1: 5870627
a_13_120.28_2_PC_BigMDSteps_1: 5870628
a_13_120.28_2_PC_BigMDSteps_1: 5870629
a_13_120.28_2_PC_BigMDSteps_1: 5870630
a_13_120.28_2_PC_BigMDSteps_1: 5870631
a_13_120.28_2_PC_BigMDSteps_1: 5870632
b_13_120.28_2_PC_BigMDSteps: 5870633
a_13_120.28_3_PC_BigMDSteps_1: 5870634
a_13_120.28_3_PC_BigMDSteps_1: 5870635
a_13_120.28_3_PC_BigMDSteps_1: 5870636
a_13_120.28_3_PC_BigMDSteps_1: 5870637
a_13_120.28_3_PC_BigMDSteps_1: 5870638
a_13_120.28_3_PC_BigMDSteps_1: 5870639
a_13_120.28_3_PC_BigMDSteps_1: 5870640
a_13_120.28_3_PC_BigMDSteps_1: 5870641
a_13_120.28_3_PC_BigMDSteps_1: 5870642
a_13_120.28_3_PC_BigMDSteps_1: 5870643
b_13_120.28_3_PC_BigMDSteps: 5870644
a_13_120.28_4_PC_BigMDSteps_1: 5870645
a_13_120.28_4_PC_BigMDSteps_1: 5870646
a_13_120.28_4_PC_BigMDSteps_1: 5870647
a_13_120.28_4_PC_BigMDSteps_1: 5870648
a_13_120.28_4_PC_BigMDSteps_1: 5870649
a_13_120.28_4_PC_BigMDSteps_1: 5870650
a_13_120.28_4_PC_BigMDSteps_1: 5870651
a_13_120.28_4_PC_BigMDSteps_1: 5870652
a_13_120.28_4_PC_BigMDSteps_1: 5870653
a_13_120.28_4_PC_BigMDSteps_1: 5870654
b_13_120.28_4_PC_BigMDSteps: 5870655
a_13_120.28_5_PC_BigMDSteps_1: 5870656
a_13_120.28_5_PC_BigMDSteps_1: 5870657
a_13_120.28_5_PC_BigMDSteps_1: 5870658
a_13_120.28_5_PC_BigMDSteps_1: 5870659
a_13_120.28_5_PC_BigMDSteps_1: 5870660
a_13_120.28_5_PC_BigMDSteps_1: 5870661
a_13_120.28_5_PC_BigMDSteps_1: 5870662
a_13_120.28_5_PC_BigMDSteps_1: 5870663
a_13_120.28_5_PC_BigMDSteps_1: 5870664
a_13_120.28_5_PC_BigMDSteps_1: 5870665
b_13_120.28_5_PC_BigMDSteps: 5870666
a_13_120.28_6_PC_BigMDSteps_1: 5870667
a_13_120.28_6_PC_BigMDSteps_1: 5870668
a_13_120.28_6_PC_BigMDSteps_1: 5870669
a_13_120.28_6_PC_BigMDSteps_1: 5870670
a_13_120.28_6_PC_BigMDSteps_1: 5870671
a_13_120.28_6_PC_BigMDSteps_1: 5870672
a_13_120.28_6_PC_BigMDSteps_1: 5870673
a_13_120.28_6_PC_BigMDSteps_1: 5870674
a_13_120.28_6_PC_BigMDSteps_1: 5870675
a_13_120.28_6_PC_BigMDSteps_1: 5870676
b_13_120.28_6_PC_BigMDSteps: 5870677
a_13_120.28_7_PC_BigMDSteps_1: 5870678
a_13_120.28_7_PC_BigMDSteps_1: 5870679
a_13_120.28_7_PC_BigMDSteps_1: 5870680
a_13_120.28_7_PC_BigMDSteps_1: 5870681
a_13_120.28_7_PC_BigMDSteps_1: 5870682
a_13_120.28_7_PC_BigMDSteps_1: 5870683
a_13_120.28_7_PC_BigMDSteps_1: 5870684
a_13_120.28_7_PC_BigMDSteps_1: 5870685
a_13_120.28_7_PC_BigMDSteps_1: 5870686
a_13_120.28_7_PC_BigMDSteps_1: 5870687
b_13_120.28_7_PC_BigMDSteps: 5870688
a_13_120.28_8_PC_BigMDSteps_1: 5870689
a_13_120.28_8_PC_BigMDSteps_1: 5870690
a_13_120.28_8_PC_BigMDSteps_1: 5870691
a_13_120.28_8_PC_BigMDSteps_1: 5870692
a_13_120.28_8_PC_BigMDSteps_1: 5870693
a_13_120.28_8_PC_BigMDSteps_1: 5870694
a_13_120.28_8_PC_BigMDSteps_1: 5870695
a_13_120.28_8_PC_BigMDSteps_1: 5870696
a_13_120.28_8_PC_BigMDSteps_1: 5870697
a_13_120.28_8_PC_BigMDSteps_1: 5870698
b_13_120.28_8_PC_BigMDSteps: 5870699
a_13_120.28_9_PC_BigMDSteps_1: 5870700
a_13_120.28_9_PC_BigMDSteps_1: 5870701
a_13_120.28_9_PC_BigMDSteps_1: 5870702
a_13_120.28_9_PC_BigMDSteps_1: 5870703
a_13_120.28_9_PC_BigMDSteps_1: 5870704
a_13_120.28_9_PC_BigMDSteps_1: 5870705
a_13_120.28_9_PC_BigMDSteps_1: 5870706
a_13_120.28_9_PC_BigMDSteps_1: 5870707
a_13_120.28_9_PC_BigMDSteps_1: 5870708
a_13_120.28_9_PC_BigMDSteps_1: 5870709
b_13_120.28_9_PC_BigMDSteps: 5870710
5870611,5870622,5870633,5870644,5870655,5870666,5870677,5870688,5870699,5870710
a_12_f_PC_BigMDSteps: 5870711
a_14_120.28_0_PC_BigMDSteps_1: 5870712
a_14_120.28_0_PC_BigMDSteps_1: 5870713
a_14_120.28_0_PC_BigMDSteps_1: 5870714
a_14_120.28_0_PC_BigMDSteps_1: 5870715
a_14_120.28_0_PC_BigMDSteps_1: 5870716
a_14_120.28_0_PC_BigMDSteps_1: 5870717
a_14_120.28_0_PC_BigMDSteps_1: 5870718
a_14_120.28_0_PC_BigMDSteps_1: 5870719
a_14_120.28_0_PC_BigMDSteps_1: 5870720
a_14_120.28_0_PC_BigMDSteps_1: 5870721
b_14_120.28_0_PC_BigMDSteps: 5870723
a_14_120.28_1_PC_BigMDSteps_1: 5870724
a_14_120.28_1_PC_BigMDSteps_1: 5870725
a_14_120.28_1_PC_BigMDSteps_1: 5870726
a_14_120.28_1_PC_BigMDSteps_1: 5870727
a_14_120.28_1_PC_BigMDSteps_1: 5870728
a_14_120.28_1_PC_BigMDSteps_1: 5870729
a_14_120.28_1_PC_BigMDSteps_1: 5870731
a_14_120.28_1_PC_BigMDSteps_1: 5870732
a_14_120.28_1_PC_BigMDSteps_1: 5870733
a_14_120.28_1_PC_BigMDSteps_1: 5870734
b_14_120.28_1_PC_BigMDSteps: 5870735
a_14_120.28_2_PC_BigMDSteps_1: 5870736
a_14_120.28_2_PC_BigMDSteps_1: 5870737
a_14_120.28_2_PC_BigMDSteps_1: 5870738
a_14_120.28_2_PC_BigMDSteps_1: 5870739
a_14_120.28_2_PC_BigMDSteps_1: 5870740
a_14_120.28_2_PC_BigMDSteps_1: 5870741
a_14_120.28_2_PC_BigMDSteps_1: 5870742
a_14_120.28_2_PC_BigMDSteps_1: 5870743
a_14_120.28_2_PC_BigMDSteps_1: 5870744
a_14_120.28_2_PC_BigMDSteps_1: 5870745
b_14_120.28_2_PC_BigMDSteps: 5870746
a_14_120.28_3_PC_BigMDSteps_1: 5870747
a_14_120.28_3_PC_BigMDSteps_1: 5870748
a_14_120.28_3_PC_BigMDSteps_1: 5870749
a_14_120.28_3_PC_BigMDSteps_1: 5870750
a_14_120.28_3_PC_BigMDSteps_1: 5870751
a_14_120.28_3_PC_BigMDSteps_1: 5870752
a_14_120.28_3_PC_BigMDSteps_1: 5870753
a_14_120.28_3_PC_BigMDSteps_1: 5870754
a_14_120.28_3_PC_BigMDSteps_1: 5870755
a_14_120.28_3_PC_BigMDSteps_1: 5870756
b_14_120.28_3_PC_BigMDSteps: 5870757
a_14_120.28_4_PC_BigMDSteps_1: 5870758
a_14_120.28_4_PC_BigMDSteps_1: 5870759
a_14_120.28_4_PC_BigMDSteps_1: 5870760
a_14_120.28_4_PC_BigMDSteps_1: 5870761
a_14_120.28_4_PC_BigMDSteps_1: 5870762
a_14_120.28_4_PC_BigMDSteps_1: 5870763
a_14_120.28_4_PC_BigMDSteps_1: 5870764
a_14_120.28_4_PC_BigMDSteps_1: 5870765
a_14_120.28_4_PC_BigMDSteps_1: 5870766
a_14_120.28_4_PC_BigMDSteps_1: 5870767
b_14_120.28_4_PC_BigMDSteps: 5870768
a_14_120.28_5_PC_BigMDSteps_1: 5870769
a_14_120.28_5_PC_BigMDSteps_1: 5870770
a_14_120.28_5_PC_BigMDSteps_1: 5870771
a_14_120.28_5_PC_BigMDSteps_1: 5870772
a_14_120.28_5_PC_BigMDSteps_1: 5870773
a_14_120.28_5_PC_BigMDSteps_1: 5870774
a_14_120.28_5_PC_BigMDSteps_1: 5870775
a_14_120.28_5_PC_BigMDSteps_1: 5870776
a_14_120.28_5_PC_BigMDSteps_1: 5870777
a_14_120.28_5_PC_BigMDSteps_1: 5870778
b_14_120.28_5_PC_BigMDSteps: 5870779
a_14_120.28_6_PC_BigMDSteps_1: 5870780
a_14_120.28_6_PC_BigMDSteps_1: 5870781
a_14_120.28_6_PC_BigMDSteps_1: 5870782
a_14_120.28_6_PC_BigMDSteps_1: 5870783
a_14_120.28_6_PC_BigMDSteps_1: 5870784
a_14_120.28_6_PC_BigMDSteps_1: 5870785
a_14_120.28_6_PC_BigMDSteps_1: 5870786
a_14_120.28_6_PC_BigMDSteps_1: 5870787
a_14_120.28_6_PC_BigMDSteps_1: 5870788
a_14_120.28_6_PC_BigMDSteps_1: 5870789
b_14_120.28_6_PC_BigMDSteps: 5870790
a_14_120.28_7_PC_BigMDSteps_1: 5870791
a_14_120.28_7_PC_BigMDSteps_1: 5870792
a_14_120.28_7_PC_BigMDSteps_1: 5870793
a_14_120.28_7_PC_BigMDSteps_1: 5870794
a_14_120.28_7_PC_BigMDSteps_1: 5870795
a_14_120.28_7_PC_BigMDSteps_1: 5870796
a_14_120.28_7_PC_BigMDSteps_1: 5870797
a_14_120.28_7_PC_BigMDSteps_1: 5870798
a_14_120.28_7_PC_BigMDSteps_1: 5870799
a_14_120.28_7_PC_BigMDSteps_1: 5870800
b_14_120.28_7_PC_BigMDSteps: 5870801
a_14_120.28_8_PC_BigMDSteps_1: 5870802
a_14_120.28_8_PC_BigMDSteps_1: 5870803
a_14_120.28_8_PC_BigMDSteps_1: 5870804
a_14_120.28_8_PC_BigMDSteps_1: 5870805
a_14_120.28_8_PC_BigMDSteps_1: 5870806
a_14_120.28_8_PC_BigMDSteps_1: 5870807
a_14_120.28_8_PC_BigMDSteps_1: 5870808
a_14_120.28_8_PC_BigMDSteps_1: 5870809
a_14_120.28_8_PC_BigMDSteps_1: 5870810
a_14_120.28_8_PC_BigMDSteps_1: 5870811
b_14_120.28_8_PC_BigMDSteps: 5870812
a_14_120.28_9_PC_BigMDSteps_1: 5870813
a_14_120.28_9_PC_BigMDSteps_1: 5870814
a_14_120.28_9_PC_BigMDSteps_1: 5870815
a_14_120.28_9_PC_BigMDSteps_1: 5870816
a_14_120.28_9_PC_BigMDSteps_1: 5870817
a_14_120.28_9_PC_BigMDSteps_1: 5870818
a_14_120.28_9_PC_BigMDSteps_1: 5870819
a_14_120.28_9_PC_BigMDSteps_1: 5870820
a_14_120.28_9_PC_BigMDSteps_1: 5870821
a_14_120.28_9_PC_BigMDSteps_1: 5870822
b_14_120.28_9_PC_BigMDSteps: 5870823
5870723,5870735,5870746,5870757,5870768,5870779,5870790,5870801,5870812,5870823
a_13_f_PC_BigMDSteps: 5870824
a_15_120.28_0_PC_BigMDSteps_1: 5870825
a_15_120.28_0_PC_BigMDSteps_1: 5870826
a_15_120.28_0_PC_BigMDSteps_1: 5870827
a_15_120.28_0_PC_BigMDSteps_1: 5870828
a_15_120.28_0_PC_BigMDSteps_1: 5870829
a_15_120.28_0_PC_BigMDSteps_1: 5870830
a_15_120.28_0_PC_BigMDSteps_1: 5870831
a_15_120.28_0_PC_BigMDSteps_1: 5870832
a_15_120.28_0_PC_BigMDSteps_1: 5870833
a_15_120.28_0_PC_BigMDSteps_1: 5870834
b_15_120.28_0_PC_BigMDSteps: 5870835
a_15_120.28_1_PC_BigMDSteps_1: 5870836
a_15_120.28_1_PC_BigMDSteps_1: 5870837
a_15_120.28_1_PC_BigMDSteps_1: 5870838
a_15_120.28_1_PC_BigMDSteps_1: 5870839
a_15_120.28_1_PC_BigMDSteps_1: 5870840
a_15_120.28_1_PC_BigMDSteps_1: 5870841
a_15_120.28_1_PC_BigMDSteps_1: 5870842
a_15_120.28_1_PC_BigMDSteps_1: 5870843
a_15_120.28_1_PC_BigMDSteps_1: 5870844
a_15_120.28_1_PC_BigMDSteps_1: 5870845
b_15_120.28_1_PC_BigMDSteps: 5870846
a_15_120.28_2_PC_BigMDSteps_1: 5870847
a_15_120.28_2_PC_BigMDSteps_1: 5870848
a_15_120.28_2_PC_BigMDSteps_1: 5870849
a_15_120.28_2_PC_BigMDSteps_1: 5870850
a_15_120.28_2_PC_BigMDSteps_1: 5870851
a_15_120.28_2_PC_BigMDSteps_1: 5870852
a_15_120.28_2_PC_BigMDSteps_1: 5870853
a_15_120.28_2_PC_BigMDSteps_1: 5870854
a_15_120.28_2_PC_BigMDSteps_1: 5870855
a_15_120.28_2_PC_BigMDSteps_1: 5870856
b_15_120.28_2_PC_BigMDSteps: 5870857
a_15_120.28_3_PC_BigMDSteps_1: 5870858
a_15_120.28_3_PC_BigMDSteps_1: 5870859
a_15_120.28_3_PC_BigMDSteps_1: 5870860
a_15_120.28_3_PC_BigMDSteps_1: 5870862
a_15_120.28_3_PC_BigMDSteps_1: 5870863
a_15_120.28_3_PC_BigMDSteps_1: 5870864
a_15_120.28_3_PC_BigMDSteps_1: 5870865
a_15_120.28_3_PC_BigMDSteps_1: 5870866
a_15_120.28_3_PC_BigMDSteps_1: 5870867
a_15_120.28_3_PC_BigMDSteps_1: 5870868
b_15_120.28_3_PC_BigMDSteps: 5870869
a_15_120.28_4_PC_BigMDSteps_1: 5870870
a_15_120.28_4_PC_BigMDSteps_1: 5870871
a_15_120.28_4_PC_BigMDSteps_1: 5870872
a_15_120.28_4_PC_BigMDSteps_1: 5870873
a_15_120.28_4_PC_BigMDSteps_1: 5870874
a_15_120.28_4_PC_BigMDSteps_1: 5870875
a_15_120.28_4_PC_BigMDSteps_1: 5870876
a_15_120.28_4_PC_BigMDSteps_1: 5870877
a_15_120.28_4_PC_BigMDSteps_1: 5870878
a_15_120.28_4_PC_BigMDSteps_1: 5870879
b_15_120.28_4_PC_BigMDSteps: 5870880
a_15_120.28_5_PC_BigMDSteps_1: 5870881
a_15_120.28_5_PC_BigMDSteps_1: 5870882
a_15_120.28_5_PC_BigMDSteps_1: 5870883
a_15_120.28_5_PC_BigMDSteps_1: 5870884
a_15_120.28_5_PC_BigMDSteps_1: 5870885
a_15_120.28_5_PC_BigMDSteps_1: 5870886
a_15_120.28_5_PC_BigMDSteps_1: 5870887
a_15_120.28_5_PC_BigMDSteps_1: 5870888
a_15_120.28_5_PC_BigMDSteps_1: 5870889
a_15_120.28_5_PC_BigMDSteps_1: 5870890
b_15_120.28_5_PC_BigMDSteps: 5870891
a_15_120.28_6_PC_BigMDSteps_1: 5870892
a_15_120.28_6_PC_BigMDSteps_1: 5870893
a_15_120.28_6_PC_BigMDSteps_1: 5870894
a_15_120.28_6_PC_BigMDSteps_1: 5870895
a_15_120.28_6_PC_BigMDSteps_1: 5870896
a_15_120.28_6_PC_BigMDSteps_1: 5870897
a_15_120.28_6_PC_BigMDSteps_1: 5870898
a_15_120.28_6_PC_BigMDSteps_1: 5870899
a_15_120.28_6_PC_BigMDSteps_1: 5870900
a_15_120.28_6_PC_BigMDSteps_1: 5870901
b_15_120.28_6_PC_BigMDSteps: 5870902
a_15_120.28_7_PC_BigMDSteps_1: 5870903
a_15_120.28_7_PC_BigMDSteps_1: 5870904
a_15_120.28_7_PC_BigMDSteps_1: 5870905
a_15_120.28_7_PC_BigMDSteps_1: 5870906
a_15_120.28_7_PC_BigMDSteps_1: 5870907
a_15_120.28_7_PC_BigMDSteps_1: 5870908
a_15_120.28_7_PC_BigMDSteps_1: 5870909
a_15_120.28_7_PC_BigMDSteps_1: 5870910
a_15_120.28_7_PC_BigMDSteps_1: 5870911
a_15_120.28_7_PC_BigMDSteps_1: 5870912
b_15_120.28_7_PC_BigMDSteps: 5870913
a_15_120.28_8_PC_BigMDSteps_1: 5870914
a_15_120.28_8_PC_BigMDSteps_1: 5870915
a_15_120.28_8_PC_BigMDSteps_1: 5870916
a_15_120.28_8_PC_BigMDSteps_1: 5870917
a_15_120.28_8_PC_BigMDSteps_1: 5870918
a_15_120.28_8_PC_BigMDSteps_1: 5870919
a_15_120.28_8_PC_BigMDSteps_1: 5870920
a_15_120.28_8_PC_BigMDSteps_1: 5870921
a_15_120.28_8_PC_BigMDSteps_1: 5870922
a_15_120.28_8_PC_BigMDSteps_1: 5870923
b_15_120.28_8_PC_BigMDSteps: 5870924
a_15_120.28_9_PC_BigMDSteps_1: 5870925
a_15_120.28_9_PC_BigMDSteps_1: 5870926
a_15_120.28_9_PC_BigMDSteps_1: 5870927
a_15_120.28_9_PC_BigMDSteps_1: 5870928
a_15_120.28_9_PC_BigMDSteps_1: 5870929
a_15_120.28_9_PC_BigMDSteps_1: 5870930
a_15_120.28_9_PC_BigMDSteps_1: 5870931
a_15_120.28_9_PC_BigMDSteps_1: 5870932
a_15_120.28_9_PC_BigMDSteps_1: 5870933
a_15_120.28_9_PC_BigMDSteps_1: 5870934
b_15_120.28_9_PC_BigMDSteps: 5870935
5870835,5870846,5870857,5870869,5870880,5870891,5870902,5870913,5870924,5870935
a_14_f_PC_BigMDSteps: 5870936
a_16_120.28_0_PC_BigMDSteps_1: 5870937
a_16_120.28_0_PC_BigMDSteps_1: 5870938
a_16_120.28_0_PC_BigMDSteps_1: 5870939
a_16_120.28_0_PC_BigMDSteps_1: 5870940
a_16_120.28_0_PC_BigMDSteps_1: 5870941
a_16_120.28_0_PC_BigMDSteps_1: 5870942
a_16_120.28_0_PC_BigMDSteps_1: 5870943
a_16_120.28_0_PC_BigMDSteps_1: 5870944
a_16_120.28_0_PC_BigMDSteps_1: 5870945
a_16_120.28_0_PC_BigMDSteps_1: 5870946
b_16_120.28_0_PC_BigMDSteps: 5870947
a_16_120.28_1_PC_BigMDSteps_1: 5870948
a_16_120.28_1_PC_BigMDSteps_1: 5870949
a_16_120.28_1_PC_BigMDSteps_1: 5870950
a_16_120.28_1_PC_BigMDSteps_1: 5870951
a_16_120.28_1_PC_BigMDSteps_1: 5870952
a_16_120.28_1_PC_BigMDSteps_1: 5870953
a_16_120.28_1_PC_BigMDSteps_1: 5870954
a_16_120.28_1_PC_BigMDSteps_1: 5870955
a_16_120.28_1_PC_BigMDSteps_1: 5870956
a_16_120.28_1_PC_BigMDSteps_1: 5870957
b_16_120.28_1_PC_BigMDSteps: 5870958
a_16_120.28_2_PC_BigMDSteps_1: 5870959
a_16_120.28_2_PC_BigMDSteps_1: 5870960
a_16_120.28_2_PC_BigMDSteps_1: 5870961
a_16_120.28_2_PC_BigMDSteps_1: 5870962
a_16_120.28_2_PC_BigMDSteps_1: 5870963
a_16_120.28_2_PC_BigMDSteps_1: 5870964
a_16_120.28_2_PC_BigMDSteps_1: 5870965
a_16_120.28_2_PC_BigMDSteps_1: 5870966
a_16_120.28_2_PC_BigMDSteps_1: 5870967
a_16_120.28_2_PC_BigMDSteps_1: 5870968
b_16_120.28_2_PC_BigMDSteps: 5870969
a_16_120.28_3_PC_BigMDSteps_1: 5870970
a_16_120.28_3_PC_BigMDSteps_1: 5870971
a_16_120.28_3_PC_BigMDSteps_1: 5870972
a_16_120.28_3_PC_BigMDSteps_1: 5870973
a_16_120.28_3_PC_BigMDSteps_1: 5870974
a_16_120.28_3_PC_BigMDSteps_1: 5870975
a_16_120.28_3_PC_BigMDSteps_1: 5870976
a_16_120.28_3_PC_BigMDSteps_1: 5870977
a_16_120.28_3_PC_BigMDSteps_1: 5870978
a_16_120.28_3_PC_BigMDSteps_1: 5870979
b_16_120.28_3_PC_BigMDSteps: 5870980
a_16_120.28_4_PC_BigMDSteps_1: 5870981
a_16_120.28_4_PC_BigMDSteps_1: 5870982
a_16_120.28_4_PC_BigMDSteps_1: 5870983
a_16_120.28_4_PC_BigMDSteps_1: 5870984
a_16_120.28_4_PC_BigMDSteps_1: 5870985
a_16_120.28_4_PC_BigMDSteps_1: 5870986
a_16_120.28_4_PC_BigMDSteps_1: 5870987
a_16_120.28_4_PC_BigMDSteps_1: 5870988
a_16_120.28_4_PC_BigMDSteps_1: 5870989
a_16_120.28_4_PC_BigMDSteps_1: 5870990
b_16_120.28_4_PC_BigMDSteps: 5870991
a_16_120.28_5_PC_BigMDSteps_1: 5870992
a_16_120.28_5_PC_BigMDSteps_1: 5870993
a_16_120.28_5_PC_BigMDSteps_1: 5870994
a_16_120.28_5_PC_BigMDSteps_1: 5870995
a_16_120.28_5_PC_BigMDSteps_1: 5870996
a_16_120.28_5_PC_BigMDSteps_1: 5870997
a_16_120.28_5_PC_BigMDSteps_1: 5870998
a_16_120.28_5_PC_BigMDSteps_1: 5870999
a_16_120.28_5_PC_BigMDSteps_1: 5871000
a_16_120.28_5_PC_BigMDSteps_1: 5871001
b_16_120.28_5_PC_BigMDSteps: 5871002
a_16_120.28_6_PC_BigMDSteps_1: 5871003
a_16_120.28_6_PC_BigMDSteps_1: 5871004
a_16_120.28_6_PC_BigMDSteps_1: 5871005
a_16_120.28_6_PC_BigMDSteps_1: 5871006
a_16_120.28_6_PC_BigMDSteps_1: 5871007
a_16_120.28_6_PC_BigMDSteps_1: 5871008
a_16_120.28_6_PC_BigMDSteps_1: 5871009
a_16_120.28_6_PC_BigMDSteps_1: 5871010
a_16_120.28_6_PC_BigMDSteps_1: 5871011
a_16_120.28_6_PC_BigMDSteps_1: 5871012
b_16_120.28_6_PC_BigMDSteps: 5871013
a_16_120.28_7_PC_BigMDSteps_1: 5871014
a_16_120.28_7_PC_BigMDSteps_1: 5871015
a_16_120.28_7_PC_BigMDSteps_1: 5871016
a_16_120.28_7_PC_BigMDSteps_1: 5871017
a_16_120.28_7_PC_BigMDSteps_1: 5871018
a_16_120.28_7_PC_BigMDSteps_1: 5871019
a_16_120.28_7_PC_BigMDSteps_1: 5871020
a_16_120.28_7_PC_BigMDSteps_1: 5871021
a_16_120.28_7_PC_BigMDSteps_1: 5871022
a_16_120.28_7_PC_BigMDSteps_1: 5871023
b_16_120.28_7_PC_BigMDSteps: 5871024
a_16_120.28_8_PC_BigMDSteps_1: 5871025
a_16_120.28_8_PC_BigMDSteps_1: 5871026
a_16_120.28_8_PC_BigMDSteps_1: 5871027
a_16_120.28_8_PC_BigMDSteps_1: 5871028
a_16_120.28_8_PC_BigMDSteps_1: 5871029
a_16_120.28_8_PC_BigMDSteps_1: 5871030
a_16_120.28_8_PC_BigMDSteps_1: 5871031
a_16_120.28_8_PC_BigMDSteps_1: 5871032
a_16_120.28_8_PC_BigMDSteps_1: 5871033
a_16_120.28_8_PC_BigMDSteps_1: 5871034
b_16_120.28_8_PC_BigMDSteps: 5871035
a_16_120.28_9_PC_BigMDSteps_1: 5871036
a_16_120.28_9_PC_BigMDSteps_1: 5871037
a_16_120.28_9_PC_BigMDSteps_1: 5871038
a_16_120.28_9_PC_BigMDSteps_1: 5871039
a_16_120.28_9_PC_BigMDSteps_1: 5871040
a_16_120.28_9_PC_BigMDSteps_1: 5871041
a_16_120.28_9_PC_BigMDSteps_1: 5871042
a_16_120.28_9_PC_BigMDSteps_1: 5871043
a_16_120.28_9_PC_BigMDSteps_1: 5871044
a_16_120.28_9_PC_BigMDSteps_1: 5871045
b_16_120.28_9_PC_BigMDSteps: 5871046
5870947,5870958,5870969,5870980,5870991,5871002,5871013,5871024,5871035,5871046
a_15_f_PC_BigMDSteps: 5871047
a_17_120.28_0_PC_BigMDSteps_1: 5871048
a_17_120.28_0_PC_BigMDSteps_1: 5871049
a_17_120.28_0_PC_BigMDSteps_1: 5871050
a_17_120.28_0_PC_BigMDSteps_1: 5871051
a_17_120.28_0_PC_BigMDSteps_1: 5871052
a_17_120.28_0_PC_BigMDSteps_1: 5871053
a_17_120.28_0_PC_BigMDSteps_1: 5871054
a_17_120.28_0_PC_BigMDSteps_1: 5871055
a_17_120.28_0_PC_BigMDSteps_1: 5871056
a_17_120.28_0_PC_BigMDSteps_1: 5871057
b_17_120.28_0_PC_BigMDSteps: 5871058
a_17_120.28_1_PC_BigMDSteps_1: 5871059
a_17_120.28_1_PC_BigMDSteps_1: 5871060
a_17_120.28_1_PC_BigMDSteps_1: 5871061
a_17_120.28_1_PC_BigMDSteps_1: 5871062
a_17_120.28_1_PC_BigMDSteps_1: 5871063
a_17_120.28_1_PC_BigMDSteps_1: 5871064
a_17_120.28_1_PC_BigMDSteps_1: 5871065
a_17_120.28_1_PC_BigMDSteps_1: 5871066
a_17_120.28_1_PC_BigMDSteps_1: 5871067
a_17_120.28_1_PC_BigMDSteps_1: 5871068
b_17_120.28_1_PC_BigMDSteps: 5871069
a_17_120.28_2_PC_BigMDSteps_1: 5871070
a_17_120.28_2_PC_BigMDSteps_1: 5871071
a_17_120.28_2_PC_BigMDSteps_1: 5871072
a_17_120.28_2_PC_BigMDSteps_1: 5871073
a_17_120.28_2_PC_BigMDSteps_1: 5871074
a_17_120.28_2_PC_BigMDSteps_1: 5871075
a_17_120.28_2_PC_BigMDSteps_1: 5871076
a_17_120.28_2_PC_BigMDSteps_1: 5871077
a_17_120.28_2_PC_BigMDSteps_1: 5871078
a_17_120.28_2_PC_BigMDSteps_1: 5871079
b_17_120.28_2_PC_BigMDSteps: 5871080
a_17_120.28_3_PC_BigMDSteps_1: 5871081
a_17_120.28_3_PC_BigMDSteps_1: 5871082
a_17_120.28_3_PC_BigMDSteps_1: 5871083
a_17_120.28_3_PC_BigMDSteps_1: 5871084
a_17_120.28_3_PC_BigMDSteps_1: 5871085
a_17_120.28_3_PC_BigMDSteps_1: 5871086
a_17_120.28_3_PC_BigMDSteps_1: 5871087
a_17_120.28_3_PC_BigMDSteps_1: 5871088
a_17_120.28_3_PC_BigMDSteps_1: 5871089
a_17_120.28_3_PC_BigMDSteps_1: 5871090
b_17_120.28_3_PC_BigMDSteps: 5871091
a_17_120.28_4_PC_BigMDSteps_1: 5871092
a_17_120.28_4_PC_BigMDSteps_1: 5871093
a_17_120.28_4_PC_BigMDSteps_1: 5871094
a_17_120.28_4_PC_BigMDSteps_1: 5871095
a_17_120.28_4_PC_BigMDSteps_1: 5871096
a_17_120.28_4_PC_BigMDSteps_1: 5871097
a_17_120.28_4_PC_BigMDSteps_1: 5871098
a_17_120.28_4_PC_BigMDSteps_1: 5871099
a_17_120.28_4_PC_BigMDSteps_1: 5871100
a_17_120.28_4_PC_BigMDSteps_1: 5871101
b_17_120.28_4_PC_BigMDSteps: 5871102
a_17_120.28_5_PC_BigMDSteps_1: 5871103
a_17_120.28_5_PC_BigMDSteps_1: 5871104
a_17_120.28_5_PC_BigMDSteps_1: 5871105
a_17_120.28_5_PC_BigMDSteps_1: 5871106
a_17_120.28_5_PC_BigMDSteps_1: 5871107
a_17_120.28_5_PC_BigMDSteps_1: 5871108
a_17_120.28_5_PC_BigMDSteps_1: 5871109
a_17_120.28_5_PC_BigMDSteps_1: 5871110
a_17_120.28_5_PC_BigMDSteps_1: 5871111
a_17_120.28_5_PC_BigMDSteps_1: 5871112
b_17_120.28_5_PC_BigMDSteps: 5871113
a_17_120.28_6_PC_BigMDSteps_1: 5871114
a_17_120.28_6_PC_BigMDSteps_1: 5871115
a_17_120.28_6_PC_BigMDSteps_1: 5871116
a_17_120.28_6_PC_BigMDSteps_1: 5871117
a_17_120.28_6_PC_BigMDSteps_1: 5871118
a_17_120.28_6_PC_BigMDSteps_1: 5871119
a_17_120.28_6_PC_BigMDSteps_1: 5871120
a_17_120.28_6_PC_BigMDSteps_1: 5871121
a_17_120.28_6_PC_BigMDSteps_1: 5871122
a_17_120.28_6_PC_BigMDSteps_1: 5871123
b_17_120.28_6_PC_BigMDSteps: 5871124
a_17_120.28_7_PC_BigMDSteps_1: 5871125
a_17_120.28_7_PC_BigMDSteps_1: 5871126
a_17_120.28_7_PC_BigMDSteps_1: 5871127
a_17_120.28_7_PC_BigMDSteps_1: 5871128
a_17_120.28_7_PC_BigMDSteps_1: 5871129
a_17_120.28_7_PC_BigMDSteps_1: 5871130
a_17_120.28_7_PC_BigMDSteps_1: 5871131
a_17_120.28_7_PC_BigMDSteps_1: 5871132
a_17_120.28_7_PC_BigMDSteps_1: 5871133
a_17_120.28_7_PC_BigMDSteps_1: 5871134
b_17_120.28_7_PC_BigMDSteps: 5871135
a_17_120.28_8_PC_BigMDSteps_1: 5871136
a_17_120.28_8_PC_BigMDSteps_1: 5871137
a_17_120.28_8_PC_BigMDSteps_1: 5871138
a_17_120.28_8_PC_BigMDSteps_1: 5871139
a_17_120.28_8_PC_BigMDSteps_1: 5871140
a_17_120.28_8_PC_BigMDSteps_1: 5871141
a_17_120.28_8_PC_BigMDSteps_1: 5871142
a_17_120.28_8_PC_BigMDSteps_1: 5871143
a_17_120.28_8_PC_BigMDSteps_1: 5871144
a_17_120.28_8_PC_BigMDSteps_1: 5871145
b_17_120.28_8_PC_BigMDSteps: 5871146
a_17_120.28_9_PC_BigMDSteps_1: 5871147
a_17_120.28_9_PC_BigMDSteps_1: 5871148
a_17_120.28_9_PC_BigMDSteps_1: 5871149
a_17_120.28_9_PC_BigMDSteps_1: 5871150
a_17_120.28_9_PC_BigMDSteps_1: 5871151
a_17_120.28_9_PC_BigMDSteps_1: 5871152
a_17_120.28_9_PC_BigMDSteps_1: 5871153
a_17_120.28_9_PC_BigMDSteps_1: 5871154
a_17_120.28_9_PC_BigMDSteps_1: 5871155
a_17_120.28_9_PC_BigMDSteps_1: 5871156
b_17_120.28_9_PC_BigMDSteps: 5871157
5871058,5871069,5871080,5871091,5871102,5871113,5871124,5871135,5871146,5871157
a_16_f_PC_BigMDSteps: 5871158
a_18_120.28_0_PC_BigMDSteps_1: 5871159
a_18_120.28_0_PC_BigMDSteps_1: 5871160
a_18_120.28_0_PC_BigMDSteps_1: 5871161
a_18_120.28_0_PC_BigMDSteps_1: 5871162
a_18_120.28_0_PC_BigMDSteps_1: 5871163
a_18_120.28_0_PC_BigMDSteps_1: 5871164
a_18_120.28_0_PC_BigMDSteps_1: 5871165
a_18_120.28_0_PC_BigMDSteps_1: 5871166
a_18_120.28_0_PC_BigMDSteps_1: 5871167
a_18_120.28_0_PC_BigMDSteps_1: 5871168
b_18_120.28_0_PC_BigMDSteps: 5871169
a_18_120.28_1_PC_BigMDSteps_1: 5871170
a_18_120.28_1_PC_BigMDSteps_1: 5871171
a_18_120.28_1_PC_BigMDSteps_1: 5871172
a_18_120.28_1_PC_BigMDSteps_1: 5871173
a_18_120.28_1_PC_BigMDSteps_1: 5871174
a_18_120.28_1_PC_BigMDSteps_1: 5871175
a_18_120.28_1_PC_BigMDSteps_1: 5871176
a_18_120.28_1_PC_BigMDSteps_1: 5871177
a_18_120.28_1_PC_BigMDSteps_1: 5871178
a_18_120.28_1_PC_BigMDSteps_1: 5871179
b_18_120.28_1_PC_BigMDSteps: 5871180
a_18_120.28_2_PC_BigMDSteps_1: 5871181
a_18_120.28_2_PC_BigMDSteps_1: 5871182
a_18_120.28_2_PC_BigMDSteps_1: 5871183
a_18_120.28_2_PC_BigMDSteps_1: 5871184
a_18_120.28_2_PC_BigMDSteps_1: 5871185
a_18_120.28_2_PC_BigMDSteps_1: 5871186
a_18_120.28_2_PC_BigMDSteps_1: 5871187
a_18_120.28_2_PC_BigMDSteps_1: 5871188
a_18_120.28_2_PC_BigMDSteps_1: 5871189
a_18_120.28_2_PC_BigMDSteps_1: 5871190
b_18_120.28_2_PC_BigMDSteps: 5871191
a_18_120.28_3_PC_BigMDSteps_1: 5871192
a_18_120.28_3_PC_BigMDSteps_1: 5871193
a_18_120.28_3_PC_BigMDSteps_1: 5871194
a_18_120.28_3_PC_BigMDSteps_1: 5871195
a_18_120.28_3_PC_BigMDSteps_1: 5871196
a_18_120.28_3_PC_BigMDSteps_1: 5871197
a_18_120.28_3_PC_BigMDSteps_1: 5871198
a_18_120.28_3_PC_BigMDSteps_1: 5871199
a_18_120.28_3_PC_BigMDSteps_1: 5871200
a_18_120.28_3_PC_BigMDSteps_1: 5871201
b_18_120.28_3_PC_BigMDSteps: 5871202
a_18_120.28_4_PC_BigMDSteps_1: 5871203
a_18_120.28_4_PC_BigMDSteps_1: 5871204
a_18_120.28_4_PC_BigMDSteps_1: 5871205
a_18_120.28_4_PC_BigMDSteps_1: 5871206
a_18_120.28_4_PC_BigMDSteps_1: 5871207
a_18_120.28_4_PC_BigMDSteps_1: 5871208
a_18_120.28_4_PC_BigMDSteps_1: 5871209
a_18_120.28_4_PC_BigMDSteps_1: 5871210
a_18_120.28_4_PC_BigMDSteps_1: 5871211
a_18_120.28_4_PC_BigMDSteps_1: 5871212
b_18_120.28_4_PC_BigMDSteps: 5871213
a_18_120.28_5_PC_BigMDSteps_1: 5871214
a_18_120.28_5_PC_BigMDSteps_1: 5871215
a_18_120.28_5_PC_BigMDSteps_1: 5871216
a_18_120.28_5_PC_BigMDSteps_1: 5871217
a_18_120.28_5_PC_BigMDSteps_1: 5871218
a_18_120.28_5_PC_BigMDSteps_1: 5871219
a_18_120.28_5_PC_BigMDSteps_1: 5871220
a_18_120.28_5_PC_BigMDSteps_1: 5871221
a_18_120.28_5_PC_BigMDSteps_1: 5871222
a_18_120.28_5_PC_BigMDSteps_1: 5871223
b_18_120.28_5_PC_BigMDSteps: 5871224
a_18_120.28_6_PC_BigMDSteps_1: 5871225
a_18_120.28_6_PC_BigMDSteps_1: 5871226
a_18_120.28_6_PC_BigMDSteps_1: 5871227
a_18_120.28_6_PC_BigMDSteps_1: 5871228
a_18_120.28_6_PC_BigMDSteps_1: 5871229
a_18_120.28_6_PC_BigMDSteps_1: 5871230
a_18_120.28_6_PC_BigMDSteps_1: 5871231
a_18_120.28_6_PC_BigMDSteps_1: 5871232
a_18_120.28_6_PC_BigMDSteps_1: 5871233
a_18_120.28_6_PC_BigMDSteps_1: 5871234
b_18_120.28_6_PC_BigMDSteps: 5871235
a_18_120.28_7_PC_BigMDSteps_1: 5871236
a_18_120.28_7_PC_BigMDSteps_1: 5871237
a_18_120.28_7_PC_BigMDSteps_1: 5871238
a_18_120.28_7_PC_BigMDSteps_1: 5871239
a_18_120.28_7_PC_BigMDSteps_1: 5871240
a_18_120.28_7_PC_BigMDSteps_1: 5871241
a_18_120.28_7_PC_BigMDSteps_1: 5871242
a_18_120.28_7_PC_BigMDSteps_1: 5871243
a_18_120.28_7_PC_BigMDSteps_1: 5871244
a_18_120.28_7_PC_BigMDSteps_1: 5871245
b_18_120.28_7_PC_BigMDSteps: 5871246
a_18_120.28_8_PC_BigMDSteps_1: 5871247
a_18_120.28_8_PC_BigMDSteps_1: 5871248
a_18_120.28_8_PC_BigMDSteps_1: 5871249
a_18_120.28_8_PC_BigMDSteps_1: 5871250
a_18_120.28_8_PC_BigMDSteps_1: 5871251
a_18_120.28_8_PC_BigMDSteps_1: 5871252
a_18_120.28_8_PC_BigMDSteps_1: 5871253
a_18_120.28_8_PC_BigMDSteps_1: 5871254
a_18_120.28_8_PC_BigMDSteps_1: 5871255
a_18_120.28_8_PC_BigMDSteps_1: 5871256
b_18_120.28_8_PC_BigMDSteps: 5871257
a_18_120.28_9_PC_BigMDSteps_1: 5871258
a_18_120.28_9_PC_BigMDSteps_1: 5871259
a_18_120.28_9_PC_BigMDSteps_1: 5871260
a_18_120.28_9_PC_BigMDSteps_1: 5871261
a_18_120.28_9_PC_BigMDSteps_1: 5871262
a_18_120.28_9_PC_BigMDSteps_1: 5871263
a_18_120.28_9_PC_BigMDSteps_1: 5871264
a_18_120.28_9_PC_BigMDSteps_1: 5871265
a_18_120.28_9_PC_BigMDSteps_1: 5871266
a_18_120.28_9_PC_BigMDSteps_1: 5871267
b_18_120.28_9_PC_BigMDSteps: 5871268
5871169,5871180,5871191,5871202,5871213,5871224,5871235,5871246,5871257,5871268
a_17_f_PC_BigMDSteps: 5871269
a_19_120.28_0_PC_BigMDSteps_1: 5871270
a_19_120.28_0_PC_BigMDSteps_1: 5871271
a_19_120.28_0_PC_BigMDSteps_1: 5871272
a_19_120.28_0_PC_BigMDSteps_1: 5871273
a_19_120.28_0_PC_BigMDSteps_1: 5871274
a_19_120.28_0_PC_BigMDSteps_1: 5871275
a_19_120.28_0_PC_BigMDSteps_1: 5871276
a_19_120.28_0_PC_BigMDSteps_1: 5871277
a_19_120.28_0_PC_BigMDSteps_1: 5871278
a_19_120.28_0_PC_BigMDSteps_1: 5871279
b_19_120.28_0_PC_BigMDSteps: 5871280
a_19_120.28_1_PC_BigMDSteps_1: 5871281
a_19_120.28_1_PC_BigMDSteps_1: 5871282
a_19_120.28_1_PC_BigMDSteps_1: 5871283
a_19_120.28_1_PC_BigMDSteps_1: 5871284
a_19_120.28_1_PC_BigMDSteps_1: 5871285
a_19_120.28_1_PC_BigMDSteps_1: 5871286
a_19_120.28_1_PC_BigMDSteps_1: 5871287
a_19_120.28_1_PC_BigMDSteps_1: 5871288
a_19_120.28_1_PC_BigMDSteps_1: 5871289
a_19_120.28_1_PC_BigMDSteps_1: 5871290
b_19_120.28_1_PC_BigMDSteps: 5871291
a_19_120.28_2_PC_BigMDSteps_1: 5871292
a_19_120.28_2_PC_BigMDSteps_1: 5871293
a_19_120.28_2_PC_BigMDSteps_1: 5871294
a_19_120.28_2_PC_BigMDSteps_1: 5871295
a_19_120.28_2_PC_BigMDSteps_1: 5871296
a_19_120.28_2_PC_BigMDSteps_1: 5871297
a_19_120.28_2_PC_BigMDSteps_1: 5871298
a_19_120.28_2_PC_BigMDSteps_1: 5871299
a_19_120.28_2_PC_BigMDSteps_1: 5871300
a_19_120.28_2_PC_BigMDSteps_1: 5871301
b_19_120.28_2_PC_BigMDSteps: 5871302
a_19_120.28_3_PC_BigMDSteps_1: 5871303
a_19_120.28_3_PC_BigMDSteps_1: 5871304
a_19_120.28_3_PC_BigMDSteps_1: 5871305
a_19_120.28_3_PC_BigMDSteps_1: 5871306
a_19_120.28_3_PC_BigMDSteps_1: 5871307
a_19_120.28_3_PC_BigMDSteps_1: 5871308
a_19_120.28_3_PC_BigMDSteps_1: 5871309
a_19_120.28_3_PC_BigMDSteps_1: 5871310
a_19_120.28_3_PC_BigMDSteps_1: 5871311
a_19_120.28_3_PC_BigMDSteps_1: 5871312
b_19_120.28_3_PC_BigMDSteps: 5871313
a_19_120.28_4_PC_BigMDSteps_1: 5871314
a_19_120.28_4_PC_BigMDSteps_1: 5871315
a_19_120.28_4_PC_BigMDSteps_1: 5871316
a_19_120.28_4_PC_BigMDSteps_1: 5871317
a_19_120.28_4_PC_BigMDSteps_1: 5871318
a_19_120.28_4_PC_BigMDSteps_1: 5871319
a_19_120.28_4_PC_BigMDSteps_1: 5871320
a_19_120.28_4_PC_BigMDSteps_1: 5871321
a_19_120.28_4_PC_BigMDSteps_1: 5871322
a_19_120.28_4_PC_BigMDSteps_1: 5871323
b_19_120.28_4_PC_BigMDSteps: 5871324
a_19_120.28_5_PC_BigMDSteps_1: 5871325
a_19_120.28_5_PC_BigMDSteps_1: 5871326
a_19_120.28_5_PC_BigMDSteps_1: 5871327
a_19_120.28_5_PC_BigMDSteps_1: 5871328
a_19_120.28_5_PC_BigMDSteps_1: 5871329
a_19_120.28_5_PC_BigMDSteps_1: 5871330
a_19_120.28_5_PC_BigMDSteps_1: 5871331
a_19_120.28_5_PC_BigMDSteps_1: 5871332
a_19_120.28_5_PC_BigMDSteps_1: 5871333
a_19_120.28_5_PC_BigMDSteps_1: 5871334
b_19_120.28_5_PC_BigMDSteps: 5871335
a_19_120.28_6_PC_BigMDSteps_1: 5871336
a_19_120.28_6_PC_BigMDSteps_1: 5871337
a_19_120.28_6_PC_BigMDSteps_1: 5871338
a_19_120.28_6_PC_BigMDSteps_1: 5871339
a_19_120.28_6_PC_BigMDSteps_1: 5871340
a_19_120.28_6_PC_BigMDSteps_1: 5871341
a_19_120.28_6_PC_BigMDSteps_1: 5871342
a_19_120.28_6_PC_BigMDSteps_1: 5871343
a_19_120.28_6_PC_BigMDSteps_1: 5871344
a_19_120.28_6_PC_BigMDSteps_1: 5871345
b_19_120.28_6_PC_BigMDSteps: 5871346
a_19_120.28_7_PC_BigMDSteps_1: 5871347
a_19_120.28_7_PC_BigMDSteps_1: 5871348
a_19_120.28_7_PC_BigMDSteps_1: 5871349
a_19_120.28_7_PC_BigMDSteps_1: 5871350
a_19_120.28_7_PC_BigMDSteps_1: 5871351
a_19_120.28_7_PC_BigMDSteps_1: 5871352
a_19_120.28_7_PC_BigMDSteps_1: 5871353
a_19_120.28_7_PC_BigMDSteps_1: 5871354
a_19_120.28_7_PC_BigMDSteps_1: 5871355
a_19_120.28_7_PC_BigMDSteps_1: 5871356
b_19_120.28_7_PC_BigMDSteps: 5871357
a_19_120.28_8_PC_BigMDSteps_1: 5871358
a_19_120.28_8_PC_BigMDSteps_1: 5871359
a_19_120.28_8_PC_BigMDSteps_1: 5871360
a_19_120.28_8_PC_BigMDSteps_1: 5871361
a_19_120.28_8_PC_BigMDSteps_1: 5871362
a_19_120.28_8_PC_BigMDSteps_1: 5871363
a_19_120.28_8_PC_BigMDSteps_1: 5871364
a_19_120.28_8_PC_BigMDSteps_1: 5871365
a_19_120.28_8_PC_BigMDSteps_1: 5871366
a_19_120.28_8_PC_BigMDSteps_1: 5871367
b_19_120.28_8_PC_BigMDSteps: 5871368
a_19_120.28_9_PC_BigMDSteps_1: 5871369
a_19_120.28_9_PC_BigMDSteps_1: 5871370
a_19_120.28_9_PC_BigMDSteps_1: 5871371
a_19_120.28_9_PC_BigMDSteps_1: 5871372
a_19_120.28_9_PC_BigMDSteps_1: 5871373
a_19_120.28_9_PC_BigMDSteps_1: 5871374
a_19_120.28_9_PC_BigMDSteps_1: 5871375
a_19_120.28_9_PC_BigMDSteps_1: 5871376
a_19_120.28_9_PC_BigMDSteps_1: 5871377
a_19_120.28_9_PC_BigMDSteps_1: 5871378
b_19_120.28_9_PC_BigMDSteps: 5871379
5871280,5871291,5871302,5871313,5871324,5871335,5871346,5871357,5871368,5871379
a_18_f_PC_BigMDSteps: 5871380
a_20_120.28_0_PC_BigMDSteps_1: 5871381
a_20_120.28_0_PC_BigMDSteps_1: 5871382
a_20_120.28_0_PC_BigMDSteps_1: 5871383
a_20_120.28_0_PC_BigMDSteps_1: 5871384
a_20_120.28_0_PC_BigMDSteps_1: 5871385
a_20_120.28_0_PC_BigMDSteps_1: 5871386
a_20_120.28_0_PC_BigMDSteps_1: 5871387
a_20_120.28_0_PC_BigMDSteps_1: 5871388
a_20_120.28_0_PC_BigMDSteps_1: 5871389
a_20_120.28_0_PC_BigMDSteps_1: 5871390
b_20_120.28_0_PC_BigMDSteps: 5871391
a_20_120.28_1_PC_BigMDSteps_1: 5871392
a_20_120.28_1_PC_BigMDSteps_1: 5871393
a_20_120.28_1_PC_BigMDSteps_1: 5871394
a_20_120.28_1_PC_BigMDSteps_1: 5871395
a_20_120.28_1_PC_BigMDSteps_1: 5871396
a_20_120.28_1_PC_BigMDSteps_1: 5871397
a_20_120.28_1_PC_BigMDSteps_1: 5871398
a_20_120.28_1_PC_BigMDSteps_1: 5871399
a_20_120.28_1_PC_BigMDSteps_1: 5871400
a_20_120.28_1_PC_BigMDSteps_1: 5871401
b_20_120.28_1_PC_BigMDSteps: 5871402
a_20_120.28_2_PC_BigMDSteps_1: 5871403
a_20_120.28_2_PC_BigMDSteps_1: 5871404
a_20_120.28_2_PC_BigMDSteps_1: 5871405
a_20_120.28_2_PC_BigMDSteps_1: 5871406
a_20_120.28_2_PC_BigMDSteps_1: 5871407
a_20_120.28_2_PC_BigMDSteps_1: 5871408
a_20_120.28_2_PC_BigMDSteps_1: 5871409
a_20_120.28_2_PC_BigMDSteps_1: 5871410
a_20_120.28_2_PC_BigMDSteps_1: 5871411
a_20_120.28_2_PC_BigMDSteps_1: 5871412
b_20_120.28_2_PC_BigMDSteps: 5871413
a_20_120.28_3_PC_BigMDSteps_1: 5871414
a_20_120.28_3_PC_BigMDSteps_1: 5871415
a_20_120.28_3_PC_BigMDSteps_1: 5871416
a_20_120.28_3_PC_BigMDSteps_1: 5871417
a_20_120.28_3_PC_BigMDSteps_1: 5871418
a_20_120.28_3_PC_BigMDSteps_1: 5871419
a_20_120.28_3_PC_BigMDSteps_1: 5871420
a_20_120.28_3_PC_BigMDSteps_1: 5871421
a_20_120.28_3_PC_BigMDSteps_1: 5871422
a_20_120.28_3_PC_BigMDSteps_1: 5871423
b_20_120.28_3_PC_BigMDSteps: 5871424
a_20_120.28_4_PC_BigMDSteps_1: 5871425
a_20_120.28_4_PC_BigMDSteps_1: 5871426
a_20_120.28_4_PC_BigMDSteps_1: 5871427
a_20_120.28_4_PC_BigMDSteps_1: 5871428
a_20_120.28_4_PC_BigMDSteps_1: 5871429
a_20_120.28_4_PC_BigMDSteps_1: 5871430
a_20_120.28_4_PC_BigMDSteps_1: 5871431
a_20_120.28_4_PC_BigMDSteps_1: 5871432
a_20_120.28_4_PC_BigMDSteps_1: 5871433
a_20_120.28_4_PC_BigMDSteps_1: 5871434
b_20_120.28_4_PC_BigMDSteps: 5871435
a_20_120.28_5_PC_BigMDSteps_1: 5871436
a_20_120.28_5_PC_BigMDSteps_1: 5871437
a_20_120.28_5_PC_BigMDSteps_1: 5871438
a_20_120.28_5_PC_BigMDSteps_1: 5871439
a_20_120.28_5_PC_BigMDSteps_1: 5871440
a_20_120.28_5_PC_BigMDSteps_1: 5871441
a_20_120.28_5_PC_BigMDSteps_1: 5871442
a_20_120.28_5_PC_BigMDSteps_1: 5871443
a_20_120.28_5_PC_BigMDSteps_1: 5871444
a_20_120.28_5_PC_BigMDSteps_1: 5871445
b_20_120.28_5_PC_BigMDSteps: 5871446
a_20_120.28_6_PC_BigMDSteps_1: 5871447
a_20_120.28_6_PC_BigMDSteps_1: 5871448
a_20_120.28_6_PC_BigMDSteps_1: 5871449
a_20_120.28_6_PC_BigMDSteps_1: 5871450
a_20_120.28_6_PC_BigMDSteps_1: 5871451
a_20_120.28_6_PC_BigMDSteps_1: 5871452
a_20_120.28_6_PC_BigMDSteps_1: 5871453
a_20_120.28_6_PC_BigMDSteps_1: 5871454
a_20_120.28_6_PC_BigMDSteps_1: 5871455
a_20_120.28_6_PC_BigMDSteps_1: 5871456
b_20_120.28_6_PC_BigMDSteps: 5871457
a_20_120.28_7_PC_BigMDSteps_1: 5871458
a_20_120.28_7_PC_BigMDSteps_1: 5871459
a_20_120.28_7_PC_BigMDSteps_1: 5871460
a_20_120.28_7_PC_BigMDSteps_1: 5871461
a_20_120.28_7_PC_BigMDSteps_1: 5871462
a_20_120.28_7_PC_BigMDSteps_1: 5871463
a_20_120.28_7_PC_BigMDSteps_1: 5871464
a_20_120.28_7_PC_BigMDSteps_1: 5871465
a_20_120.28_7_PC_BigMDSteps_1: 5871466
a_20_120.28_7_PC_BigMDSteps_1: 5871467
b_20_120.28_7_PC_BigMDSteps: 5871468
a_20_120.28_8_PC_BigMDSteps_1: 5871469
a_20_120.28_8_PC_BigMDSteps_1: 5871470
a_20_120.28_8_PC_BigMDSteps_1: 5871471
a_20_120.28_8_PC_BigMDSteps_1: 5871472
a_20_120.28_8_PC_BigMDSteps_1: 5871473
a_20_120.28_8_PC_BigMDSteps_1: 5871474
a_20_120.28_8_PC_BigMDSteps_1: 5871475
a_20_120.28_8_PC_BigMDSteps_1: 5871476
a_20_120.28_8_PC_BigMDSteps_1: 5871477
a_20_120.28_8_PC_BigMDSteps_1: 5871478
b_20_120.28_8_PC_BigMDSteps: 5871479
a_20_120.28_9_PC_BigMDSteps_1: 5871480
a_20_120.28_9_PC_BigMDSteps_1: 5871481
a_20_120.28_9_PC_BigMDSteps_1: 5871482
a_20_120.28_9_PC_BigMDSteps_1: 5871483
a_20_120.28_9_PC_BigMDSteps_1: 5871484
a_20_120.28_9_PC_BigMDSteps_1: 5871485
a_20_120.28_9_PC_BigMDSteps_1: 5871486
a_20_120.28_9_PC_BigMDSteps_1: 5871487
a_20_120.28_9_PC_BigMDSteps_1: 5871488
a_20_120.28_9_PC_BigMDSteps_1: 5871489
b_20_120.28_9_PC_BigMDSteps: 5871490
5871391,5871402,5871413,5871424,5871435,5871446,5871457,5871468,5871479,5871490
a_19_f_PC_BigMDSteps: 5871491
